{"total": {"lines":{"total":1614,"covered":572,"skipped":0,"pct":35.43},"statements":{"total":1702,"covered":592,"skipped":0,"pct":34.78},"functions":{"total":279,"covered":110,"skipped":0,"pct":39.42},"branches":{"total":845,"covered":342,"skipped":0,"pct":40.47},"branchesTrue":{"total":0,"covered":0,"skipped":0,"pct":100}}
,"/home/jesse/wsl-projects/personal/typescript/ai.jereko.dev/src/routeTree.gen.ts": {"lines":{"total":8,"covered":0,"skipped":0,"pct":0},"functions":{"total":3,"covered":0,"skipped":0,"pct":0},"statements":{"total":8,"covered":0,"skipped":0,"pct":0},"branches":{"total":0,"covered":0,"skipped":0,"pct":100}}
,"/home/jesse/wsl-projects/personal/typescript/ai.jereko.dev/src/router.tsx": {"lines":{"total":1,"covered":0,"skipped":0,"pct":0},"functions":{"total":0,"covered":0,"skipped":0,"pct":100},"statements":{"total":1,"covered":0,"skipped":0,"pct":0},"branches":{"total":0,"covered":0,"skipped":0,"pct":100}}
,"/home/jesse/wsl-projects/personal/typescript/ai.jereko.dev/src/components/chat/container/ChatContainer.tsx": {"lines":{"total":108,"covered":53,"skipped":0,"pct":49.07},"functions":{"total":9,"covered":3,"skipped":0,"pct":33.33},"statements":{"total":108,"covered":53,"skipped":0,"pct":49.07},"branches":{"total":28,"covered":9,"skipped":0,"pct":32.14}}
,"/home/jesse/wsl-projects/personal/typescript/ai.jereko.dev/src/components/chat/container/ChatContainer.ui.tsx": {"lines":{"total":1,"covered":1,"skipped":0,"pct":100},"functions":{"total":0,"covered":0,"skipped":0,"pct":100},"statements":{"total":1,"covered":1,"skipped":0,"pct":100},"branches":{"total":14,"covered":12,"skipped":0,"pct":85.71}}
,"/home/jesse/wsl-projects/personal/typescript/ai.jereko.dev/src/components/chat/errors/CompatibilityError.tsx": {"lines":{"total":21,"covered":1,"skipped":0,"pct":4.76},"functions":{"total":2,"covered":0,"skipped":0,"pct":0},"statements":{"total":21,"covered":1,"skipped":0,"pct":4.76},"branches":{"total":11,"covered":0,"skipped":0,"pct":0}}
,"/home/jesse/wsl-projects/personal/typescript/ai.jereko.dev/src/components/chat/errors/CompatibilityError.ui.tsx": {"lines":{"total":38,"covered":1,"skipped":0,"pct":2.63},"functions":{"total":4,"covered":0,"skipped":0,"pct":0},"statements":{"total":40,"covered":1,"skipped":0,"pct":2.5},"branches":{"total":59,"covered":0,"skipped":0,"pct":0}}
,"/home/jesse/wsl-projects/personal/typescript/ai.jereko.dev/src/components/chat/errors/ErrorBanner.tsx": {"lines":{"total":9,"covered":5,"skipped":0,"pct":55.55},"functions":{"total":2,"covered":0,"skipped":0,"pct":0},"statements":{"total":9,"covered":5,"skipped":0,"pct":55.55},"branches":{"total":2,"covered":0,"skipped":0,"pct":0}}
,"/home/jesse/wsl-projects/personal/typescript/ai.jereko.dev/src/components/chat/errors/ErrorBanner.ui.tsx": {"lines":{"total":6,"covered":3,"skipped":0,"pct":50},"functions":{"total":0,"covered":0,"skipped":0,"pct":100},"statements":{"total":6,"covered":3,"skipped":0,"pct":50},"branches":{"total":9,"covered":0,"skipped":0,"pct":0}}
,"/home/jesse/wsl-projects/personal/typescript/ai.jereko.dev/src/components/chat/input/ChatInput.tsx": {"lines":{"total":25,"covered":16,"skipped":0,"pct":64},"functions":{"total":5,"covered":2,"skipped":0,"pct":40},"statements":{"total":25,"covered":16,"skipped":0,"pct":64},"branches":{"total":7,"covered":4,"skipped":0,"pct":57.14}}
,"/home/jesse/wsl-projects/personal/typescript/ai.jereko.dev/src/components/chat/input/ChatInput.ui.tsx": {"lines":{"total":12,"covered":7,"skipped":0,"pct":58.33},"functions":{"total":3,"covered":1,"skipped":0,"pct":33.33},"statements":{"total":12,"covered":7,"skipped":0,"pct":58.33},"branches":{"total":30,"covered":20,"skipped":0,"pct":66.66}}
,"/home/jesse/wsl-projects/personal/typescript/ai.jereko.dev/src/components/chat/messages/MessageItem.tsx": {"lines":{"total":31,"covered":13,"skipped":0,"pct":41.93},"functions":{"total":7,"covered":1,"skipped":0,"pct":14.28},"statements":{"total":33,"covered":13,"skipped":0,"pct":39.39},"branches":{"total":13,"covered":6,"skipped":0,"pct":46.15}}
,"/home/jesse/wsl-projects/personal/typescript/ai.jereko.dev/src/components/chat/messages/MessageItem.ui.tsx": {"lines":{"total":11,"covered":5,"skipped":0,"pct":45.45},"functions":{"total":4,"covered":0,"skipped":0,"pct":0},"statements":{"total":11,"covered":5,"skipped":0,"pct":45.45},"branches":{"total":54,"covered":32,"skipped":0,"pct":59.25}}
,"/home/jesse/wsl-projects/personal/typescript/ai.jereko.dev/src/components/chat/messages/MessageList.tsx": {"lines":{"total":12,"covered":12,"skipped":0,"pct":100},"functions":{"total":3,"covered":3,"skipped":0,"pct":100},"statements":{"total":12,"covered":12,"skipped":0,"pct":100},"branches":{"total":10,"covered":10,"skipped":0,"pct":100}}
,"/home/jesse/wsl-projects/personal/typescript/ai.jereko.dev/src/components/chat/messages/MessageList.ui.tsx": {"lines":{"total":5,"covered":5,"skipped":0,"pct":100},"functions":{"total":2,"covered":2,"skipped":0,"pct":100},"statements":{"total":5,"covered":5,"skipped":0,"pct":100},"branches":{"total":8,"covered":8,"skipped":0,"pct":100}}
,"/home/jesse/wsl-projects/personal/typescript/ai.jereko.dev/src/components/chat/settings/SettingsPanel.tsx": {"lines":{"total":7,"covered":5,"skipped":0,"pct":71.42},"functions":{"total":2,"covered":0,"skipped":0,"pct":0},"statements":{"total":7,"covered":5,"skipped":0,"pct":71.42},"branches":{"total":0,"covered":0,"skipped":0,"pct":100}}
,"/home/jesse/wsl-projects/personal/typescript/ai.jereko.dev/src/components/chat/settings/SettingsPanel.ui.tsx": {"lines":{"total":1,"covered":1,"skipped":0,"pct":100},"functions":{"total":0,"covered":0,"skipped":0,"pct":100},"statements":{"total":1,"covered":1,"skipped":0,"pct":100},"branches":{"total":0,"covered":0,"skipped":0,"pct":100}}
,"/home/jesse/wsl-projects/personal/typescript/ai.jereko.dev/src/components/chat/sidebar/ChatHeader.tsx": {"lines":{"total":5,"covered":5,"skipped":0,"pct":100},"functions":{"total":1,"covered":1,"skipped":0,"pct":100},"statements":{"total":5,"covered":5,"skipped":0,"pct":100},"branches":{"total":7,"covered":5,"skipped":0,"pct":71.42}}
,"/home/jesse/wsl-projects/personal/typescript/ai.jereko.dev/src/components/chat/sidebar/ConversationSidebar.tsx": {"lines":{"total":38,"covered":20,"skipped":0,"pct":52.63},"functions":{"total":16,"covered":5,"skipped":0,"pct":31.25},"statements":{"total":44,"covered":22,"skipped":0,"pct":50},"branches":{"total":8,"covered":0,"skipped":0,"pct":0}}
,"/home/jesse/wsl-projects/personal/typescript/ai.jereko.dev/src/components/chat/sidebar/ConversationSidebar.ui.tsx": {"lines":{"total":41,"covered":19,"skipped":0,"pct":46.34},"functions":{"total":6,"covered":3,"skipped":0,"pct":50},"statements":{"total":45,"covered":20,"skipped":0,"pct":44.44},"branches":{"total":60,"covered":37,"skipped":0,"pct":61.66}}
,"/home/jesse/wsl-projects/personal/typescript/ai.jereko.dev/src/components/providers/ThemeProvider.tsx": {"lines":{"total":17,"covered":0,"skipped":0,"pct":0},"functions":{"total":4,"covered":0,"skipped":0,"pct":0},"statements":{"total":21,"covered":0,"skipped":0,"pct":0},"branches":{"total":8,"covered":0,"skipped":0,"pct":0}}
,"/home/jesse/wsl-projects/personal/typescript/ai.jereko.dev/src/components/settings/SettingsPage.tsx": {"lines":{"total":41,"covered":31,"skipped":0,"pct":75.6},"functions":{"total":14,"covered":11,"skipped":0,"pct":78.57},"statements":{"total":42,"covered":32,"skipped":0,"pct":76.19},"branches":{"total":8,"covered":0,"skipped":0,"pct":0}}
,"/home/jesse/wsl-projects/personal/typescript/ai.jereko.dev/src/components/settings/SettingsPage.ui.tsx": {"lines":{"total":23,"covered":17,"skipped":0,"pct":73.91},"functions":{"total":13,"covered":10,"skipped":0,"pct":76.92},"statements":{"total":23,"covered":17,"skipped":0,"pct":73.91},"branches":{"total":45,"covered":42,"skipped":0,"pct":93.33}}
,"/home/jesse/wsl-projects/personal/typescript/ai.jereko.dev/src/components/ui/button.tsx": {"lines":{"total":4,"covered":4,"skipped":0,"pct":100},"functions":{"total":1,"covered":1,"skipped":0,"pct":100},"statements":{"total":4,"covered":4,"skipped":0,"pct":100},"branches":{"total":8,"covered":5,"skipped":0,"pct":62.5}}
,"/home/jesse/wsl-projects/personal/typescript/ai.jereko.dev/src/components/ui/card.tsx": {"lines":{"total":8,"covered":1,"skipped":0,"pct":12.5},"functions":{"total":1,"covered":1,"skipped":0,"pct":100},"statements":{"total":8,"covered":1,"skipped":0,"pct":12.5},"branches":{"total":5,"covered":3,"skipped":0,"pct":60}}
,"/home/jesse/wsl-projects/personal/typescript/ai.jereko.dev/src/components/ui/dropdown-menu.tsx": {"lines":{"total":16,"covered":4,"skipped":0,"pct":25},"functions":{"total":1,"covered":1,"skipped":0,"pct":100},"statements":{"total":16,"covered":4,"skipped":0,"pct":25},"branches":{"total":7,"covered":4,"skipped":0,"pct":57.14}}
,"/home/jesse/wsl-projects/personal/typescript/ai.jereko.dev/src/components/ui/input.tsx": {"lines":{"total":1,"covered":0,"skipped":0,"pct":0},"functions":{"total":0,"covered":0,"skipped":0,"pct":100},"statements":{"total":1,"covered":0,"skipped":0,"pct":0},"branches":{"total":0,"covered":0,"skipped":0,"pct":100}}
,"/home/jesse/wsl-projects/personal/typescript/ai.jereko.dev/src/components/ui/number-stepper.tsx": {"lines":{"total":23,"covered":6,"skipped":0,"pct":26.08},"functions":{"total":2,"covered":1,"skipped":0,"pct":50},"statements":{"total":23,"covered":6,"skipped":0,"pct":26.08},"branches":{"total":15,"covered":12,"skipped":0,"pct":80}}
,"/home/jesse/wsl-projects/personal/typescript/ai.jereko.dev/src/components/ui/scroll-area.tsx": {"lines":{"total":3,"covered":3,"skipped":0,"pct":100},"functions":{"total":1,"covered":1,"skipped":0,"pct":100},"statements":{"total":3,"covered":3,"skipped":0,"pct":100},"branches":{"total":10,"covered":7,"skipped":0,"pct":70}}
,"/home/jesse/wsl-projects/personal/typescript/ai.jereko.dev/src/components/ui/select.tsx": {"lines":{"total":11,"covered":8,"skipped":0,"pct":72.72},"functions":{"total":1,"covered":1,"skipped":0,"pct":100},"statements":{"total":11,"covered":8,"skipped":0,"pct":72.72},"branches":{"total":12,"covered":10,"skipped":0,"pct":83.33}}
,"/home/jesse/wsl-projects/personal/typescript/ai.jereko.dev/src/components/ui/separator.tsx": {"lines":{"total":1,"covered":0,"skipped":0,"pct":0},"functions":{"total":0,"covered":0,"skipped":0,"pct":100},"statements":{"total":1,"covered":0,"skipped":0,"pct":0},"branches":{"total":2,"covered":0,"skipped":0,"pct":0}}
,"/home/jesse/wsl-projects/personal/typescript/ai.jereko.dev/src/components/ui/sheet.tsx": {"lines":{"total":11,"covered":0,"skipped":0,"pct":0},"functions":{"total":0,"covered":0,"skipped":0,"pct":100},"statements":{"total":11,"covered":0,"skipped":0,"pct":0},"branches":{"total":9,"covered":0,"skipped":0,"pct":0}}
,"/home/jesse/wsl-projects/personal/typescript/ai.jereko.dev/src/components/ui/skeleton.tsx": {"lines":{"total":1,"covered":0,"skipped":0,"pct":0},"functions":{"total":0,"covered":0,"skipped":0,"pct":100},"statements":{"total":1,"covered":0,"skipped":0,"pct":0},"branches":{"total":0,"covered":0,"skipped":0,"pct":100}}
,"/home/jesse/wsl-projects/personal/typescript/ai.jereko.dev/src/components/ui/textarea.tsx": {"lines":{"total":2,"covered":2,"skipped":0,"pct":100},"functions":{"total":1,"covered":1,"skipped":0,"pct":100},"statements":{"total":2,"covered":2,"skipped":0,"pct":100},"branches":{"total":5,"covered":3,"skipped":0,"pct":60}}
,"/home/jesse/wsl-projects/personal/typescript/ai.jereko.dev/src/components/ui/tooltip.tsx": {"lines":{"total":6,"covered":6,"skipped":0,"pct":100},"functions":{"total":1,"covered":1,"skipped":0,"pct":100},"statements":{"total":6,"covered":6,"skipped":0,"pct":100},"branches":{"total":7,"covered":5,"skipped":0,"pct":71.42}}
,"/home/jesse/wsl-projects/personal/typescript/ai.jereko.dev/src/components/usage/UsagePage.tsx": {"lines":{"total":16,"covered":16,"skipped":0,"pct":100},"functions":{"total":9,"covered":9,"skipped":0,"pct":100},"statements":{"total":19,"covered":19,"skipped":0,"pct":100},"branches":{"total":15,"covered":15,"skipped":0,"pct":100}}
,"/home/jesse/wsl-projects/personal/typescript/ai.jereko.dev/src/components/usage/UsagePage.ui.tsx": {"lines":{"total":37,"covered":33,"skipped":0,"pct":89.18},"functions":{"total":24,"covered":22,"skipped":0,"pct":91.66},"statements":{"total":38,"covered":33,"skipped":0,"pct":86.84},"branches":{"total":30,"covered":20,"skipped":0,"pct":66.66}}
,"/home/jesse/wsl-projects/personal/typescript/ai.jereko.dev/src/lib/utils.ts": {"lines":{"total":1,"covered":1,"skipped":0,"pct":100},"functions":{"total":0,"covered":0,"skipped":0,"pct":100},"statements":{"total":1,"covered":1,"skipped":0,"pct":100},"branches":{"total":0,"covered":0,"skipped":0,"pct":100}}
,"/home/jesse/wsl-projects/personal/typescript/ai.jereko.dev/src/lib/ai/compat.ts": {"lines":{"total":73,"covered":10,"skipped":0,"pct":13.69},"functions":{"total":4,"covered":0,"skipped":0,"pct":0},"statements":{"total":77,"covered":10,"skipped":0,"pct":12.98},"branches":{"total":42,"covered":5,"skipped":0,"pct":11.9}}
,"/home/jesse/wsl-projects/personal/typescript/ai.jereko.dev/src/lib/ai/hooks.ts": {"lines":{"total":38,"covered":3,"skipped":0,"pct":7.89},"functions":{"total":4,"covered":0,"skipped":0,"pct":0},"statements":{"total":38,"covered":3,"skipped":0,"pct":7.89},"branches":{"total":6,"covered":0,"skipped":0,"pct":0}}
,"/home/jesse/wsl-projects/personal/typescript/ai.jereko.dev/src/lib/ai/prompt.ts": {"lines":{"total":55,"covered":0,"skipped":0,"pct":0},"functions":{"total":7,"covered":0,"skipped":0,"pct":0},"statements":{"total":57,"covered":0,"skipped":0,"pct":0},"branches":{"total":26,"covered":0,"skipped":0,"pct":0}}
,"/home/jesse/wsl-projects/personal/typescript/ai.jereko.dev/src/lib/ai/store.ts": {"lines":{"total":5,"covered":5,"skipped":0,"pct":100},"functions":{"total":0,"covered":0,"skipped":0,"pct":100},"statements":{"total":5,"covered":5,"skipped":0,"pct":100},"branches":{"total":0,"covered":0,"skipped":0,"pct":100}}
,"/home/jesse/wsl-projects/personal/typescript/ai.jereko.dev/src/lib/ai/titleGenerator.ts": {"lines":{"total":26,"covered":2,"skipped":0,"pct":7.69},"functions":{"total":2,"covered":0,"skipped":0,"pct":0},"statements":{"total":26,"covered":2,"skipped":0,"pct":7.69},"branches":{"total":9,"covered":0,"skipped":0,"pct":0}}
,"/home/jesse/wsl-projects/personal/typescript/ai.jereko.dev/src/lib/ai/tools/datetime.ts": {"lines":{"total":12,"covered":0,"skipped":0,"pct":0},"functions":{"total":0,"covered":0,"skipped":0,"pct":100},"statements":{"total":12,"covered":0,"skipped":0,"pct":0},"branches":{"total":2,"covered":0,"skipped":0,"pct":0}}
,"/home/jesse/wsl-projects/personal/typescript/ai.jereko.dev/src/lib/ai/tools/index.ts": {"lines":{"total":1,"covered":0,"skipped":0,"pct":0},"functions":{"total":0,"covered":0,"skipped":0,"pct":100},"statements":{"total":1,"covered":0,"skipped":0,"pct":0},"branches":{"total":0,"covered":0,"skipped":0,"pct":100}}
,"/home/jesse/wsl-projects/personal/typescript/ai.jereko.dev/src/lib/ai/tools/weather.ts": {"lines":{"total":25,"covered":0,"skipped":0,"pct":0},"functions":{"total":0,"covered":0,"skipped":0,"pct":100},"statements":{"total":25,"covered":0,"skipped":0,"pct":0},"branches":{"total":10,"covered":0,"skipped":0,"pct":0}}
,"/home/jesse/wsl-projects/personal/typescript/ai.jereko.dev/src/lib/hooks/useNavigation.ts": {"lines":{"total":36,"covered":0,"skipped":0,"pct":0},"functions":{"total":18,"covered":0,"skipped":0,"pct":0},"statements":{"total":36,"covered":0,"skipped":0,"pct":0},"branches":{"total":14,"covered":0,"skipped":0,"pct":0}}
,"/home/jesse/wsl-projects/personal/typescript/ai.jereko.dev/src/lib/pwa/registerSW.ts": {"lines":{"total":29,"covered":0,"skipped":0,"pct":0},"functions":{"total":5,"covered":0,"skipped":0,"pct":0},"statements":{"total":33,"covered":0,"skipped":0,"pct":0},"branches":{"total":8,"covered":0,"skipped":0,"pct":0}}
,"/home/jesse/wsl-projects/personal/typescript/ai.jereko.dev/src/lib/stores/chat.ts": {"lines":{"total":63,"covered":17,"skipped":0,"pct":26.98},"functions":{"total":7,"covered":2,"skipped":0,"pct":28.57},"statements":{"total":65,"covered":18,"skipped":0,"pct":27.69},"branches":{"total":20,"covered":5,"skipped":0,"pct":25}}
,"/home/jesse/wsl-projects/personal/typescript/ai.jereko.dev/src/lib/stores/conversations.ts": {"lines":{"total":242,"covered":82,"skipped":0,"pct":33.88},"functions":{"total":36,"covered":11,"skipped":0,"pct":30.55},"statements":{"total":269,"covered":88,"skipped":0,"pct":32.71},"branches":{"total":57,"covered":16,"skipped":0,"pct":28.07}}
,"/home/jesse/wsl-projects/personal/typescript/ai.jereko.dev/src/lib/stores/errors.ts": {"lines":{"total":25,"covered":3,"skipped":0,"pct":12},"functions":{"total":0,"covered":0,"skipped":0,"pct":100},"statements":{"total":25,"covered":3,"skipped":0,"pct":12},"branches":{"total":26,"covered":0,"skipped":0,"pct":0}}
,"/home/jesse/wsl-projects/personal/typescript/ai.jereko.dev/src/lib/stores/hydration.ts": {"lines":{"total":3,"covered":1,"skipped":0,"pct":33.33},"functions":{"total":0,"covered":0,"skipped":0,"pct":100},"statements":{"total":3,"covered":1,"skipped":0,"pct":33.33},"branches":{"total":2,"covered":0,"skipped":0,"pct":0}}
,"/home/jesse/wsl-projects/personal/typescript/ai.jereko.dev/src/lib/stores/imageStorage.ts": {"lines":{"total":81,"covered":19,"skipped":0,"pct":23.45},"functions":{"total":11,"covered":3,"skipped":0,"pct":27.27},"statements":{"total":85,"covered":20,"skipped":0,"pct":23.52},"branches":{"total":6,"covered":0,"skipped":0,"pct":0}}
,"/home/jesse/wsl-projects/personal/typescript/ai.jereko.dev/src/lib/stores/settings.ts": {"lines":{"total":100,"covered":46,"skipped":0,"pct":46},"functions":{"total":9,"covered":8,"skipped":0,"pct":88.88},"statements":{"total":110,"covered":47,"skipped":0,"pct":42.72},"branches":{"total":31,"covered":6,"skipped":0,"pct":19.35}}
,"/home/jesse/wsl-projects/personal/typescript/ai.jereko.dev/src/lib/stores/usage.ts": {"lines":{"total":85,"covered":74,"skipped":0,"pct":87.05},"functions":{"total":6,"covered":4,"skipped":0,"pct":66.66},"statements":{"total":93,"covered":77,"skipped":0,"pct":82.79},"branches":{"total":46,"covered":41,"skipped":0,"pct":89.13}}
,"/home/jesse/wsl-projects/personal/typescript/ai.jereko.dev/src/lib/utils/markdown.tsx": {"lines":{"total":106,"covered":6,"skipped":0,"pct":5.66},"functions":{"total":27,"covered":1,"skipped":0,"pct":3.7},"statements":{"total":110,"covered":7,"skipped":0,"pct":6.36},"branches":{"total":24,"covered":0,"skipped":0,"pct":0}}
,"/home/jesse/wsl-projects/personal/typescript/ai.jereko.dev/src/routes/__root.tsx": {"lines":{"total":2,"covered":0,"skipped":0,"pct":0},"functions":{"total":0,"covered":0,"skipped":0,"pct":100},"statements":{"total":2,"covered":0,"skipped":0,"pct":0},"branches":{"total":0,"covered":0,"skipped":0,"pct":100}}
,"/home/jesse/wsl-projects/personal/typescript/ai.jereko.dev/src/routes/index.tsx": {"lines":{"total":3,"covered":0,"skipped":0,"pct":0},"functions":{"total":1,"covered":0,"skipped":0,"pct":0},"statements":{"total":3,"covered":0,"skipped":0,"pct":0},"branches":{"total":10,"covered":0,"skipped":0,"pct":0}}
,"/home/jesse/wsl-projects/personal/typescript/ai.jereko.dev/src/routes/settings.tsx": {"lines":{"total":1,"covered":0,"skipped":0,"pct":0},"functions":{"total":0,"covered":0,"skipped":0,"pct":100},"statements":{"total":1,"covered":0,"skipped":0,"pct":0},"branches":{"total":0,"covered":0,"skipped":0,"pct":100}}
,"/home/jesse/wsl-projects/personal/typescript/ai.jereko.dev/src/routes/usage.tsx": {"lines":{"total":1,"covered":0,"skipped":0,"pct":0},"functions":{"total":0,"covered":0,"skipped":0,"pct":100},"statements":{"total":1,"covered":0,"skipped":0,"pct":0},"branches":{"total":0,"covered":0,"skipped":0,"pct":100}}
}
