{"total": {"lines":{"total":1575,"covered":288,"skipped":0,"pct":18.28},"statements":{"total":1672,"covered":297,"skipped":0,"pct":17.76},"functions":{"total":223,"covered":61,"skipped":0,"pct":27.35},"branches":{"total":767,"covered":145,"skipped":0,"pct":18.9},"branchesTrue":{"total":0,"covered":0,"skipped":0,"pct":100}}
,"/home/jesse/wsl-projects/personal/typescript/ai.jereko.dev/src/App.tsx": {"lines":{"total":14,"covered":0,"skipped":0,"pct":0},"functions":{"total":5,"covered":0,"skipped":0,"pct":0},"statements":{"total":14,"covered":0,"skipped":0,"pct":0},"branches":{"total":0,"covered":0,"skipped":0,"pct":100}}
,"/home/jesse/wsl-projects/personal/typescript/ai.jereko.dev/src/components/chat/container/ChatContainer.tsx": {"lines":{"total":107,"covered":0,"skipped":0,"pct":0},"functions":{"total":9,"covered":0,"skipped":0,"pct":0},"statements":{"total":107,"covered":0,"skipped":0,"pct":0},"branches":{"total":27,"covered":0,"skipped":0,"pct":0}}
,"/home/jesse/wsl-projects/personal/typescript/ai.jereko.dev/src/components/chat/container/ChatContainer.ui.tsx": {"lines":{"total":1,"covered":0,"skipped":0,"pct":0},"functions":{"total":0,"covered":0,"skipped":0,"pct":100},"statements":{"total":1,"covered":0,"skipped":0,"pct":0},"branches":{"total":12,"covered":0,"skipped":0,"pct":0}}
,"/home/jesse/wsl-projects/personal/typescript/ai.jereko.dev/src/components/chat/errors/CompatibilityError.tsx": {"lines":{"total":9,"covered":0,"skipped":0,"pct":0},"functions":{"total":1,"covered":0,"skipped":0,"pct":0},"statements":{"total":9,"covered":0,"skipped":0,"pct":0},"branches":{"total":4,"covered":0,"skipped":0,"pct":0}}
,"/home/jesse/wsl-projects/personal/typescript/ai.jereko.dev/src/components/chat/errors/CompatibilityError.ui.tsx": {"lines":{"total":27,"covered":0,"skipped":0,"pct":0},"functions":{"total":1,"covered":0,"skipped":0,"pct":0},"statements":{"total":27,"covered":0,"skipped":0,"pct":0},"branches":{"total":36,"covered":0,"skipped":0,"pct":0}}
,"/home/jesse/wsl-projects/personal/typescript/ai.jereko.dev/src/components/chat/errors/ErrorBanner.tsx": {"lines":{"total":8,"covered":0,"skipped":0,"pct":0},"functions":{"total":2,"covered":0,"skipped":0,"pct":0},"statements":{"total":8,"covered":0,"skipped":0,"pct":0},"branches":{"total":2,"covered":0,"skipped":0,"pct":0}}
,"/home/jesse/wsl-projects/personal/typescript/ai.jereko.dev/src/components/chat/errors/ErrorBanner.ui.tsx": {"lines":{"total":6,"covered":0,"skipped":0,"pct":0},"functions":{"total":0,"covered":0,"skipped":0,"pct":100},"statements":{"total":6,"covered":0,"skipped":0,"pct":0},"branches":{"total":5,"covered":0,"skipped":0,"pct":0}}
,"/home/jesse/wsl-projects/personal/typescript/ai.jereko.dev/src/components/chat/input/ChatInput.tsx": {"lines":{"total":24,"covered":0,"skipped":0,"pct":0},"functions":{"total":5,"covered":0,"skipped":0,"pct":0},"statements":{"total":24,"covered":0,"skipped":0,"pct":0},"branches":{"total":7,"covered":0,"skipped":0,"pct":0}}
,"/home/jesse/wsl-projects/personal/typescript/ai.jereko.dev/src/components/chat/input/ChatInput.ui.tsx": {"lines":{"total":11,"covered":0,"skipped":0,"pct":0},"functions":{"total":3,"covered":0,"skipped":0,"pct":0},"statements":{"total":11,"covered":0,"skipped":0,"pct":0},"branches":{"total":24,"covered":0,"skipped":0,"pct":0}}
,"/home/jesse/wsl-projects/personal/typescript/ai.jereko.dev/src/components/chat/messages/MessageItem.tsx": {"lines":{"total":30,"covered":0,"skipped":0,"pct":0},"functions":{"total":7,"covered":0,"skipped":0,"pct":0},"statements":{"total":32,"covered":0,"skipped":0,"pct":0},"branches":{"total":13,"covered":0,"skipped":0,"pct":0}}
,"/home/jesse/wsl-projects/personal/typescript/ai.jereko.dev/src/components/chat/messages/MessageItem.ui.tsx": {"lines":{"total":10,"covered":0,"skipped":0,"pct":0},"functions":{"total":4,"covered":0,"skipped":0,"pct":0},"statements":{"total":10,"covered":0,"skipped":0,"pct":0},"branches":{"total":42,"covered":0,"skipped":0,"pct":0}}
,"/home/jesse/wsl-projects/personal/typescript/ai.jereko.dev/src/components/chat/messages/MessageList.tsx": {"lines":{"total":11,"covered":0,"skipped":0,"pct":0},"functions":{"total":3,"covered":0,"skipped":0,"pct":0},"statements":{"total":11,"covered":0,"skipped":0,"pct":0},"branches":{"total":10,"covered":0,"skipped":0,"pct":0}}
,"/home/jesse/wsl-projects/personal/typescript/ai.jereko.dev/src/components/chat/messages/MessageList.ui.tsx": {"lines":{"total":5,"covered":0,"skipped":0,"pct":0},"functions":{"total":2,"covered":0,"skipped":0,"pct":0},"statements":{"total":5,"covered":0,"skipped":0,"pct":0},"branches":{"total":6,"covered":0,"skipped":0,"pct":0}}
,"/home/jesse/wsl-projects/personal/typescript/ai.jereko.dev/src/components/chat/settings/SettingsPanel.tsx": {"lines":{"total":5,"covered":0,"skipped":0,"pct":0},"functions":{"total":2,"covered":0,"skipped":0,"pct":0},"statements":{"total":5,"covered":0,"skipped":0,"pct":0},"branches":{"total":0,"covered":0,"skipped":0,"pct":100}}
,"/home/jesse/wsl-projects/personal/typescript/ai.jereko.dev/src/components/chat/settings/SettingsPanel.ui.tsx": {"lines":{"total":1,"covered":0,"skipped":0,"pct":0},"functions":{"total":0,"covered":0,"skipped":0,"pct":100},"statements":{"total":1,"covered":0,"skipped":0,"pct":0},"branches":{"total":0,"covered":0,"skipped":0,"pct":100}}
,"/home/jesse/wsl-projects/personal/typescript/ai.jereko.dev/src/components/chat/sidebar/ChatHeader.tsx": {"lines":{"total":5,"covered":0,"skipped":0,"pct":0},"functions":{"total":1,"covered":0,"skipped":0,"pct":0},"statements":{"total":5,"covered":0,"skipped":0,"pct":0},"branches":{"total":7,"covered":0,"skipped":0,"pct":0}}
,"/home/jesse/wsl-projects/personal/typescript/ai.jereko.dev/src/components/chat/sidebar/ConversationSidebar.tsx": {"lines":{"total":38,"covered":0,"skipped":0,"pct":0},"functions":{"total":16,"covered":0,"skipped":0,"pct":0},"statements":{"total":44,"covered":0,"skipped":0,"pct":0},"branches":{"total":8,"covered":0,"skipped":0,"pct":0}}
,"/home/jesse/wsl-projects/personal/typescript/ai.jereko.dev/src/components/chat/sidebar/ConversationSidebar.ui.tsx": {"lines":{"total":37,"covered":0,"skipped":0,"pct":0},"functions":{"total":6,"covered":0,"skipped":0,"pct":0},"statements":{"total":44,"covered":0,"skipped":0,"pct":0},"branches":{"total":54,"covered":0,"skipped":0,"pct":0}}
,"/home/jesse/wsl-projects/personal/typescript/ai.jereko.dev/src/components/providers/ThemeProvider.tsx": {"lines":{"total":17,"covered":0,"skipped":0,"pct":0},"functions":{"total":4,"covered":0,"skipped":0,"pct":0},"statements":{"total":21,"covered":0,"skipped":0,"pct":0},"branches":{"total":8,"covered":0,"skipped":0,"pct":0}}
,"/home/jesse/wsl-projects/personal/typescript/ai.jereko.dev/src/components/settings/SettingsPage.tsx": {"lines":{"total":38,"covered":20,"skipped":0,"pct":52.63},"functions":{"total":13,"covered":2,"skipped":0,"pct":15.38},"statements":{"total":39,"covered":21,"skipped":0,"pct":53.84},"branches":{"total":8,"covered":0,"skipped":0,"pct":0}}
,"/home/jesse/wsl-projects/personal/typescript/ai.jereko.dev/src/components/settings/SettingsPage.ui.tsx": {"lines":{"total":23,"covered":12,"skipped":0,"pct":52.17},"functions":{"total":13,"covered":5,"skipped":0,"pct":38.46},"statements":{"total":23,"covered":12,"skipped":0,"pct":52.17},"branches":{"total":43,"covered":30,"skipped":0,"pct":69.76}}
,"/home/jesse/wsl-projects/personal/typescript/ai.jereko.dev/src/components/ui/button.tsx": {"lines":{"total":4,"covered":4,"skipped":0,"pct":100},"functions":{"total":1,"covered":1,"skipped":0,"pct":100},"statements":{"total":4,"covered":4,"skipped":0,"pct":100},"branches":{"total":8,"covered":5,"skipped":0,"pct":62.5}}
,"/home/jesse/wsl-projects/personal/typescript/ai.jereko.dev/src/components/ui/card.tsx": {"lines":{"total":7,"covered":0,"skipped":0,"pct":0},"functions":{"total":0,"covered":0,"skipped":0,"pct":100},"statements":{"total":7,"covered":0,"skipped":0,"pct":0},"branches":{"total":0,"covered":0,"skipped":0,"pct":100}}
,"/home/jesse/wsl-projects/personal/typescript/ai.jereko.dev/src/components/ui/dropdown-menu.tsx": {"lines":{"total":15,"covered":0,"skipped":0,"pct":0},"functions":{"total":0,"covered":0,"skipped":0,"pct":100},"statements":{"total":15,"covered":0,"skipped":0,"pct":0},"branches":{"total":2,"covered":0,"skipped":0,"pct":0}}
,"/home/jesse/wsl-projects/personal/typescript/ai.jereko.dev/src/components/ui/input.tsx": {"lines":{"total":1,"covered":0,"skipped":0,"pct":0},"functions":{"total":0,"covered":0,"skipped":0,"pct":100},"statements":{"total":1,"covered":0,"skipped":0,"pct":0},"branches":{"total":0,"covered":0,"skipped":0,"pct":100}}
,"/home/jesse/wsl-projects/personal/typescript/ai.jereko.dev/src/components/ui/number-stepper.tsx": {"lines":{"total":23,"covered":6,"skipped":0,"pct":26.08},"functions":{"total":2,"covered":1,"skipped":0,"pct":50},"statements":{"total":23,"covered":6,"skipped":0,"pct":26.08},"branches":{"total":15,"covered":12,"skipped":0,"pct":80}}
,"/home/jesse/wsl-projects/personal/typescript/ai.jereko.dev/src/components/ui/scroll-area.tsx": {"lines":{"total":3,"covered":3,"skipped":0,"pct":100},"functions":{"total":1,"covered":1,"skipped":0,"pct":100},"statements":{"total":3,"covered":3,"skipped":0,"pct":100},"branches":{"total":10,"covered":7,"skipped":0,"pct":70}}
,"/home/jesse/wsl-projects/personal/typescript/ai.jereko.dev/src/components/ui/select.tsx": {"lines":{"total":11,"covered":8,"skipped":0,"pct":72.72},"functions":{"total":1,"covered":1,"skipped":0,"pct":100},"statements":{"total":11,"covered":8,"skipped":0,"pct":72.72},"branches":{"total":12,"covered":10,"skipped":0,"pct":83.33}}
,"/home/jesse/wsl-projects/personal/typescript/ai.jereko.dev/src/components/ui/separator.tsx": {"lines":{"total":1,"covered":0,"skipped":0,"pct":0},"functions":{"total":0,"covered":0,"skipped":0,"pct":100},"statements":{"total":1,"covered":0,"skipped":0,"pct":0},"branches":{"total":2,"covered":0,"skipped":0,"pct":0}}
,"/home/jesse/wsl-projects/personal/typescript/ai.jereko.dev/src/components/ui/sheet.tsx": {"lines":{"total":11,"covered":0,"skipped":0,"pct":0},"functions":{"total":0,"covered":0,"skipped":0,"pct":100},"statements":{"total":11,"covered":0,"skipped":0,"pct":0},"branches":{"total":9,"covered":0,"skipped":0,"pct":0}}
,"/home/jesse/wsl-projects/personal/typescript/ai.jereko.dev/src/components/ui/skeleton.tsx": {"lines":{"total":1,"covered":0,"skipped":0,"pct":0},"functions":{"total":0,"covered":0,"skipped":0,"pct":100},"statements":{"total":1,"covered":0,"skipped":0,"pct":0},"branches":{"total":0,"covered":0,"skipped":0,"pct":100}}
,"/home/jesse/wsl-projects/personal/typescript/ai.jereko.dev/src/components/ui/textarea.tsx": {"lines":{"total":1,"covered":0,"skipped":0,"pct":0},"functions":{"total":0,"covered":0,"skipped":0,"pct":100},"statements":{"total":1,"covered":0,"skipped":0,"pct":0},"branches":{"total":0,"covered":0,"skipped":0,"pct":100}}
,"/home/jesse/wsl-projects/personal/typescript/ai.jereko.dev/src/components/ui/tooltip.tsx": {"lines":{"total":5,"covered":0,"skipped":0,"pct":0},"functions":{"total":0,"covered":0,"skipped":0,"pct":100},"statements":{"total":5,"covered":0,"skipped":0,"pct":0},"branches":{"total":2,"covered":0,"skipped":0,"pct":0}}
,"/home/jesse/wsl-projects/personal/typescript/ai.jereko.dev/src/components/usage/UsagePage.tsx": {"lines":{"total":15,"covered":14,"skipped":0,"pct":93.33},"functions":{"total":9,"covered":8,"skipped":0,"pct":88.88},"statements":{"total":18,"covered":17,"skipped":0,"pct":94.44},"branches":{"total":15,"covered":15,"skipped":0,"pct":100}}
,"/home/jesse/wsl-projects/personal/typescript/ai.jereko.dev/src/components/usage/UsagePage.ui.tsx": {"lines":{"total":37,"covered":33,"skipped":0,"pct":89.18},"functions":{"total":24,"covered":22,"skipped":0,"pct":91.66},"statements":{"total":38,"covered":33,"skipped":0,"pct":86.84},"branches":{"total":26,"covered":18,"skipped":0,"pct":69.23}}
,"/home/jesse/wsl-projects/personal/typescript/ai.jereko.dev/src/lib/utils.ts": {"lines":{"total":1,"covered":1,"skipped":0,"pct":100},"functions":{"total":0,"covered":0,"skipped":0,"pct":100},"statements":{"total":1,"covered":1,"skipped":0,"pct":100},"branches":{"total":0,"covered":0,"skipped":0,"pct":100}}
,"/home/jesse/wsl-projects/personal/typescript/ai.jereko.dev/src/lib/ai/compat.ts": {"lines":{"total":69,"covered":0,"skipped":0,"pct":0},"functions":{"total":2,"covered":0,"skipped":0,"pct":0},"statements":{"total":73,"covered":0,"skipped":0,"pct":0},"branches":{"total":38,"covered":0,"skipped":0,"pct":0}}
,"/home/jesse/wsl-projects/personal/typescript/ai.jereko.dev/src/lib/ai/hooks.ts": {"lines":{"total":34,"covered":0,"skipped":0,"pct":0},"functions":{"total":3,"covered":0,"skipped":0,"pct":0},"statements":{"total":34,"covered":0,"skipped":0,"pct":0},"branches":{"total":6,"covered":0,"skipped":0,"pct":0}}
,"/home/jesse/wsl-projects/personal/typescript/ai.jereko.dev/src/lib/ai/prompt.ts": {"lines":{"total":52,"covered":0,"skipped":0,"pct":0},"functions":{"total":3,"covered":0,"skipped":0,"pct":0},"statements":{"total":53,"covered":0,"skipped":0,"pct":0},"branches":{"total":21,"covered":0,"skipped":0,"pct":0}}
,"/home/jesse/wsl-projects/personal/typescript/ai.jereko.dev/src/lib/ai/store.ts": {"lines":{"total":5,"covered":0,"skipped":0,"pct":0},"functions":{"total":0,"covered":0,"skipped":0,"pct":100},"statements":{"total":5,"covered":0,"skipped":0,"pct":0},"branches":{"total":0,"covered":0,"skipped":0,"pct":100}}
,"/home/jesse/wsl-projects/personal/typescript/ai.jereko.dev/src/lib/ai/titleGenerator.ts": {"lines":{"total":26,"covered":1,"skipped":0,"pct":3.84},"functions":{"total":2,"covered":0,"skipped":0,"pct":0},"statements":{"total":26,"covered":1,"skipped":0,"pct":3.84},"branches":{"total":9,"covered":0,"skipped":0,"pct":0}}
,"/home/jesse/wsl-projects/personal/typescript/ai.jereko.dev/src/lib/ai/tools/datetime.ts": {"lines":{"total":12,"covered":0,"skipped":0,"pct":0},"functions":{"total":0,"covered":0,"skipped":0,"pct":100},"statements":{"total":12,"covered":0,"skipped":0,"pct":0},"branches":{"total":2,"covered":0,"skipped":0,"pct":0}}
,"/home/jesse/wsl-projects/personal/typescript/ai.jereko.dev/src/lib/ai/tools/index.ts": {"lines":{"total":1,"covered":0,"skipped":0,"pct":0},"functions":{"total":0,"covered":0,"skipped":0,"pct":100},"statements":{"total":1,"covered":0,"skipped":0,"pct":0},"branches":{"total":0,"covered":0,"skipped":0,"pct":100}}
,"/home/jesse/wsl-projects/personal/typescript/ai.jereko.dev/src/lib/ai/tools/weather.ts": {"lines":{"total":21,"covered":0,"skipped":0,"pct":0},"functions":{"total":0,"covered":0,"skipped":0,"pct":100},"statements":{"total":21,"covered":0,"skipped":0,"pct":0},"branches":{"total":8,"covered":0,"skipped":0,"pct":0}}
,"/home/jesse/wsl-projects/personal/typescript/ai.jereko.dev/src/lib/stores/chat.ts": {"lines":{"total":63,"covered":9,"skipped":0,"pct":14.28},"functions":{"total":7,"covered":0,"skipped":0,"pct":0},"statements":{"total":65,"covered":9,"skipped":0,"pct":13.84},"branches":{"total":20,"covered":0,"skipped":0,"pct":0}}
,"/home/jesse/wsl-projects/personal/typescript/ai.jereko.dev/src/lib/stores/conversations.ts": {"lines":{"total":235,"covered":19,"skipped":0,"pct":8.08},"functions":{"total":36,"covered":3,"skipped":0,"pct":8.33},"statements":{"total":267,"covered":20,"skipped":0,"pct":7.49},"branches":{"total":57,"covered":3,"skipped":0,"pct":5.26}}
,"/home/jesse/wsl-projects/personal/typescript/ai.jereko.dev/src/lib/stores/errors.ts": {"lines":{"total":25,"covered":0,"skipped":0,"pct":0},"functions":{"total":0,"covered":0,"skipped":0,"pct":100},"statements":{"total":25,"covered":0,"skipped":0,"pct":0},"branches":{"total":26,"covered":0,"skipped":0,"pct":0}}
,"/home/jesse/wsl-projects/personal/typescript/ai.jereko.dev/src/lib/stores/hydration.ts": {"lines":{"total":3,"covered":1,"skipped":0,"pct":33.33},"functions":{"total":0,"covered":0,"skipped":0,"pct":100},"statements":{"total":3,"covered":1,"skipped":0,"pct":33.33},"branches":{"total":2,"covered":0,"skipped":0,"pct":0}}
,"/home/jesse/wsl-projects/personal/typescript/ai.jereko.dev/src/lib/stores/imageStorage.ts": {"lines":{"total":81,"covered":17,"skipped":0,"pct":20.98},"functions":{"total":11,"covered":3,"skipped":0,"pct":27.27},"statements":{"total":85,"covered":18,"skipped":0,"pct":21.17},"branches":{"total":6,"covered":0,"skipped":0,"pct":0}}
,"/home/jesse/wsl-projects/personal/typescript/ai.jereko.dev/src/lib/stores/navigation.ts": {"lines":{"total":121,"covered":32,"skipped":0,"pct":26.44},"functions":{"total":3,"covered":2,"skipped":0,"pct":66.66},"statements":{"total":130,"covered":32,"skipped":0,"pct":24.61},"branches":{"total":54,"covered":6,"skipped":0,"pct":11.11}}
,"/home/jesse/wsl-projects/personal/typescript/ai.jereko.dev/src/lib/stores/settings.ts": {"lines":{"total":100,"covered":36,"skipped":0,"pct":36},"functions":{"total":9,"covered":8,"skipped":0,"pct":88.88},"statements":{"total":110,"covered":36,"skipped":0,"pct":32.72},"branches":{"total":31,"covered":4,"skipped":0,"pct":12.9}}
,"/home/jesse/wsl-projects/personal/typescript/ai.jereko.dev/src/lib/stores/usage.ts": {"lines":{"total":85,"covered":72,"skipped":0,"pct":84.7},"functions":{"total":6,"covered":4,"skipped":0,"pct":66.66},"statements":{"total":93,"covered":75,"skipped":0,"pct":80.64},"branches":{"total":46,"covered":35,"skipped":0,"pct":76.08}}
,"/home/jesse/wsl-projects/personal/typescript/ai.jereko.dev/src/lib/utils/markdown.tsx": {"lines":{"total":79,"covered":0,"skipped":0,"pct":0},"functions":{"total":6,"covered":0,"skipped":0,"pct":0},"statements":{"total":82,"covered":0,"skipped":0,"pct":0},"branches":{"total":24,"covered":0,"skipped":0,"pct":0}}
}
