TN:
SF:src/routeTree.gen.ts
FN:19,(anonymous_0)
FN:24,(anonymous_1)
FN:29,(anonymous_2)
FNF:3
FNH:0
FNDA:0,(anonymous_0)
FNDA:0,(anonymous_1)
FNDA:0,(anonymous_2)
DA:16,0
DA:19,0
DA:21,0
DA:24,0
DA:26,0
DA:29,0
DA:88,0
DA:93,0
LF:8
LH:0
BRF:0
BRH:0
end_of_record
TN:
SF:src/router.tsx
FNF:0
FNH:0
DA:9,0
LF:1
LH:0
BRF:0
BRH:0
end_of_record
TN:
SF:src/components/chat/container/ChatContainer.tsx
FN:145,(anonymous_0)
FN:216,(anonymous_1)
FN:338,(anonymous_2)
FN:347,(anonymous_3)
FN:368,(anonymous_4)
FN:374,(anonymous_5)
FN:395,(anonymous_6)
FN:402,(anonymous_7)
FN:406,(anonymous_8)
FNF:9
FNH:3
FNDA:33,(anonymous_0)
FNDA:0,(anonymous_1)
FNDA:33,(anonymous_2)
FNDA:0,(anonymous_3)
FNDA:33,(anonymous_4)
FNDA:0,(anonymous_5)
FNDA:0,(anonymous_6)
FNDA:0,(anonymous_7)
FNDA:0,(anonymous_8)
DA:1,1
DA:46,1
DA:52,33
DA:56,1
DA:71,0
DA:72,0
DA:73,0
DA:76,0
DA:80,0
DA:81,0
DA:83,0
DA:87,0
DA:89,0
DA:100,0
DA:102,0
DA:109,0
DA:121,0
DA:123,0
DA:128,66
DA:129,66
DA:130,66
DA:131,66
DA:134,66
DA:135,66
DA:137,66
DA:144,66
DA:153,33
DA:156,33
DA:157,33
DA:160,33
DA:163,33
DA:164,33
DA:167,33
DA:169,26
DA:170,26
DA:174,33
DA:178,33
DA:180,33
DA:184,33
DA:185,33
DA:186,33
DA:189,33
DA:192,33
DA:201,0
DA:206,198
DA:207,198
DA:211,0
DA:213,0
DA:214,0
DA:218,0
DA:223,0
DA:227,0
DA:229,0
DA:233,0
DA:240,0
DA:244,0
DA:247,0
DA:252,0
DA:257,0
DA:265,0
DA:272,0
DA:273,0
DA:274,0
DA:276,0
DA:286,0
DA:297,0
DA:298,0
DA:300,0
DA:304,0
DA:309,0
DA:315,33
DA:319,33
DA:321,33
DA:326,33
DA:327,33
DA:328,33
DA:332,33
DA:338,33
DA:339,33
DA:345,0
DA:346,0
DA:347,0
DA:348,0
DA:356,33
DA:357,33
DA:358,33
DA:359,33
DA:360,33
DA:367,66
DA:369,33
DA:374,66
DA:376,0
DA:378,0
DA:379,0
DA:382,0
DA:384,0
DA:385,0
DA:389,0
DA:390,0
DA:395,66
DA:397,0
DA:402,66
DA:403,0
DA:406,66
DA:407,0
DA:410,66
DA:418,0
DA:421,66
LF:108
LH:53
BRDA:71,0,0,0
BRDA:71,0,1,0
BRDA:73,1,0,0
BRDA:73,1,1,0
BRDA:75,2,0,0
BRDA:75,2,1,0
BRDA:79,3,0,0
BRDA:79,3,1,0
BRDA:82,4,0,0
BRDA:82,4,1,0
BRDA:147,5,0,33
BRDA:153,6,0,33
BRDA:156,7,0,33
BRDA:156,7,1,33
BRDA:218,8,0,0
BRDA:218,8,1,0
BRDA:218,8,2,0
BRDA:237,9,0,0
BRDA:237,9,1,0
BRDA:268,10,0,0
BRDA:268,10,1,0
BRDA:337,11,0,33
BRDA:337,11,1,33
BRDA:384,12,0,0
BRDA:384,12,1,0
BRDA:417,13,0,66
BRDA:417,13,1,66
BRDA:417,13,2,66
BRF:28
BRH:9
end_of_record
TN:
SF:src/components/chat/container/ChatContainer.ui.tsx
FNF:0
FNH:0
DA:23,66
LF:1
LH:1
BRDA:20,0,0,66
BRDA:29,1,0,66
BRDA:29,1,1,66
BRDA:37,2,0,0
BRDA:37,2,1,66
BRDA:47,3,0,66
BRDA:47,3,1,66
BRDA:47,3,2,0
BRDA:62,4,0,66
BRDA:62,4,1,66
BRDA:80,5,0,66
BRDA:80,5,1,66
BRDA:90,6,0,66
BRDA:90,6,1,66
BRF:14
BRH:12
end_of_record
TN:
SF:src/components/chat/errors/CompatibilityError.tsx
FN:20,(anonymous_0)
FN:26,(anonymous_1)
FNF:2
FNH:0
FNDA:0,(anonymous_0)
FNDA:0,(anonymous_1)
DA:1,1
DA:13,0
DA:14,0
DA:15,0
DA:17,0
DA:18,0
DA:20,0
DA:21,0
DA:22,0
DA:23,0
DA:26,0
DA:27,0
DA:32,0
DA:34,0
DA:37,0
DA:41,0
DA:48,0
DA:49,0
DA:50,0
DA:64,0
DA:67,0
LF:21
LH:1
BRDA:38,0,0,0
BRDA:38,0,1,0
BRDA:47,1,0,0
BRDA:47,1,1,0
BRDA:47,1,2,0
BRDA:71,2,0,0
BRDA:71,2,1,0
BRDA:79,3,0,0
BRDA:79,3,1,0
BRDA:79,4,0,0
BRDA:79,4,1,0
BRF:11
BRH:0
end_of_record
TN:
SF:src/components/chat/errors/CompatibilityError.ui.tsx
FN:47,(anonymous_0)
FN:50,(anonymous_1)
FN:94,(anonymous_2)
FN:136,(anonymous_3)
FNF:4
FNH:0
FNDA:0,(anonymous_0)
FNDA:0,(anonymous_1)
FNDA:0,(anonymous_2)
FNDA:0,(anonymous_3)
DA:25,1
DA:45,0
DA:47,0
DA:48,0
DA:49,0
DA:50,0
DA:53,0
DA:91,0
DA:92,0
DA:94,0
DA:97,0
DA:101,0
DA:107,0
DA:110,0
DA:124,0
DA:132,0
DA:134,0
DA:139,0
DA:143,0
DA:146,0
DA:148,0
DA:167,0
DA:168,0
DA:169,0
DA:170,0
DA:171,0
DA:189,0
DA:193,0
DA:195,0
DA:197,0
DA:204,0
DA:206,0
DA:208,0
DA:210,0
DA:212,0
DA:217,0
DA:219,0
DA:221,0
LF:38
LH:1
BRDA:58,0,0,0
BRDA:58,0,1,0
BRDA:63,1,0,0
BRDA:63,1,1,0
BRDA:68,2,0,0
BRDA:68,2,1,0
BRDA:101,3,0,0
BRDA:101,3,1,0
BRDA:101,3,2,0
BRDA:146,4,0,0
BRDA:146,4,1,0
BRDA:152,5,0,0
BRDA:152,5,1,0
BRDA:152,6,0,0
BRDA:152,6,1,0
BRDA:167,7,0,0
BRDA:167,7,1,0
BRDA:179,8,0,0
BRDA:180,9,0,0
BRDA:181,10,0,0
BRDA:182,11,0,0
BRDA:217,12,0,0
BRDA:217,12,1,0
BRDA:219,13,0,0
BRDA:219,13,1,0
BRDA:243,14,0,0
BRDA:243,14,1,0
BRDA:250,15,0,0
BRDA:250,15,1,0
BRDA:250,15,2,0
BRDA:250,15,3,0
BRDA:261,16,0,0
BRDA:261,16,1,0
BRDA:270,17,0,0
BRDA:270,17,1,0
BRDA:270,17,2,0
BRDA:298,18,0,0
BRDA:298,18,1,0
BRDA:298,18,2,0
BRDA:310,19,0,0
BRDA:310,19,1,0
BRDA:310,19,2,0
BRDA:318,20,0,0
BRDA:318,20,1,0
BRDA:321,21,0,0
BRDA:321,21,1,0
BRDA:321,22,0,0
BRDA:321,22,1,0
BRDA:329,23,0,0
BRDA:329,23,1,0
BRDA:334,24,0,0
BRDA:334,24,1,0
BRDA:340,25,0,0
BRDA:340,25,1,0
BRDA:357,26,0,0
BRDA:357,26,1,0
BRDA:357,26,2,0
BRDA:357,26,3,0
BRDA:357,26,4,0
BRF:59
BRH:0
end_of_record
TN:
SF:src/components/chat/errors/ErrorBanner.tsx
FN:9,(anonymous_0)
FN:16,(anonymous_1)
FNF:2
FNH:0
FNDA:0,(anonymous_0)
FNDA:0,(anonymous_1)
DA:1,1
DA:7,66
DA:9,66
DA:11,0
DA:12,0
DA:16,66
DA:17,0
DA:21,66
DA:24,0
LF:9
LH:5
BRDA:30,0,0,0
BRDA:30,0,1,0
BRF:2
BRH:0
end_of_record
TN:
SF:src/components/chat/errors/ErrorBanner.ui.tsx
FNF:0
FNH:0
DA:25,1
DA:35,1
DA:45,1
DA:63,0
DA:65,0
DA:104,0
LF:6
LH:3
BRDA:86,0,0,0
BRDA:86,0,1,0
BRDA:86,0,2,0
BRDA:98,1,0,0
BRDA:98,1,1,0
BRDA:112,2,0,0
BRDA:112,2,1,0
BRDA:121,3,0,0
BRDA:121,3,1,0
BRF:9
BRH:0
end_of_record
TN:
SF:src/components/chat/input/ChatInput.tsx
FN:29,(anonymous_0)
FN:33,(anonymous_1)
FN:45,(anonymous_2)
FN:47,(anonymous_3)
FN:68,(anonymous_4)
FNF:5
FNH:2
FNDA:475,(anonymous_0)
FNDA:33,(anonymous_1)
FNDA:0,(anonymous_2)
FNDA:0,(anonymous_3)
FNDA:0,(anonymous_4)
DA:1,1
DA:16,1
DA:25,612
DA:26,612
DA:27,612
DA:29,612
DA:30,475
DA:33,612
DA:34,33
DA:35,33
DA:39,33
DA:40,33
DA:41,33
DA:45,612
DA:47,0
DA:50,0
DA:51,0
DA:55,0
DA:56,0
DA:58,0
DA:61,0
DA:64,0
DA:68,612
DA:69,0
DA:72,612
LF:25
LH:16
BRDA:24,0,0,612
BRDA:35,1,0,0
BRDA:35,1,1,33
BRDA:38,2,0,33
BRDA:38,2,1,0
BRDA:39,3,0,33
BRDA:39,3,1,0
BRF:7
BRH:4
end_of_record
TN:
SF:src/components/chat/input/ChatInput.ui.tsx
FN:68,(anonymous_0)
FN:82,(anonymous_1)
FN:129,(anonymous_2)
FNF:3
FNH:1
FNDA:0,(anonymous_0)
FNDA:0,(anonymous_1)
FNDA:475,(anonymous_2)
DA:1,1
DA:33,612
DA:37,33
DA:43,33
DA:50,0
DA:52,0
DA:57,0
DA:60,612
DA:62,612
DA:69,0
DA:82,0
DA:129,475
LF:12
LH:7
BRDA:28,0,0,612
BRDA:29,1,0,612
BRDA:30,2,0,612
BRDA:31,3,0,612
BRDA:36,4,0,509
BRDA:36,4,1,34
BRDA:39,5,0,33
BRDA:39,5,1,33
BRDA:39,5,2,33
BRDA:39,5,3,0
BRDA:49,6,0,0
BRDA:49,6,1,0
BRDA:60,7,0,612
BRDA:60,7,1,133
BRDA:66,8,0,612
BRDA:66,8,1,0
BRDA:76,9,0,0
BRDA:76,9,1,0
BRDA:88,10,0,0
BRDA:88,10,1,0
BRDA:117,11,0,612
BRDA:117,11,1,612
BRDA:132,12,0,0
BRDA:132,12,1,612
BRDA:148,13,0,33
BRDA:148,13,1,579
BRDA:165,14,0,579
BRDA:165,14,1,579
BRDA:168,15,0,0
BRDA:168,15,1,579
BRF:30
BRH:20
end_of_record
TN:
SF:src/components/chat/messages/MessageItem.tsx
FN:27,(anonymous_0)
FN:35,(anonymous_1)
FN:47,(anonymous_2)
FN:50,(anonymous_3)
FN:77,(anonymous_4)
FN:81,(anonymous_5)
FN:87,(anonymous_6)
FNF:7
FNH:1
FNDA:104,(anonymous_0)
FNDA:0,(anonymous_1)
FNDA:0,(anonymous_2)
FNDA:0,(anonymous_3)
FNDA:0,(anonymous_4)
FNDA:0,(anonymous_5)
FNDA:0,(anonymous_6)
DA:1,1
DA:21,669
DA:22,669
DA:23,669
DA:24,669
DA:27,669
DA:30,104
DA:31,104
DA:35,0
DA:36,0
DA:41,0
DA:42,0
DA:47,0
DA:50,0
DA:52,0
DA:54,0
DA:60,0
DA:63,0
DA:65,0
DA:66,0
DA:70,104
DA:74,669
DA:77,669
DA:78,0
DA:79,0
DA:80,0
DA:81,0
DA:87,669
DA:90,0
DA:92,0
DA:96,669
LF:31
LH:13
BRDA:17,0,0,669
BRDA:29,1,0,104
BRDA:29,1,1,0
BRDA:36,2,0,0
BRDA:36,2,1,0
BRDA:51,3,0,0
BRDA:51,3,1,0
BRDA:74,4,0,669
BRDA:74,4,1,323
BRDA:88,5,0,0
BRDA:88,5,1,0
BRDA:104,6,0,43
BRDA:104,6,1,626
BRF:13
BRH:6
end_of_record
TN:
SF:src/components/chat/messages/MessageItem.ui.tsx
FN:46,(anonymous_0)
FN:63,(anonymous_1)
FN:111,(anonymous_2)
FN:141,(anonymous_3)
FNF:4
FNH:0
FNDA:0,(anonymous_0)
FNDA:0,(anonymous_1)
FNDA:0,(anonymous_2)
FNDA:0,(anonymous_3)
DA:1,1
DA:34,600
DA:35,600
DA:36,600
DA:40,600
DA:46,0
DA:53,0
DA:54,0
DA:63,0
DA:112,0
DA:142,0
LF:11
LH:5
BRDA:28,0,0,600
BRDA:29,1,0,600
BRDA:35,2,0,600
BRDA:35,2,1,0
BRDA:43,3,0,600
BRDA:43,3,1,0
BRDA:61,4,0,0
BRDA:61,4,1,0
BRDA:71,5,0,313
BRDA:71,5,1,287
BRDA:79,6,0,313
BRDA:79,6,1,287
BRDA:84,7,0,313
BRDA:84,7,1,287
BRDA:95,8,0,313
BRDA:95,8,1,287
BRDA:100,9,0,313
BRDA:100,9,1,287
BRDA:104,10,0,600
BRDA:104,10,1,0
BRDA:108,11,0,0
BRDA:108,11,1,0
BRDA:116,12,0,0
BRDA:116,12,1,0
BRDA:116,13,0,0
BRDA:116,13,1,0
BRDA:124,14,0,0
BRDA:124,14,1,0
BRDA:124,15,0,0
BRDA:124,15,1,0
BRDA:129,16,0,0
BRDA:129,16,1,0
BRDA:139,17,0,0
BRDA:139,17,1,0
BRDA:156,18,0,313
BRDA:156,18,1,287
BRDA:165,19,0,313
BRDA:165,19,1,287
BRDA:168,20,0,600
BRDA:168,20,1,0
BRDA:175,21,0,600
BRDA:175,21,1,159
BRDA:182,22,0,600
BRDA:182,22,1,287
BRDA:182,22,2,128
BRDA:182,22,3,128
BRDA:185,23,0,128
BRDA:185,23,1,128
BRDA:195,24,0,0
BRDA:195,24,1,128
BRDA:203,25,0,0
BRDA:203,25,1,128
BRDA:210,26,0,128
BRDA:210,26,1,40
BRF:54
BRH:32
end_of_record
TN:
SF:src/components/chat/messages/MessageList.tsx
FN:19,(anonymous_0)
FN:38,(anonymous_1)
FN:47,(anonymous_2)
FNF:3
FNH:3
FNDA:341,(anonymous_0)
FNDA:291,(anonymous_1)
FNDA:600,(anonymous_2)
DA:1,1
DA:13,341
DA:14,341
DA:15,341
DA:16,341
DA:19,341
DA:21,341
DA:28,341
DA:37,341
DA:38,291
DA:41,341
DA:48,600
LF:12
LH:12
BRDA:28,0,0,159
BRDA:28,0,1,182
BRDA:28,1,0,341
BRDA:28,1,1,192
BRDA:37,2,0,159
BRDA:37,2,1,182
BRDA:43,3,0,341
BRDA:43,3,1,106
BRDA:44,4,0,341
BRDA:44,4,1,192
BRF:10
BRH:10
end_of_record
TN:
SF:src/components/chat/messages/MessageList.ui.tsx
FN:15,(anonymous_0)
FN:38,(anonymous_1)
FNF:2
FNH:2
FNDA:33,(anonymous_0)
FNDA:99,(anonymous_1)
DA:15,1
DA:16,33
DA:38,1
DA:45,99
DA:62,341
LF:5
LH:5
BRDA:40,0,0,99
BRDA:59,1,0,341
BRDA:65,2,0,106
BRDA:65,2,1,235
BRDA:65,3,0,341
BRDA:65,3,1,106
BRDA:87,4,0,235
BRDA:87,4,1,33
BRF:8
BRH:8
end_of_record
TN:
SF:src/components/chat/settings/SettingsPanel.tsx
FN:8,(anonymous_0)
FN:12,(anonymous_1)
FNF:2
FNH:0
FNDA:0,(anonymous_0)
FNDA:0,(anonymous_1)
DA:1,1
DA:6,94
DA:8,94
DA:9,0
DA:12,94
DA:13,0
DA:16,94
LF:7
LH:5
BRF:0
BRH:0
end_of_record
TN:
SF:src/components/chat/settings/SettingsPanel.ui.tsx
FNF:0
FNH:0
DA:13,94
LF:1
LH:1
BRF:0
BRH:0
end_of_record
TN:
SF:src/components/chat/sidebar/ChatHeader.tsx
FN:27,(anonymous_0)
FNF:1
FNH:1
FNDA:60,(anonymous_0)
DA:24,94
DA:25,94
DA:27,94
DA:28,60
DA:31,94
LF:5
LH:5
BRDA:22,0,0,94
BRDA:44,1,0,0
BRDA:44,1,1,94
BRDA:52,2,0,0
BRDA:52,2,1,94
BRDA:63,3,0,94
BRDA:63,3,1,36
BRF:7
BRH:5
end_of_record
TN:
SF:src/components/chat/sidebar/ConversationSidebar.tsx
FN:24,(anonymous_0)
FN:38,(anonymous_1)
FN:39,(anonymous_2)
FN:40,(anonymous_3)
FN:44,(anonymous_4)
FN:45,(anonymous_5)
FN:57,(anonymous_6)
FN:63,(anonymous_7)
FN:69,(anonymous_8)
FN:79,(anonymous_9)
FN:80,(anonymous_10)
FN:96,(anonymous_11)
FN:97,(anonymous_12)
FN:106,(anonymous_13)
FN:110,(anonymous_14)
FN:114,(anonymous_15)
FNF:16
FNH:5
FNDA:0,(anonymous_0)
FNDA:92,(anonymous_1)
FNDA:59,(anonymous_2)
FNDA:59,(anonymous_3)
FNDA:94,(anonymous_4)
FNDA:63,(anonymous_5)
FNDA:0,(anonymous_6)
FNDA:0,(anonymous_7)
FNDA:0,(anonymous_8)
FNDA:0,(anonymous_9)
FNDA:0,(anonymous_10)
FNDA:0,(anonymous_11)
FNDA:0,(anonymous_12)
FNDA:0,(anonymous_13)
FNDA:0,(anonymous_14)
FNDA:0,(anonymous_15)
DA:1,1
DA:21,1
DA:24,1
DA:25,0
DA:32,94
DA:33,94
DA:35,94
DA:38,94
DA:39,59
DA:40,59
DA:44,94
DA:45,94
DA:57,94
DA:59,0
DA:63,94
DA:64,0
DA:65,0
DA:66,0
DA:69,94
DA:72,0
DA:74,0
DA:79,94
DA:80,0
DA:81,0
DA:86,0
DA:91,0
DA:96,94
DA:97,0
DA:98,0
DA:100,0
DA:102,0
DA:106,94
DA:107,0
DA:110,94
DA:111,0
DA:114,94
DA:115,0
DA:118,94
LF:38
LH:20
BRDA:25,0,0,0
BRDA:25,0,1,0
BRDA:81,1,0,0
BRDA:81,1,1,0
BRDA:98,2,0,0
BRDA:98,2,1,0
BRDA:101,3,0,0
BRDA:101,3,1,0
BRF:8
BRH:0
end_of_record
TN:
SF:src/components/chat/sidebar/ConversationSidebar.ui.tsx
FN:97,(anonymous_0)
FN:100,(anonymous_1)
FN:103,(anonymous_2)
FN:121,(anonymous_3)
FN:180,(anonymous_4)
FN:375,(anonymous_5)
FNF:6
FNH:3
FNDA:63,(anonymous_0)
FNDA:63,(anonymous_1)
FNDA:63,(anonymous_2)
FNDA:0,(anonymous_3)
FNDA:0,(anonymous_4)
FNDA:0,(anonymous_5)
DA:1,1
DA:75,94
DA:78,63
DA:79,63
DA:80,63
DA:84,63
DA:85,0
DA:86,0
DA:87,0
DA:92,0
DA:93,0
DA:97,94
DA:98,63
DA:100,94
DA:101,63
DA:103,94
DA:104,63
DA:108,63
DA:109,63
DA:111,63
DA:121,0
DA:166,0
DA:180,0
DA:196,0
DA:197,0
DA:198,0
DA:212,0
DA:213,0
DA:215,0
DA:219,0
DA:243,0
DA:244,0
DA:245,0
DA:260,0
DA:261,0
DA:262,0
DA:284,0
DA:288,116
DA:291,58
DA:328,94
DA:330,94
LF:41
LH:19
BRDA:84,0,0,63
BRDA:84,0,1,0
BRDA:85,1,0,0
BRDA:85,1,1,0
BRDA:86,2,0,0
BRDA:86,2,1,0
BRDA:92,3,0,0
BRDA:92,3,1,0
BRDA:118,4,0,63
BRDA:118,4,1,58
BRDA:119,5,0,63
BRDA:119,5,1,0
BRDA:126,6,0,0
BRDA:126,6,1,63
BRDA:128,7,0,0
BRDA:128,7,1,63
BRDA:134,8,0,0
BRDA:134,8,1,63
BRDA:145,9,0,0
BRDA:145,9,1,63
BRDA:166,10,0,0
BRDA:166,10,1,0
BRDA:177,11,0,63
BRDA:177,11,1,0
BRDA:191,12,0,63
BRDA:191,12,1,63
BRDA:207,13,0,63
BRDA:207,13,1,63
BRDA:209,14,0,0
BRDA:209,14,1,63
BRDA:223,15,0,0
BRDA:223,15,1,63
BRDA:238,16,0,63
BRDA:238,16,1,0
BRDA:253,17,0,63
BRDA:253,17,1,63
BRDA:266,18,0,0
BRDA:266,18,1,63
BRDA:283,19,0,174
BRDA:283,19,1,58
BRDA:287,20,0,174
BRDA:287,20,1,116
BRDA:293,21,0,0
BRDA:293,21,1,58
BRDA:299,22,0,0
BRDA:299,22,1,0
BRDA:311,23,0,58
BRDA:311,23,1,58
BRDA:314,24,0,174
BRDA:314,24,1,0
BRDA:314,24,2,58
BRDA:328,25,0,94
BRDA:328,25,1,36
BRDA:328,25,2,36
BRDA:345,26,0,94
BRDA:345,26,1,94
BRDA:362,27,0,36
BRDA:362,27,1,58
BRDA:407,28,0,94
BRDA:407,28,1,94
BRF:60
BRH:37
end_of_record
TN:
SF:src/components/providers/ThemeProvider.tsx
FN:45,(anonymous_0)
FN:50,(anonymous_1)
FN:54,(anonymous_2)
FN:57,(anonymous_3)
FNF:4
FNH:0
FNDA:0,(anonymous_0)
FNDA:0,(anonymous_1)
FNDA:0,(anonymous_2)
FNDA:0,(anonymous_3)
DA:12,0
DA:19,0
DA:21,0
DA:22,0
DA:26,0
DA:27,0
DA:29,0
DA:42,0
DA:45,0
DA:46,0
DA:50,0
DA:51,0
DA:53,0
DA:54,0
DA:56,0
DA:57,0
DA:60,0
LF:17
LH:0
BRDA:19,0,0,0
BRDA:19,0,1,0
BRDA:27,1,0,0
BRDA:27,1,1,0
BRDA:51,2,0,0
BRDA:51,2,1,0
BRDA:51,3,0,0
BRDA:51,3,1,0
BRF:8
BRH:0
end_of_record
TN:
SF:src/components/settings/SettingsPage.tsx
FN:43,(anonymous_0)
FN:48,(anonymous_1)
FN:49,(anonymous_2)
FN:50,(anonymous_3)
FN:51,(anonymous_4)
FN:54,(anonymous_5)
FN:58,(anonymous_6)
FN:62,(anonymous_7)
FN:66,(anonymous_8)
FN:77,(anonymous_9)
FN:81,(anonymous_10)
FN:95,(anonymous_11)
FN:101,(anonymous_12)
FN:108,(anonymous_13)
FNF:14
FNH:11
FNDA:32,(anonymous_0)
FNDA:64,(anonymous_1)
FNDA:16,(anonymous_2)
FNDA:16,(anonymous_3)
FNDA:16,(anonymous_4)
FNDA:3,(anonymous_5)
FNDA:3,(anonymous_6)
FNDA:1,(anonymous_7)
FNDA:1,(anonymous_8)
FNDA:1,(anonymous_9)
FNDA:0,(anonymous_10)
FNDA:0,(anonymous_11)
FNDA:0,(anonymous_12)
FNDA:1,(anonymous_13)
DA:1,1
DA:30,104
DA:31,104
DA:32,104
DA:33,104
DA:34,104
DA:35,104
DA:36,104
DA:41,104
DA:43,104
DA:44,32
DA:48,104
DA:49,16
DA:50,16
DA:51,16
DA:54,104
DA:55,3
DA:58,104
DA:59,3
DA:62,104
DA:63,1
DA:66,104
DA:67,1
DA:70,0
DA:72,0
DA:77,104
DA:78,1
DA:81,104
DA:82,0
DA:84,0
DA:86,0
DA:88,0
DA:91,0
DA:95,104
DA:97,0
DA:101,104
DA:103,0
DA:104,0
DA:108,104
DA:109,1
DA:112,104
LF:41
LH:31
BRDA:72,0,0,0
BRDA:72,0,1,0
BRDA:86,1,0,0
BRDA:86,1,1,0
BRDA:102,2,0,0
BRDA:102,2,1,0
BRDA:104,3,0,0
BRDA:104,3,1,0
BRF:8
BRH:0
end_of_record
TN:
SF:src/components/settings/SettingsPage.ui.tsx
FN:97,(anonymous_0)
FN:227,(anonymous_1)
FN:231,(anonymous_2)
FN:270,(anonymous_3)
FN:274,(anonymous_4)
FN:307,(anonymous_5)
FN:340,(anonymous_6)
FN:346,(anonymous_7)
FN:372,(anonymous_8)
FN:408,(anonymous_9)
FN:420,(anonymous_10)
FN:433,(anonymous_11)
FN:522,(anonymous_12)
FNF:13
FNH:10
FNDA:728,(anonymous_0)
FNDA:312,(anonymous_1)
FNDA:3,(anonymous_2)
FNDA:312,(anonymous_3)
FNDA:3,(anonymous_4)
FNDA:1,(anonymous_5)
FNDA:0,(anonymous_6)
FNDA:2704,(anonymous_7)
FNDA:1,(anonymous_8)
FNDA:0,(anonymous_9)
FNDA:0,(anonymous_10)
FNDA:408,(anonymous_11)
FNDA:1,(anonymous_12)
DA:1,1
DA:59,1
DA:67,1
DA:97,1
DA:112,728
DA:172,104
DA:175,0
DA:177,0
DA:178,0
DA:182,104
DA:184,104
DA:228,312
DA:231,3
DA:271,312
DA:274,3
DA:307,1
DA:340,0
DA:347,2704
DA:373,1
DA:409,0
DA:423,0
DA:434,408
DA:522,1
LF:23
LH:17
BRDA:102,0,0,728
BRDA:116,1,0,104
BRDA:116,1,1,624
BRDA:125,2,0,104
BRDA:125,2,1,624
BRDA:136,3,0,728
BRDA:136,3,1,104
BRDA:141,4,0,728
BRDA:141,4,1,728
BRDA:234,5,0,104
BRDA:234,5,1,208
BRDA:277,6,0,104
BRDA:277,6,1,208
BRDA:285,7,0,104
BRDA:285,7,1,208
BRDA:310,8,0,102
BRDA:310,8,1,2
BRDA:320,9,0,102
BRDA:320,9,1,2
BRDA:325,10,0,104
BRDA:325,10,1,32
BRDA:330,11,0,104
BRDA:330,11,1,102
BRDA:339,12,0,102
BRDA:339,12,1,2
BRDA:375,13,0,0
BRDA:375,13,1,1
BRDA:383,14,0,102
BRDA:383,14,1,2
BRDA:391,15,0,102
BRDA:391,15,1,2
BRDA:400,16,0,104
BRDA:400,16,1,102
BRDA:447,17,0,104
BRDA:447,17,1,102
BRDA:450,18,0,0
BRDA:450,18,1,102
BRDA:526,19,0,0
BRDA:526,19,1,104
BRDA:550,20,0,96
BRDA:550,20,1,8
BRDA:555,21,0,2
BRDA:555,21,1,6
BRDA:584,22,0,96
BRDA:584,22,1,8
BRF:45
BRH:42
end_of_record
TN:
SF:src/components/ui/button.tsx
FN:1,(anonymous_0)
FNF:1
FNH:1
FNDA:3,(anonymous_0)
DA:1,3
DA:7,3
DA:49,2675
DA:51,2675
LF:4
LH:4
BRDA:1,0,0,9
BRDA:1,0,1,0
BRDA:1,1,0,3
BRDA:1,1,1,3
BRDA:1,1,2,0
BRDA:43,2,0,2675
BRDA:49,3,0,0
BRDA:49,3,1,2675
BRF:8
BRH:5
end_of_record
TN:
SF:src/components/ui/card.tsx
FN:1,(anonymous_0)
FNF:1
FNH:1
FNDA:1,(anonymous_0)
DA:1,1
DA:6,0
DA:19,0
DA:32,0
DA:42,0
DA:52,0
DA:65,0
DA:75,0
LF:8
LH:1
BRDA:1,0,0,3
BRDA:1,0,1,0
BRDA:1,1,0,1
BRDA:1,1,1,1
BRDA:1,1,2,0
BRF:5
BRH:3
end_of_record
TN:
SF:src/components/ui/dropdown-menu.tsx
FN:1,(anonymous_0)
FNF:1
FNH:1
FNDA:1,(anonymous_0)
DA:1,1
DA:10,63
DA:16,0
DA:24,63
DA:37,63
DA:55,0
DA:69,0
DA:89,0
DA:112,0
DA:125,0
DA:151,0
DA:168,0
DA:181,0
DA:196,0
DA:207,0
DA:227,0
LF:16
LH:4
BRDA:1,0,0,3
BRDA:1,0,1,0
BRDA:1,1,0,1
BRDA:1,1,1,1
BRDA:1,1,2,0
BRDA:34,2,0,63
BRDA:63,3,0,0
BRF:7
BRH:4
end_of_record
TN:
SF:src/components/ui/input.tsx
FNF:0
FNH:0
DA:6,0
LF:1
LH:0
BRF:0
BRH:0
end_of_record
TN:
SF:src/components/ui/number-stepper.tsx
FN:32,(anonymous_0)
FN:36,(anonymous_1)
FNF:2
FNH:1
FNDA:32,(anonymous_0)
FNDA:0,(anonymous_1)
DA:1,1
DA:29,102
DA:32,102
DA:33,32
DA:36,102
DA:37,0
DA:42,0
DA:43,0
DA:47,0
DA:48,0
DA:52,0
DA:55,0
DA:60,0
DA:62,0
DA:64,0
DA:65,0
DA:66,0
DA:72,0
DA:74,0
DA:75,0
DA:77,0
DA:78,0
DA:82,102
LF:23
LH:6
BRDA:21,0,0,102
BRDA:22,1,0,102
BRDA:23,2,0,102
BRDA:24,3,0,102
BRDA:26,4,0,102
BRDA:54,5,0,0
BRDA:54,5,1,0
BRDA:93,6,0,102
BRDA:93,6,1,102
BRDA:104,7,0,102
BRDA:104,7,1,0
BRDA:113,8,0,102
BRDA:113,8,1,102
BRDA:129,9,0,102
BRDA:129,9,1,102
BRF:15
BRH:12
end_of_record
TN:
SF:src/components/ui/scroll-area.tsx
FN:1,(anonymous_0)
FNF:1
FNH:1
FNDA:3,(anonymous_0)
DA:1,3
DA:11,608
DA:34,608
LF:3
LH:3
BRDA:1,0,0,9
BRDA:1,0,1,0
BRDA:1,1,0,3
BRDA:1,1,1,3
BRDA:1,1,2,0
BRDA:31,2,0,608
BRDA:40,3,0,608
BRDA:40,3,1,608
BRDA:42,4,0,608
BRDA:42,4,1,0
BRF:10
BRH:7
end_of_record
TN:
SF:src/components/ui/select.tsx
FN:1,(anonymous_0)
FNF:1
FNH:1
FNDA:1,(anonymous_0)
DA:1,1
DA:10,206
DA:16,0
DA:22,206
DA:33,206
DA:58,206
DA:92,0
DA:106,2152
DA:129,0
DA:142,142
DA:160,142
LF:11
LH:8
BRDA:1,0,0,3
BRDA:1,0,1,0
BRDA:1,1,0,1
BRDA:1,1,1,1
BRDA:1,1,2,0
BRDA:27,2,0,206
BRDA:54,3,0,206
BRDA:55,4,0,206
BRDA:64,5,0,206
BRDA:64,5,1,206
BRDA:76,6,0,206
BRDA:76,6,1,206
BRF:12
BRH:10
end_of_record
TN:
SF:src/components/ui/separator.tsx
FNF:0
FNH:0
DA:12,0
LF:1
LH:0
BRDA:8,0,0,0
BRDA:9,1,0,0
BRF:2
BRH:0
end_of_record
TN:
SF:src/components/ui/sheet.tsx
FNF:0
FNH:0
DA:1,0
DA:10,0
DA:16,0
DA:22,0
DA:28,0
DA:35,0
DA:55,0
DA:85,0
DA:95,0
DA:108,0
DA:121,0
LF:11
LH:0
BRDA:50,0,0,0
BRDA:62,1,0,0
BRDA:62,1,1,0
BRDA:64,2,0,0
BRDA:64,2,1,0
BRDA:66,3,0,0
BRDA:66,3,1,0
BRDA:68,4,0,0
BRDA:68,4,1,0
BRF:9
BRH:0
end_of_record
TN:
SF:src/components/ui/skeleton.tsx
FNF:0
FNH:0
DA:4,0
LF:1
LH:0
BRF:0
BRH:0
end_of_record
TN:
SF:src/components/ui/textarea.tsx
FN:1,(anonymous_0)
FNF:1
FNH:1
FNDA:1,(anonymous_0)
DA:1,1
DA:6,612
LF:2
LH:2
BRDA:1,0,0,3
BRDA:1,0,1,0
BRDA:1,1,0,1
BRDA:1,1,1,1
BRDA:1,1,2,0
BRF:5
BRH:3
end_of_record
TN:
SF:src/components/ui/tooltip.tsx
FN:3,(anonymous_0)
FNF:1
FNH:1
FNDA:1,(anonymous_0)
DA:1,1
DA:3,1
DA:12,484
DA:24,262
DA:34,262
DA:43,262
LF:6
LH:6
BRDA:3,0,0,3
BRDA:3,0,1,0
BRDA:3,1,0,1
BRDA:3,1,1,1
BRDA:3,1,2,0
BRDA:9,2,0,484
BRDA:39,3,0,262
BRF:7
BRH:5
end_of_record
TN:
SF:src/components/usage/UsagePage.tsx
FN:19,(anonymous_0)
FN:21,(anonymous_1)
FN:24,(anonymous_2)
FN:25,(anonymous_3)
FN:36,(anonymous_4)
FN:38,(anonymous_5)
FN:46,(anonymous_6)
FN:62,(anonymous_7)
FN:66,(anonymous_8)
FNF:9
FNH:9
FNDA:69,(anonymous_0)
FNDA:69,(anonymous_1)
FNDA:69,(anonymous_2)
FNDA:2070,(anonymous_3)
FNDA:69,(anonymous_4)
FNDA:2070,(anonymous_5)
FNDA:26,(anonymous_6)
FNDA:1,(anonymous_7)
FNDA:2,(anonymous_8)
DA:1,1
DA:13,69
DA:15,69
DA:19,69
DA:21,69
DA:24,69
DA:25,2070
DA:36,69
DA:37,69
DA:40,2070
DA:46,26
DA:62,69
DA:63,1
DA:66,69
DA:72,1
DA:76,69
LF:16
LH:16
BRDA:40,0,0,2070
BRDA:40,0,1,2045
BRDA:40,0,2,2045
BRDA:40,0,3,2044
BRDA:40,0,4,2044
BRDA:44,1,0,2044
BRDA:44,1,1,2044
BRDA:56,2,0,26
BRDA:56,2,1,18
BRDA:57,3,0,26
BRDA:57,3,1,18
BRDA:58,4,0,26
BRDA:58,4,1,18
BRDA:58,5,0,26
BRDA:58,5,1,18
BRF:15
BRH:15
end_of_record
TN:
SF:src/components/usage/UsagePage.ui.tsx
FN:61,(anonymous_0)
FN:105,(anonymous_1)
FN:154,(anonymous_2)
FN:196,(anonymous_3)
FN:224,(anonymous_4)
FN:228,(anonymous_5)
FN:231,(anonymous_6)
FN:239,(anonymous_7)
FN:245,(anonymous_8)
FN:253,(anonymous_9)
FN:259,(anonymous_10)
FN:267,(anonymous_11)
FN:273,(anonymous_12)
FN:281,(anonymous_13)
FN:287,(anonymous_14)
FN:295,(anonymous_15)
FN:301,(anonymous_16)
FN:309,(anonymous_17)
FN:315,(anonymous_18)
FN:406,(anonymous_19)
FN:631,(anonymous_20)
FN:636,(anonymous_21)
FN:660,(anonymous_22)
FN:672,(anonymous_23)
FNF:24
FNH:22
FNDA:207,(anonymous_0)
FNDA:276,(anonymous_1)
FNDA:0,(anonymous_2)
FNDA:0,(anonymous_3)
FNDA:34,(anonymous_4)
FNDA:26,(anonymous_5)
FNDA:26,(anonymous_6)
FNDA:26,(anonymous_7)
FNDA:26,(anonymous_8)
FNDA:26,(anonymous_9)
FNDA:26,(anonymous_10)
FNDA:26,(anonymous_11)
FNDA:26,(anonymous_12)
FNDA:26,(anonymous_13)
FNDA:26,(anonymous_14)
FNDA:26,(anonymous_15)
FNDA:26,(anonymous_16)
FNDA:26,(anonymous_17)
FNDA:26,(anonymous_18)
FNDA:4,(anonymous_19)
FNDA:26,(anonymous_20)
FNDA:182,(anonymous_21)
FNDA:26,(anonymous_22)
FNDA:182,(anonymous_23)
DA:1,1
DA:61,1
DA:76,207
DA:105,1
DA:118,276
DA:146,0
DA:148,0
DA:155,0
DA:192,182
DA:193,182
DA:196,0
DA:217,69
DA:221,69
DA:224,69
DA:225,34
DA:229,26
DA:232,26
DA:240,26
DA:246,26
DA:254,26
DA:260,26
DA:268,26
DA:274,26
DA:282,26
DA:288,26
DA:296,26
DA:302,26
DA:310,26
DA:316,26
DA:325,69
DA:335,69
DA:339,69
DA:406,4
DA:632,26
DA:638,182
DA:661,26
DA:673,182
LF:37
LH:33
BRDA:91,0,0,207
BRDA:91,0,1,0
BRDA:94,1,0,207
BRDA:94,1,1,207
BRDA:123,2,0,276
BRDA:123,2,1,0
BRDA:146,3,0,0
BRDA:146,3,1,0
BRDA:146,4,0,0
BRDA:146,4,1,0
BRDA:146,4,2,0
BRDA:199,5,0,0
BRDA:199,5,1,182
BRDA:201,6,0,26
BRDA:201,6,1,156
BRDA:335,7,0,69
BRDA:335,7,1,44
BRDA:335,7,2,44
BRDA:403,8,0,3
BRDA:403,8,1,66
BRDA:480,9,0,26
BRDA:480,9,1,43
BRDA:625,10,0,26
BRDA:625,10,1,43
BRDA:642,11,0,0
BRDA:642,11,1,182
BRDA:665,12,0,26
BRDA:665,12,1,0
BRDA:701,13,0,69
BRDA:701,13,1,26
BRF:30
BRH:20
end_of_record
TN:
SF:src/lib/utils.ts
FNF:0
FNH:0
DA:5,16265
LF:1
LH:1
BRF:0
BRH:0
end_of_record
TN:
SF:src/lib/ai/compat.ts
FN:250,(anonymous_0)
FN:260,(anonymous_1)
FN:417,(anonymous_2)
FN:418,(anonymous_3)
FNF:4
FNH:0
FNDA:0,(anonymous_0)
FNDA:0,(anonymous_1)
FNDA:0,(anonymous_2)
FNDA:0,(anonymous_3)
DA:43,2
DA:98,0
DA:106,2
DA:107,2
DA:108,2
DA:112,0
DA:113,0
DA:114,0
DA:116,0
DA:117,0
DA:118,0
DA:120,2
DA:121,2
DA:122,2
DA:124,0
DA:125,0
DA:126,0
DA:128,0
DA:129,0
DA:130,0
DA:133,2
DA:134,2
DA:136,2
DA:148,0
DA:151,0
DA:155,0
DA:158,0
DA:162,0
DA:172,0
DA:176,0
DA:184,0
DA:186,0
DA:193,0
DA:200,0
DA:210,0
DA:213,0
DA:217,0
DA:220,0
DA:222,0
DA:227,0
DA:230,0
DA:237,0
DA:243,0
DA:250,0
DA:256,0
DA:258,0
DA:260,0
DA:266,0
DA:275,0
DA:279,0
DA:291,0
DA:292,0
DA:306,0
DA:318,0
DA:320,0
DA:330,0
DA:331,0
DA:334,0
DA:344,0
DA:350,0
DA:358,0
DA:376,0
DA:377,0
DA:379,0
DA:405,0
DA:407,0
DA:416,0
DA:418,0
DA:422,0
DA:423,0
DA:424,0
DA:429,0
DA:431,0
LF:73
LH:10
BRDA:114,0,0,0
BRDA:114,0,1,0
BRDA:115,1,0,2
BRDA:115,1,1,2
BRDA:118,2,0,0
BRDA:118,2,1,0
BRDA:122,3,0,2
BRDA:122,3,1,0
BRDA:126,4,0,0
BRDA:126,4,1,0
BRDA:127,5,0,0
BRDA:127,5,1,0
BRDA:130,6,0,0
BRDA:130,6,1,0
BRDA:139,7,0,2
BRDA:139,7,1,0
BRDA:140,8,0,2
BRDA:140,8,1,0
BRDA:148,9,0,0
BRDA:148,9,1,0
BRDA:151,10,0,0
BRDA:151,10,1,0
BRDA:156,11,0,0
BRDA:156,11,1,0
BRDA:158,12,0,0
BRDA:158,12,1,0
BRDA:158,13,0,0
BRDA:158,13,1,0
BRDA:172,14,0,0
BRDA:172,14,1,0
BRDA:255,15,0,0
BRDA:255,15,1,0
BRDA:291,16,0,0
BRDA:291,16,1,0
BRDA:353,17,0,0
BRDA:353,17,1,0
BRDA:380,18,0,0
BRDA:380,18,1,0
BRDA:422,19,0,0
BRDA:422,19,1,0
BRDA:423,20,0,0
BRDA:423,20,1,0
BRF:42
BRH:5
end_of_record
TN:
SF:src/lib/ai/hooks.ts
FN:32,(anonymous_0)
FN:51,(anonymous_1)
FN:60,(anonymous_2)
FN:80,(anonymous_3)
FNF:4
FNH:0
FNDA:0,(anonymous_0)
FNDA:0,(anonymous_1)
FNDA:0,(anonymous_2)
FNDA:0,(anonymous_3)
DA:2,2
DA:21,1
DA:22,1
DA:29,0
DA:30,0
DA:32,0
DA:33,0
DA:35,0
DA:36,0
DA:38,0
DA:46,0
DA:51,0
DA:52,0
DA:55,0
DA:59,0
DA:60,0
DA:61,0
DA:73,0
DA:74,0
DA:75,0
DA:76,0
DA:77,0
DA:79,0
DA:84,0
DA:92,0
DA:93,0
DA:95,0
DA:102,0
DA:103,0
DA:104,0
DA:105,0
DA:106,0
DA:107,0
DA:108,0
DA:109,0
DA:111,0
DA:113,0
DA:119,0
LF:38
LH:3
BRDA:83,0,0,0
BRDA:83,0,1,0
BRDA:85,1,0,0
BRDA:85,1,1,0
BRDA:96,2,0,0
BRDA:96,2,1,0
BRF:6
BRH:0
end_of_record
TN:
SF:src/lib/ai/prompt.ts
FN:33,(anonymous_0)
FN:34,(anonymous_1)
FN:34,(anonymous_2)
FN:35,(anonymous_3)
FN:162,(anonymous_4)
FN:182,(anonymous_5)
FN:302,(anonymous_6)
FNF:7
FNH:0
FNDA:0,(anonymous_0)
FNDA:0,(anonymous_1)
FNDA:0,(anonymous_2)
FNDA:0,(anonymous_3)
FNDA:0,(anonymous_4)
FNDA:0,(anonymous_5)
FNDA:0,(anonymous_6)
DA:26,0
DA:31,0
DA:33,0
DA:34,0
DA:35,0
DA:38,0
DA:46,0
DA:54,0
DA:67,0
DA:72,0
DA:77,0
DA:79,0
DA:86,0
DA:95,0
DA:99,0
DA:101,0
DA:108,0
DA:111,0
DA:114,0
DA:125,0
DA:128,0
DA:129,0
DA:131,0
DA:134,0
DA:145,0
DA:149,0
DA:152,0
DA:161,0
DA:163,0
DA:171,0
DA:177,0
DA:180,0
DA:185,0
DA:192,0
DA:198,0
DA:210,0
DA:213,0
DA:216,0
DA:226,0
DA:234,0
DA:241,0
DA:244,0
DA:247,0
DA:254,0
DA:277,0
DA:286,0
DA:289,0
DA:295,0
DA:303,0
DA:329,0
DA:334,0
DA:340,0
DA:347,0
DA:349,0
DA:351,0
LF:55
LH:0
BRDA:34,0,0,0
BRDA:34,0,1,0
BRDA:34,1,0,0
BRDA:34,1,1,0
BRDA:34,1,2,0
BRDA:70,2,0,0
BRDA:70,2,1,0
BRDA:110,3,0,0
BRDA:110,3,1,0
BRDA:125,4,0,0
BRDA:125,4,1,0
BRDA:144,5,0,0
BRDA:144,5,1,0
BRDA:176,6,0,0
BRDA:176,6,1,0
BRDA:184,7,0,0
BRDA:184,7,1,0
BRDA:184,7,2,0
BRDA:216,8,0,0
BRDA:216,8,1,0
BRDA:241,9,0,0
BRDA:241,9,1,0
BRDA:247,10,0,0
BRDA:247,10,1,0
BRDA:286,11,0,0
BRDA:286,11,1,0
BRF:26
BRH:0
end_of_record
TN:
SF:src/lib/ai/store.ts
FNF:0
FNH:0
DA:5,1
DA:6,1
DA:7,1
DA:8,1
DA:11,1
LF:5
LH:5
BRF:0
BRH:0
end_of_record
TN:
SF:src/lib/ai/titleGenerator.ts
FN:13,(anonymous_0)
FN:15,(anonymous_1)
FNF:2
FNH:0
FNDA:0,(anonymous_0)
FNDA:0,(anonymous_1)
DA:7,1
DA:12,1
DA:13,0
DA:15,0
DA:16,0
DA:21,0
DA:32,0
DA:36,0
DA:45,0
DA:53,0
DA:62,0
DA:63,0
DA:65,0
DA:67,0
DA:73,0
DA:76,0
DA:79,0
DA:80,0
DA:88,0
DA:89,0
DA:91,0
DA:94,0
DA:95,0
DA:97,0
DA:99,0
DA:106,0
LF:26
LH:2
BRDA:15,0,0,0
BRDA:15,0,1,0
BRDA:15,1,0,0
BRDA:15,1,1,0
BRDA:15,1,2,0
BRDA:72,2,0,0
BRDA:72,2,1,0
BRDA:106,3,0,0
BRDA:106,3,1,0
BRF:9
BRH:0
end_of_record
TN:
SF:src/lib/ai/tools/datetime.ts
FNF:0
FNH:0
DA:4,0
DA:13,0
DA:16,0
DA:24,0
DA:33,0
DA:34,0
DA:35,0
DA:37,0
DA:46,0
DA:47,0
DA:48,0
DA:50,0
LF:12
LH:0
BRDA:35,0,0,0
BRDA:35,0,1,0
BRF:2
BRH:0
end_of_record
TN:
SF:src/lib/ai/tools/index.ts
FNF:0
FNH:0
DA:4,0
LF:1
LH:0
BRF:0
BRH:0
end_of_record
TN:
SF:src/lib/ai/tools/weather.ts
FNF:0
FNH:0
DA:28,0
DA:65,0
DA:66,0
DA:68,0
DA:81,0
DA:85,0
DA:87,0
DA:90,0
DA:93,0
DA:96,0
DA:97,0
DA:119,0
DA:121,0
DA:123,0
DA:126,0
DA:127,0
DA:129,0
DA:138,0
DA:149,0
DA:152,0
DA:155,0
DA:162,0
DA:165,0
DA:169,0
DA:178,0
LF:25
LH:0
BRDA:92,0,0,0
BRDA:92,0,1,0
BRDA:134,1,0,0
BRDA:134,1,1,0
BRDA:149,2,0,0
BRDA:149,2,1,0
BRDA:165,3,0,0
BRDA:165,3,1,0
BRDA:180,4,0,0
BRDA:180,4,1,0
BRF:10
BRH:0
end_of_record
TN:
SF:src/lib/hooks/useNavigation.ts
FN:22,(anonymous_0)
FN:26,(anonymous_1)
FN:30,(anonymous_2)
FN:34,(anonymous_3)
FN:55,(anonymous_4)
FN:58,(anonymous_5)
FN:65,(anonymous_6)
FN:67,(anonymous_7)
FN:72,(anonymous_8)
FN:75,(anonymous_9)
FN:82,(anonymous_10)
FN:84,(anonymous_11)
FN:89,(anonymous_12)
FN:92,(anonymous_13)
FN:99,(anonymous_14)
FN:101,(anonymous_15)
FN:106,(anonymous_16)
FN:109,(anonymous_17)
FNF:18
FNH:0
FNDA:0,(anonymous_0)
FNDA:0,(anonymous_1)
FNDA:0,(anonymous_2)
FNDA:0,(anonymous_3)
FNDA:0,(anonymous_4)
FNDA:0,(anonymous_5)
FNDA:0,(anonymous_6)
FNDA:0,(anonymous_7)
FNDA:0,(anonymous_8)
FNDA:0,(anonymous_9)
FNDA:0,(anonymous_10)
FNDA:0,(anonymous_11)
FNDA:0,(anonymous_12)
FNDA:0,(anonymous_13)
FNDA:0,(anonymous_14)
FNDA:0,(anonymous_15)
FNDA:0,(anonymous_16)
FNDA:0,(anonymous_17)
DA:2,0
DA:19,0
DA:20,0
DA:22,0
DA:23,0
DA:26,0
DA:27,0
DA:30,0
DA:31,0
DA:34,0
DA:35,0
DA:38,0
DA:52,0
DA:53,0
DA:55,0
DA:57,0
DA:58,0
DA:65,0
DA:66,0
DA:67,0
DA:72,0
DA:74,0
DA:75,0
DA:82,0
DA:83,0
DA:84,0
DA:89,0
DA:91,0
DA:92,0
DA:99,0
DA:100,0
DA:101,0
DA:106,0
DA:108,0
DA:109,0
DA:116,0
LF:36
LH:0
BRDA:75,0,0,0
BRDA:75,0,1,0
BRDA:92,1,0,0
BRDA:92,1,1,0
BRDA:109,2,0,0
BRDA:109,2,1,0
BRDA:119,3,0,0
BRDA:119,3,1,0
BRDA:120,4,0,0
BRDA:120,4,1,0
BRDA:121,5,0,0
BRDA:121,5,1,0
BRDA:122,6,0,0
BRDA:122,6,1,0
BRF:14
BRH:0
end_of_record
TN:
SF:src/lib/pwa/registerSW.ts
FN:33,(anonymous_0)
FN:47,(anonymous_1)
FN:53,(anonymous_2)
FN:64,(anonymous_3)
FN:91,(anonymous_4)
FNF:5
FNH:0
FNDA:0,(anonymous_0)
FNDA:0,(anonymous_1)
FNDA:0,(anonymous_2)
FNDA:0,(anonymous_3)
FNDA:0,(anonymous_4)
DA:11,0
DA:18,0
DA:19,0
DA:23,0
DA:27,0
DA:30,0
DA:33,0
DA:35,0
DA:37,0
DA:43,0
DA:47,0
DA:48,0
DA:49,0
DA:51,0
DA:53,0
DA:56,0
DA:57,0
DA:63,0
DA:64,0
DA:65,0
DA:66,0
DA:67,0
DA:68,0
DA:72,0
DA:81,0
DA:88,0
DA:90,0
DA:91,0
DA:92,0
LF:29
LH:0
BRDA:49,0,0,0
BRDA:49,0,1,0
BRDA:54,1,0,0
BRDA:54,1,1,0
BRDA:65,2,0,0
BRDA:65,2,1,0
BRDA:88,3,0,0
BRDA:88,3,1,0
BRF:8
BRH:0
end_of_record
TN:
SF:src/lib/stores/chat.ts
FN:43,(anonymous_0)
FN:44,(anonymous_1)
FN:99,(anonymous_2)
FN:127,(anonymous_3)
FN:183,(anonymous_4)
FN:211,(anonymous_5)
FN:222,(anonymous_6)
FNF:7
FNH:2
FNDA:181,(anonymous_0)
FNDA:141,(anonymous_1)
FNDA:0,(anonymous_2)
FNDA:0,(anonymous_3)
FNDA:0,(anonymous_4)
FNDA:0,(anonymous_5)
FNDA:0,(anonymous_6)
DA:31,2
DA:34,2
DA:37,2
DA:40,2
DA:43,2
DA:44,181
DA:45,181
DA:60,66
DA:71,66
DA:72,66
DA:76,0
DA:77,0
DA:79,0
DA:80,0
DA:81,0
DA:86,0
DA:88,0
DA:97,0
DA:98,0
DA:100,0
DA:106,139
DA:107,139
DA:108,139
DA:109,139
DA:113,198
DA:117,66
DA:122,0
DA:126,0
DA:127,0
DA:132,33
DA:143,0
DA:148,0
DA:157,0
DA:165,0
DA:167,0
DA:171,0
DA:183,0
DA:184,0
DA:187,0
DA:189,0
DA:190,0
DA:192,0
DA:193,0
DA:197,0
DA:198,0
DA:199,0
DA:200,0
DA:202,0
DA:203,0
DA:205,0
DA:208,0
DA:209,0
DA:211,0
DA:212,0
DA:222,0
DA:223,0
DA:225,0
DA:230,0
DA:231,0
DA:235,0
DA:243,0
DA:251,0
DA:252,0
LF:63
LH:17
BRDA:45,0,0,181
BRDA:45,0,1,118
BRDA:62,1,0,66
BRDA:62,1,1,0
BRDA:66,2,0,0
BRDA:66,2,1,66
BRDA:66,3,0,66
BRDA:66,3,1,0
BRDA:78,4,0,0
BRDA:78,4,1,0
BRDA:100,5,0,0
BRDA:100,5,1,0
BRDA:180,6,0,0
BRDA:181,7,0,0
BRDA:188,8,0,0
BRDA:188,8,1,0
BRDA:231,9,0,0
BRDA:231,9,1,0
BRDA:238,10,0,0
BRDA:238,10,1,0
BRF:20
BRH:5
end_of_record
TN:
SF:src/lib/stores/conversations.ts
FN:72,(anonymous_0)
FN:97,(anonymous_1)
FN:117,(anonymous_2)
FN:125,(anonymous_3)
FN:134,(anonymous_4)
FN:142,(anonymous_5)
FN:178,(anonymous_6)
FN:190,(anonymous_7)
FN:217,(anonymous_8)
FN:289,(anonymous_9)
FN:322,(anonymous_10)
FN:334,(anonymous_11)
FN:343,(anonymous_12)
FN:355,(anonymous_13)
FN:392,(anonymous_14)
FN:404,(anonymous_15)
FN:423,(anonymous_16)
FN:454,(anonymous_17)
FN:471,(anonymous_18)
FN:488,(anonymous_19)
FN:503,(anonymous_20)
FN:516,(anonymous_21)
FN:531,(anonymous_22)
FN:550,(anonymous_23)
FN:569,(anonymous_24)
FN:581,(anonymous_25)
FN:600,(anonymous_26)
FN:619,(anonymous_27)
FN:637,(anonymous_28)
FN:638,(anonymous_29)
FN:639,(anonymous_30)
FN:645,(anonymous_31)
FN:672,(anonymous_32)
FN:673,(anonymous_33)
FN:769,(anonymous_34)
FN:770,(anonymous_35)
FNF:36
FNH:11
FNDA:5,(anonymous_0)
FNDA:0,(anonymous_1)
FNDA:6,(anonymous_2)
FNDA:6,(anonymous_3)
FNDA:63,(anonymous_4)
FNDA:31,(anonymous_5)
FNDA:0,(anonymous_6)
FNDA:0,(anonymous_7)
FNDA:3,(anonymous_8)
FNDA:0,(anonymous_9)
FNDA:26,(anonymous_10)
FNDA:0,(anonymous_11)
FNDA:0,(anonymous_12)
FNDA:26,(anonymous_13)
FNDA:0,(anonymous_14)
FNDA:0,(anonymous_15)
FNDA:0,(anonymous_16)
FNDA:26,(anonymous_17)
FNDA:0,(anonymous_18)
FNDA:0,(anonymous_19)
FNDA:0,(anonymous_20)
FNDA:0,(anonymous_21)
FNDA:0,(anonymous_22)
FNDA:0,(anonymous_23)
FNDA:0,(anonymous_24)
FNDA:0,(anonymous_25)
FNDA:0,(anonymous_26)
FNDA:0,(anonymous_27)
FNDA:0,(anonymous_28)
FNDA:0,(anonymous_29)
FNDA:0,(anonymous_30)
FNDA:0,(anonymous_31)
FNDA:1,(anonymous_32)
FNDA:1,(anonymous_33)
FNDA:0,(anonymous_34)
FNDA:0,(anonymous_35)
DA:17,2
DA:20,2
DA:27,74
DA:44,2
DA:50,2
DA:53,2
DA:56,2
DA:59,2
DA:67,27
DA:68,27
DA:71,4
DA:72,5
DA:76,4
DA:79,0
DA:80,0
DA:89,0
DA:91,0
DA:94,0
DA:95,0
DA:97,0
DA:101,0
DA:108,0
DA:111,0
DA:112,0
DA:113,0
DA:117,2
DA:118,6
DA:122,0
DA:125,6
DA:127,0
DA:128,0
DA:134,6
DA:136,63
DA:139,31
DA:142,31
DA:144,31
DA:146,31
DA:151,29
DA:155,31
DA:156,31
DA:161,4
DA:173,28
DA:178,0
DA:179,0
DA:184,0
DA:190,0
DA:191,0
DA:193,0
DA:195,0
DA:201,0
DA:204,76
DA:208,28
DA:215,29
DA:216,29
DA:217,29
DA:221,2
DA:226,2
DA:227,2
DA:232,2
DA:233,2
DA:240,102
DA:242,102
DA:245,102
DA:253,0
DA:258,0
DA:270,0
DA:271,0
DA:273,0
DA:274,0
DA:275,0
DA:282,0
DA:283,0
DA:284,0
DA:286,0
DA:287,0
DA:289,0
DA:291,0
DA:292,0
DA:294,0
DA:298,0
DA:299,0
DA:302,0
DA:307,26
DA:315,26
DA:318,26
DA:319,26
DA:320,26
DA:321,26
DA:322,26
DA:323,26
DA:326,26
DA:327,26
DA:332,0
DA:334,0
DA:337,0
DA:339,0
DA:340,0
DA:341,0
DA:343,0
DA:344,0
DA:350,33
DA:351,33
DA:353,26
DA:354,26
DA:355,26
DA:359,26
DA:364,26
DA:365,26
DA:367,26
DA:373,26
DA:374,26
DA:387,0
DA:388,0
DA:391,0
DA:392,0
DA:394,0
DA:395,0
DA:396,0
DA:400,0
DA:403,0
DA:404,0
DA:405,0
DA:409,0
DA:410,0
DA:415,0
DA:416,0
DA:419,0
DA:422,0
DA:423,0
DA:424,0
DA:428,0
DA:430,0
DA:432,0
DA:437,0
DA:438,0
DA:441,0
DA:453,33
DA:454,33
DA:462,0
DA:470,0
DA:471,0
DA:474,0
DA:475,0
DA:480,0
DA:481,0
DA:486,0
DA:488,0
DA:490,0
DA:492,0
DA:493,0
DA:502,0
DA:503,0
DA:506,0
DA:507,0
DA:508,0
DA:509,0
DA:514,0
DA:516,0
DA:518,0
DA:520,0
DA:521,0
DA:530,0
DA:531,0
DA:534,0
DA:535,0
DA:540,0
DA:541,0
DA:549,0
DA:550,0
DA:553,0
DA:554,0
DA:560,0
DA:561,0
DA:569,0
DA:570,0
DA:574,0
DA:576,0
DA:581,0
DA:582,0
DA:585,0
DA:587,0
DA:588,0
DA:592,0
DA:599,0
DA:600,0
DA:601,0
DA:603,0
DA:609,0
DA:611,0
DA:619,0
DA:620,0
DA:621,0
DA:624,0
DA:635,0
DA:636,0
DA:637,0
DA:638,0
DA:639,0
DA:644,0
DA:645,0
DA:648,0
DA:649,0
DA:650,0
DA:651,0
DA:668,1
DA:671,1
DA:672,1
DA:673,1
DA:682,1
DA:688,1
DA:691,1
DA:692,1
DA:693,1
DA:694,1
DA:695,1
DA:696,1
DA:697,1
DA:698,1
DA:712,0
DA:713,0
DA:717,0
DA:725,0
DA:736,0
DA:742,0
DA:754,0
DA:763,0
DA:764,0
DA:765,0
DA:768,0
DA:769,0
DA:770,0
DA:771,0
DA:773,0
DA:776,0
DA:777,0
DA:779,0
DA:792,48
DA:793,48
DA:794,48
DA:795,48
DA:799,48
DA:801,0
LF:242
LH:82
BRDA:89,0,0,0
BRDA:89,0,1,0
BRDA:99,1,0,0
BRDA:99,1,1,0
BRDA:118,2,0,0
BRDA:118,2,1,6
BRDA:136,3,0,32
BRDA:136,3,1,31
BRDA:139,4,0,0
BRDA:139,4,1,31
BRDA:144,5,0,0
BRDA:144,5,1,31
BRDA:146,6,0,0
BRDA:146,6,1,31
BRDA:176,7,0,76
BRDA:176,7,1,0
BRDA:179,8,0,0
BRDA:179,8,1,0
BRDA:219,9,0,29
BRDA:219,9,1,2
BRDA:240,10,0,0
BRDA:240,10,1,102
BRDA:249,11,0,0
BRDA:249,11,1,0
BRDA:249,11,2,0
BRDA:270,12,0,0
BRDA:270,12,1,0
BRDA:271,13,0,0
BRDA:271,13,1,0
BRDA:284,14,0,0
BRDA:284,14,1,0
BRDA:309,15,0,26
BRDA:309,15,1,26
BRDA:351,16,0,7
BRDA:351,16,1,26
BRDA:387,17,0,0
BRDA:387,17,1,0
BRDA:431,18,0,0
BRDA:431,18,1,0
BRDA:458,19,0,33
BRDA:458,19,1,24
BRDA:458,19,2,0
BRDA:709,20,0,0
BRDA:716,21,0,0
BRDA:716,21,1,0
BRDA:728,22,0,0
BRDA:728,22,1,0
BRDA:728,22,2,0
BRDA:728,22,3,0
BRDA:728,22,4,0
BRDA:736,23,0,0
BRDA:736,23,1,0
BRDA:736,24,0,0
BRDA:736,24,1,0
BRDA:736,24,2,0
BRDA:783,25,0,0
BRDA:783,25,1,0
BRF:57
BRH:16
end_of_record
TN:
SF:src/lib/stores/errors.ts
FNF:0
FNH:0
DA:24,1
DA:27,1
DA:33,0
DA:34,0
DA:45,0
DA:58,0
DA:72,0
DA:87,0
DA:101,0
DA:114,0
DA:121,0
DA:134,0
DA:137,0
DA:140,0
DA:143,0
DA:146,0
DA:149,0
DA:152,0
DA:160,0
DA:162,0
DA:173,0
DA:174,0
DA:176,0
DA:183,33
DA:190,0
LF:25
LH:3
BRDA:38,0,0,0
BRDA:38,0,1,0
BRDA:38,0,2,0
BRDA:38,0,3,0
BRDA:38,0,4,0
BRDA:38,0,5,0
BRDA:38,0,6,0
BRDA:54,1,0,0
BRDA:54,1,1,0
BRDA:54,1,2,0
BRDA:67,2,0,0
BRDA:67,2,1,0
BRDA:67,2,2,0
BRDA:67,2,3,0
BRDA:81,3,0,0
BRDA:81,3,1,0
BRDA:81,3,2,0
BRDA:81,3,3,0
BRDA:81,3,4,0
BRDA:96,4,0,0
BRDA:96,4,1,0
BRDA:96,4,2,0
BRDA:96,4,3,0
BRDA:110,5,0,0
BRDA:110,5,1,0
BRDA:110,5,2,0
BRF:26
BRH:0
end_of_record
TN:
SF:src/lib/stores/hydration.ts
FNF:0
FNH:0
DA:7,3
DA:13,0
DA:20,0
LF:3
LH:1
BRDA:20,0,0,0
BRDA:20,0,1,0
BRF:2
BRH:0
end_of_record
TN:
SF:src/lib/stores/imageStorage.ts
FN:16,(anonymous_0)
FN:71,(anonymous_1)
FN:86,(anonymous_2)
FN:100,(anonymous_3)
FN:105,(anonymous_4)
FN:120,(anonymous_5)
FN:161,(anonymous_6)
FN:166,(anonymous_7)
FN:180,(anonymous_8)
FN:212,(anonymous_9)
FN:217,(anonymous_10)
FNF:11
FNH:3
FNDA:48,(anonymous_0)
FNDA:0,(anonymous_1)
FNDA:0,(anonymous_2)
FNDA:0,(anonymous_3)
FNDA:0,(anonymous_4)
FNDA:0,(anonymous_5)
FNDA:0,(anonymous_6)
FNDA:0,(anonymous_7)
FNDA:0,(anonymous_8)
FNDA:48,(anonymous_9)
FNDA:48,(anonymous_10)
DA:6,2
DA:7,2
DA:8,2
DA:10,2
DA:16,48
DA:18,47
DA:19,47
DA:22,1
DA:25,0
DA:26,0
DA:30,1
DA:31,1
DA:35,1
DA:39,1
DA:41,1
DA:69,0
DA:71,0
DA:72,0
DA:73,0
DA:75,0
DA:84,0
DA:86,0
DA:88,0
DA:89,0
DA:98,0
DA:100,0
DA:101,0
DA:102,0
DA:103,0
DA:105,0
DA:107,0
DA:108,0
DA:117,0
DA:118,0
DA:120,0
DA:121,0
DA:122,0
DA:124,0
DA:127,0
DA:128,0
DA:132,0
DA:136,0
DA:138,0
DA:140,0
DA:145,0
DA:146,0
DA:148,0
DA:159,0
DA:161,0
DA:162,0
DA:163,0
DA:164,0
DA:166,0
DA:168,0
DA:169,0
DA:178,0
DA:180,0
DA:181,0
DA:182,0
DA:183,0
DA:184,0
DA:186,0
DA:189,0
DA:191,0
DA:192,0
DA:193,0
DA:195,0
DA:200,0
DA:201,0
DA:210,48
DA:212,48
DA:213,48
DA:214,48
DA:215,48
DA:217,48
DA:219,0
DA:220,0
DA:230,0
DA:234,0
DA:235,0
DA:240,0
LF:81
LH:19
BRDA:105,0,0,0
BRDA:105,0,1,0
BRDA:236,1,0,0
BRDA:236,1,1,0
BRDA:237,2,0,0
BRDA:237,2,1,0
BRF:6
BRH:0
end_of_record
TN:
SF:src/lib/stores/settings.ts
FN:201,(anonymous_0)
FN:211,(anonymous_1)
FN:222,(anonymous_2)
FN:229,(anonymous_3)
FN:239,(anonymous_4)
FN:250,(anonymous_5)
FN:260,(anonymous_6)
FN:271,(anonymous_7)
FN:281,(anonymous_8)
FNF:9
FNH:8
FNDA:1,(anonymous_0)
FNDA:1,(anonymous_1)
FNDA:0,(anonymous_2)
FNDA:1,(anonymous_3)
FNDA:1,(anonymous_4)
FNDA:1,(anonymous_5)
FNDA:1,(anonymous_6)
FNDA:1,(anonymous_7)
FNDA:1,(anonymous_8)
DA:11,2
DA:20,0
DA:24,0
DA:28,0
DA:36,0
DA:41,0
DA:45,2
DA:48,2
DA:51,2
DA:55,2
DA:62,32
DA:64,0
DA:72,0
DA:74,0
DA:76,0
DA:80,2
DA:92,10
DA:95,0
DA:97,6
DA:99,2
DA:101,1
DA:103,0
DA:109,0
DA:110,0
DA:111,0
DA:112,0
DA:113,0
DA:118,2
DA:124,2
DA:127,2
DA:130,2
DA:133,2
DA:136,2
DA:142,0
DA:143,0
DA:145,0
DA:153,0
DA:154,0
DA:156,0
DA:164,0
DA:165,0
DA:167,0
DA:175,0
DA:176,0
DA:179,0
DA:185,0
DA:186,0
DA:187,0
DA:191,0
DA:193,0
DA:194,0
DA:201,2
DA:202,1
DA:206,0
DA:207,0
DA:211,1
DA:213,0
DA:214,0
DA:218,1
DA:222,2
DA:224,0
DA:225,0
DA:229,2
DA:230,1
DA:234,0
DA:235,0
DA:239,1
DA:241,0
DA:242,0
DA:246,1
DA:250,2
DA:251,1
DA:255,0
DA:256,0
DA:260,1
DA:262,0
DA:263,0
DA:267,1
DA:271,2
DA:272,1
DA:276,0
DA:277,0
DA:281,1
DA:283,0
DA:284,0
DA:288,1
DA:293,9
DA:295,9
DA:301,0
DA:305,8
DA:307,8
DA:312,6
DA:314,6
DA:319,10
DA:320,10
DA:321,10
DA:323,10
DA:327,10
DA:328,10
DA:333,0
LF:100
LH:46
BRDA:24,0,0,0
BRDA:24,0,1,0
BRDA:92,1,0,1
BRDA:92,1,1,9
BRDA:109,2,0,0
BRDA:109,2,1,0
BRDA:112,3,0,0
BRDA:112,3,1,0
BRDA:142,4,0,0
BRDA:142,4,1,0
BRDA:153,5,0,0
BRDA:153,5,1,0
BRDA:155,6,0,0
BRDA:155,6,1,0
BRDA:164,7,0,0
BRDA:164,7,1,0
BRDA:175,8,0,0
BRDA:175,8,1,0
BRDA:181,9,0,0
BRDA:181,9,1,0
BRDA:181,9,2,0
BRDA:192,10,0,0
BRDA:192,10,1,0
BRDA:202,11,0,0
BRDA:202,11,1,1
BRDA:230,12,0,0
BRDA:230,12,1,1
BRDA:251,13,0,0
BRDA:251,13,1,1
BRDA:272,14,0,0
BRDA:272,14,1,1
BRF:31
BRH:6
end_of_record
TN:
SF:src/lib/stores/usage.ts
FN:106,(anonymous_0)
FN:138,(anonymous_1)
FN:177,(anonymous_2)
FN:266,(anonymous_3)
FN:289,(anonymous_4)
FN:355,(anonymous_5)
FNF:6
FNH:4
FNDA:80,(anonymous_0)
FNDA:90,(anonymous_1)
FNDA:0,(anonymous_2)
FNDA:41,(anonymous_3)
FNDA:0,(anonymous_4)
FNDA:27,(anonymous_5)
DA:5,2
DA:8,2
DA:60,2
DA:63,2
DA:69,2335
DA:70,2335
DA:77,0
DA:79,0
DA:81,0
DA:82,0
DA:84,0
DA:87,0
DA:97,2
DA:100,80
DA:103,0
DA:104,0
DA:106,80
DA:108,0
DA:109,0
DA:110,0
DA:117,2
DA:118,2
DA:124,210
DA:125,210
DA:129,210
DA:136,122
DA:137,122
DA:138,122
DA:141,90
DA:142,90
DA:161,32
DA:177,122
DA:178,122
DA:188,67
DA:196,67
DA:198,67
DA:200,67
DA:201,67
DA:211,44
DA:219,44
DA:220,44
DA:222,44
DA:223,44
DA:230,11
DA:239,11
DA:240,11
DA:242,11
DA:243,11
DA:252,66
DA:264,43
DA:265,43
DA:266,43
DA:269,41
DA:270,41
DA:276,2
DA:289,43
DA:290,43
DA:291,43
DA:298,75
DA:300,75
DA:313,32
DA:314,32
DA:315,32
DA:316,32
DA:317,32
DA:318,32
DA:321,8
DA:327,11
DA:332,75
DA:339,45
DA:340,45
DA:341,45
DA:348,70
DA:349,70
DA:350,70
DA:351,70
DA:354,70
DA:355,70
DA:357,70
DA:358,2100
DA:359,2100
DA:360,2100
DA:363,2100
DA:364,2100
DA:379,70
LF:85
LH:74
BRDA:68,0,0,2335
BRDA:77,1,0,0
BRDA:77,1,1,0
BRDA:100,2,0,0
BRDA:100,2,1,80
BRDA:100,3,0,80
BRDA:100,3,1,80
BRDA:107,4,0,80
BRDA:107,4,1,0
BRDA:124,5,0,0
BRDA:124,5,1,210
BRDA:145,6,0,39
BRDA:145,6,1,51
BRDA:147,7,0,43
BRDA:147,7,1,47
BRDA:149,8,0,8
BRDA:149,8,1,82
BRDA:152,9,0,8
BRDA:152,9,1,82
BRDA:152,10,0,90
BRDA:152,10,1,8
BRDA:156,11,0,8
BRDA:156,11,1,6
BRDA:163,12,0,28
BRDA:163,12,1,4
BRDA:164,13,0,1
BRDA:164,13,1,31
BRDA:165,14,0,3
BRDA:165,14,1,29
BRDA:170,15,0,3
BRDA:170,15,1,29
BRDA:170,16,0,32
BRDA:170,16,1,3
BRDA:272,17,0,41
BRDA:272,17,1,8
BRDA:273,18,0,41
BRDA:273,18,1,8
BRDA:317,19,0,32
BRDA:317,19,1,21
BRDA:318,20,0,32
BRDA:318,20,1,21
BRDA:322,21,0,8
BRDA:322,21,1,8
BRDA:347,22,0,70
BRDA:365,23,0,2100
BRDA:365,23,1,2073
BRF:46
BRH:41
end_of_record
TN:
SF:src/lib/utils/markdown.tsx
FN:31,(anonymous_0)
FN:33,(anonymous_1)
FN:55,(anonymous_2)
FN:58,(anonymous_3)
FN:61,(anonymous_4)
FN:62,(anonymous_5)
FN:63,(anonymous_6)
FN:64,(anonymous_7)
FN:65,(anonymous_8)
FN:66,(anonymous_9)
FN:67,(anonymous_10)
FN:70,(anonymous_11)
FN:71,(anonymous_12)
FN:72,(anonymous_13)
FN:73,(anonymous_14)
FN:74,(anonymous_15)
FN:75,(anonymous_16)
FN:76,(anonymous_17)
FN:77,(anonymous_18)
FN:118,(anonymous_19)
FN:138,(anonymous_20)
FN:155,(anonymous_21)
FN:159,(anonymous_22)
FN:161,(anonymous_23)
FN:165,(anonymous_24)
FN:169,(anonymous_25)
FN:428,(anonymous_26)
FNF:27
FNH:1
FNDA:0,(anonymous_0)
FNDA:0,(anonymous_1)
FNDA:0,(anonymous_2)
FNDA:0,(anonymous_3)
FNDA:0,(anonymous_4)
FNDA:0,(anonymous_5)
FNDA:0,(anonymous_6)
FNDA:0,(anonymous_7)
FNDA:0,(anonymous_8)
FNDA:0,(anonymous_9)
FNDA:0,(anonymous_10)
FNDA:0,(anonymous_11)
FNDA:0,(anonymous_12)
FNDA:0,(anonymous_13)
FNDA:0,(anonymous_14)
FNDA:0,(anonymous_15)
FNDA:0,(anonymous_16)
FNDA:0,(anonymous_17)
FNDA:0,(anonymous_18)
FNDA:0,(anonymous_19)
FNDA:0,(anonymous_20)
FNDA:0,(anonymous_21)
FNDA:0,(anonymous_22)
FNDA:0,(anonymous_23)
FNDA:0,(anonymous_24)
FNDA:0,(anonymous_25)
FNDA:600,(anonymous_26)
DA:5,1
DA:19,1
DA:30,0
DA:31,0
DA:33,0
DA:54,0
DA:55,0
DA:58,0
DA:61,0
DA:62,0
DA:63,0
DA:64,0
DA:65,0
DA:66,0
DA:67,0
DA:70,0
DA:71,0
DA:72,0
DA:73,0
DA:74,0
DA:75,0
DA:76,0
DA:77,0
DA:80,0
DA:81,0
DA:82,0
DA:83,0
DA:84,0
DA:85,0
DA:86,0
DA:87,0
DA:88,0
DA:89,0
DA:90,0
DA:91,0
DA:92,0
DA:93,0
DA:94,0
DA:95,0
DA:96,0
DA:97,0
DA:98,0
DA:99,0
DA:100,0
DA:101,0
DA:102,0
DA:103,0
DA:104,0
DA:105,0
DA:106,0
DA:107,0
DA:109,0
DA:110,0
DA:111,0
DA:112,0
DA:114,0
DA:118,1
DA:119,0
DA:130,0
DA:131,0
DA:135,0
DA:138,0
DA:141,0
DA:144,0
DA:146,0
DA:149,0
DA:150,0
DA:155,0
DA:159,0
DA:161,0
DA:165,0
DA:166,0
DA:167,0
DA:168,0
DA:169,0
DA:175,0
DA:177,0
DA:238,600
DA:243,0
DA:244,0
DA:247,0
DA:257,0
DA:266,0
DA:269,600
DA:272,0
DA:279,0
DA:286,0
DA:289,0
DA:294,0
DA:299,0
DA:306,0
DA:313,0
DA:325,0
DA:329,0
DA:338,0
DA:341,0
DA:348,0
DA:356,0
DA:362,0
DA:368,0
DA:378,0
DA:384,0
DA:390,0
DA:400,0
DA:408,0
DA:428,600
LF:106
LH:6
BRDA:141,0,0,0
BRDA:141,0,1,0
BRDA:141,0,2,0
BRDA:182,1,0,0
BRDA:182,1,1,0
BRDA:200,2,0,0
BRDA:200,2,1,0
BRDA:200,2,2,0
BRDA:200,2,3,0
BRDA:200,2,4,0
BRDA:206,3,0,0
BRDA:206,3,1,0
BRDA:207,4,0,0
BRDA:207,4,1,0
BRDA:243,5,0,0
BRDA:243,5,1,0
BRDA:362,6,0,0
BRDA:362,6,1,0
BRDA:364,7,0,0
BRDA:364,7,1,0
BRDA:384,8,0,0
BRDA:384,8,1,0
BRDA:386,9,0,0
BRDA:386,9,1,0
BRF:24
BRH:0
end_of_record
TN:
SF:src/routes/__root.tsx
FNF:0
FNH:0
DA:7,0
DA:12,0
LF:2
LH:0
BRF:0
BRH:0
end_of_record
TN:
SF:src/routes/index.tsx
FN:14,(anonymous_0)
FNF:1
FNH:0
FNDA:0,(anonymous_0)
DA:13,0
DA:14,0
DA:25,0
LF:3
LH:0
BRDA:15,0,0,0
BRDA:15,0,1,0
BRDA:16,1,0,0
BRDA:16,1,1,0
BRDA:17,2,0,0
BRDA:17,2,1,0
BRDA:18,3,0,0
BRDA:18,3,1,0
BRDA:19,4,0,0
BRDA:19,4,1,0
BRF:10
BRH:0
end_of_record
TN:
SF:src/routes/settings.tsx
FNF:0
FNH:0
DA:4,0
LF:1
LH:0
BRF:0
BRH:0
end_of_record
TN:
SF:src/routes/usage.tsx
FNF:0
FNH:0
DA:4,0
LF:1
LH:0
BRF:0
BRH:0
end_of_record
