TN:
SF:src/App.tsx
FN:9,(anonymous_0)
FN:10,(anonymous_1)
FN:16,(anonymous_2)
FN:17,(anonymous_3)
FN:65,(anonymous_4)
FNF:5
FNH:0
FNDA:0,(anonymous_0)
FNDA:0,(anonymous_1)
FNDA:0,(anonymous_2)
FNDA:0,(anonymous_3)
FNDA:0,(anonymous_4)
DA:9,0
DA:10,0
DA:11,0
DA:16,0
DA:17,0
DA:18,0
DA:28,0
DA:32,0
DA:38,0
DA:45,0
DA:60,0
DA:65,0
DA:66,0
DA:69,0
LF:14
LH:0
BRF:0
BRH:0
end_of_record
TN:
SF:src/components/chat/container/ChatContainer.tsx
FN:148,(anonymous_0)
FN:219,(anonymous_1)
FN:341,(anonymous_2)
FN:350,(anonymous_3)
FN:371,(anonymous_4)
FN:377,(anonymous_5)
FN:398,(anonymous_6)
FN:405,(anonymous_7)
FN:409,(anonymous_8)
FNF:9
FNH:0
FNDA:0,(anonymous_0)
FNDA:0,(anonymous_1)
FNDA:0,(anonymous_2)
FNDA:0,(anonymous_3)
FNDA:0,(anonymous_4)
FNDA:0,(anonymous_5)
FNDA:0,(anonymous_6)
FNDA:0,(anonymous_7)
FNDA:0,(anonymous_8)
DA:50,0
DA:56,0
DA:60,0
DA:75,0
DA:76,0
DA:77,0
DA:80,0
DA:84,0
DA:85,0
DA:87,0
DA:91,0
DA:93,0
DA:104,0
DA:106,0
DA:113,0
DA:125,0
DA:127,0
DA:131,0
DA:132,0
DA:133,0
DA:134,0
DA:137,0
DA:138,0
DA:140,0
DA:147,0
DA:156,0
DA:159,0
DA:160,0
DA:163,0
DA:166,0
DA:167,0
DA:170,0
DA:172,0
DA:173,0
DA:177,0
DA:181,0
DA:183,0
DA:187,0
DA:188,0
DA:189,0
DA:192,0
DA:195,0
DA:204,0
DA:209,0
DA:210,0
DA:214,0
DA:216,0
DA:217,0
DA:221,0
DA:226,0
DA:230,0
DA:232,0
DA:236,0
DA:243,0
DA:247,0
DA:250,0
DA:255,0
DA:260,0
DA:268,0
DA:275,0
DA:276,0
DA:277,0
DA:279,0
DA:289,0
DA:300,0
DA:301,0
DA:303,0
DA:307,0
DA:312,0
DA:318,0
DA:322,0
DA:324,0
DA:329,0
DA:330,0
DA:331,0
DA:335,0
DA:341,0
DA:342,0
DA:348,0
DA:349,0
DA:350,0
DA:351,0
DA:359,0
DA:360,0
DA:361,0
DA:362,0
DA:363,0
DA:370,0
DA:372,0
DA:377,0
DA:379,0
DA:381,0
DA:382,0
DA:385,0
DA:387,0
DA:388,0
DA:392,0
DA:393,0
DA:398,0
DA:400,0
DA:405,0
DA:406,0
DA:409,0
DA:410,0
DA:413,0
DA:421,0
DA:424,0
LF:107
LH:0
BRDA:75,0,0,0
BRDA:75,0,1,0
BRDA:77,1,0,0
BRDA:77,1,1,0
BRDA:79,2,0,0
BRDA:79,2,1,0
BRDA:83,3,0,0
BRDA:83,3,1,0
BRDA:86,4,0,0
BRDA:86,4,1,0
BRDA:150,5,0,0
BRDA:156,6,0,0
BRDA:159,7,0,0
BRDA:159,7,1,0
BRDA:221,8,0,0
BRDA:221,8,1,0
BRDA:221,8,2,0
BRDA:240,9,0,0
BRDA:240,9,1,0
BRDA:271,10,0,0
BRDA:271,10,1,0
BRDA:340,11,0,0
BRDA:340,11,1,0
BRDA:387,12,0,0
BRDA:387,12,1,0
BRDA:420,13,0,0
BRDA:420,13,1,0
BRF:27
BRH:0
end_of_record
TN:
SF:src/components/chat/container/ChatContainer.ui.tsx
FNF:0
FNH:0
DA:23,0
LF:1
LH:0
BRDA:20,0,0,0
BRDA:26,1,0,0
BRDA:26,1,1,0
BRDA:33,2,0,0
BRDA:33,2,1,0
BRDA:43,3,0,0
BRDA:43,3,1,0
BRDA:43,3,2,0
BRDA:54,4,0,0
BRDA:54,4,1,0
BRDA:66,5,0,0
BRDA:66,5,1,0
BRF:12
BRH:0
end_of_record
TN:
SF:src/components/chat/errors/CompatibilityError.tsx
FN:10,(anonymous_0)
FNF:1
FNH:0
FNDA:0,(anonymous_0)
DA:7,0
DA:8,0
DA:10,0
DA:11,0
DA:13,0
DA:16,0
DA:19,0
DA:24,0
DA:27,0
LF:9
LH:0
BRDA:31,0,0,0
BRDA:31,0,1,0
BRDA:37,1,0,0
BRDA:37,1,1,0
BRF:4
BRH:0
end_of_record
TN:
SF:src/components/chat/errors/CompatibilityError.ui.tsx
FN:27,(anonymous_0)
FNF:1
FNH:0
FNDA:0,(anonymous_0)
DA:24,0
DA:25,0
DA:27,0
DA:30,0
DA:33,0
DA:39,0
DA:44,0
DA:53,0
DA:67,0
DA:75,0
DA:77,0
DA:82,0
DA:86,0
DA:88,0
DA:90,0
DA:118,0
DA:120,0
DA:122,0
DA:124,0
DA:131,0
DA:133,0
DA:135,0
DA:137,0
DA:139,0
DA:143,0
DA:144,0
DA:146,0
LF:27
LH:0
BRDA:33,0,0,0
BRDA:33,0,1,0
BRDA:33,0,2,0
BRDA:88,1,0,0
BRDA:88,1,1,0
BRDA:94,2,0,0
BRDA:94,2,1,0
BRDA:94,3,0,0
BRDA:94,3,1,0
BRDA:110,4,0,0
BRDA:111,5,0,0
BRDA:143,6,0,0
BRDA:143,6,1,0
BRDA:144,7,0,0
BRDA:144,7,1,0
BRDA:164,8,0,0
BRDA:164,8,1,0
BRDA:171,9,0,0
BRDA:171,9,1,0
BRDA:171,9,2,0
BRDA:171,9,3,0
BRDA:180,10,0,0
BRDA:180,10,1,0
BRDA:180,10,2,0
BRDA:192,11,0,0
BRDA:192,11,1,0
BRDA:202,12,0,0
BRDA:202,12,1,0
BRDA:202,13,0,0
BRDA:202,13,1,0
BRDA:207,14,0,0
BRDA:207,14,1,0
BRDA:212,15,0,0
BRDA:212,15,1,0
BRDA:218,16,0,0
BRDA:218,16,1,0
BRF:36
BRH:0
end_of_record
TN:
SF:src/components/chat/errors/ErrorBanner.tsx
FN:9,(anonymous_0)
FN:16,(anonymous_1)
FNF:2
FNH:0
FNDA:0,(anonymous_0)
FNDA:0,(anonymous_1)
DA:7,0
DA:9,0
DA:11,0
DA:12,0
DA:16,0
DA:17,0
DA:21,0
DA:24,0
LF:8
LH:0
BRDA:30,0,0,0
BRDA:30,0,1,0
BRF:2
BRH:0
end_of_record
TN:
SF:src/components/chat/errors/ErrorBanner.ui.tsx
FNF:0
FNH:0
DA:25,0
DA:35,0
DA:45,0
DA:63,0
DA:65,0
DA:104,0
LF:6
LH:0
BRDA:86,0,0,0
BRDA:86,0,1,0
BRDA:86,0,2,0
BRDA:98,1,0,0
BRDA:98,1,1,0
BRF:5
BRH:0
end_of_record
TN:
SF:src/components/chat/input/ChatInput.tsx
FN:29,(anonymous_0)
FN:33,(anonymous_1)
FN:45,(anonymous_2)
FN:47,(anonymous_3)
FN:68,(anonymous_4)
FNF:5
FNH:0
FNDA:0,(anonymous_0)
FNDA:0,(anonymous_1)
FNDA:0,(anonymous_2)
FNDA:0,(anonymous_3)
FNDA:0,(anonymous_4)
DA:16,0
DA:25,0
DA:26,0
DA:27,0
DA:29,0
DA:30,0
DA:33,0
DA:34,0
DA:35,0
DA:39,0
DA:40,0
DA:41,0
DA:45,0
DA:47,0
DA:50,0
DA:51,0
DA:55,0
DA:56,0
DA:58,0
DA:61,0
DA:64,0
DA:68,0
DA:69,0
DA:72,0
LF:24
LH:0
BRDA:24,0,0,0
BRDA:35,1,0,0
BRDA:35,1,1,0
BRDA:38,2,0,0
BRDA:38,2,1,0
BRDA:39,3,0,0
BRDA:39,3,1,0
BRF:7
BRH:0
end_of_record
TN:
SF:src/components/chat/input/ChatInput.ui.tsx
FN:68,(anonymous_0)
FN:80,(anonymous_1)
FN:124,(anonymous_2)
FNF:3
FNH:0
FNDA:0,(anonymous_0)
FNDA:0,(anonymous_1)
FNDA:0,(anonymous_2)
DA:33,0
DA:37,0
DA:43,0
DA:50,0
DA:52,0
DA:57,0
DA:60,0
DA:62,0
DA:69,0
DA:80,0
DA:124,0
LF:11
LH:0
BRDA:28,0,0,0
BRDA:29,1,0,0
BRDA:30,2,0,0
BRDA:31,3,0,0
BRDA:36,4,0,0
BRDA:36,4,1,0
BRDA:39,5,0,0
BRDA:39,5,1,0
BRDA:39,5,2,0
BRDA:39,5,3,0
BRDA:49,6,0,0
BRDA:49,6,1,0
BRDA:60,7,0,0
BRDA:60,7,1,0
BRDA:66,8,0,0
BRDA:66,8,1,0
BRDA:75,9,0,0
BRDA:75,9,1,0
BRDA:113,10,0,0
BRDA:113,10,1,0
BRDA:127,11,0,0
BRDA:127,11,1,0
BRDA:158,12,0,0
BRDA:158,12,1,0
BRF:24
BRH:0
end_of_record
TN:
SF:src/components/chat/messages/MessageItem.tsx
FN:27,(anonymous_0)
FN:35,(anonymous_1)
FN:47,(anonymous_2)
FN:50,(anonymous_3)
FN:77,(anonymous_4)
FN:81,(anonymous_5)
FN:87,(anonymous_6)
FNF:7
FNH:0
FNDA:0,(anonymous_0)
FNDA:0,(anonymous_1)
FNDA:0,(anonymous_2)
FNDA:0,(anonymous_3)
FNDA:0,(anonymous_4)
FNDA:0,(anonymous_5)
FNDA:0,(anonymous_6)
DA:21,0
DA:22,0
DA:23,0
DA:24,0
DA:27,0
DA:30,0
DA:31,0
DA:35,0
DA:36,0
DA:41,0
DA:42,0
DA:47,0
DA:50,0
DA:52,0
DA:54,0
DA:60,0
DA:63,0
DA:65,0
DA:66,0
DA:70,0
DA:74,0
DA:77,0
DA:78,0
DA:79,0
DA:80,0
DA:81,0
DA:87,0
DA:90,0
DA:92,0
DA:96,0
LF:30
LH:0
BRDA:17,0,0,0
BRDA:29,1,0,0
BRDA:29,1,1,0
BRDA:36,2,0,0
BRDA:36,2,1,0
BRDA:51,3,0,0
BRDA:51,3,1,0
BRDA:74,4,0,0
BRDA:74,4,1,0
BRDA:88,5,0,0
BRDA:88,5,1,0
BRDA:104,6,0,0
BRDA:104,6,1,0
BRF:13
BRH:0
end_of_record
TN:
SF:src/components/chat/messages/MessageItem.ui.tsx
FN:46,(anonymous_0)
FN:63,(anonymous_1)
FN:109,(anonymous_2)
FN:139,(anonymous_3)
FNF:4
FNH:0
FNDA:0,(anonymous_0)
FNDA:0,(anonymous_1)
FNDA:0,(anonymous_2)
FNDA:0,(anonymous_3)
DA:34,0
DA:35,0
DA:36,0
DA:40,0
DA:46,0
DA:53,0
DA:54,0
DA:63,0
DA:110,0
DA:140,0
LF:10
LH:0
BRDA:28,0,0,0
BRDA:29,1,0,0
BRDA:35,2,0,0
BRDA:35,2,1,0
BRDA:43,3,0,0
BRDA:43,3,1,0
BRDA:61,4,0,0
BRDA:61,4,1,0
BRDA:70,5,0,0
BRDA:70,5,1,0
BRDA:77,6,0,0
BRDA:77,6,1,0
BRDA:93,7,0,0
BRDA:93,7,1,0
BRDA:98,8,0,0
BRDA:98,8,1,0
BRDA:102,9,0,0
BRDA:102,9,1,0
BRDA:106,10,0,0
BRDA:106,10,1,0
BRDA:114,11,0,0
BRDA:114,11,1,0
BRDA:122,12,0,0
BRDA:122,12,1,0
BRDA:127,13,0,0
BRDA:127,13,1,0
BRDA:137,14,0,0
BRDA:137,14,1,0
BRDA:153,15,0,0
BRDA:153,15,1,0
BRDA:161,16,0,0
BRDA:161,16,1,0
BRDA:164,17,0,0
BRDA:164,17,1,0
BRDA:171,18,0,0
BRDA:171,18,1,0
BRDA:181,19,0,0
BRDA:181,19,1,0
BRDA:198,20,0,0
BRDA:198,20,1,0
BRDA:205,21,0,0
BRDA:205,21,1,0
BRF:42
BRH:0
end_of_record
TN:
SF:src/components/chat/messages/MessageList.tsx
FN:19,(anonymous_0)
FN:38,(anonymous_1)
FN:47,(anonymous_2)
FNF:3
FNH:0
FNDA:0,(anonymous_0)
FNDA:0,(anonymous_1)
FNDA:0,(anonymous_2)
DA:13,0
DA:14,0
DA:15,0
DA:16,0
DA:19,0
DA:21,0
DA:28,0
DA:37,0
DA:38,0
DA:41,0
DA:48,0
LF:11
LH:0
BRDA:28,0,0,0
BRDA:28,0,1,0
BRDA:28,1,0,0
BRDA:28,1,1,0
BRDA:37,2,0,0
BRDA:37,2,1,0
BRDA:43,3,0,0
BRDA:43,3,1,0
BRDA:44,4,0,0
BRDA:44,4,1,0
BRF:10
BRH:0
end_of_record
TN:
SF:src/components/chat/messages/MessageList.ui.tsx
FN:15,(anonymous_0)
FN:38,(anonymous_1)
FNF:2
FNH:0
FNDA:0,(anonymous_0)
FNDA:0,(anonymous_1)
DA:15,0
DA:16,0
DA:38,0
DA:45,0
DA:62,0
LF:5
LH:0
BRDA:40,0,0,0
BRDA:59,1,0,0
BRDA:65,2,0,0
BRDA:65,2,1,0
BRDA:87,3,0,0
BRDA:87,3,1,0
BRF:6
BRH:0
end_of_record
TN:
SF:src/components/chat/settings/SettingsPanel.tsx
FN:6,(anonymous_0)
FN:10,(anonymous_1)
FNF:2
FNH:0
FNDA:0,(anonymous_0)
FNDA:0,(anonymous_1)
DA:6,0
DA:7,0
DA:10,0
DA:11,0
DA:14,0
LF:5
LH:0
BRF:0
BRH:0
end_of_record
TN:
SF:src/components/chat/settings/SettingsPanel.ui.tsx
FNF:0
FNH:0
DA:13,0
LF:1
LH:0
BRF:0
BRH:0
end_of_record
TN:
SF:src/components/chat/sidebar/ChatHeader.tsx
FN:27,(anonymous_0)
FNF:1
FNH:0
FNDA:0,(anonymous_0)
DA:24,0
DA:25,0
DA:27,0
DA:28,0
DA:31,0
LF:5
LH:0
BRDA:22,0,0,0
BRDA:44,1,0,0
BRDA:44,1,1,0
BRDA:52,2,0,0
BRDA:52,2,1,0
BRDA:63,3,0,0
BRDA:63,3,1,0
BRF:7
BRH:0
end_of_record
TN:
SF:src/components/chat/sidebar/ConversationSidebar.tsx
FN:29,(anonymous_0)
FN:43,(anonymous_1)
FN:44,(anonymous_2)
FN:45,(anonymous_3)
FN:49,(anonymous_4)
FN:50,(anonymous_5)
FN:62,(anonymous_6)
FN:68,(anonymous_7)
FN:74,(anonymous_8)
FN:84,(anonymous_9)
FN:85,(anonymous_10)
FN:101,(anonymous_11)
FN:102,(anonymous_12)
FN:111,(anonymous_13)
FN:115,(anonymous_14)
FN:119,(anonymous_15)
FNF:16
FNH:0
FNDA:0,(anonymous_0)
FNDA:0,(anonymous_1)
FNDA:0,(anonymous_2)
FNDA:0,(anonymous_3)
FNDA:0,(anonymous_4)
FNDA:0,(anonymous_5)
FNDA:0,(anonymous_6)
FNDA:0,(anonymous_7)
FNDA:0,(anonymous_8)
FNDA:0,(anonymous_9)
FNDA:0,(anonymous_10)
FNDA:0,(anonymous_11)
FNDA:0,(anonymous_12)
FNDA:0,(anonymous_13)
FNDA:0,(anonymous_14)
FNDA:0,(anonymous_15)
DA:26,0
DA:29,0
DA:30,0
DA:37,0
DA:38,0
DA:39,0
DA:40,0
DA:43,0
DA:44,0
DA:45,0
DA:49,0
DA:50,0
DA:62,0
DA:64,0
DA:68,0
DA:69,0
DA:70,0
DA:71,0
DA:74,0
DA:77,0
DA:79,0
DA:84,0
DA:85,0
DA:86,0
DA:91,0
DA:96,0
DA:101,0
DA:102,0
DA:103,0
DA:105,0
DA:107,0
DA:111,0
DA:112,0
DA:115,0
DA:116,0
DA:119,0
DA:120,0
DA:123,0
LF:38
LH:0
BRDA:30,0,0,0
BRDA:30,0,1,0
BRDA:86,1,0,0
BRDA:86,1,1,0
BRDA:103,2,0,0
BRDA:103,2,1,0
BRDA:106,3,0,0
BRDA:106,3,1,0
BRF:8
BRH:0
end_of_record
TN:
SF:src/components/chat/sidebar/ConversationSidebar.ui.tsx
FN:97,(anonymous_0)
FN:98,(anonymous_1)
FN:99,(anonymous_2)
FN:114,(anonymous_3)
FN:167,(anonymous_4)
FN:351,(anonymous_5)
FNF:6
FNH:0
FNDA:0,(anonymous_0)
FNDA:0,(anonymous_1)
FNDA:0,(anonymous_2)
FNDA:0,(anonymous_3)
FNDA:0,(anonymous_4)
FNDA:0,(anonymous_5)
DA:75,0
DA:78,0
DA:79,0
DA:80,0
DA:84,0
DA:85,0
DA:86,0
DA:87,0
DA:92,0
DA:93,0
DA:97,0
DA:98,0
DA:99,0
DA:102,0
DA:103,0
DA:105,0
DA:114,0
DA:155,0
DA:167,0
DA:178,0
DA:179,0
DA:180,0
DA:193,0
DA:194,0
DA:196,0
DA:198,0
DA:221,0
DA:222,0
DA:223,0
DA:237,0
DA:238,0
DA:239,0
DA:261,0
DA:265,0
DA:268,0
DA:304,0
DA:308,0
LF:37
LH:0
BRDA:84,0,0,0
BRDA:84,0,1,0
BRDA:85,1,0,0
BRDA:85,1,1,0
BRDA:86,2,0,0
BRDA:86,2,1,0
BRDA:92,3,0,0
BRDA:92,3,1,0
BRDA:111,4,0,0
BRDA:111,4,1,0
BRDA:112,5,0,0
BRDA:112,5,1,0
BRDA:119,6,0,0
BRDA:119,6,1,0
BRDA:121,7,0,0
BRDA:121,7,1,0
BRDA:127,8,0,0
BRDA:127,8,1,0
BRDA:138,9,0,0
BRDA:138,9,1,0
BRDA:155,10,0,0
BRDA:155,10,1,0
BRDA:165,11,0,0
BRDA:165,11,1,0
BRDA:174,12,0,0
BRDA:174,12,1,0
BRDA:189,13,0,0
BRDA:189,13,1,0
BRDA:202,14,0,0
BRDA:202,14,1,0
BRDA:217,15,0,0
BRDA:217,15,1,0
BRDA:231,16,0,0
BRDA:231,16,1,0
BRDA:243,17,0,0
BRDA:243,17,1,0
BRDA:260,18,0,0
BRDA:260,18,1,0
BRDA:264,19,0,0
BRDA:264,19,1,0
BRDA:270,20,0,0
BRDA:270,20,1,0
BRDA:275,21,0,0
BRDA:275,21,1,0
BRDA:287,22,0,0
BRDA:287,22,1,0
BRDA:290,23,0,0
BRDA:290,23,1,0
BRDA:290,23,2,0
BRDA:304,24,0,0
BRDA:304,24,1,0
BRDA:304,24,2,0
BRDA:322,25,0,0
BRDA:322,25,1,0
BRF:54
BRH:0
end_of_record
TN:
SF:src/components/providers/ThemeProvider.tsx
FN:45,(anonymous_0)
FN:50,(anonymous_1)
FN:54,(anonymous_2)
FN:57,(anonymous_3)
FNF:4
FNH:0
FNDA:0,(anonymous_0)
FNDA:0,(anonymous_1)
FNDA:0,(anonymous_2)
FNDA:0,(anonymous_3)
DA:12,0
DA:19,0
DA:21,0
DA:22,0
DA:26,0
DA:27,0
DA:29,0
DA:42,0
DA:45,0
DA:46,0
DA:50,0
DA:51,0
DA:53,0
DA:54,0
DA:56,0
DA:57,0
DA:60,0
LF:17
LH:0
BRDA:19,0,0,0
BRDA:19,0,1,0
BRDA:27,1,0,0
BRDA:27,1,1,0
BRDA:51,2,0,0
BRDA:51,2,1,0
BRDA:51,3,0,0
BRDA:51,3,1,0
BRF:8
BRH:0
end_of_record
TN:
SF:src/components/settings/SettingsPage.tsx
FN:39,(anonymous_0)
FN:40,(anonymous_1)
FN:41,(anonymous_2)
FN:42,(anonymous_3)
FN:45,(anonymous_4)
FN:49,(anonymous_5)
FN:53,(anonymous_6)
FN:57,(anonymous_7)
FN:68,(anonymous_8)
FN:72,(anonymous_9)
FN:86,(anonymous_10)
FN:92,(anonymous_11)
FN:99,(anonymous_12)
FNF:13
FNH:2
FNDA:2,(anonymous_0)
FNDA:0,(anonymous_1)
FNDA:0,(anonymous_2)
FNDA:0,(anonymous_3)
FNDA:0,(anonymous_4)
FNDA:0,(anonymous_5)
FNDA:0,(anonymous_6)
FNDA:0,(anonymous_7)
FNDA:0,(anonymous_8)
FNDA:0,(anonymous_9)
FNDA:0,(anonymous_10)
FNDA:0,(anonymous_11)
FNDA:1,(anonymous_12)
DA:1,1
DA:30,2
DA:31,2
DA:32,2
DA:33,2
DA:34,2
DA:35,2
DA:36,2
DA:39,2
DA:40,0
DA:41,0
DA:42,0
DA:45,2
DA:46,0
DA:49,2
DA:50,0
DA:53,2
DA:54,0
DA:57,2
DA:58,0
DA:61,0
DA:63,0
DA:68,2
DA:69,0
DA:72,2
DA:73,0
DA:75,0
DA:77,0
DA:79,0
DA:82,0
DA:86,2
DA:88,0
DA:92,2
DA:94,0
DA:95,0
DA:99,2
DA:100,1
DA:103,2
LF:38
LH:20
BRDA:63,0,0,0
BRDA:63,0,1,0
BRDA:77,1,0,0
BRDA:77,1,1,0
BRDA:93,2,0,0
BRDA:93,2,1,0
BRDA:95,3,0,0
BRDA:95,3,1,0
BRF:8
BRH:0
end_of_record
TN:
SF:src/components/settings/SettingsPage.ui.tsx
FN:97,(anonymous_0)
FN:222,(anonymous_1)
FN:225,(anonymous_2)
FN:263,(anonymous_3)
FN:266,(anonymous_4)
FN:297,(anonymous_5)
FN:326,(anonymous_6)
FN:332,(anonymous_7)
FN:356,(anonymous_8)
FN:392,(anonymous_9)
FN:404,(anonymous_10)
FN:417,(anonymous_11)
FN:502,(anonymous_12)
FNF:13
FNH:5
FNDA:14,(anonymous_0)
FNDA:6,(anonymous_1)
FNDA:0,(anonymous_2)
FNDA:6,(anonymous_3)
FNDA:0,(anonymous_4)
FNDA:0,(anonymous_5)
FNDA:0,(anonymous_6)
FNDA:52,(anonymous_7)
FNDA:0,(anonymous_8)
FNDA:0,(anonymous_9)
FNDA:0,(anonymous_10)
FNDA:8,(anonymous_11)
FNDA:0,(anonymous_12)
DA:1,1
DA:59,1
DA:67,1
DA:97,1
DA:110,14
DA:169,2
DA:172,0
DA:174,0
DA:175,0
DA:179,2
DA:181,2
DA:223,6
DA:225,0
DA:264,6
DA:266,0
DA:297,0
DA:326,0
DA:333,52
DA:357,0
DA:393,0
DA:407,0
DA:418,8
DA:502,0
LF:23
LH:12
BRDA:102,0,0,14
BRDA:113,1,0,2
BRDA:113,1,1,12
BRDA:122,2,0,2
BRDA:122,2,1,12
BRDA:133,3,0,14
BRDA:133,3,1,2
BRDA:138,4,0,14
BRDA:138,4,1,14
BRDA:228,5,0,2
BRDA:228,5,1,4
BRDA:269,6,0,2
BRDA:269,6,1,4
BRDA:277,7,0,2
BRDA:277,7,1,4
BRDA:300,8,0,2
BRDA:300,8,1,0
BRDA:309,9,0,2
BRDA:309,9,1,0
BRDA:316,10,0,2
BRDA:316,10,1,2
BRDA:325,11,0,2
BRDA:325,11,1,0
BRDA:359,12,0,0
BRDA:359,12,1,0
BRDA:367,13,0,2
BRDA:367,13,1,0
BRDA:375,14,0,2
BRDA:375,14,1,0
BRDA:384,15,0,2
BRDA:384,15,1,2
BRDA:431,16,0,2
BRDA:431,16,1,2
BRDA:434,17,0,0
BRDA:434,17,1,2
BRDA:506,18,0,0
BRDA:506,18,1,2
BRDA:529,19,0,2
BRDA:529,19,1,0
BRDA:534,20,0,0
BRDA:534,20,1,0
BRDA:561,21,0,2
BRDA:561,21,1,0
BRF:43
BRH:30
end_of_record
TN:
SF:src/components/ui/button.tsx
FN:1,(anonymous_0)
FNF:1
FNH:1
FNDA:2,(anonymous_0)
DA:1,2
DA:7,2
DA:49,25
DA:51,25
LF:4
LH:4
BRDA:1,0,0,6
BRDA:1,0,1,0
BRDA:1,1,0,2
BRDA:1,1,1,2
BRDA:1,1,2,0
BRDA:43,2,0,25
BRDA:49,3,0,0
BRDA:49,3,1,25
BRF:8
BRH:5
end_of_record
TN:
SF:src/components/ui/card.tsx
FNF:0
FNH:0
DA:6,0
DA:19,0
DA:32,0
DA:42,0
DA:52,0
DA:65,0
DA:75,0
LF:7
LH:0
BRF:0
BRH:0
end_of_record
TN:
SF:src/components/ui/dropdown-menu.tsx
FNF:0
FNH:0
DA:10,0
DA:16,0
DA:24,0
DA:37,0
DA:55,0
DA:69,0
DA:89,0
DA:112,0
DA:125,0
DA:151,0
DA:168,0
DA:181,0
DA:196,0
DA:207,0
DA:227,0
LF:15
LH:0
BRDA:34,0,0,0
BRDA:63,1,0,0
BRF:2
BRH:0
end_of_record
TN:
SF:src/components/ui/input.tsx
FNF:0
FNH:0
DA:6,0
LF:1
LH:0
BRF:0
BRH:0
end_of_record
TN:
SF:src/components/ui/number-stepper.tsx
FN:32,(anonymous_0)
FN:36,(anonymous_1)
FNF:2
FNH:1
FNDA:2,(anonymous_0)
FNDA:0,(anonymous_1)
DA:1,1
DA:29,2
DA:32,2
DA:33,2
DA:36,2
DA:37,0
DA:42,0
DA:43,0
DA:47,0
DA:48,0
DA:52,0
DA:55,0
DA:60,0
DA:62,0
DA:64,0
DA:65,0
DA:66,0
DA:72,0
DA:74,0
DA:75,0
DA:77,0
DA:78,0
DA:82,2
LF:23
LH:6
BRDA:21,0,0,2
BRDA:22,1,0,2
BRDA:23,2,0,2
BRDA:24,3,0,2
BRDA:26,4,0,2
BRDA:54,5,0,0
BRDA:54,5,1,0
BRDA:93,6,0,2
BRDA:93,6,1,2
BRDA:104,7,0,2
BRDA:104,7,1,0
BRDA:113,8,0,2
BRDA:113,8,1,2
BRDA:129,9,0,2
BRDA:129,9,1,2
BRF:15
BRH:12
end_of_record
TN:
SF:src/components/ui/scroll-area.tsx
FN:1,(anonymous_0)
FNF:1
FNH:1
FNDA:2,(anonymous_0)
DA:1,2
DA:11,11
DA:34,11
LF:3
LH:3
BRDA:1,0,0,6
BRDA:1,0,1,0
BRDA:1,1,0,2
BRDA:1,1,1,2
BRDA:1,1,2,0
BRDA:31,2,0,11
BRDA:40,3,0,11
BRDA:40,3,1,11
BRDA:42,4,0,11
BRDA:42,4,1,0
BRF:10
BRH:7
end_of_record
TN:
SF:src/components/ui/select.tsx
FN:1,(anonymous_0)
FNF:1
FNH:1
FNDA:1,(anonymous_0)
DA:1,1
DA:10,4
DA:16,0
DA:22,4
DA:33,4
DA:58,4
DA:92,0
DA:106,60
DA:129,0
DA:142,4
DA:160,4
LF:11
LH:8
BRDA:1,0,0,3
BRDA:1,0,1,0
BRDA:1,1,0,1
BRDA:1,1,1,1
BRDA:1,1,2,0
BRDA:27,2,0,4
BRDA:54,3,0,4
BRDA:55,4,0,4
BRDA:64,5,0,4
BRDA:64,5,1,4
BRDA:76,6,0,4
BRDA:76,6,1,4
BRF:12
BRH:10
end_of_record
TN:
SF:src/components/ui/separator.tsx
FNF:0
FNH:0
DA:12,0
LF:1
LH:0
BRDA:8,0,0,0
BRDA:9,1,0,0
BRF:2
BRH:0
end_of_record
TN:
SF:src/components/ui/sheet.tsx
FNF:0
FNH:0
DA:1,0
DA:10,0
DA:16,0
DA:22,0
DA:28,0
DA:35,0
DA:55,0
DA:85,0
DA:95,0
DA:108,0
DA:121,0
LF:11
LH:0
BRDA:50,0,0,0
BRDA:62,1,0,0
BRDA:62,1,1,0
BRDA:64,2,0,0
BRDA:64,2,1,0
BRDA:66,3,0,0
BRDA:66,3,1,0
BRDA:68,4,0,0
BRDA:68,4,1,0
BRF:9
BRH:0
end_of_record
TN:
SF:src/components/ui/skeleton.tsx
FNF:0
FNH:0
DA:4,0
LF:1
LH:0
BRF:0
BRH:0
end_of_record
TN:
SF:src/components/ui/textarea.tsx
FNF:0
FNH:0
DA:6,0
LF:1
LH:0
BRF:0
BRH:0
end_of_record
TN:
SF:src/components/ui/tooltip.tsx
FNF:0
FNH:0
DA:1,0
DA:12,0
DA:24,0
DA:34,0
DA:43,0
LF:5
LH:0
BRDA:9,0,0,0
BRDA:39,1,0,0
BRF:2
BRH:0
end_of_record
TN:
SF:src/components/usage/UsagePage.tsx
FN:18,(anonymous_0)
FN:20,(anonymous_1)
FN:23,(anonymous_2)
FN:24,(anonymous_3)
FN:35,(anonymous_4)
FN:37,(anonymous_5)
FN:45,(anonymous_6)
FN:61,(anonymous_7)
FN:65,(anonymous_8)
FNF:9
FNH:8
FNDA:9,(anonymous_0)
FNDA:9,(anonymous_1)
FNDA:9,(anonymous_2)
FNDA:270,(anonymous_3)
FNDA:9,(anonymous_4)
FNDA:270,(anonymous_5)
FNDA:6,(anonymous_6)
FNDA:0,(anonymous_7)
FNDA:2,(anonymous_8)
DA:1,1
DA:14,9
DA:18,9
DA:20,9
DA:23,9
DA:24,270
DA:35,9
DA:36,9
DA:39,270
DA:45,6
DA:61,9
DA:62,0
DA:65,9
DA:71,1
DA:75,9
LF:15
LH:14
BRDA:39,0,0,270
BRDA:39,0,1,264
BRDA:39,0,2,264
BRDA:39,0,3,264
BRDA:39,0,4,264
BRDA:43,1,0,264
BRDA:43,1,1,264
BRDA:55,2,0,6
BRDA:55,2,1,4
BRDA:56,3,0,6
BRDA:56,3,1,4
BRDA:57,4,0,6
BRDA:57,4,1,4
BRDA:57,5,0,6
BRDA:57,5,1,4
BRF:15
BRH:15
end_of_record
TN:
SF:src/components/usage/UsagePage.ui.tsx
FN:61,(anonymous_0)
FN:98,(anonymous_1)
FN:143,(anonymous_2)
FN:182,(anonymous_3)
FN:210,(anonymous_4)
FN:214,(anonymous_5)
FN:217,(anonymous_6)
FN:225,(anonymous_7)
FN:231,(anonymous_8)
FN:239,(anonymous_9)
FN:245,(anonymous_10)
FN:253,(anonymous_11)
FN:259,(anonymous_12)
FN:267,(anonymous_13)
FN:273,(anonymous_14)
FN:281,(anonymous_15)
FN:287,(anonymous_16)
FN:295,(anonymous_17)
FN:301,(anonymous_18)
FN:387,(anonymous_19)
FN:590,(anonymous_20)
FN:592,(anonymous_21)
FN:609,(anonymous_22)
FN:617,(anonymous_23)
FNF:24
FNH:22
FNDA:27,(anonymous_0)
FNDA:36,(anonymous_1)
FNDA:0,(anonymous_2)
FNDA:0,(anonymous_3)
FNDA:8,(anonymous_4)
FNDA:6,(anonymous_5)
FNDA:6,(anonymous_6)
FNDA:6,(anonymous_7)
FNDA:6,(anonymous_8)
FNDA:6,(anonymous_9)
FNDA:6,(anonymous_10)
FNDA:6,(anonymous_11)
FNDA:6,(anonymous_12)
FNDA:6,(anonymous_13)
FNDA:6,(anonymous_14)
FNDA:6,(anonymous_15)
FNDA:6,(anonymous_16)
FNDA:6,(anonymous_17)
FNDA:6,(anonymous_18)
FNDA:1,(anonymous_19)
FNDA:6,(anonymous_20)
FNDA:42,(anonymous_21)
FNDA:6,(anonymous_22)
FNDA:42,(anonymous_23)
DA:1,1
DA:61,1
DA:74,27
DA:98,1
DA:109,36
DA:137,0
DA:139,0
DA:144,0
DA:178,42
DA:179,42
DA:182,0
DA:203,9
DA:207,9
DA:210,9
DA:211,8
DA:215,6
DA:218,6
DA:226,6
DA:232,6
DA:240,6
DA:246,6
DA:254,6
DA:260,6
DA:268,6
DA:274,6
DA:282,6
DA:288,6
DA:296,6
DA:302,6
DA:311,9
DA:321,9
DA:325,9
DA:387,1
DA:591,6
DA:593,42
DA:610,6
DA:618,42
LF:37
LH:33
BRDA:87,0,0,27
BRDA:87,0,1,27
BRDA:137,1,0,0
BRDA:137,1,1,0
BRDA:137,2,0,0
BRDA:137,2,1,0
BRDA:137,2,2,0
BRDA:185,3,0,0
BRDA:185,3,1,42
BRDA:187,4,0,6
BRDA:187,4,1,36
BRDA:321,5,0,9
BRDA:321,5,1,3
BRDA:321,5,2,3
BRDA:385,6,0,1
BRDA:385,6,1,8
BRDA:451,7,0,6
BRDA:451,7,1,3
BRDA:586,8,0,6
BRDA:586,8,1,3
BRDA:597,9,0,0
BRDA:597,9,1,42
BRDA:614,10,0,6
BRDA:614,10,1,0
BRDA:641,11,0,9
BRDA:641,11,1,6
BRF:26
BRH:18
end_of_record
TN:
SF:src/lib/utils.ts
FNF:0
FNH:0
DA:5,272
LF:1
LH:1
BRF:0
BRH:0
end_of_record
TN:
SF:src/lib/ai/compat.ts
FN:251,(anonymous_0)
FN:262,(anonymous_1)
FNF:2
FNH:0
FNDA:0,(anonymous_0)
FNDA:0,(anonymous_1)
DA:43,0
DA:95,0
DA:103,0
DA:104,0
DA:105,0
DA:109,0
DA:110,0
DA:111,0
DA:113,0
DA:114,0
DA:115,0
DA:117,0
DA:118,0
DA:119,0
DA:121,0
DA:122,0
DA:123,0
DA:125,0
DA:126,0
DA:127,0
DA:130,0
DA:131,0
DA:133,0
DA:145,0
DA:148,0
DA:152,0
DA:155,0
DA:159,0
DA:169,0
DA:173,0
DA:181,0
DA:183,0
DA:190,0
DA:197,0
DA:207,0
DA:210,0
DA:214,0
DA:217,0
DA:219,0
DA:224,0
DA:227,0
DA:236,0
DA:243,0
DA:251,0
DA:257,0
DA:259,0
DA:262,0
DA:269,0
DA:278,0
DA:282,0
DA:294,0
DA:295,0
DA:309,0
DA:321,0
DA:323,0
DA:333,0
DA:334,0
DA:337,0
DA:347,0
DA:353,0
DA:361,0
DA:379,0
DA:380,0
DA:382,0
DA:396,0
DA:398,0
DA:406,0
DA:407,0
DA:409,0
LF:69
LH:0
BRDA:111,0,0,0
BRDA:111,0,1,0
BRDA:112,1,0,0
BRDA:112,1,1,0
BRDA:115,2,0,0
BRDA:115,2,1,0
BRDA:119,3,0,0
BRDA:119,3,1,0
BRDA:123,4,0,0
BRDA:123,4,1,0
BRDA:124,5,0,0
BRDA:124,5,1,0
BRDA:127,6,0,0
BRDA:127,6,1,0
BRDA:136,7,0,0
BRDA:136,7,1,0
BRDA:137,8,0,0
BRDA:137,8,1,0
BRDA:145,9,0,0
BRDA:145,9,1,0
BRDA:148,10,0,0
BRDA:148,10,1,0
BRDA:153,11,0,0
BRDA:153,11,1,0
BRDA:155,12,0,0
BRDA:155,12,1,0
BRDA:155,13,0,0
BRDA:155,13,1,0
BRDA:169,14,0,0
BRDA:169,14,1,0
BRDA:256,15,0,0
BRDA:256,15,1,0
BRDA:294,16,0,0
BRDA:294,16,1,0
BRDA:356,17,0,0
BRDA:356,17,1,0
BRDA:383,18,0,0
BRDA:383,18,1,0
BRF:38
BRH:0
end_of_record
TN:
SF:src/lib/ai/hooks.ts
FN:32,(anonymous_0)
FN:51,(anonymous_1)
FN:75,(anonymous_2)
FNF:3
FNH:0
FNDA:0,(anonymous_0)
FNDA:0,(anonymous_1)
FNDA:0,(anonymous_2)
DA:21,0
DA:22,0
DA:29,0
DA:30,0
DA:32,0
DA:33,0
DA:35,0
DA:36,0
DA:38,0
DA:46,0
DA:51,0
DA:52,0
DA:55,0
DA:68,0
DA:69,0
DA:70,0
DA:71,0
DA:72,0
DA:74,0
DA:79,0
DA:84,0
DA:85,0
DA:87,0
DA:91,0
DA:92,0
DA:93,0
DA:94,0
DA:95,0
DA:96,0
DA:97,0
DA:98,0
DA:100,0
DA:102,0
DA:108,0
LF:34
LH:0
BRDA:78,0,0,0
BRDA:78,0,1,0
BRDA:79,1,0,0
BRDA:79,1,1,0
BRDA:87,2,0,0
BRDA:87,2,1,0
BRF:6
BRH:0
end_of_record
TN:
SF:src/lib/ai/prompt.ts
FN:162,(anonymous_0)
FN:182,(anonymous_1)
FN:302,(anonymous_2)
FNF:3
FNH:0
FNDA:0,(anonymous_0)
FNDA:0,(anonymous_1)
FNDA:0,(anonymous_2)
DA:26,0
DA:31,0
DA:38,0
DA:46,0
DA:54,0
DA:67,0
DA:72,0
DA:77,0
DA:79,0
DA:86,0
DA:95,0
DA:99,0
DA:101,0
DA:108,0
DA:111,0
DA:114,0
DA:125,0
DA:128,0
DA:129,0
DA:131,0
DA:134,0
DA:145,0
DA:149,0
DA:152,0
DA:161,0
DA:163,0
DA:171,0
DA:177,0
DA:180,0
DA:185,0
DA:192,0
DA:198,0
DA:210,0
DA:213,0
DA:216,0
DA:226,0
DA:234,0
DA:241,0
DA:244,0
DA:247,0
DA:254,0
DA:277,0
DA:286,0
DA:289,0
DA:295,0
DA:303,0
DA:328,0
DA:333,0
DA:339,0
DA:346,0
DA:348,0
DA:350,0
LF:52
LH:0
BRDA:70,0,0,0
BRDA:70,0,1,0
BRDA:110,1,0,0
BRDA:110,1,1,0
BRDA:125,2,0,0
BRDA:125,2,1,0
BRDA:144,3,0,0
BRDA:144,3,1,0
BRDA:176,4,0,0
BRDA:176,4,1,0
BRDA:184,5,0,0
BRDA:184,5,1,0
BRDA:184,5,2,0
BRDA:216,6,0,0
BRDA:216,6,1,0
BRDA:241,7,0,0
BRDA:241,7,1,0
BRDA:247,8,0,0
BRDA:247,8,1,0
BRDA:286,9,0,0
BRDA:286,9,1,0
BRF:21
BRH:0
end_of_record
TN:
SF:src/lib/ai/store.ts
FNF:0
FNH:0
DA:5,0
DA:6,0
DA:7,0
DA:8,0
DA:11,0
LF:5
LH:0
BRF:0
BRH:0
end_of_record
TN:
SF:src/lib/ai/titleGenerator.ts
FN:13,(anonymous_0)
FN:15,(anonymous_1)
FNF:2
FNH:0
FNDA:0,(anonymous_0)
FNDA:0,(anonymous_1)
DA:7,1
DA:12,0
DA:13,0
DA:15,0
DA:16,0
DA:21,0
DA:32,0
DA:36,0
DA:45,0
DA:53,0
DA:62,0
DA:63,0
DA:65,0
DA:67,0
DA:73,0
DA:76,0
DA:79,0
DA:80,0
DA:88,0
DA:89,0
DA:91,0
DA:94,0
DA:95,0
DA:97,0
DA:99,0
DA:106,0
LF:26
LH:1
BRDA:15,0,0,0
BRDA:15,0,1,0
BRDA:15,1,0,0
BRDA:15,1,1,0
BRDA:15,1,2,0
BRDA:72,2,0,0
BRDA:72,2,1,0
BRDA:106,3,0,0
BRDA:106,3,1,0
BRF:9
BRH:0
end_of_record
TN:
SF:src/lib/ai/tools/datetime.ts
FNF:0
FNH:0
DA:4,0
DA:13,0
DA:16,0
DA:24,0
DA:33,0
DA:34,0
DA:35,0
DA:37,0
DA:46,0
DA:47,0
DA:48,0
DA:50,0
LF:12
LH:0
BRDA:35,0,0,0
BRDA:35,0,1,0
BRF:2
BRH:0
end_of_record
TN:
SF:src/lib/ai/tools/index.ts
FNF:0
FNH:0
DA:4,0
LF:1
LH:0
BRF:0
BRH:0
end_of_record
TN:
SF:src/lib/ai/tools/weather.ts
FNF:0
FNH:0
DA:27,0
DA:66,0
DA:70,0
DA:72,0
DA:75,0
DA:78,0
DA:81,0
DA:82,0
DA:104,0
DA:106,0
DA:108,0
DA:111,0
DA:112,0
DA:114,0
DA:123,0
DA:133,0
DA:136,0
DA:143,0
DA:146,0
DA:150,0
DA:159,0
LF:21
LH:0
BRDA:77,0,0,0
BRDA:77,0,1,0
BRDA:119,1,0,0
BRDA:119,1,1,0
BRDA:146,2,0,0
BRDA:146,2,1,0
BRDA:161,3,0,0
BRDA:161,3,1,0
BRF:8
BRH:0
end_of_record
TN:
SF:src/lib/stores/chat.ts
FN:43,(anonymous_0)
FN:44,(anonymous_1)
FN:99,(anonymous_2)
FN:127,(anonymous_3)
FN:183,(anonymous_4)
FN:211,(anonymous_5)
FN:222,(anonymous_6)
FNF:7
FNH:0
FNDA:0,(anonymous_0)
FNDA:0,(anonymous_1)
FNDA:0,(anonymous_2)
FNDA:0,(anonymous_3)
FNDA:0,(anonymous_4)
FNDA:0,(anonymous_5)
FNDA:0,(anonymous_6)
DA:31,1
DA:34,1
DA:37,1
DA:40,1
DA:43,1
DA:44,0
DA:45,0
DA:60,0
DA:71,0
DA:72,0
DA:76,0
DA:77,0
DA:79,0
DA:80,0
DA:81,0
DA:86,0
DA:88,0
DA:97,0
DA:98,0
DA:100,0
DA:106,1
DA:107,1
DA:108,1
DA:109,1
DA:113,0
DA:117,0
DA:122,0
DA:126,0
DA:127,0
DA:132,0
DA:143,0
DA:148,0
DA:157,0
DA:165,0
DA:167,0
DA:171,0
DA:183,0
DA:184,0
DA:187,0
DA:189,0
DA:190,0
DA:192,0
DA:193,0
DA:197,0
DA:198,0
DA:199,0
DA:200,0
DA:202,0
DA:203,0
DA:205,0
DA:208,0
DA:209,0
DA:211,0
DA:212,0
DA:222,0
DA:223,0
DA:225,0
DA:230,0
DA:231,0
DA:235,0
DA:243,0
DA:251,0
DA:252,0
LF:63
LH:9
BRDA:45,0,0,0
BRDA:45,0,1,0
BRDA:62,1,0,0
BRDA:62,1,1,0
BRDA:66,2,0,0
BRDA:66,2,1,0
BRDA:66,3,0,0
BRDA:66,3,1,0
BRDA:78,4,0,0
BRDA:78,4,1,0
BRDA:100,5,0,0
BRDA:100,5,1,0
BRDA:180,6,0,0
BRDA:181,7,0,0
BRDA:188,8,0,0
BRDA:188,8,1,0
BRDA:231,9,0,0
BRDA:231,9,1,0
BRDA:238,10,0,0
BRDA:238,10,1,0
BRF:20
BRH:0
end_of_record
TN:
SF:src/lib/stores/conversations.ts
FN:54,(anonymous_0)
FN:79,(anonymous_1)
FN:99,(anonymous_2)
FN:107,(anonymous_3)
FN:116,(anonymous_4)
FN:124,(anonymous_5)
FN:160,(anonymous_6)
FN:172,(anonymous_7)
FN:197,(anonymous_8)
FN:263,(anonymous_9)
FN:296,(anonymous_10)
FN:308,(anonymous_11)
FN:317,(anonymous_12)
FN:329,(anonymous_13)
FN:360,(anonymous_14)
FN:372,(anonymous_15)
FN:389,(anonymous_16)
FN:414,(anonymous_17)
FN:427,(anonymous_18)
FN:444,(anonymous_19)
FN:459,(anonymous_20)
FN:472,(anonymous_21)
FN:487,(anonymous_22)
FN:506,(anonymous_23)
FN:525,(anonymous_24)
FN:537,(anonymous_25)
FN:554,(anonymous_26)
FN:567,(anonymous_27)
FN:585,(anonymous_28)
FN:586,(anonymous_29)
FN:587,(anonymous_30)
FN:593,(anonymous_31)
FN:620,(anonymous_32)
FN:621,(anonymous_33)
FN:707,(anonymous_34)
FN:708,(anonymous_35)
FNF:36
FNH:3
FNDA:0,(anonymous_0)
FNDA:0,(anonymous_1)
FNDA:1,(anonymous_2)
FNDA:1,(anonymous_3)
FNDA:1,(anonymous_4)
FNDA:0,(anonymous_5)
FNDA:0,(anonymous_6)
FNDA:0,(anonymous_7)
FNDA:0,(anonymous_8)
FNDA:0,(anonymous_9)
FNDA:0,(anonymous_10)
FNDA:0,(anonymous_11)
FNDA:0,(anonymous_12)
FNDA:0,(anonymous_13)
FNDA:0,(anonymous_14)
FNDA:0,(anonymous_15)
FNDA:0,(anonymous_16)
FNDA:0,(anonymous_17)
FNDA:0,(anonymous_18)
FNDA:0,(anonymous_19)
FNDA:0,(anonymous_20)
FNDA:0,(anonymous_21)
FNDA:0,(anonymous_22)
FNDA:0,(anonymous_23)
FNDA:0,(anonymous_24)
FNDA:0,(anonymous_25)
FNDA:0,(anonymous_26)
FNDA:0,(anonymous_27)
FNDA:0,(anonymous_28)
FNDA:0,(anonymous_29)
FNDA:0,(anonymous_30)
FNDA:0,(anonymous_31)
FNDA:0,(anonymous_32)
FNDA:0,(anonymous_33)
FNDA:0,(anonymous_34)
FNDA:0,(anonymous_35)
DA:10,1
DA:26,1
DA:32,1
DA:35,1
DA:38,1
DA:41,1
DA:49,0
DA:50,0
DA:53,0
DA:54,0
DA:58,0
DA:61,0
DA:62,0
DA:71,0
DA:73,0
DA:76,0
DA:77,0
DA:79,0
DA:83,0
DA:90,0
DA:93,0
DA:94,0
DA:95,0
DA:99,1
DA:100,1
DA:104,0
DA:107,1
DA:109,0
DA:110,0
DA:116,1
DA:118,1
DA:121,0
DA:124,0
DA:126,0
DA:128,0
DA:133,0
DA:137,0
DA:138,0
DA:143,0
DA:155,0
DA:160,0
DA:161,0
DA:166,0
DA:172,0
DA:173,0
DA:175,0
DA:181,0
DA:184,0
DA:188,0
DA:195,0
DA:196,0
DA:197,0
DA:201,0
DA:203,0
DA:204,0
DA:209,0
DA:210,0
DA:217,1
DA:219,1
DA:222,1
DA:230,0
DA:235,0
DA:244,0
DA:245,0
DA:247,0
DA:248,0
DA:249,0
DA:256,0
DA:257,0
DA:258,0
DA:260,0
DA:261,0
DA:263,0
DA:265,0
DA:266,0
DA:268,0
DA:272,0
DA:273,0
DA:276,0
DA:281,0
DA:289,0
DA:292,0
DA:293,0
DA:294,0
DA:295,0
DA:296,0
DA:297,0
DA:300,0
DA:301,0
DA:306,0
DA:308,0
DA:311,0
DA:313,0
DA:314,0
DA:315,0
DA:317,0
DA:318,0
DA:324,0
DA:325,0
DA:327,0
DA:328,0
DA:329,0
DA:333,0
DA:335,0
DA:336,0
DA:338,0
DA:344,0
DA:345,0
DA:355,0
DA:356,0
DA:359,0
DA:360,0
DA:362,0
DA:363,0
DA:364,0
DA:368,0
DA:371,0
DA:372,0
DA:375,0
DA:376,0
DA:381,0
DA:382,0
DA:385,0
DA:388,0
DA:389,0
DA:392,0
DA:393,0
DA:395,0
DA:400,0
DA:401,0
DA:404,0
DA:413,0
DA:414,0
DA:418,0
DA:426,0
DA:427,0
DA:430,0
DA:431,0
DA:436,0
DA:437,0
DA:442,0
DA:444,0
DA:446,0
DA:448,0
DA:449,0
DA:458,0
DA:459,0
DA:462,0
DA:463,0
DA:464,0
DA:465,0
DA:470,0
DA:472,0
DA:474,0
DA:476,0
DA:477,0
DA:486,0
DA:487,0
DA:490,0
DA:491,0
DA:496,0
DA:497,0
DA:505,0
DA:506,0
DA:509,0
DA:510,0
DA:516,0
DA:517,0
DA:525,0
DA:526,0
DA:530,0
DA:532,0
DA:537,0
DA:539,0
DA:541,0
DA:542,0
DA:546,0
DA:553,0
DA:554,0
DA:555,0
DA:561,0
DA:563,0
DA:567,0
DA:568,0
DA:569,0
DA:572,0
DA:583,0
DA:584,0
DA:585,0
DA:586,0
DA:587,0
DA:592,0
DA:593,0
DA:596,0
DA:597,0
DA:598,0
DA:599,0
DA:616,0
DA:619,0
DA:620,0
DA:621,0
DA:630,0
DA:636,0
DA:639,0
DA:640,0
DA:641,0
DA:642,0
DA:643,0
DA:644,0
DA:645,0
DA:646,0
DA:660,0
DA:661,0
DA:665,0
DA:669,0
DA:680,0
DA:684,0
DA:696,0
DA:701,0
DA:702,0
DA:703,0
DA:706,0
DA:707,0
DA:708,0
DA:709,0
DA:711,0
DA:714,0
DA:715,0
DA:717,0
DA:729,1
DA:730,1
DA:731,1
DA:732,1
DA:736,1
DA:738,0
LF:235
LH:19
BRDA:71,0,0,0
BRDA:71,0,1,0
BRDA:81,1,0,0
BRDA:81,1,1,0
BRDA:100,2,0,0
BRDA:100,2,1,1
BRDA:118,3,0,1
BRDA:118,3,1,0
BRDA:121,4,0,0
BRDA:121,4,1,0
BRDA:126,5,0,0
BRDA:126,5,1,0
BRDA:128,6,0,0
BRDA:128,6,1,0
BRDA:158,7,0,0
BRDA:158,7,1,0
BRDA:161,8,0,0
BRDA:161,8,1,0
BRDA:199,9,0,0
BRDA:199,9,1,0
BRDA:217,10,0,0
BRDA:217,10,1,1
BRDA:226,11,0,0
BRDA:226,11,1,0
BRDA:226,11,2,0
BRDA:244,12,0,0
BRDA:244,12,1,0
BRDA:245,13,0,0
BRDA:245,13,1,0
BRDA:258,14,0,0
BRDA:258,14,1,0
BRDA:283,15,0,0
BRDA:283,15,1,0
BRDA:325,16,0,0
BRDA:325,16,1,0
BRDA:355,17,0,0
BRDA:355,17,1,0
BRDA:394,18,0,0
BRDA:394,18,1,0
BRDA:417,19,0,0
BRDA:417,19,1,0
BRDA:417,19,2,0
BRDA:657,20,0,0
BRDA:664,21,0,0
BRDA:664,21,1,0
BRDA:672,22,0,0
BRDA:672,22,1,0
BRDA:672,22,2,0
BRDA:672,22,3,0
BRDA:672,22,4,0
BRDA:680,23,0,0
BRDA:680,23,1,0
BRDA:680,24,0,0
BRDA:680,24,1,0
BRDA:680,24,2,0
BRDA:720,25,0,0
BRDA:720,25,1,0
BRF:57
BRH:3
end_of_record
TN:
SF:src/lib/stores/errors.ts
FNF:0
FNH:0
DA:24,0
DA:27,0
DA:33,0
DA:34,0
DA:45,0
DA:58,0
DA:72,0
DA:87,0
DA:101,0
DA:114,0
DA:121,0
DA:134,0
DA:137,0
DA:140,0
DA:143,0
DA:146,0
DA:149,0
DA:152,0
DA:160,0
DA:162,0
DA:173,0
DA:174,0
DA:176,0
DA:183,0
DA:190,0
LF:25
LH:0
BRDA:38,0,0,0
BRDA:38,0,1,0
BRDA:38,0,2,0
BRDA:38,0,3,0
BRDA:38,0,4,0
BRDA:38,0,5,0
BRDA:38,0,6,0
BRDA:54,1,0,0
BRDA:54,1,1,0
BRDA:54,1,2,0
BRDA:67,2,0,0
BRDA:67,2,1,0
BRDA:67,2,2,0
BRDA:67,2,3,0
BRDA:81,3,0,0
BRDA:81,3,1,0
BRDA:81,3,2,0
BRDA:81,3,3,0
BRDA:81,3,4,0
BRDA:96,4,0,0
BRDA:96,4,1,0
BRDA:96,4,2,0
BRDA:96,4,3,0
BRDA:110,5,0,0
BRDA:110,5,1,0
BRDA:110,5,2,0
BRF:26
BRH:0
end_of_record
TN:
SF:src/lib/stores/hydration.ts
FNF:0
FNH:0
DA:7,2
DA:13,0
DA:20,0
LF:3
LH:1
BRDA:20,0,0,0
BRDA:20,0,1,0
BRF:2
BRH:0
end_of_record
TN:
SF:src/lib/stores/imageStorage.ts
FN:16,(anonymous_0)
FN:71,(anonymous_1)
FN:86,(anonymous_2)
FN:100,(anonymous_3)
FN:105,(anonymous_4)
FN:120,(anonymous_5)
FN:161,(anonymous_6)
FN:166,(anonymous_7)
FN:180,(anonymous_8)
FN:212,(anonymous_9)
FN:217,(anonymous_10)
FNF:11
FNH:3
FNDA:1,(anonymous_0)
FNDA:0,(anonymous_1)
FNDA:0,(anonymous_2)
FNDA:0,(anonymous_3)
FNDA:0,(anonymous_4)
FNDA:0,(anonymous_5)
FNDA:0,(anonymous_6)
FNDA:0,(anonymous_7)
FNDA:0,(anonymous_8)
FNDA:1,(anonymous_9)
FNDA:1,(anonymous_10)
DA:6,1
DA:7,1
DA:8,1
DA:10,1
DA:16,1
DA:18,0
DA:19,0
DA:22,1
DA:25,0
DA:26,0
DA:30,1
DA:31,1
DA:35,1
DA:39,1
DA:41,1
DA:69,0
DA:71,0
DA:72,0
DA:73,0
DA:75,0
DA:84,0
DA:86,0
DA:88,0
DA:89,0
DA:98,0
DA:100,0
DA:101,0
DA:102,0
DA:103,0
DA:105,0
DA:107,0
DA:108,0
DA:117,0
DA:118,0
DA:120,0
DA:121,0
DA:122,0
DA:124,0
DA:127,0
DA:128,0
DA:132,0
DA:136,0
DA:138,0
DA:140,0
DA:145,0
DA:146,0
DA:148,0
DA:159,0
DA:161,0
DA:162,0
DA:163,0
DA:164,0
DA:166,0
DA:168,0
DA:169,0
DA:178,0
DA:180,0
DA:181,0
DA:182,0
DA:183,0
DA:184,0
DA:186,0
DA:189,0
DA:191,0
DA:192,0
DA:193,0
DA:195,0
DA:200,0
DA:201,0
DA:210,1
DA:212,1
DA:213,1
DA:214,1
DA:215,1
DA:217,1
DA:219,0
DA:220,0
DA:230,0
DA:234,0
DA:235,0
DA:240,0
LF:81
LH:17
BRDA:105,0,0,0
BRDA:105,0,1,0
BRDA:236,1,0,0
BRDA:236,1,1,0
BRDA:237,2,0,0
BRDA:237,2,1,0
BRF:6
BRH:0
end_of_record
TN:
SF:src/lib/stores/navigation.ts
FN:312,(anonymous_0)
FN:327,(anonymous_1)
FN:346,(anonymous_2)
FNF:3
FNH:2
FNDA:1,(anonymous_0)
FNDA:1,(anonymous_1)
FNDA:0,(anonymous_2)
DA:7,2
DA:14,2
DA:21,2
DA:29,2
DA:32,2
DA:35,2
DA:38,2
DA:41,2
DA:44,2
DA:50,0
DA:51,0
DA:52,0
DA:59,0
DA:60,0
DA:67,0
DA:68,0
DA:76,0
DA:77,0
DA:79,0
DA:80,0
DA:83,0
DA:86,0
DA:89,0
DA:91,0
DA:94,0
DA:96,0
DA:100,0
DA:102,0
DA:110,0
DA:119,0
DA:121,0
DA:122,0
DA:123,0
DA:130,0
DA:131,0
DA:138,0
DA:139,0
DA:146,0
DA:153,0
DA:154,0
DA:155,0
DA:162,0
DA:163,0
DA:164,0
DA:177,1
DA:181,0
DA:184,1
DA:188,0
DA:193,0
DA:198,0
DA:201,0
DA:204,1
DA:205,1
DA:212,1
DA:214,1
DA:215,1
DA:216,1
DA:217,1
DA:218,1
DA:220,1
DA:221,1
DA:224,1
DA:226,1
DA:229,1
DA:231,0
DA:246,0
DA:247,0
DA:251,0
DA:254,0
DA:258,0
DA:261,0
DA:265,0
DA:268,0
DA:271,0
DA:274,0
DA:278,2
DA:286,0
DA:289,0
DA:290,0
DA:291,0
DA:292,0
DA:293,0
DA:296,0
DA:303,0
DA:312,2
DA:314,1
DA:318,0
DA:320,1
DA:324,0
DA:327,1
DA:329,0
DA:330,0
DA:336,0
DA:342,0
DA:343,0
DA:346,2
DA:349,0
DA:352,0
DA:353,0
DA:355,0
DA:362,0
DA:366,0
DA:369,0
DA:370,0
DA:372,0
DA:379,0
DA:387,0
DA:395,1
DA:396,1
DA:403,0
DA:404,0
DA:411,0
DA:412,0
DA:419,0
DA:420,0
DA:427,0
DA:428,0
DA:435,0
DA:436,0
DA:443,0
DA:444,0
LF:121
LH:32
BRDA:51,0,0,0
BRDA:51,0,1,0
BRDA:60,1,0,0
BRDA:60,1,1,0
BRDA:68,2,0,0
BRDA:68,2,1,0
BRDA:79,3,0,0
BRDA:79,3,1,0
BRDA:90,4,0,0
BRDA:90,4,1,0
BRDA:95,5,0,0
BRDA:95,5,1,0
BRDA:110,6,0,0
BRDA:110,6,1,0
BRDA:119,7,0,0
BRDA:119,7,1,0
BRDA:121,8,0,0
BRDA:121,8,1,0
BRDA:123,9,0,0
BRDA:123,9,1,0
BRDA:130,10,0,0
BRDA:130,10,1,0
BRDA:155,11,0,0
BRDA:155,11,1,0
BRDA:164,12,0,0
BRDA:164,12,1,0
BRDA:205,13,0,0
BRDA:205,13,1,1
BRDA:211,14,0,1
BRDA:212,15,0,0
BRDA:212,15,1,1
BRDA:224,16,0,0
BRDA:224,16,1,1
BRDA:246,17,0,0
BRDA:246,17,1,0
BRDA:251,18,0,0
BRDA:251,18,1,0
BRDA:258,19,0,0
BRDA:258,19,1,0
BRDA:265,20,0,0
BRDA:265,20,1,0
BRDA:271,21,0,0
BRDA:271,21,1,0
BRDA:314,22,0,0
BRDA:314,22,1,1
BRDA:341,23,0,0
BRDA:349,24,0,0
BRDA:349,24,1,0
BRDA:366,25,0,0
BRDA:366,25,1,0
BRDA:394,26,0,1
BRDA:410,27,0,0
BRDA:426,28,0,0
BRDA:442,29,0,0
BRF:54
BRH:6
end_of_record
TN:
SF:src/lib/stores/settings.ts
FN:201,(anonymous_0)
FN:211,(anonymous_1)
FN:222,(anonymous_2)
FN:229,(anonymous_3)
FN:239,(anonymous_4)
FN:250,(anonymous_5)
FN:260,(anonymous_6)
FN:271,(anonymous_7)
FN:281,(anonymous_8)
FNF:9
FNH:8
FNDA:1,(anonymous_0)
FNDA:1,(anonymous_1)
FNDA:0,(anonymous_2)
FNDA:1,(anonymous_3)
FNDA:1,(anonymous_4)
FNDA:1,(anonymous_5)
FNDA:1,(anonymous_6)
FNDA:1,(anonymous_7)
FNDA:1,(anonymous_8)
DA:11,1
DA:20,0
DA:24,0
DA:28,0
DA:36,0
DA:41,0
DA:45,1
DA:48,1
DA:51,1
DA:55,1
DA:62,2
DA:64,0
DA:72,0
DA:74,0
DA:76,0
DA:80,1
DA:92,0
DA:95,0
DA:97,0
DA:99,0
DA:101,0
DA:103,0
DA:109,0
DA:110,0
DA:111,0
DA:112,0
DA:113,0
DA:118,1
DA:124,1
DA:127,1
DA:130,1
DA:133,1
DA:136,1
DA:142,0
DA:143,0
DA:145,0
DA:153,0
DA:154,0
DA:156,0
DA:164,0
DA:165,0
DA:167,0
DA:175,0
DA:176,0
DA:179,0
DA:185,0
DA:186,0
DA:187,0
DA:191,0
DA:193,0
DA:194,0
DA:201,1
DA:202,1
DA:206,0
DA:207,0
DA:211,1
DA:213,0
DA:214,0
DA:218,1
DA:222,1
DA:224,0
DA:225,0
DA:229,1
DA:230,1
DA:234,0
DA:235,0
DA:239,1
DA:241,0
DA:242,0
DA:246,1
DA:250,1
DA:251,1
DA:255,0
DA:256,0
DA:260,1
DA:262,0
DA:263,0
DA:267,1
DA:271,1
DA:272,1
DA:276,0
DA:277,0
DA:281,1
DA:283,0
DA:284,0
DA:288,1
DA:293,4
DA:295,4
DA:301,0
DA:305,4
DA:307,4
DA:312,3
DA:314,3
DA:319,0
DA:320,0
DA:321,0
DA:323,0
DA:327,0
DA:328,0
DA:333,0
LF:100
LH:36
BRDA:24,0,0,0
BRDA:24,0,1,0
BRDA:92,1,0,0
BRDA:92,1,1,0
BRDA:109,2,0,0
BRDA:109,2,1,0
BRDA:112,3,0,0
BRDA:112,3,1,0
BRDA:142,4,0,0
BRDA:142,4,1,0
BRDA:153,5,0,0
BRDA:153,5,1,0
BRDA:155,6,0,0
BRDA:155,6,1,0
BRDA:164,7,0,0
BRDA:164,7,1,0
BRDA:175,8,0,0
BRDA:175,8,1,0
BRDA:181,9,0,0
BRDA:181,9,1,0
BRDA:181,9,2,0
BRDA:192,10,0,0
BRDA:192,10,1,0
BRDA:202,11,0,0
BRDA:202,11,1,1
BRDA:230,12,0,0
BRDA:230,12,1,1
BRDA:251,13,0,0
BRDA:251,13,1,1
BRDA:272,14,0,0
BRDA:272,14,1,1
BRF:31
BRH:4
end_of_record
TN:
SF:src/lib/stores/usage.ts
FN:106,(anonymous_0)
FN:138,(anonymous_1)
FN:177,(anonymous_2)
FN:266,(anonymous_3)
FN:289,(anonymous_4)
FN:355,(anonymous_5)
FNF:6
FNH:4
FNDA:2,(anonymous_0)
FNDA:4,(anonymous_1)
FNDA:0,(anonymous_2)
FNDA:2,(anonymous_3)
FNDA:0,(anonymous_4)
FNDA:6,(anonymous_5)
DA:5,1
DA:8,1
DA:60,1
DA:63,1
DA:69,291
DA:70,291
DA:77,0
DA:79,0
DA:81,0
DA:82,0
DA:84,0
DA:87,0
DA:97,1
DA:100,2
DA:103,0
DA:104,0
DA:106,2
DA:108,0
DA:109,0
DA:110,0
DA:117,1
DA:118,1
DA:124,13
DA:125,13
DA:129,13
DA:136,10
DA:137,10
DA:138,10
DA:141,4
DA:142,4
DA:161,6
DA:177,10
DA:178,10
DA:188,6
DA:196,6
DA:198,6
DA:200,6
DA:201,6
DA:211,3
DA:219,3
DA:220,3
DA:222,3
DA:223,3
DA:230,1
DA:239,1
DA:240,1
DA:242,1
DA:243,1
DA:252,0
DA:264,2
DA:265,2
DA:266,2
DA:269,2
DA:270,2
DA:276,0
DA:289,2
DA:290,2
DA:291,2
DA:298,9
DA:300,9
DA:313,6
DA:314,6
DA:315,6
DA:316,6
DA:317,6
DA:318,6
DA:321,1
DA:327,3
DA:332,9
DA:339,1
DA:340,1
DA:341,1
DA:348,9
DA:349,9
DA:350,9
DA:351,9
DA:354,9
DA:355,9
DA:357,9
DA:358,270
DA:359,270
DA:360,270
DA:363,270
DA:364,270
DA:379,9
LF:85
LH:72
BRDA:68,0,0,291
BRDA:77,1,0,0
BRDA:77,1,1,0
BRDA:100,2,0,0
BRDA:100,2,1,2
BRDA:100,3,0,2
BRDA:100,3,1,2
BRDA:107,4,0,2
BRDA:107,4,1,0
BRDA:124,5,0,0
BRDA:124,5,1,13
BRDA:145,6,0,0
BRDA:145,6,1,4
BRDA:147,7,0,3
BRDA:147,7,1,1
BRDA:149,8,0,1
BRDA:149,8,1,3
BRDA:152,9,0,1
BRDA:152,9,1,3
BRDA:152,10,0,4
BRDA:152,10,1,1
BRDA:156,11,0,1
BRDA:156,11,1,1
BRDA:163,12,0,6
BRDA:163,12,1,0
BRDA:164,13,0,0
BRDA:164,13,1,6
BRDA:165,14,0,0
BRDA:165,14,1,6
BRDA:170,15,0,0
BRDA:170,15,1,6
BRDA:170,16,0,6
BRDA:170,16,1,0
BRDA:272,17,0,2
BRDA:272,17,1,2
BRDA:273,18,0,2
BRDA:273,18,1,2
BRDA:317,19,0,6
BRDA:317,19,1,4
BRDA:318,20,0,6
BRDA:318,20,1,4
BRDA:322,21,0,1
BRDA:322,21,1,1
BRDA:347,22,0,9
BRDA:365,23,0,270
BRDA:365,23,1,264
BRF:46
BRH:35
end_of_record
TN:
SF:src/lib/utils/markdown.tsx
FN:112,(anonymous_0)
FN:137,(anonymous_1)
FN:139,(anonymous_2)
FN:143,(anonymous_3)
FN:147,(anonymous_4)
FN:368,(anonymous_5)
FNF:6
FNH:0
FNDA:0,(anonymous_0)
FNDA:0,(anonymous_1)
FNDA:0,(anonymous_2)
FNDA:0,(anonymous_3)
FNDA:0,(anonymous_4)
FNDA:0,(anonymous_5)
DA:19,0
DA:30,0
DA:54,0
DA:74,0
DA:75,0
DA:76,0
DA:77,0
DA:78,0
DA:79,0
DA:80,0
DA:81,0
DA:82,0
DA:83,0
DA:84,0
DA:85,0
DA:86,0
DA:87,0
DA:88,0
DA:89,0
DA:90,0
DA:91,0
DA:92,0
DA:93,0
DA:94,0
DA:95,0
DA:96,0
DA:97,0
DA:98,0
DA:99,0
DA:100,0
DA:101,0
DA:103,0
DA:104,0
DA:105,0
DA:106,0
DA:108,0
DA:112,0
DA:113,0
DA:124,0
DA:125,0
DA:131,0
DA:137,0
DA:139,0
DA:143,0
DA:144,0
DA:145,0
DA:146,0
DA:147,0
DA:153,0
DA:155,0
DA:212,0
DA:217,0
DA:218,0
DA:221,0
DA:231,0
DA:240,0
DA:243,0
DA:246,0
DA:249,0
DA:252,0
DA:255,0
DA:258,0
DA:261,0
DA:264,0
DA:271,0
DA:283,0
DA:287,0
DA:296,0
DA:303,0
DA:306,0
DA:314,0
DA:315,0
DA:321,0
DA:329,0
DA:330,0
DA:336,0
DA:344,0
DA:348,0
DA:368,0
LF:79
LH:0
BRDA:131,0,0,0
BRDA:131,0,1,0
BRDA:131,0,2,0
BRDA:131,0,3,0
BRDA:160,1,0,0
BRDA:160,1,1,0
BRDA:178,2,0,0
BRDA:178,2,1,0
BRDA:178,2,2,0
BRDA:178,2,3,0
BRDA:180,3,0,0
BRDA:180,3,1,0
BRDA:181,4,0,0
BRDA:181,4,1,0
BRDA:217,5,0,0
BRDA:217,5,1,0
BRDA:315,6,0,0
BRDA:315,6,1,0
BRDA:317,7,0,0
BRDA:317,7,1,0
BRDA:330,8,0,0
BRDA:330,8,1,0
BRDA:332,9,0,0
BRDA:332,9,1,0
BRF:24
BRH:0
end_of_record
