{"total": {"lines":{"total":1556,"covered":349,"skipped":0,"pct":22.42},"statements":{"total":1643,"covered":364,"skipped":0,"pct":22.15},"functions":{"total":239,"covered":40,"skipped":0,"pct":16.73},"branches":{"total":753,"covered":71,"skipped":0,"pct":9.42},"branchesTrue":{"total":0,"covered":0,"skipped":0,"pct":100}}
,"/home/jesse/wsl-projects/personal/typescript/ai.jereko.dev/src/routeTree.gen.ts": {"lines":{"total":8,"covered":0,"skipped":0,"pct":0},"functions":{"total":3,"covered":0,"skipped":0,"pct":0},"statements":{"total":8,"covered":0,"skipped":0,"pct":0},"branches":{"total":0,"covered":0,"skipped":0,"pct":100}}
,"/home/jesse/wsl-projects/personal/typescript/ai.jereko.dev/src/router.tsx": {"lines":{"total":1,"covered":0,"skipped":0,"pct":0},"functions":{"total":0,"covered":0,"skipped":0,"pct":100},"statements":{"total":1,"covered":0,"skipped":0,"pct":0},"branches":{"total":0,"covered":0,"skipped":0,"pct":100}}
,"/home/jesse/wsl-projects/personal/typescript/ai.jereko.dev/src/components/chat/container/ChatContainer.tsx": {"lines":{"total":107,"covered":80,"skipped":0,"pct":74.76},"functions":{"total":9,"covered":4,"skipped":0,"pct":44.44},"statements":{"total":107,"covered":80,"skipped":0,"pct":74.76},"branches":{"total":28,"covered":17,"skipped":0,"pct":60.71}}
,"/home/jesse/wsl-projects/personal/typescript/ai.jereko.dev/src/components/chat/container/ChatContainer.ui.tsx": {"lines":{"total":1,"covered":1,"skipped":0,"pct":100},"functions":{"total":0,"covered":0,"skipped":0,"pct":100},"statements":{"total":1,"covered":1,"skipped":0,"pct":100},"branches":{"total":12,"covered":10,"skipped":0,"pct":83.33}}
,"/home/jesse/wsl-projects/personal/typescript/ai.jereko.dev/src/components/chat/errors/CompatibilityError.tsx": {"lines":{"total":20,"covered":0,"skipped":0,"pct":0},"functions":{"total":2,"covered":0,"skipped":0,"pct":0},"statements":{"total":20,"covered":0,"skipped":0,"pct":0},"branches":{"total":11,"covered":0,"skipped":0,"pct":0}}
,"/home/jesse/wsl-projects/personal/typescript/ai.jereko.dev/src/components/chat/errors/CompatibilityError.ui.tsx": {"lines":{"total":37,"covered":0,"skipped":0,"pct":0},"functions":{"total":3,"covered":0,"skipped":0,"pct":0},"statements":{"total":39,"covered":0,"skipped":0,"pct":0},"branches":{"total":52,"covered":0,"skipped":0,"pct":0}}
,"/home/jesse/wsl-projects/personal/typescript/ai.jereko.dev/src/components/chat/errors/ErrorBanner.tsx": {"lines":{"total":8,"covered":0,"skipped":0,"pct":0},"functions":{"total":2,"covered":0,"skipped":0,"pct":0},"statements":{"total":8,"covered":0,"skipped":0,"pct":0},"branches":{"total":2,"covered":0,"skipped":0,"pct":0}}
,"/home/jesse/wsl-projects/personal/typescript/ai.jereko.dev/src/components/chat/errors/ErrorBanner.ui.tsx": {"lines":{"total":6,"covered":0,"skipped":0,"pct":0},"functions":{"total":0,"covered":0,"skipped":0,"pct":100},"statements":{"total":6,"covered":0,"skipped":0,"pct":0},"branches":{"total":5,"covered":0,"skipped":0,"pct":0}}
,"/home/jesse/wsl-projects/personal/typescript/ai.jereko.dev/src/components/chat/input/ChatInput.tsx": {"lines":{"total":24,"covered":0,"skipped":0,"pct":0},"functions":{"total":5,"covered":0,"skipped":0,"pct":0},"statements":{"total":24,"covered":0,"skipped":0,"pct":0},"branches":{"total":7,"covered":0,"skipped":0,"pct":0}}
,"/home/jesse/wsl-projects/personal/typescript/ai.jereko.dev/src/components/chat/input/ChatInput.ui.tsx": {"lines":{"total":11,"covered":0,"skipped":0,"pct":0},"functions":{"total":3,"covered":0,"skipped":0,"pct":0},"statements":{"total":11,"covered":0,"skipped":0,"pct":0},"branches":{"total":24,"covered":0,"skipped":0,"pct":0}}
,"/home/jesse/wsl-projects/personal/typescript/ai.jereko.dev/src/components/chat/messages/MessageItem.tsx": {"lines":{"total":30,"covered":0,"skipped":0,"pct":0},"functions":{"total":7,"covered":0,"skipped":0,"pct":0},"statements":{"total":32,"covered":0,"skipped":0,"pct":0},"branches":{"total":13,"covered":0,"skipped":0,"pct":0}}
,"/home/jesse/wsl-projects/personal/typescript/ai.jereko.dev/src/components/chat/messages/MessageItem.ui.tsx": {"lines":{"total":10,"covered":0,"skipped":0,"pct":0},"functions":{"total":4,"covered":0,"skipped":0,"pct":0},"statements":{"total":10,"covered":0,"skipped":0,"pct":0},"branches":{"total":42,"covered":0,"skipped":0,"pct":0}}
,"/home/jesse/wsl-projects/personal/typescript/ai.jereko.dev/src/components/chat/messages/MessageList.tsx": {"lines":{"total":11,"covered":0,"skipped":0,"pct":0},"functions":{"total":3,"covered":0,"skipped":0,"pct":0},"statements":{"total":11,"covered":0,"skipped":0,"pct":0},"branches":{"total":10,"covered":0,"skipped":0,"pct":0}}
,"/home/jesse/wsl-projects/personal/typescript/ai.jereko.dev/src/components/chat/messages/MessageList.ui.tsx": {"lines":{"total":5,"covered":0,"skipped":0,"pct":0},"functions":{"total":2,"covered":0,"skipped":0,"pct":0},"statements":{"total":5,"covered":0,"skipped":0,"pct":0},"branches":{"total":6,"covered":0,"skipped":0,"pct":0}}
,"/home/jesse/wsl-projects/personal/typescript/ai.jereko.dev/src/components/chat/settings/SettingsPanel.tsx": {"lines":{"total":6,"covered":0,"skipped":0,"pct":0},"functions":{"total":2,"covered":0,"skipped":0,"pct":0},"statements":{"total":6,"covered":0,"skipped":0,"pct":0},"branches":{"total":0,"covered":0,"skipped":0,"pct":100}}
,"/home/jesse/wsl-projects/personal/typescript/ai.jereko.dev/src/components/chat/settings/SettingsPanel.ui.tsx": {"lines":{"total":1,"covered":0,"skipped":0,"pct":0},"functions":{"total":0,"covered":0,"skipped":0,"pct":100},"statements":{"total":1,"covered":0,"skipped":0,"pct":0},"branches":{"total":0,"covered":0,"skipped":0,"pct":100}}
,"/home/jesse/wsl-projects/personal/typescript/ai.jereko.dev/src/components/chat/sidebar/ChatHeader.tsx": {"lines":{"total":5,"covered":0,"skipped":0,"pct":0},"functions":{"total":1,"covered":0,"skipped":0,"pct":0},"statements":{"total":5,"covered":0,"skipped":0,"pct":0},"branches":{"total":7,"covered":0,"skipped":0,"pct":0}}
,"/home/jesse/wsl-projects/personal/typescript/ai.jereko.dev/src/components/chat/sidebar/ConversationSidebar.tsx": {"lines":{"total":37,"covered":0,"skipped":0,"pct":0},"functions":{"total":16,"covered":0,"skipped":0,"pct":0},"statements":{"total":43,"covered":0,"skipped":0,"pct":0},"branches":{"total":8,"covered":0,"skipped":0,"pct":0}}
,"/home/jesse/wsl-projects/personal/typescript/ai.jereko.dev/src/components/chat/sidebar/ConversationSidebar.ui.tsx": {"lines":{"total":40,"covered":0,"skipped":0,"pct":0},"functions":{"total":6,"covered":0,"skipped":0,"pct":0},"statements":{"total":44,"covered":0,"skipped":0,"pct":0},"branches":{"total":56,"covered":0,"skipped":0,"pct":0}}
,"/home/jesse/wsl-projects/personal/typescript/ai.jereko.dev/src/components/providers/ThemeProvider.tsx": {"lines":{"total":17,"covered":0,"skipped":0,"pct":0},"functions":{"total":4,"covered":0,"skipped":0,"pct":0},"statements":{"total":21,"covered":0,"skipped":0,"pct":0},"branches":{"total":8,"covered":0,"skipped":0,"pct":0}}
,"/home/jesse/wsl-projects/personal/typescript/ai.jereko.dev/src/components/settings/SettingsPage.tsx": {"lines":{"total":40,"covered":0,"skipped":0,"pct":0},"functions":{"total":14,"covered":0,"skipped":0,"pct":0},"statements":{"total":41,"covered":0,"skipped":0,"pct":0},"branches":{"total":8,"covered":0,"skipped":0,"pct":0}}
,"/home/jesse/wsl-projects/personal/typescript/ai.jereko.dev/src/components/settings/SettingsPage.ui.tsx": {"lines":{"total":22,"covered":0,"skipped":0,"pct":0},"functions":{"total":13,"covered":0,"skipped":0,"pct":0},"statements":{"total":22,"covered":0,"skipped":0,"pct":0},"branches":{"total":39,"covered":0,"skipped":0,"pct":0}}
,"/home/jesse/wsl-projects/personal/typescript/ai.jereko.dev/src/components/ui/button.tsx": {"lines":{"total":3,"covered":0,"skipped":0,"pct":0},"functions":{"total":0,"covered":0,"skipped":0,"pct":100},"statements":{"total":3,"covered":0,"skipped":0,"pct":0},"branches":{"total":3,"covered":0,"skipped":0,"pct":0}}
,"/home/jesse/wsl-projects/personal/typescript/ai.jereko.dev/src/components/ui/card.tsx": {"lines":{"total":7,"covered":0,"skipped":0,"pct":0},"functions":{"total":0,"covered":0,"skipped":0,"pct":100},"statements":{"total":7,"covered":0,"skipped":0,"pct":0},"branches":{"total":0,"covered":0,"skipped":0,"pct":100}}
,"/home/jesse/wsl-projects/personal/typescript/ai.jereko.dev/src/components/ui/dropdown-menu.tsx": {"lines":{"total":15,"covered":0,"skipped":0,"pct":0},"functions":{"total":0,"covered":0,"skipped":0,"pct":100},"statements":{"total":15,"covered":0,"skipped":0,"pct":0},"branches":{"total":2,"covered":0,"skipped":0,"pct":0}}
,"/home/jesse/wsl-projects/personal/typescript/ai.jereko.dev/src/components/ui/input.tsx": {"lines":{"total":1,"covered":0,"skipped":0,"pct":0},"functions":{"total":0,"covered":0,"skipped":0,"pct":100},"statements":{"total":1,"covered":0,"skipped":0,"pct":0},"branches":{"total":0,"covered":0,"skipped":0,"pct":100}}
,"/home/jesse/wsl-projects/personal/typescript/ai.jereko.dev/src/components/ui/number-stepper.tsx": {"lines":{"total":22,"covered":0,"skipped":0,"pct":0},"functions":{"total":2,"covered":0,"skipped":0,"pct":0},"statements":{"total":22,"covered":0,"skipped":0,"pct":0},"branches":{"total":15,"covered":0,"skipped":0,"pct":0}}
,"/home/jesse/wsl-projects/personal/typescript/ai.jereko.dev/src/components/ui/scroll-area.tsx": {"lines":{"total":2,"covered":0,"skipped":0,"pct":0},"functions":{"total":0,"covered":0,"skipped":0,"pct":100},"statements":{"total":2,"covered":0,"skipped":0,"pct":0},"branches":{"total":5,"covered":0,"skipped":0,"pct":0}}
,"/home/jesse/wsl-projects/personal/typescript/ai.jereko.dev/src/components/ui/select.tsx": {"lines":{"total":10,"covered":0,"skipped":0,"pct":0},"functions":{"total":0,"covered":0,"skipped":0,"pct":100},"statements":{"total":10,"covered":0,"skipped":0,"pct":0},"branches":{"total":7,"covered":0,"skipped":0,"pct":0}}
,"/home/jesse/wsl-projects/personal/typescript/ai.jereko.dev/src/components/ui/separator.tsx": {"lines":{"total":1,"covered":0,"skipped":0,"pct":0},"functions":{"total":0,"covered":0,"skipped":0,"pct":100},"statements":{"total":1,"covered":0,"skipped":0,"pct":0},"branches":{"total":2,"covered":0,"skipped":0,"pct":0}}
,"/home/jesse/wsl-projects/personal/typescript/ai.jereko.dev/src/components/ui/sheet.tsx": {"lines":{"total":11,"covered":0,"skipped":0,"pct":0},"functions":{"total":0,"covered":0,"skipped":0,"pct":100},"statements":{"total":11,"covered":0,"skipped":0,"pct":0},"branches":{"total":9,"covered":0,"skipped":0,"pct":0}}
,"/home/jesse/wsl-projects/personal/typescript/ai.jereko.dev/src/components/ui/skeleton.tsx": {"lines":{"total":1,"covered":0,"skipped":0,"pct":0},"functions":{"total":0,"covered":0,"skipped":0,"pct":100},"statements":{"total":1,"covered":0,"skipped":0,"pct":0},"branches":{"total":0,"covered":0,"skipped":0,"pct":100}}
,"/home/jesse/wsl-projects/personal/typescript/ai.jereko.dev/src/components/ui/textarea.tsx": {"lines":{"total":1,"covered":0,"skipped":0,"pct":0},"functions":{"total":0,"covered":0,"skipped":0,"pct":100},"statements":{"total":1,"covered":0,"skipped":0,"pct":0},"branches":{"total":0,"covered":0,"skipped":0,"pct":100}}
,"/home/jesse/wsl-projects/personal/typescript/ai.jereko.dev/src/components/ui/tooltip.tsx": {"lines":{"total":5,"covered":0,"skipped":0,"pct":0},"functions":{"total":0,"covered":0,"skipped":0,"pct":100},"statements":{"total":5,"covered":0,"skipped":0,"pct":0},"branches":{"total":2,"covered":0,"skipped":0,"pct":0}}
,"/home/jesse/wsl-projects/personal/typescript/ai.jereko.dev/src/components/usage/UsagePage.tsx": {"lines":{"total":15,"covered":0,"skipped":0,"pct":0},"functions":{"total":9,"covered":0,"skipped":0,"pct":0},"statements":{"total":18,"covered":0,"skipped":0,"pct":0},"branches":{"total":15,"covered":0,"skipped":0,"pct":0}}
,"/home/jesse/wsl-projects/personal/typescript/ai.jereko.dev/src/components/usage/UsagePage.ui.tsx": {"lines":{"total":29,"covered":0,"skipped":0,"pct":0},"functions":{"total":17,"covered":0,"skipped":0,"pct":0},"statements":{"total":30,"covered":0,"skipped":0,"pct":0},"branches":{"total":26,"covered":0,"skipped":0,"pct":0}}
,"/home/jesse/wsl-projects/personal/typescript/ai.jereko.dev/src/lib/utils.ts": {"lines":{"total":1,"covered":1,"skipped":0,"pct":100},"functions":{"total":0,"covered":0,"skipped":0,"pct":100},"statements":{"total":1,"covered":1,"skipped":0,"pct":100},"branches":{"total":0,"covered":0,"skipped":0,"pct":100}}
,"/home/jesse/wsl-projects/personal/typescript/ai.jereko.dev/src/lib/ai/compat.ts": {"lines":{"total":73,"covered":0,"skipped":0,"pct":0},"functions":{"total":4,"covered":0,"skipped":0,"pct":0},"statements":{"total":77,"covered":0,"skipped":0,"pct":0},"branches":{"total":42,"covered":0,"skipped":0,"pct":0}}
,"/home/jesse/wsl-projects/personal/typescript/ai.jereko.dev/src/lib/ai/hooks.ts": {"lines":{"total":37,"covered":0,"skipped":0,"pct":0},"functions":{"total":4,"covered":0,"skipped":0,"pct":0},"statements":{"total":37,"covered":0,"skipped":0,"pct":0},"branches":{"total":6,"covered":0,"skipped":0,"pct":0}}
,"/home/jesse/wsl-projects/personal/typescript/ai.jereko.dev/src/lib/ai/prompt.ts": {"lines":{"total":52,"covered":0,"skipped":0,"pct":0},"functions":{"total":3,"covered":0,"skipped":0,"pct":0},"statements":{"total":53,"covered":0,"skipped":0,"pct":0},"branches":{"total":21,"covered":0,"skipped":0,"pct":0}}
,"/home/jesse/wsl-projects/personal/typescript/ai.jereko.dev/src/lib/ai/store.ts": {"lines":{"total":5,"covered":0,"skipped":0,"pct":0},"functions":{"total":0,"covered":0,"skipped":0,"pct":100},"statements":{"total":5,"covered":0,"skipped":0,"pct":0},"branches":{"total":0,"covered":0,"skipped":0,"pct":100}}
,"/home/jesse/wsl-projects/personal/typescript/ai.jereko.dev/src/lib/ai/titleGenerator.ts": {"lines":{"total":24,"covered":1,"skipped":0,"pct":4.16},"functions":{"total":0,"covered":0,"skipped":0,"pct":100},"statements":{"total":24,"covered":1,"skipped":0,"pct":4.16},"branches":{"total":4,"covered":0,"skipped":0,"pct":0}}
,"/home/jesse/wsl-projects/personal/typescript/ai.jereko.dev/src/lib/ai/tools/datetime.ts": {"lines":{"total":12,"covered":0,"skipped":0,"pct":0},"functions":{"total":0,"covered":0,"skipped":0,"pct":100},"statements":{"total":12,"covered":0,"skipped":0,"pct":0},"branches":{"total":2,"covered":0,"skipped":0,"pct":0}}
,"/home/jesse/wsl-projects/personal/typescript/ai.jereko.dev/src/lib/ai/tools/index.ts": {"lines":{"total":1,"covered":0,"skipped":0,"pct":0},"functions":{"total":0,"covered":0,"skipped":0,"pct":100},"statements":{"total":1,"covered":0,"skipped":0,"pct":0},"branches":{"total":0,"covered":0,"skipped":0,"pct":100}}
,"/home/jesse/wsl-projects/personal/typescript/ai.jereko.dev/src/lib/ai/tools/weather.ts": {"lines":{"total":25,"covered":0,"skipped":0,"pct":0},"functions":{"total":0,"covered":0,"skipped":0,"pct":100},"statements":{"total":25,"covered":0,"skipped":0,"pct":0},"branches":{"total":10,"covered":0,"skipped":0,"pct":0}}
,"/home/jesse/wsl-projects/personal/typescript/ai.jereko.dev/src/lib/hooks/useNavigation.ts": {"lines":{"total":35,"covered":0,"skipped":0,"pct":0},"functions":{"total":18,"covered":0,"skipped":0,"pct":0},"statements":{"total":35,"covered":0,"skipped":0,"pct":0},"branches":{"total":14,"covered":0,"skipped":0,"pct":0}}
,"/home/jesse/wsl-projects/personal/typescript/ai.jereko.dev/src/lib/pwa/registerSW.ts": {"lines":{"total":29,"covered":0,"skipped":0,"pct":0},"functions":{"total":5,"covered":0,"skipped":0,"pct":0},"statements":{"total":33,"covered":0,"skipped":0,"pct":0},"branches":{"total":8,"covered":0,"skipped":0,"pct":0}}
,"/home/jesse/wsl-projects/personal/typescript/ai.jereko.dev/src/lib/stores/chat.ts": {"lines":{"total":63,"covered":18,"skipped":0,"pct":28.57},"functions":{"total":7,"covered":1,"skipped":0,"pct":14.28},"statements":{"total":65,"covered":18,"skipped":0,"pct":27.69},"branches":{"total":20,"covered":5,"skipped":0,"pct":25}}
,"/home/jesse/wsl-projects/personal/typescript/ai.jereko.dev/src/lib/stores/conversations.ts": {"lines":{"total":242,"covered":180,"skipped":0,"pct":74.38},"functions":{"total":36,"covered":26,"skipped":0,"pct":72.22},"statements":{"total":269,"covered":194,"skipped":0,"pct":72.11},"branches":{"total":57,"covered":29,"skipped":0,"pct":50.87}}
,"/home/jesse/wsl-projects/personal/typescript/ai.jereko.dev/src/lib/stores/errors.ts": {"lines":{"total":25,"covered":0,"skipped":0,"pct":0},"functions":{"total":0,"covered":0,"skipped":0,"pct":100},"statements":{"total":25,"covered":0,"skipped":0,"pct":0},"branches":{"total":26,"covered":0,"skipped":0,"pct":0}}
,"/home/jesse/wsl-projects/personal/typescript/ai.jereko.dev/src/lib/stores/hydration.ts": {"lines":{"total":3,"covered":1,"skipped":0,"pct":33.33},"functions":{"total":0,"covered":0,"skipped":0,"pct":100},"statements":{"total":3,"covered":1,"skipped":0,"pct":33.33},"branches":{"total":2,"covered":0,"skipped":0,"pct":0}}
,"/home/jesse/wsl-projects/personal/typescript/ai.jereko.dev/src/lib/stores/imageStorage.ts": {"lines":{"total":81,"covered":4,"skipped":0,"pct":4.93},"functions":{"total":11,"covered":0,"skipped":0,"pct":0},"statements":{"total":85,"covered":4,"skipped":0,"pct":4.7},"branches":{"total":6,"covered":0,"skipped":0,"pct":0}}
,"/home/jesse/wsl-projects/personal/typescript/ai.jereko.dev/src/lib/stores/settings.ts": {"lines":{"total":100,"covered":63,"skipped":0,"pct":63},"functions":{"total":9,"covered":9,"skipped":0,"pct":100},"statements":{"total":110,"covered":64,"skipped":0,"pct":58.18},"branches":{"total":31,"covered":10,"skipped":0,"pct":32.25}}
,"/home/jesse/wsl-projects/personal/typescript/ai.jereko.dev/src/lib/stores/usage.ts": {"lines":{"total":85,"covered":0,"skipped":0,"pct":0},"functions":{"total":6,"covered":0,"skipped":0,"pct":0},"statements":{"total":93,"covered":0,"skipped":0,"pct":0},"branches":{"total":46,"covered":0,"skipped":0,"pct":0}}
,"/home/jesse/wsl-projects/personal/typescript/ai.jereko.dev/src/lib/utils/markdown.tsx": {"lines":{"total":86,"covered":0,"skipped":0,"pct":0},"functions":{"total":8,"covered":0,"skipped":0,"pct":0},"statements":{"total":90,"covered":0,"skipped":0,"pct":0},"branches":{"total":24,"covered":0,"skipped":0,"pct":0}}
,"/home/jesse/wsl-projects/personal/typescript/ai.jereko.dev/src/routes/__root.tsx": {"lines":{"total":2,"covered":0,"skipped":0,"pct":0},"functions":{"total":0,"covered":0,"skipped":0,"pct":100},"statements":{"total":2,"covered":0,"skipped":0,"pct":0},"branches":{"total":0,"covered":0,"skipped":0,"pct":100}}
,"/home/jesse/wsl-projects/personal/typescript/ai.jereko.dev/src/routes/index.tsx": {"lines":{"total":3,"covered":0,"skipped":0,"pct":0},"functions":{"total":1,"covered":0,"skipped":0,"pct":0},"statements":{"total":3,"covered":0,"skipped":0,"pct":0},"branches":{"total":10,"covered":0,"skipped":0,"pct":0}}
,"/home/jesse/wsl-projects/personal/typescript/ai.jereko.dev/src/routes/settings.tsx": {"lines":{"total":1,"covered":0,"skipped":0,"pct":0},"functions":{"total":0,"covered":0,"skipped":0,"pct":100},"statements":{"total":1,"covered":0,"skipped":0,"pct":0},"branches":{"total":0,"covered":0,"skipped":0,"pct":100}}
,"/home/jesse/wsl-projects/personal/typescript/ai.jereko.dev/src/routes/usage.tsx": {"lines":{"total":1,"covered":0,"skipped":0,"pct":0},"functions":{"total":0,"covered":0,"skipped":0,"pct":100},"statements":{"total":1,"covered":0,"skipped":0,"pct":0},"branches":{"total":0,"covered":0,"skipped":0,"pct":100}}
}
