TN:
SF:src/routeTree.gen.ts
FN:19,(anonymous_0)
FN:24,(anonymous_1)
FN:29,(anonymous_2)
FNF:3
FNH:0
FNDA:0,(anonymous_0)
FNDA:0,(anonymous_1)
FNDA:0,(anonymous_2)
DA:16,0
DA:19,0
DA:21,0
DA:24,0
DA:26,0
DA:29,0
DA:88,0
DA:93,0
LF:8
LH:0
BRF:0
BRH:0
end_of_record
TN:
SF:src/router.tsx
FNF:0
FNH:0
DA:9,0
LF:1
LH:0
BRF:0
BRH:0
end_of_record
TN:
SF:src/components/chat/container/ChatContainer.tsx
FN:145,(anonymous_0)
FN:216,(anonymous_1)
FN:338,(anonymous_2)
FN:347,(anonymous_3)
FN:368,(anonymous_4)
FN:374,(anonymous_5)
FN:395,(anonymous_6)
FN:402,(anonymous_7)
FN:406,(anonymous_8)
FNF:9
FNH:4
FNDA:15,(anonymous_0)
FNDA:0,(anonymous_1)
FNDA:12,(anonymous_2)
FNDA:0,(anonymous_3)
FNDA:14,(anonymous_4)
FNDA:0,(anonymous_5)
FNDA:1,(anonymous_6)
FNDA:0,(anonymous_7)
FNDA:0,(anonymous_8)
DA:46,1
DA:52,13
DA:56,1
DA:71,1
DA:72,1
DA:73,1
DA:76,1
DA:80,0
DA:81,0
DA:83,0
DA:87,0
DA:89,0
DA:100,1
DA:102,0
DA:109,0
DA:121,0
DA:123,2
DA:127,15
DA:129,15
DA:130,15
DA:131,15
DA:134,15
DA:135,15
DA:137,15
DA:144,15
DA:153,15
DA:156,15
DA:157,15
DA:160,15
DA:163,15
DA:164,15
DA:167,15
DA:169,15
DA:170,15
DA:174,15
DA:178,14
DA:180,14
DA:184,15
DA:185,15
DA:186,15
DA:189,15
DA:192,15
DA:201,0
DA:206,18
DA:207,18
DA:211,3
DA:213,3
DA:214,3
DA:218,0
DA:223,3
DA:227,3
DA:229,3
DA:233,3
DA:240,1
DA:244,1
DA:247,1
DA:252,1
DA:257,1
DA:265,1
DA:272,1
DA:273,1
DA:274,1
DA:276,1
DA:286,1
DA:297,1
DA:298,1
DA:300,3
DA:304,1
DA:309,1
DA:315,13
DA:319,0
DA:321,0
DA:326,0
DA:327,0
DA:328,0
DA:332,13
DA:338,12
DA:339,12
DA:345,1
DA:346,1
DA:347,1
DA:348,0
DA:356,15
DA:357,15
DA:358,15
DA:359,15
DA:360,15
DA:367,15
DA:369,14
DA:374,15
DA:376,0
DA:378,0
DA:379,0
DA:382,0
DA:384,0
DA:385,0
DA:389,0
DA:390,0
DA:395,15
DA:397,1
DA:402,15
DA:403,0
DA:406,15
DA:407,0
DA:410,15
DA:418,0
DA:421,15
LF:107
LH:80
BRDA:71,0,0,1
BRDA:71,0,1,0
BRDA:73,1,0,1
BRDA:73,1,1,0
BRDA:75,2,0,1
BRDA:75,2,1,1
BRDA:79,3,0,0
BRDA:79,3,1,0
BRDA:82,4,0,0
BRDA:82,4,1,0
BRDA:147,5,0,15
BRDA:153,6,0,15
BRDA:156,7,0,15
BRDA:156,7,1,14
BRDA:218,8,0,0
BRDA:218,8,1,0
BRDA:218,8,2,0
BRDA:237,9,0,3
BRDA:237,9,1,2
BRDA:268,10,0,1
BRDA:268,10,1,1
BRDA:337,11,0,13
BRDA:337,11,1,12
BRDA:384,12,0,0
BRDA:384,12,1,0
BRDA:417,13,0,15
BRDA:417,13,1,15
BRDA:417,13,2,15
BRF:28
BRH:17
end_of_record
TN:
SF:src/components/chat/container/ChatContainer.ui.tsx
FNF:0
FNH:0
DA:23,15
LF:1
LH:1
BRDA:20,0,0,15
BRDA:29,1,0,15
BRDA:29,1,1,15
BRDA:37,2,0,0
BRDA:37,2,1,15
BRDA:47,3,0,15
BRDA:47,3,1,15
BRDA:47,3,2,0
BRDA:62,4,0,15
BRDA:62,4,1,15
BRDA:80,5,0,15
BRDA:80,5,1,15
BRF:12
BRH:10
end_of_record
TN:
SF:src/components/chat/errors/CompatibilityError.tsx
FN:20,(anonymous_0)
FN:26,(anonymous_1)
FNF:2
FNH:0
FNDA:0,(anonymous_0)
FNDA:0,(anonymous_1)
DA:13,0
DA:14,0
DA:15,0
DA:16,0
DA:18,0
DA:20,0
DA:21,0
DA:22,0
DA:23,0
DA:26,0
DA:27,0
DA:32,0
DA:34,0
DA:37,0
DA:41,0
DA:48,0
DA:49,0
DA:50,0
DA:64,0
DA:67,0
LF:20
LH:0
BRDA:38,0,0,0
BRDA:38,0,1,0
BRDA:47,1,0,0
BRDA:47,1,1,0
BRDA:47,1,2,0
BRDA:71,2,0,0
BRDA:71,2,1,0
BRDA:79,3,0,0
BRDA:79,3,1,0
BRDA:79,4,0,0
BRDA:79,4,1,0
BRF:11
BRH:0
end_of_record
TN:
SF:src/components/chat/errors/CompatibilityError.ui.tsx
FN:47,(anonymous_0)
FN:50,(anonymous_1)
FN:94,(anonymous_2)
FNF:3
FNH:0
FNDA:0,(anonymous_0)
FNDA:0,(anonymous_1)
FNDA:0,(anonymous_2)
DA:45,0
DA:47,0
DA:48,0
DA:49,0
DA:50,0
DA:53,0
DA:91,0
DA:92,0
DA:94,0
DA:97,0
DA:101,0
DA:107,0
DA:110,0
DA:124,0
DA:132,0
DA:134,0
DA:139,0
DA:143,0
DA:146,0
DA:148,0
DA:167,0
DA:168,0
DA:169,0
DA:170,0
DA:171,0
DA:189,0
DA:193,0
DA:195,0
DA:197,0
DA:204,0
DA:206,0
DA:208,0
DA:210,0
DA:212,0
DA:217,0
DA:219,0
DA:221,0
LF:37
LH:0
BRDA:58,0,0,0
BRDA:58,0,1,0
BRDA:63,1,0,0
BRDA:63,1,1,0
BRDA:68,2,0,0
BRDA:68,2,1,0
BRDA:101,3,0,0
BRDA:101,3,1,0
BRDA:101,3,2,0
BRDA:146,4,0,0
BRDA:146,4,1,0
BRDA:152,5,0,0
BRDA:152,5,1,0
BRDA:152,6,0,0
BRDA:152,6,1,0
BRDA:167,7,0,0
BRDA:167,7,1,0
BRDA:179,8,0,0
BRDA:180,9,0,0
BRDA:181,10,0,0
BRDA:182,11,0,0
BRDA:217,12,0,0
BRDA:217,12,1,0
BRDA:219,13,0,0
BRDA:219,13,1,0
BRDA:243,14,0,0
BRDA:243,14,1,0
BRDA:250,15,0,0
BRDA:250,15,1,0
BRDA:250,15,2,0
BRDA:250,15,3,0
BRDA:261,16,0,0
BRDA:261,16,1,0
BRDA:270,17,0,0
BRDA:270,17,1,0
BRDA:270,17,2,0
BRDA:298,18,0,0
BRDA:298,18,1,0
BRDA:298,18,2,0
BRDA:310,19,0,0
BRDA:310,19,1,0
BRDA:310,19,2,0
BRDA:321,20,0,0
BRDA:321,20,1,0
BRDA:321,21,0,0
BRDA:321,21,1,0
BRDA:329,22,0,0
BRDA:329,22,1,0
BRDA:334,23,0,0
BRDA:334,23,1,0
BRDA:340,24,0,0
BRDA:340,24,1,0
BRF:52
BRH:0
end_of_record
TN:
SF:src/components/chat/errors/ErrorBanner.tsx
FN:9,(anonymous_0)
FN:16,(anonymous_1)
FNF:2
FNH:0
FNDA:0,(anonymous_0)
FNDA:0,(anonymous_1)
DA:7,0
DA:9,0
DA:11,0
DA:12,0
DA:16,0
DA:17,0
DA:21,0
DA:24,0
LF:8
LH:0
BRDA:30,0,0,0
BRDA:30,0,1,0
BRF:2
BRH:0
end_of_record
TN:
SF:src/components/chat/errors/ErrorBanner.ui.tsx
FNF:0
FNH:0
DA:25,0
DA:35,0
DA:45,0
DA:63,0
DA:65,0
DA:104,0
LF:6
LH:0
BRDA:86,0,0,0
BRDA:86,0,1,0
BRDA:86,0,2,0
BRDA:98,1,0,0
BRDA:98,1,1,0
BRF:5
BRH:0
end_of_record
TN:
SF:src/components/chat/input/ChatInput.tsx
FN:29,(anonymous_0)
FN:33,(anonymous_1)
FN:45,(anonymous_2)
FN:47,(anonymous_3)
FN:68,(anonymous_4)
FNF:5
FNH:0
FNDA:0,(anonymous_0)
FNDA:0,(anonymous_1)
FNDA:0,(anonymous_2)
FNDA:0,(anonymous_3)
FNDA:0,(anonymous_4)
DA:16,0
DA:25,0
DA:26,0
DA:27,0
DA:29,0
DA:30,0
DA:33,0
DA:34,0
DA:35,0
DA:39,0
DA:40,0
DA:41,0
DA:45,0
DA:47,0
DA:50,0
DA:51,0
DA:55,0
DA:56,0
DA:58,0
DA:61,0
DA:64,0
DA:68,0
DA:69,0
DA:72,0
LF:24
LH:0
BRDA:24,0,0,0
BRDA:35,1,0,0
BRDA:35,1,1,0
BRDA:38,2,0,0
BRDA:38,2,1,0
BRDA:39,3,0,0
BRDA:39,3,1,0
BRF:7
BRH:0
end_of_record
TN:
SF:src/components/chat/input/ChatInput.ui.tsx
FN:68,(anonymous_0)
FN:82,(anonymous_1)
FN:129,(anonymous_2)
FNF:3
FNH:0
FNDA:0,(anonymous_0)
FNDA:0,(anonymous_1)
FNDA:0,(anonymous_2)
DA:33,0
DA:37,0
DA:43,0
DA:50,0
DA:52,0
DA:57,0
DA:60,0
DA:62,0
DA:69,0
DA:82,0
DA:129,0
LF:11
LH:0
BRDA:28,0,0,0
BRDA:29,1,0,0
BRDA:30,2,0,0
BRDA:31,3,0,0
BRDA:36,4,0,0
BRDA:36,4,1,0
BRDA:39,5,0,0
BRDA:39,5,1,0
BRDA:39,5,2,0
BRDA:39,5,3,0
BRDA:49,6,0,0
BRDA:49,6,1,0
BRDA:60,7,0,0
BRDA:60,7,1,0
BRDA:66,8,0,0
BRDA:66,8,1,0
BRDA:76,9,0,0
BRDA:76,9,1,0
BRDA:117,10,0,0
BRDA:117,10,1,0
BRDA:132,11,0,0
BRDA:132,11,1,0
BRDA:165,12,0,0
BRDA:165,12,1,0
BRF:24
BRH:0
end_of_record
TN:
SF:src/components/chat/messages/MessageItem.tsx
FN:27,(anonymous_0)
FN:35,(anonymous_1)
FN:47,(anonymous_2)
FN:50,(anonymous_3)
FN:77,(anonymous_4)
FN:81,(anonymous_5)
FN:87,(anonymous_6)
FNF:7
FNH:0
FNDA:0,(anonymous_0)
FNDA:0,(anonymous_1)
FNDA:0,(anonymous_2)
FNDA:0,(anonymous_3)
FNDA:0,(anonymous_4)
FNDA:0,(anonymous_5)
FNDA:0,(anonymous_6)
DA:21,0
DA:22,0
DA:23,0
DA:24,0
DA:27,0
DA:30,0
DA:31,0
DA:35,0
DA:36,0
DA:41,0
DA:42,0
DA:47,0
DA:50,0
DA:52,0
DA:54,0
DA:60,0
DA:63,0
DA:65,0
DA:66,0
DA:70,0
DA:74,0
DA:77,0
DA:78,0
DA:79,0
DA:80,0
DA:81,0
DA:87,0
DA:90,0
DA:92,0
DA:96,0
LF:30
LH:0
BRDA:17,0,0,0
BRDA:29,1,0,0
BRDA:29,1,1,0
BRDA:36,2,0,0
BRDA:36,2,1,0
BRDA:51,3,0,0
BRDA:51,3,1,0
BRDA:74,4,0,0
BRDA:74,4,1,0
BRDA:88,5,0,0
BRDA:88,5,1,0
BRDA:104,6,0,0
BRDA:104,6,1,0
BRF:13
BRH:0
end_of_record
TN:
SF:src/components/chat/messages/MessageItem.ui.tsx
FN:46,(anonymous_0)
FN:63,(anonymous_1)
FN:111,(anonymous_2)
FN:141,(anonymous_3)
FNF:4
FNH:0
FNDA:0,(anonymous_0)
FNDA:0,(anonymous_1)
FNDA:0,(anonymous_2)
FNDA:0,(anonymous_3)
DA:34,0
DA:35,0
DA:36,0
DA:40,0
DA:46,0
DA:53,0
DA:54,0
DA:63,0
DA:112,0
DA:142,0
LF:10
LH:0
BRDA:28,0,0,0
BRDA:29,1,0,0
BRDA:35,2,0,0
BRDA:35,2,1,0
BRDA:43,3,0,0
BRDA:43,3,1,0
BRDA:61,4,0,0
BRDA:61,4,1,0
BRDA:71,5,0,0
BRDA:71,5,1,0
BRDA:79,6,0,0
BRDA:79,6,1,0
BRDA:95,7,0,0
BRDA:95,7,1,0
BRDA:100,8,0,0
BRDA:100,8,1,0
BRDA:104,9,0,0
BRDA:104,9,1,0
BRDA:108,10,0,0
BRDA:108,10,1,0
BRDA:116,11,0,0
BRDA:116,11,1,0
BRDA:124,12,0,0
BRDA:124,12,1,0
BRDA:129,13,0,0
BRDA:129,13,1,0
BRDA:139,14,0,0
BRDA:139,14,1,0
BRDA:156,15,0,0
BRDA:156,15,1,0
BRDA:165,16,0,0
BRDA:165,16,1,0
BRDA:168,17,0,0
BRDA:168,17,1,0
BRDA:175,18,0,0
BRDA:175,18,1,0
BRDA:185,19,0,0
BRDA:185,19,1,0
BRDA:203,20,0,0
BRDA:203,20,1,0
BRDA:210,21,0,0
BRDA:210,21,1,0
BRF:42
BRH:0
end_of_record
TN:
SF:src/components/chat/messages/MessageList.tsx
FN:19,(anonymous_0)
FN:38,(anonymous_1)
FN:47,(anonymous_2)
FNF:3
FNH:0
FNDA:0,(anonymous_0)
FNDA:0,(anonymous_1)
FNDA:0,(anonymous_2)
DA:13,0
DA:14,0
DA:15,0
DA:16,0
DA:19,0
DA:21,0
DA:28,0
DA:37,0
DA:38,0
DA:41,0
DA:48,0
LF:11
LH:0
BRDA:28,0,0,0
BRDA:28,0,1,0
BRDA:28,1,0,0
BRDA:28,1,1,0
BRDA:37,2,0,0
BRDA:37,2,1,0
BRDA:43,3,0,0
BRDA:43,3,1,0
BRDA:44,4,0,0
BRDA:44,4,1,0
BRF:10
BRH:0
end_of_record
TN:
SF:src/components/chat/messages/MessageList.ui.tsx
FN:15,(anonymous_0)
FN:38,(anonymous_1)
FNF:2
FNH:0
FNDA:0,(anonymous_0)
FNDA:0,(anonymous_1)
DA:15,0
DA:16,0
DA:38,0
DA:45,0
DA:62,0
LF:5
LH:0
BRDA:40,0,0,0
BRDA:59,1,0,0
BRDA:65,2,0,0
BRDA:65,2,1,0
BRDA:87,3,0,0
BRDA:87,3,1,0
BRF:6
BRH:0
end_of_record
TN:
SF:src/components/chat/settings/SettingsPanel.tsx
FN:8,(anonymous_0)
FN:12,(anonymous_1)
FNF:2
FNH:0
FNDA:0,(anonymous_0)
FNDA:0,(anonymous_1)
DA:6,0
DA:8,0
DA:9,0
DA:12,0
DA:13,0
DA:16,0
LF:6
LH:0
BRF:0
BRH:0
end_of_record
TN:
SF:src/components/chat/settings/SettingsPanel.ui.tsx
FNF:0
FNH:0
DA:13,0
LF:1
LH:0
BRF:0
BRH:0
end_of_record
TN:
SF:src/components/chat/sidebar/ChatHeader.tsx
FN:27,(anonymous_0)
FNF:1
FNH:0
FNDA:0,(anonymous_0)
DA:24,0
DA:25,0
DA:27,0
DA:28,0
DA:31,0
LF:5
LH:0
BRDA:22,0,0,0
BRDA:44,1,0,0
BRDA:44,1,1,0
BRDA:52,2,0,0
BRDA:52,2,1,0
BRDA:63,3,0,0
BRDA:63,3,1,0
BRF:7
BRH:0
end_of_record
TN:
SF:src/components/chat/sidebar/ConversationSidebar.tsx
FN:24,(anonymous_0)
FN:38,(anonymous_1)
FN:39,(anonymous_2)
FN:40,(anonymous_3)
FN:44,(anonymous_4)
FN:45,(anonymous_5)
FN:57,(anonymous_6)
FN:63,(anonymous_7)
FN:69,(anonymous_8)
FN:79,(anonymous_9)
FN:80,(anonymous_10)
FN:96,(anonymous_11)
FN:97,(anonymous_12)
FN:106,(anonymous_13)
FN:110,(anonymous_14)
FN:114,(anonymous_15)
FNF:16
FNH:0
FNDA:0,(anonymous_0)
FNDA:0,(anonymous_1)
FNDA:0,(anonymous_2)
FNDA:0,(anonymous_3)
FNDA:0,(anonymous_4)
FNDA:0,(anonymous_5)
FNDA:0,(anonymous_6)
FNDA:0,(anonymous_7)
FNDA:0,(anonymous_8)
FNDA:0,(anonymous_9)
FNDA:0,(anonymous_10)
FNDA:0,(anonymous_11)
FNDA:0,(anonymous_12)
FNDA:0,(anonymous_13)
FNDA:0,(anonymous_14)
FNDA:0,(anonymous_15)
DA:21,0
DA:24,0
DA:25,0
DA:32,0
DA:33,0
DA:34,0
DA:38,0
DA:39,0
DA:40,0
DA:44,0
DA:45,0
DA:57,0
DA:59,0
DA:63,0
DA:64,0
DA:65,0
DA:66,0
DA:69,0
DA:72,0
DA:74,0
DA:79,0
DA:80,0
DA:81,0
DA:86,0
DA:91,0
DA:96,0
DA:97,0
DA:98,0
DA:100,0
DA:102,0
DA:106,0
DA:107,0
DA:110,0
DA:111,0
DA:114,0
DA:115,0
DA:118,0
LF:37
LH:0
BRDA:25,0,0,0
BRDA:25,0,1,0
BRDA:81,1,0,0
BRDA:81,1,1,0
BRDA:98,2,0,0
BRDA:98,2,1,0
BRDA:101,3,0,0
BRDA:101,3,1,0
BRF:8
BRH:0
end_of_record
TN:
SF:src/components/chat/sidebar/ConversationSidebar.ui.tsx
FN:97,(anonymous_0)
FN:100,(anonymous_1)
FN:103,(anonymous_2)
FN:121,(anonymous_3)
FN:180,(anonymous_4)
FN:375,(anonymous_5)
FNF:6
FNH:0
FNDA:0,(anonymous_0)
FNDA:0,(anonymous_1)
FNDA:0,(anonymous_2)
FNDA:0,(anonymous_3)
FNDA:0,(anonymous_4)
FNDA:0,(anonymous_5)
DA:75,0
DA:78,0
DA:79,0
DA:80,0
DA:84,0
DA:85,0
DA:86,0
DA:87,0
DA:92,0
DA:93,0
DA:97,0
DA:98,0
DA:100,0
DA:101,0
DA:103,0
DA:104,0
DA:108,0
DA:109,0
DA:111,0
DA:121,0
DA:166,0
DA:180,0
DA:196,0
DA:197,0
DA:198,0
DA:212,0
DA:213,0
DA:215,0
DA:219,0
DA:243,0
DA:244,0
DA:245,0
DA:260,0
DA:261,0
DA:262,0
DA:284,0
DA:288,0
DA:291,0
DA:328,0
DA:330,0
LF:40
LH:0
BRDA:84,0,0,0
BRDA:84,0,1,0
BRDA:85,1,0,0
BRDA:85,1,1,0
BRDA:86,2,0,0
BRDA:86,2,1,0
BRDA:92,3,0,0
BRDA:92,3,1,0
BRDA:118,4,0,0
BRDA:118,4,1,0
BRDA:119,5,0,0
BRDA:119,5,1,0
BRDA:126,6,0,0
BRDA:126,6,1,0
BRDA:128,7,0,0
BRDA:128,7,1,0
BRDA:134,8,0,0
BRDA:134,8,1,0
BRDA:145,9,0,0
BRDA:145,9,1,0
BRDA:166,10,0,0
BRDA:166,10,1,0
BRDA:177,11,0,0
BRDA:177,11,1,0
BRDA:191,12,0,0
BRDA:191,12,1,0
BRDA:207,13,0,0
BRDA:207,13,1,0
BRDA:209,14,0,0
BRDA:209,14,1,0
BRDA:223,15,0,0
BRDA:223,15,1,0
BRDA:238,16,0,0
BRDA:238,16,1,0
BRDA:253,17,0,0
BRDA:253,17,1,0
BRDA:266,18,0,0
BRDA:266,18,1,0
BRDA:283,19,0,0
BRDA:283,19,1,0
BRDA:287,20,0,0
BRDA:287,20,1,0
BRDA:293,21,0,0
BRDA:293,21,1,0
BRDA:299,22,0,0
BRDA:299,22,1,0
BRDA:311,23,0,0
BRDA:311,23,1,0
BRDA:314,24,0,0
BRDA:314,24,1,0
BRDA:314,24,2,0
BRDA:328,25,0,0
BRDA:328,25,1,0
BRDA:328,25,2,0
BRDA:345,26,0,0
BRDA:345,26,1,0
BRF:56
BRH:0
end_of_record
TN:
SF:src/components/providers/ThemeProvider.tsx
FN:45,(anonymous_0)
FN:50,(anonymous_1)
FN:54,(anonymous_2)
FN:57,(anonymous_3)
FNF:4
FNH:0
FNDA:0,(anonymous_0)
FNDA:0,(anonymous_1)
FNDA:0,(anonymous_2)
FNDA:0,(anonymous_3)
DA:12,0
DA:19,0
DA:21,0
DA:22,0
DA:26,0
DA:27,0
DA:29,0
DA:42,0
DA:45,0
DA:46,0
DA:50,0
DA:51,0
DA:53,0
DA:54,0
DA:56,0
DA:57,0
DA:60,0
LF:17
LH:0
BRDA:19,0,0,0
BRDA:19,0,1,0
BRDA:27,1,0,0
BRDA:27,1,1,0
BRDA:51,2,0,0
BRDA:51,2,1,0
BRDA:51,3,0,0
BRDA:51,3,1,0
BRF:8
BRH:0
end_of_record
TN:
SF:src/components/settings/SettingsPage.tsx
FN:43,(anonymous_0)
FN:48,(anonymous_1)
FN:49,(anonymous_2)
FN:50,(anonymous_3)
FN:51,(anonymous_4)
FN:54,(anonymous_5)
FN:58,(anonymous_6)
FN:62,(anonymous_7)
FN:66,(anonymous_8)
FN:77,(anonymous_9)
FN:81,(anonymous_10)
FN:95,(anonymous_11)
FN:101,(anonymous_12)
FN:108,(anonymous_13)
FNF:14
FNH:0
FNDA:0,(anonymous_0)
FNDA:0,(anonymous_1)
FNDA:0,(anonymous_2)
FNDA:0,(anonymous_3)
FNDA:0,(anonymous_4)
FNDA:0,(anonymous_5)
FNDA:0,(anonymous_6)
FNDA:0,(anonymous_7)
FNDA:0,(anonymous_8)
FNDA:0,(anonymous_9)
FNDA:0,(anonymous_10)
FNDA:0,(anonymous_11)
FNDA:0,(anonymous_12)
FNDA:0,(anonymous_13)
DA:30,0
DA:31,0
DA:32,0
DA:33,0
DA:34,0
DA:35,0
DA:36,0
DA:41,0
DA:43,0
DA:44,0
DA:48,0
DA:49,0
DA:50,0
DA:51,0
DA:54,0
DA:55,0
DA:58,0
DA:59,0
DA:62,0
DA:63,0
DA:66,0
DA:67,0
DA:70,0
DA:72,0
DA:77,0
DA:78,0
DA:81,0
DA:82,0
DA:84,0
DA:86,0
DA:88,0
DA:91,0
DA:95,0
DA:97,0
DA:101,0
DA:103,0
DA:104,0
DA:108,0
DA:109,0
DA:112,0
LF:40
LH:0
BRDA:72,0,0,0
BRDA:72,0,1,0
BRDA:86,1,0,0
BRDA:86,1,1,0
BRDA:102,2,0,0
BRDA:102,2,1,0
BRDA:104,3,0,0
BRDA:104,3,1,0
BRF:8
BRH:0
end_of_record
TN:
SF:src/components/settings/SettingsPage.ui.tsx
FN:97,(anonymous_0)
FN:227,(anonymous_1)
FN:231,(anonymous_2)
FN:270,(anonymous_3)
FN:274,(anonymous_4)
FN:307,(anonymous_5)
FN:340,(anonymous_6)
FN:346,(anonymous_7)
FN:372,(anonymous_8)
FN:408,(anonymous_9)
FN:420,(anonymous_10)
FN:433,(anonymous_11)
FN:522,(anonymous_12)
FNF:13
FNH:0
FNDA:0,(anonymous_0)
FNDA:0,(anonymous_1)
FNDA:0,(anonymous_2)
FNDA:0,(anonymous_3)
FNDA:0,(anonymous_4)
FNDA:0,(anonymous_5)
FNDA:0,(anonymous_6)
FNDA:0,(anonymous_7)
FNDA:0,(anonymous_8)
FNDA:0,(anonymous_9)
FNDA:0,(anonymous_10)
FNDA:0,(anonymous_11)
FNDA:0,(anonymous_12)
DA:59,0
DA:67,0
DA:97,0
DA:112,0
DA:172,0
DA:175,0
DA:177,0
DA:178,0
DA:182,0
DA:184,0
DA:228,0
DA:231,0
DA:271,0
DA:274,0
DA:307,0
DA:340,0
DA:347,0
DA:373,0
DA:409,0
DA:423,0
DA:434,0
DA:522,0
LF:22
LH:0
BRDA:102,0,0,0
BRDA:116,1,0,0
BRDA:116,1,1,0
BRDA:125,2,0,0
BRDA:125,2,1,0
BRDA:136,3,0,0
BRDA:136,3,1,0
BRDA:141,4,0,0
BRDA:141,4,1,0
BRDA:234,5,0,0
BRDA:234,5,1,0
BRDA:277,6,0,0
BRDA:277,6,1,0
BRDA:285,7,0,0
BRDA:285,7,1,0
BRDA:310,8,0,0
BRDA:310,8,1,0
BRDA:320,9,0,0
BRDA:320,9,1,0
BRDA:330,10,0,0
BRDA:330,10,1,0
BRDA:339,11,0,0
BRDA:339,11,1,0
BRDA:375,12,0,0
BRDA:375,12,1,0
BRDA:383,13,0,0
BRDA:383,13,1,0
BRDA:391,14,0,0
BRDA:391,14,1,0
BRDA:400,15,0,0
BRDA:400,15,1,0
BRDA:450,16,0,0
BRDA:450,16,1,0
BRDA:526,17,0,0
BRDA:526,17,1,0
BRDA:555,18,0,0
BRDA:555,18,1,0
BRDA:584,19,0,0
BRDA:584,19,1,0
BRF:39
BRH:0
end_of_record
TN:
SF:src/components/ui/button.tsx
FNF:0
FNH:0
DA:7,0
DA:49,0
DA:51,0
LF:3
LH:0
BRDA:43,0,0,0
BRDA:49,1,0,0
BRDA:49,1,1,0
BRF:3
BRH:0
end_of_record
TN:
SF:src/components/ui/card.tsx
FNF:0
FNH:0
DA:6,0
DA:19,0
DA:32,0
DA:42,0
DA:52,0
DA:65,0
DA:75,0
LF:7
LH:0
BRF:0
BRH:0
end_of_record
TN:
SF:src/components/ui/dropdown-menu.tsx
FNF:0
FNH:0
DA:10,0
DA:16,0
DA:24,0
DA:37,0
DA:55,0
DA:69,0
DA:89,0
DA:112,0
DA:125,0
DA:151,0
DA:168,0
DA:181,0
DA:196,0
DA:207,0
DA:227,0
LF:15
LH:0
BRDA:34,0,0,0
BRDA:63,1,0,0
BRF:2
BRH:0
end_of_record
TN:
SF:src/components/ui/input.tsx
FNF:0
FNH:0
DA:6,0
LF:1
LH:0
BRF:0
BRH:0
end_of_record
TN:
SF:src/components/ui/number-stepper.tsx
FN:32,(anonymous_0)
FN:36,(anonymous_1)
FNF:2
FNH:0
FNDA:0,(anonymous_0)
FNDA:0,(anonymous_1)
DA:29,0
DA:32,0
DA:33,0
DA:36,0
DA:37,0
DA:42,0
DA:43,0
DA:47,0
DA:48,0
DA:52,0
DA:55,0
DA:60,0
DA:62,0
DA:64,0
DA:65,0
DA:66,0
DA:72,0
DA:74,0
DA:75,0
DA:77,0
DA:78,0
DA:82,0
LF:22
LH:0
BRDA:21,0,0,0
BRDA:22,1,0,0
BRDA:23,2,0,0
BRDA:24,3,0,0
BRDA:26,4,0,0
BRDA:54,5,0,0
BRDA:54,5,1,0
BRDA:93,6,0,0
BRDA:93,6,1,0
BRDA:104,7,0,0
BRDA:104,7,1,0
BRDA:113,8,0,0
BRDA:113,8,1,0
BRDA:129,9,0,0
BRDA:129,9,1,0
BRF:15
BRH:0
end_of_record
TN:
SF:src/components/ui/scroll-area.tsx
FNF:0
FNH:0
DA:11,0
DA:34,0
LF:2
LH:0
BRDA:31,0,0,0
BRDA:40,1,0,0
BRDA:40,1,1,0
BRDA:42,2,0,0
BRDA:42,2,1,0
BRF:5
BRH:0
end_of_record
TN:
SF:src/components/ui/select.tsx
FNF:0
FNH:0
DA:10,0
DA:16,0
DA:22,0
DA:33,0
DA:58,0
DA:92,0
DA:106,0
DA:129,0
DA:142,0
DA:160,0
LF:10
LH:0
BRDA:27,0,0,0
BRDA:54,1,0,0
BRDA:55,2,0,0
BRDA:64,3,0,0
BRDA:64,3,1,0
BRDA:76,4,0,0
BRDA:76,4,1,0
BRF:7
BRH:0
end_of_record
TN:
SF:src/components/ui/separator.tsx
FNF:0
FNH:0
DA:12,0
LF:1
LH:0
BRDA:8,0,0,0
BRDA:9,1,0,0
BRF:2
BRH:0
end_of_record
TN:
SF:src/components/ui/sheet.tsx
FNF:0
FNH:0
DA:1,0
DA:10,0
DA:16,0
DA:22,0
DA:28,0
DA:35,0
DA:55,0
DA:85,0
DA:95,0
DA:108,0
DA:121,0
LF:11
LH:0
BRDA:50,0,0,0
BRDA:62,1,0,0
BRDA:62,1,1,0
BRDA:64,2,0,0
BRDA:64,2,1,0
BRDA:66,3,0,0
BRDA:66,3,1,0
BRDA:68,4,0,0
BRDA:68,4,1,0
BRF:9
BRH:0
end_of_record
TN:
SF:src/components/ui/skeleton.tsx
FNF:0
FNH:0
DA:4,0
LF:1
LH:0
BRF:0
BRH:0
end_of_record
TN:
SF:src/components/ui/textarea.tsx
FNF:0
FNH:0
DA:6,0
LF:1
LH:0
BRF:0
BRH:0
end_of_record
TN:
SF:src/components/ui/tooltip.tsx
FNF:0
FNH:0
DA:1,0
DA:12,0
DA:24,0
DA:34,0
DA:43,0
LF:5
LH:0
BRDA:9,0,0,0
BRDA:39,1,0,0
BRF:2
BRH:0
end_of_record
TN:
SF:src/components/usage/UsagePage.tsx
FN:19,(anonymous_0)
FN:21,(anonymous_1)
FN:24,(anonymous_2)
FN:25,(anonymous_3)
FN:36,(anonymous_4)
FN:38,(anonymous_5)
FN:46,(anonymous_6)
FN:62,(anonymous_7)
FN:66,(anonymous_8)
FNF:9
FNH:0
FNDA:0,(anonymous_0)
FNDA:0,(anonymous_1)
FNDA:0,(anonymous_2)
FNDA:0,(anonymous_3)
FNDA:0,(anonymous_4)
FNDA:0,(anonymous_5)
FNDA:0,(anonymous_6)
FNDA:0,(anonymous_7)
FNDA:0,(anonymous_8)
DA:13,0
DA:15,0
DA:19,0
DA:21,0
DA:24,0
DA:25,0
DA:36,0
DA:37,0
DA:40,0
DA:46,0
DA:62,0
DA:63,0
DA:66,0
DA:72,0
DA:76,0
LF:15
LH:0
BRDA:40,0,0,0
BRDA:40,0,1,0
BRDA:40,0,2,0
BRDA:40,0,3,0
BRDA:40,0,4,0
BRDA:44,1,0,0
BRDA:44,1,1,0
BRDA:56,2,0,0
BRDA:56,2,1,0
BRDA:57,3,0,0
BRDA:57,3,1,0
BRDA:58,4,0,0
BRDA:58,4,1,0
BRDA:58,5,0,0
BRDA:58,5,1,0
BRF:15
BRH:0
end_of_record
TN:
SF:src/components/usage/UsagePage.ui.tsx
FN:61,(anonymous_0)
FN:105,(anonymous_1)
FN:154,(anonymous_2)
FN:196,(anonymous_3)
FN:224,(anonymous_4)
FN:228,(anonymous_5)
FN:239,(anonymous_6)
FN:253,(anonymous_7)
FN:267,(anonymous_8)
FN:281,(anonymous_9)
FN:295,(anonymous_10)
FN:309,(anonymous_11)
FN:406,(anonymous_12)
FN:631,(anonymous_13)
FN:636,(anonymous_14)
FN:660,(anonymous_15)
FN:672,(anonymous_16)
FNF:17
FNH:0
FNDA:0,(anonymous_0)
FNDA:0,(anonymous_1)
FNDA:0,(anonymous_2)
FNDA:0,(anonymous_3)
FNDA:0,(anonymous_4)
FNDA:0,(anonymous_5)
FNDA:0,(anonymous_6)
FNDA:0,(anonymous_7)
FNDA:0,(anonymous_8)
FNDA:0,(anonymous_9)
FNDA:0,(anonymous_10)
FNDA:0,(anonymous_11)
FNDA:0,(anonymous_12)
FNDA:0,(anonymous_13)
FNDA:0,(anonymous_14)
FNDA:0,(anonymous_15)
FNDA:0,(anonymous_16)
DA:61,0
DA:76,0
DA:105,0
DA:118,0
DA:146,0
DA:148,0
DA:155,0
DA:192,0
DA:193,0
DA:196,0
DA:217,0
DA:221,0
DA:224,0
DA:225,0
DA:229,0
DA:240,0
DA:254,0
DA:268,0
DA:282,0
DA:296,0
DA:310,0
DA:325,0
DA:335,0
DA:339,0
DA:406,0
DA:632,0
DA:638,0
DA:661,0
DA:673,0
LF:29
LH:0
BRDA:91,0,0,0
BRDA:91,0,1,0
BRDA:123,1,0,0
BRDA:123,1,1,0
BRDA:146,2,0,0
BRDA:146,2,1,0
BRDA:146,3,0,0
BRDA:146,3,1,0
BRDA:146,3,2,0
BRDA:199,4,0,0
BRDA:199,4,1,0
BRDA:201,5,0,0
BRDA:201,5,1,0
BRDA:335,6,0,0
BRDA:335,6,1,0
BRDA:335,6,2,0
BRDA:403,7,0,0
BRDA:403,7,1,0
BRDA:625,8,0,0
BRDA:625,8,1,0
BRDA:642,9,0,0
BRDA:642,9,1,0
BRDA:665,10,0,0
BRDA:665,10,1,0
BRDA:701,11,0,0
BRDA:701,11,1,0
BRF:26
BRH:0
end_of_record
TN:
SF:src/lib/utils.ts
FNF:0
FNH:0
DA:5,15
LF:1
LH:1
BRF:0
BRH:0
end_of_record
TN:
SF:src/lib/ai/compat.ts
FN:250,(anonymous_0)
FN:260,(anonymous_1)
FN:417,(anonymous_2)
FN:418,(anonymous_3)
FNF:4
FNH:0
FNDA:0,(anonymous_0)
FNDA:0,(anonymous_1)
FNDA:0,(anonymous_2)
FNDA:0,(anonymous_3)
DA:43,0
DA:98,0
DA:106,0
DA:107,0
DA:108,0
DA:112,0
DA:113,0
DA:114,0
DA:116,0
DA:117,0
DA:118,0
DA:120,0
DA:121,0
DA:122,0
DA:124,0
DA:125,0
DA:126,0
DA:128,0
DA:129,0
DA:130,0
DA:133,0
DA:134,0
DA:136,0
DA:148,0
DA:151,0
DA:155,0
DA:158,0
DA:162,0
DA:172,0
DA:176,0
DA:184,0
DA:186,0
DA:193,0
DA:200,0
DA:210,0
DA:213,0
DA:217,0
DA:220,0
DA:222,0
DA:227,0
DA:230,0
DA:237,0
DA:243,0
DA:250,0
DA:256,0
DA:258,0
DA:260,0
DA:266,0
DA:275,0
DA:279,0
DA:291,0
DA:292,0
DA:306,0
DA:318,0
DA:320,0
DA:330,0
DA:331,0
DA:334,0
DA:344,0
DA:350,0
DA:358,0
DA:376,0
DA:377,0
DA:379,0
DA:405,0
DA:407,0
DA:416,0
DA:418,0
DA:422,0
DA:423,0
DA:424,0
DA:429,0
DA:431,0
LF:73
LH:0
BRDA:114,0,0,0
BRDA:114,0,1,0
BRDA:115,1,0,0
BRDA:115,1,1,0
BRDA:118,2,0,0
BRDA:118,2,1,0
BRDA:122,3,0,0
BRDA:122,3,1,0
BRDA:126,4,0,0
BRDA:126,4,1,0
BRDA:127,5,0,0
BRDA:127,5,1,0
BRDA:130,6,0,0
BRDA:130,6,1,0
BRDA:139,7,0,0
BRDA:139,7,1,0
BRDA:140,8,0,0
BRDA:140,8,1,0
BRDA:148,9,0,0
BRDA:148,9,1,0
BRDA:151,10,0,0
BRDA:151,10,1,0
BRDA:156,11,0,0
BRDA:156,11,1,0
BRDA:158,12,0,0
BRDA:158,12,1,0
BRDA:158,13,0,0
BRDA:158,13,1,0
BRDA:172,14,0,0
BRDA:172,14,1,0
BRDA:255,15,0,0
BRDA:255,15,1,0
BRDA:291,16,0,0
BRDA:291,16,1,0
BRDA:353,17,0,0
BRDA:353,17,1,0
BRDA:380,18,0,0
BRDA:380,18,1,0
BRDA:422,19,0,0
BRDA:422,19,1,0
BRDA:423,20,0,0
BRDA:423,20,1,0
BRF:42
BRH:0
end_of_record
TN:
SF:src/lib/ai/hooks.ts
FN:32,(anonymous_0)
FN:51,(anonymous_1)
FN:60,(anonymous_2)
FN:80,(anonymous_3)
FNF:4
FNH:0
FNDA:0,(anonymous_0)
FNDA:0,(anonymous_1)
FNDA:0,(anonymous_2)
FNDA:0,(anonymous_3)
DA:21,0
DA:22,0
DA:29,0
DA:30,0
DA:32,0
DA:33,0
DA:35,0
DA:36,0
DA:38,0
DA:46,0
DA:51,0
DA:52,0
DA:55,0
DA:59,0
DA:60,0
DA:61,0
DA:73,0
DA:74,0
DA:75,0
DA:76,0
DA:77,0
DA:79,0
DA:84,0
DA:92,0
DA:93,0
DA:95,0
DA:102,0
DA:103,0
DA:104,0
DA:105,0
DA:106,0
DA:107,0
DA:108,0
DA:109,0
DA:111,0
DA:113,0
DA:119,0
LF:37
LH:0
BRDA:83,0,0,0
BRDA:83,0,1,0
BRDA:85,1,0,0
BRDA:85,1,1,0
BRDA:96,2,0,0
BRDA:96,2,1,0
BRF:6
BRH:0
end_of_record
TN:
SF:src/lib/ai/prompt.ts
FN:162,(anonymous_0)
FN:182,(anonymous_1)
FN:302,(anonymous_2)
FNF:3
FNH:0
FNDA:0,(anonymous_0)
FNDA:0,(anonymous_1)
FNDA:0,(anonymous_2)
DA:26,0
DA:31,0
DA:38,0
DA:46,0
DA:54,0
DA:67,0
DA:72,0
DA:77,0
DA:79,0
DA:86,0
DA:95,0
DA:99,0
DA:101,0
DA:108,0
DA:111,0
DA:114,0
DA:125,0
DA:128,0
DA:129,0
DA:131,0
DA:134,0
DA:145,0
DA:149,0
DA:152,0
DA:161,0
DA:163,0
DA:171,0
DA:177,0
DA:180,0
DA:185,0
DA:192,0
DA:198,0
DA:210,0
DA:213,0
DA:216,0
DA:226,0
DA:234,0
DA:241,0
DA:244,0
DA:247,0
DA:254,0
DA:277,0
DA:286,0
DA:289,0
DA:295,0
DA:303,0
DA:329,0
DA:334,0
DA:340,0
DA:347,0
DA:349,0
DA:351,0
LF:52
LH:0
BRDA:70,0,0,0
BRDA:70,0,1,0
BRDA:110,1,0,0
BRDA:110,1,1,0
BRDA:125,2,0,0
BRDA:125,2,1,0
BRDA:144,3,0,0
BRDA:144,3,1,0
BRDA:176,4,0,0
BRDA:176,4,1,0
BRDA:184,5,0,0
BRDA:184,5,1,0
BRDA:184,5,2,0
BRDA:216,6,0,0
BRDA:216,6,1,0
BRDA:241,7,0,0
BRDA:241,7,1,0
BRDA:247,8,0,0
BRDA:247,8,1,0
BRDA:286,9,0,0
BRDA:286,9,1,0
BRF:21
BRH:0
end_of_record
TN:
SF:src/lib/ai/store.ts
FNF:0
FNH:0
DA:5,0
DA:6,0
DA:7,0
DA:8,0
DA:11,0
LF:5
LH:0
BRF:0
BRH:0
end_of_record
TN:
SF:src/lib/ai/titleGenerator.ts
FNF:0
FNH:0
DA:7,1
DA:12,0
DA:16,0
DA:21,0
DA:32,0
DA:36,0
DA:45,0
DA:53,0
DA:62,0
DA:63,0
DA:65,0
DA:67,0
DA:73,0
DA:76,0
DA:79,0
DA:80,0
DA:88,0
DA:89,0
DA:91,0
DA:94,0
DA:95,0
DA:97,0
DA:99,0
DA:106,0
LF:24
LH:1
BRDA:72,0,0,0
BRDA:72,0,1,0
BRDA:106,1,0,0
BRDA:106,1,1,0
BRF:4
BRH:0
end_of_record
TN:
SF:src/lib/ai/tools/datetime.ts
FNF:0
FNH:0
DA:4,0
DA:13,0
DA:16,0
DA:24,0
DA:33,0
DA:34,0
DA:35,0
DA:37,0
DA:46,0
DA:47,0
DA:48,0
DA:50,0
LF:12
LH:0
BRDA:35,0,0,0
BRDA:35,0,1,0
BRF:2
BRH:0
end_of_record
TN:
SF:src/lib/ai/tools/index.ts
FNF:0
FNH:0
DA:4,0
LF:1
LH:0
BRF:0
BRH:0
end_of_record
TN:
SF:src/lib/ai/tools/weather.ts
FNF:0
FNH:0
DA:28,0
DA:65,0
DA:66,0
DA:68,0
DA:81,0
DA:85,0
DA:87,0
DA:90,0
DA:93,0
DA:96,0
DA:97,0
DA:119,0
DA:121,0
DA:123,0
DA:126,0
DA:127,0
DA:129,0
DA:138,0
DA:149,0
DA:152,0
DA:155,0
DA:162,0
DA:165,0
DA:169,0
DA:178,0
LF:25
LH:0
BRDA:92,0,0,0
BRDA:92,0,1,0
BRDA:134,1,0,0
BRDA:134,1,1,0
BRDA:149,2,0,0
BRDA:149,2,1,0
BRDA:165,3,0,0
BRDA:165,3,1,0
BRDA:180,4,0,0
BRDA:180,4,1,0
BRF:10
BRH:0
end_of_record
TN:
SF:src/lib/hooks/useNavigation.ts
FN:22,(anonymous_0)
FN:26,(anonymous_1)
FN:30,(anonymous_2)
FN:34,(anonymous_3)
FN:55,(anonymous_4)
FN:58,(anonymous_5)
FN:65,(anonymous_6)
FN:67,(anonymous_7)
FN:72,(anonymous_8)
FN:75,(anonymous_9)
FN:82,(anonymous_10)
FN:84,(anonymous_11)
FN:89,(anonymous_12)
FN:92,(anonymous_13)
FN:99,(anonymous_14)
FN:101,(anonymous_15)
FN:106,(anonymous_16)
FN:109,(anonymous_17)
FNF:18
FNH:0
FNDA:0,(anonymous_0)
FNDA:0,(anonymous_1)
FNDA:0,(anonymous_2)
FNDA:0,(anonymous_3)
FNDA:0,(anonymous_4)
FNDA:0,(anonymous_5)
FNDA:0,(anonymous_6)
FNDA:0,(anonymous_7)
FNDA:0,(anonymous_8)
FNDA:0,(anonymous_9)
FNDA:0,(anonymous_10)
FNDA:0,(anonymous_11)
FNDA:0,(anonymous_12)
FNDA:0,(anonymous_13)
FNDA:0,(anonymous_14)
FNDA:0,(anonymous_15)
FNDA:0,(anonymous_16)
FNDA:0,(anonymous_17)
DA:19,0
DA:20,0
DA:22,0
DA:23,0
DA:26,0
DA:27,0
DA:30,0
DA:31,0
DA:34,0
DA:35,0
DA:38,0
DA:52,0
DA:53,0
DA:55,0
DA:57,0
DA:58,0
DA:65,0
DA:66,0
DA:67,0
DA:72,0
DA:74,0
DA:75,0
DA:82,0
DA:83,0
DA:84,0
DA:89,0
DA:91,0
DA:92,0
DA:99,0
DA:100,0
DA:101,0
DA:106,0
DA:108,0
DA:109,0
DA:116,0
LF:35
LH:0
BRDA:75,0,0,0
BRDA:75,0,1,0
BRDA:92,1,0,0
BRDA:92,1,1,0
BRDA:109,2,0,0
BRDA:109,2,1,0
BRDA:119,3,0,0
BRDA:119,3,1,0
BRDA:120,4,0,0
BRDA:120,4,1,0
BRDA:121,5,0,0
BRDA:121,5,1,0
BRDA:122,6,0,0
BRDA:122,6,1,0
BRF:14
BRH:0
end_of_record
TN:
SF:src/lib/pwa/registerSW.ts
FN:33,(anonymous_0)
FN:47,(anonymous_1)
FN:53,(anonymous_2)
FN:64,(anonymous_3)
FN:91,(anonymous_4)
FNF:5
FNH:0
FNDA:0,(anonymous_0)
FNDA:0,(anonymous_1)
FNDA:0,(anonymous_2)
FNDA:0,(anonymous_3)
FNDA:0,(anonymous_4)
DA:11,0
DA:18,0
DA:19,0
DA:23,0
DA:27,0
DA:30,0
DA:33,0
DA:35,0
DA:37,0
DA:43,0
DA:47,0
DA:48,0
DA:49,0
DA:51,0
DA:53,0
DA:56,0
DA:57,0
DA:63,0
DA:64,0
DA:65,0
DA:66,0
DA:67,0
DA:68,0
DA:72,0
DA:81,0
DA:88,0
DA:90,0
DA:91,0
DA:92,0
LF:29
LH:0
BRDA:49,0,0,0
BRDA:49,0,1,0
BRDA:54,1,0,0
BRDA:54,1,1,0
BRDA:65,2,0,0
BRDA:65,2,1,0
BRDA:88,3,0,0
BRDA:88,3,1,0
BRF:8
BRH:0
end_of_record
TN:
SF:src/lib/stores/chat.ts
FN:43,(anonymous_0)
FN:44,(anonymous_1)
FN:99,(anonymous_2)
FN:127,(anonymous_3)
FN:183,(anonymous_4)
FN:211,(anonymous_5)
FN:222,(anonymous_6)
FNF:7
FNH:1
FNDA:0,(anonymous_0)
FNDA:0,(anonymous_1)
FNDA:0,(anonymous_2)
FNDA:2,(anonymous_3)
FNDA:0,(anonymous_4)
FNDA:0,(anonymous_5)
FNDA:0,(anonymous_6)
DA:31,2
DA:34,2
DA:37,2
DA:40,2
DA:43,2
DA:44,0
DA:45,0
DA:60,8
DA:71,8
DA:72,8
DA:76,0
DA:77,0
DA:79,0
DA:80,0
DA:81,0
DA:86,0
DA:88,0
DA:97,0
DA:98,0
DA:100,0
DA:106,107
DA:107,107
DA:108,107
DA:109,107
DA:113,6
DA:117,3
DA:122,3
DA:126,1
DA:127,2
DA:132,1
DA:143,0
DA:148,0
DA:157,0
DA:165,0
DA:167,0
DA:171,0
DA:183,0
DA:184,0
DA:187,0
DA:189,0
DA:190,0
DA:192,0
DA:193,0
DA:197,0
DA:198,0
DA:199,0
DA:200,0
DA:202,0
DA:203,0
DA:205,0
DA:208,0
DA:209,0
DA:211,0
DA:212,0
DA:222,0
DA:223,0
DA:225,0
DA:230,0
DA:231,0
DA:235,0
DA:243,0
DA:251,0
DA:252,0
LF:63
LH:18
BRDA:45,0,0,0
BRDA:45,0,1,0
BRDA:62,1,0,8
BRDA:62,1,1,0
BRDA:66,2,0,1
BRDA:66,2,1,7
BRDA:66,3,0,8
BRDA:66,3,1,1
BRDA:78,4,0,0
BRDA:78,4,1,0
BRDA:100,5,0,0
BRDA:100,5,1,0
BRDA:180,6,0,0
BRDA:181,7,0,0
BRDA:188,8,0,0
BRDA:188,8,1,0
BRDA:231,9,0,0
BRDA:231,9,1,0
BRDA:238,10,0,0
BRDA:238,10,1,0
BRF:20
BRH:5
end_of_record
TN:
SF:src/lib/stores/conversations.ts
FN:72,(anonymous_0)
FN:97,(anonymous_1)
FN:117,(anonymous_2)
FN:125,(anonymous_3)
FN:134,(anonymous_4)
FN:142,(anonymous_5)
FN:178,(anonymous_6)
FN:190,(anonymous_7)
FN:217,(anonymous_8)
FN:289,(anonymous_9)
FN:322,(anonymous_10)
FN:334,(anonymous_11)
FN:343,(anonymous_12)
FN:355,(anonymous_13)
FN:392,(anonymous_14)
FN:404,(anonymous_15)
FN:423,(anonymous_16)
FN:454,(anonymous_17)
FN:471,(anonymous_18)
FN:488,(anonymous_19)
FN:503,(anonymous_20)
FN:516,(anonymous_21)
FN:531,(anonymous_22)
FN:550,(anonymous_23)
FN:569,(anonymous_24)
FN:581,(anonymous_25)
FN:600,(anonymous_26)
FN:619,(anonymous_27)
FN:637,(anonymous_28)
FN:638,(anonymous_29)
FN:639,(anonymous_30)
FN:645,(anonymous_31)
FN:672,(anonymous_32)
FN:673,(anonymous_33)
FN:769,(anonymous_34)
FN:770,(anonymous_35)
FNF:36
FNH:26
FNDA:0,(anonymous_0)
FNDA:0,(anonymous_1)
FNDA:1,(anonymous_2)
FNDA:0,(anonymous_3)
FNDA:76,(anonymous_4)
FNDA:22,(anonymous_5)
FNDA:0,(anonymous_6)
FNDA:0,(anonymous_7)
FNDA:1,(anonymous_8)
FNDA:2,(anonymous_9)
FNDA:40,(anonymous_10)
FNDA:12,(anonymous_11)
FNDA:5,(anonymous_12)
FNDA:7,(anonymous_13)
FNDA:0,(anonymous_14)
FNDA:0,(anonymous_15)
FNDA:0,(anonymous_16)
FNDA:0,(anonymous_17)
FNDA:10,(anonymous_18)
FNDA:9,(anonymous_19)
FNDA:6,(anonymous_20)
FNDA:5,(anonymous_21)
FNDA:2,(anonymous_22)
FNDA:1,(anonymous_23)
FNDA:2,(anonymous_24)
FNDA:0,(anonymous_25)
FNDA:3,(anonymous_26)
FNDA:3,(anonymous_27)
FNDA:4,(anonymous_28)
FNDA:4,(anonymous_29)
FNDA:4,(anonymous_30)
FNDA:2,(anonymous_31)
FNDA:1,(anonymous_32)
FNDA:1,(anonymous_33)
FNDA:1,(anonymous_34)
FNDA:2,(anonymous_35)
DA:17,2
DA:20,2
DA:27,56
DA:44,2
DA:50,2
DA:53,2
DA:56,2
DA:59,2
DA:67,23
DA:68,23
DA:71,0
DA:72,0
DA:76,0
DA:79,0
DA:80,0
DA:89,1
DA:91,1
DA:94,0
DA:95,0
DA:97,0
DA:101,0
DA:108,1
DA:111,1
DA:112,1
DA:113,1
DA:117,2
DA:118,1
DA:122,1
DA:125,0
DA:127,0
DA:128,0
DA:134,1
DA:136,76
DA:139,30
DA:142,22
DA:144,22
DA:146,22
DA:151,22
DA:155,22
DA:156,22
DA:161,0
DA:173,7
DA:178,0
DA:179,0
DA:184,0
DA:190,0
DA:191,0
DA:193,0
DA:195,0
DA:201,0
DA:204,1
DA:208,7
DA:215,22
DA:216,22
DA:217,22
DA:221,0
DA:226,0
DA:227,0
DA:232,0
DA:233,0
DA:240,72
DA:242,72
DA:245,72
DA:253,0
DA:258,0
DA:270,2
DA:271,2
DA:273,2
DA:274,2
DA:275,2
DA:282,4
DA:283,4
DA:284,4
DA:286,3
DA:287,3
DA:289,3
DA:291,1
DA:292,1
DA:294,1
DA:298,1
DA:299,1
DA:302,3
DA:307,40
DA:315,40
DA:318,40
DA:319,40
DA:320,40
DA:321,40
DA:322,40
DA:323,40
DA:326,40
DA:327,40
DA:332,6
DA:334,12
DA:337,5
DA:339,5
DA:340,5
DA:341,5
DA:343,5
DA:344,5
DA:350,7
DA:351,7
DA:353,7
DA:354,7
DA:355,7
DA:359,7
DA:364,7
DA:365,7
DA:367,7
DA:373,7
DA:374,7
DA:387,0
DA:388,0
DA:391,0
DA:392,0
DA:394,0
DA:395,0
DA:396,0
DA:400,0
DA:403,0
DA:404,0
DA:405,0
DA:409,0
DA:410,0
DA:415,0
DA:416,0
DA:419,0
DA:422,0
DA:423,0
DA:424,0
DA:428,0
DA:430,0
DA:432,0
DA:437,0
DA:438,0
DA:441,0
DA:453,0
DA:454,0
DA:462,0
DA:470,7
DA:471,10
DA:474,7
DA:475,7
DA:480,7
DA:481,7
DA:486,5
DA:488,9
DA:490,2
DA:492,3
DA:493,3
DA:502,5
DA:503,6
DA:506,5
DA:507,5
DA:508,5
DA:509,5
DA:514,4
DA:516,5
DA:518,1
DA:520,3
DA:521,3
DA:530,2
DA:531,2
DA:534,2
DA:535,2
DA:540,2
DA:541,2
DA:549,1
DA:550,1
DA:553,1
DA:554,1
DA:560,1
DA:561,1
DA:569,2
DA:570,2
DA:574,2
DA:576,0
DA:581,2
DA:582,0
DA:585,0
DA:587,2
DA:588,2
DA:592,2
DA:599,1
DA:600,1
DA:601,3
DA:603,1
DA:609,2
DA:611,0
DA:619,3
DA:620,1
DA:621,1
DA:624,1
DA:635,1
DA:636,1
DA:637,4
DA:638,4
DA:639,4
DA:644,2
DA:645,2
DA:648,1
DA:649,1
DA:650,1
DA:651,1
DA:668,1
DA:671,1
DA:672,1
DA:673,1
DA:682,1
DA:688,1
DA:691,1
DA:692,1
DA:693,1
DA:694,1
DA:695,1
DA:696,1
DA:697,1
DA:698,1
DA:712,5
DA:713,5
DA:717,1
DA:725,3
DA:736,3
DA:742,3
DA:754,0
DA:763,1
DA:764,1
DA:765,1
DA:768,2
DA:769,2
DA:770,2
DA:771,2
DA:773,2
DA:776,3
DA:777,3
DA:779,1
DA:792,2
DA:793,2
DA:794,2
DA:795,2
DA:799,2
DA:801,0
LF:242
LH:180
BRDA:89,0,0,0
BRDA:89,0,1,1
BRDA:99,1,0,0
BRDA:99,1,1,0
BRDA:118,2,0,0
BRDA:118,2,1,1
BRDA:136,3,0,46
BRDA:136,3,1,30
BRDA:139,4,0,8
BRDA:139,4,1,22
BRDA:144,5,0,0
BRDA:144,5,1,22
BRDA:146,6,0,0
BRDA:146,6,1,22
BRDA:176,7,0,1
BRDA:176,7,1,0
BRDA:179,8,0,0
BRDA:179,8,1,0
BRDA:219,9,0,22
BRDA:219,9,1,0
BRDA:240,10,0,0
BRDA:240,10,1,72
BRDA:249,11,0,0
BRDA:249,11,1,0
BRDA:249,11,2,0
BRDA:270,12,0,0
BRDA:270,12,1,2
BRDA:271,13,0,0
BRDA:271,13,1,2
BRDA:284,14,0,1
BRDA:284,14,1,3
BRDA:309,15,0,40
BRDA:309,15,1,4
BRDA:351,16,0,0
BRDA:351,16,1,7
BRDA:387,17,0,0
BRDA:387,17,1,0
BRDA:431,18,0,0
BRDA:431,18,1,0
BRDA:458,19,0,0
BRDA:458,19,1,0
BRDA:458,19,2,0
BRDA:709,20,0,5
BRDA:716,21,0,5
BRDA:716,21,1,3
BRDA:728,22,0,3
BRDA:728,22,1,3
BRDA:728,22,2,3
BRDA:728,22,3,3
BRDA:728,22,4,3
BRDA:736,23,0,3
BRDA:736,23,1,0
BRDA:736,24,0,3
BRDA:736,24,1,0
BRDA:736,24,2,0
BRDA:783,25,0,1
BRDA:783,25,1,0
BRF:57
BRH:29
end_of_record
TN:
SF:src/lib/stores/errors.ts
FNF:0
FNH:0
DA:24,0
DA:27,0
DA:33,0
DA:34,0
DA:45,0
DA:58,0
DA:72,0
DA:87,0
DA:101,0
DA:114,0
DA:121,0
DA:134,0
DA:137,0
DA:140,0
DA:143,0
DA:146,0
DA:149,0
DA:152,0
DA:160,0
DA:162,0
DA:173,0
DA:174,0
DA:176,0
DA:183,0
DA:190,0
LF:25
LH:0
BRDA:38,0,0,0
BRDA:38,0,1,0
BRDA:38,0,2,0
BRDA:38,0,3,0
BRDA:38,0,4,0
BRDA:38,0,5,0
BRDA:38,0,6,0
BRDA:54,1,0,0
BRDA:54,1,1,0
BRDA:54,1,2,0
BRDA:67,2,0,0
BRDA:67,2,1,0
BRDA:67,2,2,0
BRDA:67,2,3,0
BRDA:81,3,0,0
BRDA:81,3,1,0
BRDA:81,3,2,0
BRDA:81,3,3,0
BRDA:81,3,4,0
BRDA:96,4,0,0
BRDA:96,4,1,0
BRDA:96,4,2,0
BRDA:96,4,3,0
BRDA:110,5,0,0
BRDA:110,5,1,0
BRDA:110,5,2,0
BRF:26
BRH:0
end_of_record
TN:
SF:src/lib/stores/hydration.ts
FNF:0
FNH:0
DA:7,2
DA:13,0
DA:20,0
LF:3
LH:1
BRDA:20,0,0,0
BRDA:20,0,1,0
BRF:2
BRH:0
end_of_record
TN:
SF:src/lib/stores/imageStorage.ts
FN:16,(anonymous_0)
FN:71,(anonymous_1)
FN:86,(anonymous_2)
FN:100,(anonymous_3)
FN:105,(anonymous_4)
FN:120,(anonymous_5)
FN:161,(anonymous_6)
FN:166,(anonymous_7)
FN:180,(anonymous_8)
FN:212,(anonymous_9)
FN:217,(anonymous_10)
FNF:11
FNH:0
FNDA:0,(anonymous_0)
FNDA:0,(anonymous_1)
FNDA:0,(anonymous_2)
FNDA:0,(anonymous_3)
FNDA:0,(anonymous_4)
FNDA:0,(anonymous_5)
FNDA:0,(anonymous_6)
FNDA:0,(anonymous_7)
FNDA:0,(anonymous_8)
FNDA:0,(anonymous_9)
FNDA:0,(anonymous_10)
DA:6,1
DA:7,1
DA:8,1
DA:10,1
DA:16,0
DA:18,0
DA:19,0
DA:22,0
DA:25,0
DA:26,0
DA:30,0
DA:31,0
DA:35,0
DA:39,0
DA:41,0
DA:69,0
DA:71,0
DA:72,0
DA:73,0
DA:75,0
DA:84,0
DA:86,0
DA:88,0
DA:89,0
DA:98,0
DA:100,0
DA:101,0
DA:102,0
DA:103,0
DA:105,0
DA:107,0
DA:108,0
DA:117,0
DA:118,0
DA:120,0
DA:121,0
DA:122,0
DA:124,0
DA:127,0
DA:128,0
DA:132,0
DA:136,0
DA:138,0
DA:140,0
DA:145,0
DA:146,0
DA:148,0
DA:159,0
DA:161,0
DA:162,0
DA:163,0
DA:164,0
DA:166,0
DA:168,0
DA:169,0
DA:178,0
DA:180,0
DA:181,0
DA:182,0
DA:183,0
DA:184,0
DA:186,0
DA:189,0
DA:191,0
DA:192,0
DA:193,0
DA:195,0
DA:200,0
DA:201,0
DA:210,0
DA:212,0
DA:213,0
DA:214,0
DA:215,0
DA:217,0
DA:219,0
DA:220,0
DA:230,0
DA:234,0
DA:235,0
DA:240,0
LF:81
LH:4
BRDA:105,0,0,0
BRDA:105,0,1,0
BRDA:236,1,0,0
BRDA:236,1,1,0
BRDA:237,2,0,0
BRDA:237,2,1,0
BRF:6
BRH:0
end_of_record
TN:
SF:src/lib/stores/settings.ts
FN:201,(anonymous_0)
FN:211,(anonymous_1)
FN:222,(anonymous_2)
FN:229,(anonymous_3)
FN:239,(anonymous_4)
FN:250,(anonymous_5)
FN:260,(anonymous_6)
FN:271,(anonymous_7)
FN:281,(anonymous_8)
FNF:9
FNH:9
FNDA:1,(anonymous_0)
FNDA:1,(anonymous_1)
FNDA:1,(anonymous_2)
FNDA:1,(anonymous_3)
FNDA:1,(anonymous_4)
FNDA:1,(anonymous_5)
FNDA:1,(anonymous_6)
FNDA:2,(anonymous_7)
FNDA:1,(anonymous_8)
DA:11,3
DA:20,0
DA:24,1
DA:28,1
DA:36,1
DA:41,0
DA:45,3
DA:48,3
DA:51,3
DA:55,3
DA:62,2
DA:64,0
DA:72,2
DA:74,1
DA:76,1
DA:80,3
DA:92,12
DA:95,0
DA:97,7
DA:99,2
DA:101,2
DA:103,0
DA:109,1
DA:110,1
DA:111,1
DA:112,1
DA:113,1
DA:118,3
DA:124,3
DA:127,3
DA:130,3
DA:133,3
DA:136,3
DA:142,0
DA:143,0
DA:145,0
DA:153,0
DA:154,0
DA:156,0
DA:164,0
DA:165,0
DA:167,0
DA:175,1
DA:176,1
DA:179,0
DA:185,0
DA:186,0
DA:187,0
DA:191,0
DA:193,0
DA:194,0
DA:201,3
DA:202,1
DA:206,0
DA:207,0
DA:211,1
DA:213,0
DA:214,0
DA:218,1
DA:222,3
DA:224,1
DA:225,1
DA:229,3
DA:230,1
DA:234,0
DA:235,0
DA:239,1
DA:241,0
DA:242,0
DA:246,1
DA:250,3
DA:251,1
DA:255,0
DA:256,0
DA:260,1
DA:262,0
DA:263,0
DA:267,1
DA:271,3
DA:272,2
DA:276,1
DA:277,1
DA:281,1
DA:283,0
DA:284,0
DA:288,1
DA:293,5
DA:295,5
DA:301,0
DA:305,2
DA:307,2
DA:312,2
DA:314,2
DA:319,5
DA:320,5
DA:321,5
DA:323,5
DA:327,5
DA:328,5
DA:333,0
LF:100
LH:63
BRDA:24,0,0,1
BRDA:24,0,1,0
BRDA:92,1,0,1
BRDA:92,1,1,11
BRDA:109,2,0,0
BRDA:109,2,1,1
BRDA:112,3,0,0
BRDA:112,3,1,1
BRDA:142,4,0,0
BRDA:142,4,1,0
BRDA:153,5,0,0
BRDA:153,5,1,0
BRDA:155,6,0,0
BRDA:155,6,1,0
BRDA:164,7,0,0
BRDA:164,7,1,0
BRDA:175,8,0,0
BRDA:175,8,1,1
BRDA:181,9,0,0
BRDA:181,9,1,0
BRDA:181,9,2,0
BRDA:192,10,0,0
BRDA:192,10,1,0
BRDA:202,11,0,0
BRDA:202,11,1,1
BRDA:230,12,0,0
BRDA:230,12,1,1
BRDA:251,13,0,0
BRDA:251,13,1,1
BRDA:272,14,0,0
BRDA:272,14,1,2
BRF:31
BRH:10
end_of_record
TN:
SF:src/lib/stores/usage.ts
FN:106,(anonymous_0)
FN:138,(anonymous_1)
FN:177,(anonymous_2)
FN:266,(anonymous_3)
FN:289,(anonymous_4)
FN:355,(anonymous_5)
FNF:6
FNH:0
FNDA:0,(anonymous_0)
FNDA:0,(anonymous_1)
FNDA:0,(anonymous_2)
FNDA:0,(anonymous_3)
FNDA:0,(anonymous_4)
FNDA:0,(anonymous_5)
DA:5,0
DA:8,0
DA:60,0
DA:63,0
DA:69,0
DA:70,0
DA:77,0
DA:79,0
DA:81,0
DA:82,0
DA:84,0
DA:87,0
DA:97,0
DA:100,0
DA:103,0
DA:104,0
DA:106,0
DA:108,0
DA:109,0
DA:110,0
DA:117,0
DA:118,0
DA:124,0
DA:125,0
DA:129,0
DA:136,0
DA:137,0
DA:138,0
DA:141,0
DA:142,0
DA:161,0
DA:177,0
DA:178,0
DA:188,0
DA:196,0
DA:198,0
DA:200,0
DA:201,0
DA:211,0
DA:219,0
DA:220,0
DA:222,0
DA:223,0
DA:230,0
DA:239,0
DA:240,0
DA:242,0
DA:243,0
DA:252,0
DA:264,0
DA:265,0
DA:266,0
DA:269,0
DA:270,0
DA:276,0
DA:289,0
DA:290,0
DA:291,0
DA:298,0
DA:300,0
DA:313,0
DA:314,0
DA:315,0
DA:316,0
DA:317,0
DA:318,0
DA:321,0
DA:327,0
DA:332,0
DA:339,0
DA:340,0
DA:341,0
DA:348,0
DA:349,0
DA:350,0
DA:351,0
DA:354,0
DA:355,0
DA:357,0
DA:358,0
DA:359,0
DA:360,0
DA:363,0
DA:364,0
DA:379,0
LF:85
LH:0
BRDA:68,0,0,0
BRDA:77,1,0,0
BRDA:77,1,1,0
BRDA:100,2,0,0
BRDA:100,2,1,0
BRDA:100,3,0,0
BRDA:100,3,1,0
BRDA:107,4,0,0
BRDA:107,4,1,0
BRDA:124,5,0,0
BRDA:124,5,1,0
BRDA:145,6,0,0
BRDA:145,6,1,0
BRDA:147,7,0,0
BRDA:147,7,1,0
BRDA:149,8,0,0
BRDA:149,8,1,0
BRDA:152,9,0,0
BRDA:152,9,1,0
BRDA:152,10,0,0
BRDA:152,10,1,0
BRDA:156,11,0,0
BRDA:156,11,1,0
BRDA:163,12,0,0
BRDA:163,12,1,0
BRDA:164,13,0,0
BRDA:164,13,1,0
BRDA:165,14,0,0
BRDA:165,14,1,0
BRDA:170,15,0,0
BRDA:170,15,1,0
BRDA:170,16,0,0
BRDA:170,16,1,0
BRDA:272,17,0,0
BRDA:272,17,1,0
BRDA:273,18,0,0
BRDA:273,18,1,0
BRDA:317,19,0,0
BRDA:317,19,1,0
BRDA:318,20,0,0
BRDA:318,20,1,0
BRDA:322,21,0,0
BRDA:322,21,1,0
BRDA:347,22,0,0
BRDA:365,23,0,0
BRDA:365,23,1,0
BRF:46
BRH:0
end_of_record
TN:
SF:src/lib/utils/markdown.tsx
FN:118,(anonymous_0)
FN:138,(anonymous_1)
FN:155,(anonymous_2)
FN:159,(anonymous_3)
FN:161,(anonymous_4)
FN:165,(anonymous_5)
FN:169,(anonymous_6)
FN:428,(anonymous_7)
FNF:8
FNH:0
FNDA:0,(anonymous_0)
FNDA:0,(anonymous_1)
FNDA:0,(anonymous_2)
FNDA:0,(anonymous_3)
FNDA:0,(anonymous_4)
FNDA:0,(anonymous_5)
FNDA:0,(anonymous_6)
FNDA:0,(anonymous_7)
DA:19,0
DA:30,0
DA:54,0
DA:80,0
DA:81,0
DA:82,0
DA:83,0
DA:84,0
DA:85,0
DA:86,0
DA:87,0
DA:88,0
DA:89,0
DA:90,0
DA:91,0
DA:92,0
DA:93,0
DA:94,0
DA:95,0
DA:96,0
DA:97,0
DA:98,0
DA:99,0
DA:100,0
DA:101,0
DA:102,0
DA:103,0
DA:104,0
DA:105,0
DA:106,0
DA:107,0
DA:109,0
DA:110,0
DA:111,0
DA:112,0
DA:114,0
DA:118,0
DA:119,0
DA:130,0
DA:131,0
DA:135,0
DA:138,0
DA:141,0
DA:144,0
DA:146,0
DA:149,0
DA:150,0
DA:155,0
DA:159,0
DA:161,0
DA:165,0
DA:166,0
DA:167,0
DA:168,0
DA:169,0
DA:175,0
DA:177,0
DA:238,0
DA:243,0
DA:244,0
DA:247,0
DA:257,0
DA:266,0
DA:269,0
DA:272,0
DA:279,0
DA:286,0
DA:289,0
DA:294,0
DA:299,0
DA:306,0
DA:313,0
DA:325,0
DA:329,0
DA:338,0
DA:341,0
DA:348,0
DA:356,0
DA:362,0
DA:368,0
DA:378,0
DA:384,0
DA:390,0
DA:400,0
DA:408,0
DA:428,0
LF:86
LH:0
BRDA:141,0,0,0
BRDA:141,0,1,0
BRDA:141,0,2,0
BRDA:182,1,0,0
BRDA:182,1,1,0
BRDA:200,2,0,0
BRDA:200,2,1,0
BRDA:200,2,2,0
BRDA:200,2,3,0
BRDA:200,2,4,0
BRDA:206,3,0,0
BRDA:206,3,1,0
BRDA:207,4,0,0
BRDA:207,4,1,0
BRDA:243,5,0,0
BRDA:243,5,1,0
BRDA:362,6,0,0
BRDA:362,6,1,0
BRDA:364,7,0,0
BRDA:364,7,1,0
BRDA:384,8,0,0
BRDA:384,8,1,0
BRDA:386,9,0,0
BRDA:386,9,1,0
BRF:24
BRH:0
end_of_record
TN:
SF:src/routes/__root.tsx
FNF:0
FNH:0
DA:7,0
DA:12,0
LF:2
LH:0
BRF:0
BRH:0
end_of_record
TN:
SF:src/routes/index.tsx
FN:14,(anonymous_0)
FNF:1
FNH:0
FNDA:0,(anonymous_0)
DA:13,0
DA:14,0
DA:25,0
LF:3
LH:0
BRDA:15,0,0,0
BRDA:15,0,1,0
BRDA:16,1,0,0
BRDA:16,1,1,0
BRDA:17,2,0,0
BRDA:17,2,1,0
BRDA:18,3,0,0
BRDA:18,3,1,0
BRDA:19,4,0,0
BRDA:19,4,1,0
BRF:10
BRH:0
end_of_record
TN:
SF:src/routes/settings.tsx
FNF:0
FNH:0
DA:4,0
LF:1
LH:0
BRF:0
BRH:0
end_of_record
TN:
SF:src/routes/usage.tsx
FNF:0
FNH:0
DA:4,0
LF:1
LH:0
BRF:0
BRH:0
end_of_record
