{"total": {"lines":{"total":1561,"covered":864,"skipped":0,"pct":55.34},"statements":{"total":1658,"covered":906,"skipped":0,"pct":54.64},"functions":{"total":213,"covered":100,"skipped":0,"pct":46.94},"branches":{"total":739,"covered":438,"skipped":0,"pct":59.26},"branchesTrue":{"total":0,"covered":0,"skipped":0,"pct":100}}
,"/home/runner/work/ChatThing/ChatThing/src/App.tsx": {"lines":{"total":17,"covered":0,"skipped":0,"pct":0},"functions":{"total":7,"covered":0,"skipped":0,"pct":0},"statements":{"total":17,"covered":0,"skipped":0,"pct":0},"branches":{"total":0,"covered":0,"skipped":0,"pct":100}}
,"/home/runner/work/ChatThing/ChatThing/src/components/chat/container/ChatContainer.tsx": {"lines":{"total":107,"covered":0,"skipped":0,"pct":0},"functions":{"total":9,"covered":0,"skipped":0,"pct":0},"statements":{"total":107,"covered":0,"skipped":0,"pct":0},"branches":{"total":27,"covered":0,"skipped":0,"pct":0}}
,"/home/runner/work/ChatThing/ChatThing/src/components/chat/container/ChatContainer.ui.tsx": {"lines":{"total":1,"covered":1,"skipped":0,"pct":100},"functions":{"total":0,"covered":0,"skipped":0,"pct":100},"statements":{"total":1,"covered":1,"skipped":0,"pct":100},"branches":{"total":12,"covered":12,"skipped":0,"pct":100}}
,"/home/runner/work/ChatThing/ChatThing/src/components/chat/errors/CompatibilityError.tsx": {"lines":{"total":9,"covered":0,"skipped":0,"pct":0},"functions":{"total":1,"covered":0,"skipped":0,"pct":0},"statements":{"total":9,"covered":0,"skipped":0,"pct":0},"branches":{"total":4,"covered":0,"skipped":0,"pct":0}}
,"/home/runner/work/ChatThing/ChatThing/src/components/chat/errors/CompatibilityError.ui.tsx": {"lines":{"total":27,"covered":0,"skipped":0,"pct":0},"functions":{"total":1,"covered":0,"skipped":0,"pct":0},"statements":{"total":27,"covered":0,"skipped":0,"pct":0},"branches":{"total":36,"covered":0,"skipped":0,"pct":0}}
,"/home/runner/work/ChatThing/ChatThing/src/components/chat/errors/ErrorBanner.tsx": {"lines":{"total":8,"covered":0,"skipped":0,"pct":0},"functions":{"total":2,"covered":0,"skipped":0,"pct":0},"statements":{"total":8,"covered":0,"skipped":0,"pct":0},"branches":{"total":2,"covered":0,"skipped":0,"pct":0}}
,"/home/runner/work/ChatThing/ChatThing/src/components/chat/errors/ErrorBanner.ui.tsx": {"lines":{"total":6,"covered":5,"skipped":0,"pct":83.33},"functions":{"total":0,"covered":0,"skipped":0,"pct":100},"statements":{"total":6,"covered":5,"skipped":0,"pct":83.33},"branches":{"total":5,"covered":5,"skipped":0,"pct":100}}
,"/home/runner/work/ChatThing/ChatThing/src/components/chat/input/ChatInput.tsx": {"lines":{"total":24,"covered":0,"skipped":0,"pct":0},"functions":{"total":5,"covered":0,"skipped":0,"pct":0},"statements":{"total":24,"covered":0,"skipped":0,"pct":0},"branches":{"total":7,"covered":0,"skipped":0,"pct":0}}
,"/home/runner/work/ChatThing/ChatThing/src/components/chat/input/ChatInput.ui.tsx": {"lines":{"total":11,"covered":8,"skipped":0,"pct":72.72},"functions":{"total":3,"covered":3,"skipped":0,"pct":100},"statements":{"total":11,"covered":8,"skipped":0,"pct":72.72},"branches":{"total":24,"covered":22,"skipped":0,"pct":91.66}}
,"/home/runner/work/ChatThing/ChatThing/src/components/chat/messages/MessageItem.tsx": {"lines":{"total":30,"covered":0,"skipped":0,"pct":0},"functions":{"total":7,"covered":0,"skipped":0,"pct":0},"statements":{"total":32,"covered":0,"skipped":0,"pct":0},"branches":{"total":13,"covered":0,"skipped":0,"pct":0}}
,"/home/runner/work/ChatThing/ChatThing/src/components/chat/messages/MessageItem.ui.tsx": {"lines":{"total":10,"covered":5,"skipped":0,"pct":50},"functions":{"total":4,"covered":1,"skipped":0,"pct":25},"statements":{"total":10,"covered":5,"skipped":0,"pct":50},"branches":{"total":42,"covered":33,"skipped":0,"pct":78.57}}
,"/home/runner/work/ChatThing/ChatThing/src/components/chat/messages/MessageList.tsx": {"lines":{"total":11,"covered":0,"skipped":0,"pct":0},"functions":{"total":3,"covered":0,"skipped":0,"pct":0},"statements":{"total":11,"covered":0,"skipped":0,"pct":0},"branches":{"total":10,"covered":0,"skipped":0,"pct":0}}
,"/home/runner/work/ChatThing/ChatThing/src/components/chat/messages/MessageList.ui.tsx": {"lines":{"total":5,"covered":5,"skipped":0,"pct":100},"functions":{"total":2,"covered":2,"skipped":0,"pct":100},"statements":{"total":5,"covered":5,"skipped":0,"pct":100},"branches":{"total":6,"covered":6,"skipped":0,"pct":100}}
,"/home/runner/work/ChatThing/ChatThing/src/components/chat/settings/SettingsPanel.tsx": {"lines":{"total":5,"covered":5,"skipped":0,"pct":100},"functions":{"total":2,"covered":2,"skipped":0,"pct":100},"statements":{"total":5,"covered":5,"skipped":0,"pct":100},"branches":{"total":0,"covered":0,"skipped":0,"pct":100}}
,"/home/runner/work/ChatThing/ChatThing/src/components/chat/settings/SettingsPanel.ui.tsx": {"lines":{"total":1,"covered":1,"skipped":0,"pct":100},"functions":{"total":0,"covered":0,"skipped":0,"pct":100},"statements":{"total":1,"covered":1,"skipped":0,"pct":100},"branches":{"total":0,"covered":0,"skipped":0,"pct":100}}
,"/home/runner/work/ChatThing/ChatThing/src/components/chat/sidebar/ChatHeader.tsx": {"lines":{"total":5,"covered":0,"skipped":0,"pct":0},"functions":{"total":1,"covered":0,"skipped":0,"pct":0},"statements":{"total":5,"covered":0,"skipped":0,"pct":0},"branches":{"total":7,"covered":0,"skipped":0,"pct":0}}
,"/home/runner/work/ChatThing/ChatThing/src/components/chat/sidebar/ConversationSidebar.tsx": {"lines":{"total":38,"covered":0,"skipped":0,"pct":0},"functions":{"total":16,"covered":0,"skipped":0,"pct":0},"statements":{"total":44,"covered":0,"skipped":0,"pct":0},"branches":{"total":8,"covered":0,"skipped":0,"pct":0}}
,"/home/runner/work/ChatThing/ChatThing/src/components/chat/sidebar/ConversationSidebar.ui.tsx": {"lines":{"total":37,"covered":15,"skipped":0,"pct":40.54},"functions":{"total":6,"covered":3,"skipped":0,"pct":50},"statements":{"total":44,"covered":19,"skipped":0,"pct":43.18},"branches":{"total":54,"covered":42,"skipped":0,"pct":77.77}}
,"/home/runner/work/ChatThing/ChatThing/src/components/providers/ThemeProvider.tsx": {"lines":{"total":17,"covered":17,"skipped":0,"pct":100},"functions":{"total":4,"covered":3,"skipped":0,"pct":75},"statements":{"total":21,"covered":19,"skipped":0,"pct":90.47},"branches":{"total":8,"covered":6,"skipped":0,"pct":75}}
,"/home/runner/work/ChatThing/ChatThing/src/components/settings/SettingsPage.tsx": {"lines":{"total":37,"covered":18,"skipped":0,"pct":48.64},"functions":{"total":13,"covered":1,"skipped":0,"pct":7.69},"statements":{"total":38,"covered":19,"skipped":0,"pct":50},"branches":{"total":8,"covered":0,"skipped":0,"pct":0}}
,"/home/runner/work/ChatThing/ChatThing/src/components/settings/SettingsPage.ui.tsx": {"lines":{"total":22,"covered":11,"skipped":0,"pct":50},"functions":{"total":13,"covered":5,"skipped":0,"pct":38.46},"statements":{"total":22,"covered":11,"skipped":0,"pct":50},"branches":{"total":39,"covered":27,"skipped":0,"pct":69.23}}
,"/home/runner/work/ChatThing/ChatThing/src/components/ui/button.tsx": {"lines":{"total":3,"covered":3,"skipped":0,"pct":100},"functions":{"total":0,"covered":0,"skipped":0,"pct":100},"statements":{"total":3,"covered":3,"skipped":0,"pct":100},"branches":{"total":3,"covered":3,"skipped":0,"pct":100}}
,"/home/runner/work/ChatThing/ChatThing/src/components/ui/card.tsx": {"lines":{"total":7,"covered":6,"skipped":0,"pct":85.71},"functions":{"total":0,"covered":0,"skipped":0,"pct":100},"statements":{"total":7,"covered":6,"skipped":0,"pct":85.71},"branches":{"total":0,"covered":0,"skipped":0,"pct":100}}
,"/home/runner/work/ChatThing/ChatThing/src/components/ui/dropdown-menu.tsx": {"lines":{"total":15,"covered":14,"skipped":0,"pct":93.33},"functions":{"total":0,"covered":0,"skipped":0,"pct":100},"statements":{"total":15,"covered":14,"skipped":0,"pct":93.33},"branches":{"total":2,"covered":2,"skipped":0,"pct":100}}
,"/home/runner/work/ChatThing/ChatThing/src/components/ui/input.tsx": {"lines":{"total":1,"covered":1,"skipped":0,"pct":100},"functions":{"total":0,"covered":0,"skipped":0,"pct":100},"statements":{"total":1,"covered":1,"skipped":0,"pct":100},"branches":{"total":0,"covered":0,"skipped":0,"pct":100}}
,"/home/runner/work/ChatThing/ChatThing/src/components/ui/number-stepper.tsx": {"lines":{"total":22,"covered":20,"skipped":0,"pct":90.9},"functions":{"total":2,"covered":2,"skipped":0,"pct":100},"statements":{"total":22,"covered":20,"skipped":0,"pct":90.9},"branches":{"total":15,"covered":14,"skipped":0,"pct":93.33}}
,"/home/runner/work/ChatThing/ChatThing/src/components/ui/scroll-area.tsx": {"lines":{"total":2,"covered":2,"skipped":0,"pct":100},"functions":{"total":0,"covered":0,"skipped":0,"pct":100},"statements":{"total":2,"covered":2,"skipped":0,"pct":100},"branches":{"total":5,"covered":4,"skipped":0,"pct":80}}
,"/home/runner/work/ChatThing/ChatThing/src/components/ui/select.tsx": {"lines":{"total":10,"covered":10,"skipped":0,"pct":100},"functions":{"total":0,"covered":0,"skipped":0,"pct":100},"statements":{"total":10,"covered":10,"skipped":0,"pct":100},"branches":{"total":7,"covered":7,"skipped":0,"pct":100}}
,"/home/runner/work/ChatThing/ChatThing/src/components/ui/separator.tsx": {"lines":{"total":1,"covered":1,"skipped":0,"pct":100},"functions":{"total":0,"covered":0,"skipped":0,"pct":100},"statements":{"total":1,"covered":1,"skipped":0,"pct":100},"branches":{"total":2,"covered":2,"skipped":0,"pct":100}}
,"/home/runner/work/ChatThing/ChatThing/src/components/ui/sheet.tsx": {"lines":{"total":11,"covered":11,"skipped":0,"pct":100},"functions":{"total":0,"covered":0,"skipped":0,"pct":100},"statements":{"total":11,"covered":11,"skipped":0,"pct":100},"branches":{"total":9,"covered":9,"skipped":0,"pct":100}}
,"/home/runner/work/ChatThing/ChatThing/src/components/ui/skeleton.tsx": {"lines":{"total":1,"covered":1,"skipped":0,"pct":100},"functions":{"total":0,"covered":0,"skipped":0,"pct":100},"statements":{"total":1,"covered":1,"skipped":0,"pct":100},"branches":{"total":0,"covered":0,"skipped":0,"pct":100}}
,"/home/runner/work/ChatThing/ChatThing/src/components/ui/textarea.tsx": {"lines":{"total":1,"covered":1,"skipped":0,"pct":100},"functions":{"total":0,"covered":0,"skipped":0,"pct":100},"statements":{"total":1,"covered":1,"skipped":0,"pct":100},"branches":{"total":0,"covered":0,"skipped":0,"pct":100}}
,"/home/runner/work/ChatThing/ChatThing/src/components/ui/tooltip.tsx": {"lines":{"total":5,"covered":5,"skipped":0,"pct":100},"functions":{"total":0,"covered":0,"skipped":0,"pct":100},"statements":{"total":5,"covered":5,"skipped":0,"pct":100},"branches":{"total":2,"covered":2,"skipped":0,"pct":100}}
,"/home/runner/work/ChatThing/ChatThing/src/components/usage/UsagePage.tsx": {"lines":{"total":14,"covered":13,"skipped":0,"pct":92.85},"functions":{"total":9,"covered":8,"skipped":0,"pct":88.88},"statements":{"total":17,"covered":16,"skipped":0,"pct":94.11},"branches":{"total":15,"covered":15,"skipped":0,"pct":100}}
,"/home/runner/work/ChatThing/ChatThing/src/components/usage/UsagePage.ui.tsx": {"lines":{"total":29,"covered":25,"skipped":0,"pct":86.2},"functions":{"total":17,"covered":15,"skipped":0,"pct":88.23},"statements":{"total":30,"covered":25,"skipped":0,"pct":83.33},"branches":{"total":22,"covered":14,"skipped":0,"pct":63.63}}
,"/home/runner/work/ChatThing/ChatThing/src/lib/utils.ts": {"lines":{"total":1,"covered":1,"skipped":0,"pct":100},"functions":{"total":0,"covered":0,"skipped":0,"pct":100},"statements":{"total":1,"covered":1,"skipped":0,"pct":100},"branches":{"total":0,"covered":0,"skipped":0,"pct":100}}
,"/home/runner/work/ChatThing/ChatThing/src/lib/ai/compat.ts": {"lines":{"total":69,"covered":59,"skipped":0,"pct":85.5},"functions":{"total":2,"covered":2,"skipped":0,"pct":100},"statements":{"total":73,"covered":60,"skipped":0,"pct":82.19},"branches":{"total":38,"covered":26,"skipped":0,"pct":68.42}}
,"/home/runner/work/ChatThing/ChatThing/src/lib/ai/hooks.ts": {"lines":{"total":34,"covered":22,"skipped":0,"pct":64.7},"functions":{"total":3,"covered":3,"skipped":0,"pct":100},"statements":{"total":34,"covered":22,"skipped":0,"pct":64.7},"branches":{"total":6,"covered":3,"skipped":0,"pct":50}}
,"/home/runner/work/ChatThing/ChatThing/src/lib/ai/prompt.ts": {"lines":{"total":52,"covered":0,"skipped":0,"pct":0},"functions":{"total":3,"covered":0,"skipped":0,"pct":0},"statements":{"total":53,"covered":0,"skipped":0,"pct":0},"branches":{"total":21,"covered":0,"skipped":0,"pct":0}}
,"/home/runner/work/ChatThing/ChatThing/src/lib/ai/store.ts": {"lines":{"total":5,"covered":5,"skipped":0,"pct":100},"functions":{"total":0,"covered":0,"skipped":0,"pct":100},"statements":{"total":5,"covered":5,"skipped":0,"pct":100},"branches":{"total":0,"covered":0,"skipped":0,"pct":100}}
,"/home/runner/work/ChatThing/ChatThing/src/lib/ai/titleGenerator.ts": {"lines":{"total":24,"covered":22,"skipped":0,"pct":91.66},"functions":{"total":0,"covered":0,"skipped":0,"pct":100},"statements":{"total":24,"covered":22,"skipped":0,"pct":91.66},"branches":{"total":4,"covered":4,"skipped":0,"pct":100}}
,"/home/runner/work/ChatThing/ChatThing/src/lib/ai/tools/datetime.ts": {"lines":{"total":12,"covered":12,"skipped":0,"pct":100},"functions":{"total":0,"covered":0,"skipped":0,"pct":100},"statements":{"total":12,"covered":12,"skipped":0,"pct":100},"branches":{"total":2,"covered":2,"skipped":0,"pct":100}}
,"/home/runner/work/ChatThing/ChatThing/src/lib/ai/tools/index.ts": {"lines":{"total":1,"covered":0,"skipped":0,"pct":0},"functions":{"total":0,"covered":0,"skipped":0,"pct":100},"statements":{"total":1,"covered":0,"skipped":0,"pct":0},"branches":{"total":0,"covered":0,"skipped":0,"pct":100}}
,"/home/runner/work/ChatThing/ChatThing/src/lib/ai/tools/weather.ts": {"lines":{"total":21,"covered":21,"skipped":0,"pct":100},"functions":{"total":0,"covered":0,"skipped":0,"pct":100},"statements":{"total":21,"covered":21,"skipped":0,"pct":100},"branches":{"total":8,"covered":6,"skipped":0,"pct":75}}
,"/home/runner/work/ChatThing/ChatThing/src/lib/stores/chat.ts": {"lines":{"total":63,"covered":32,"skipped":0,"pct":50.79},"functions":{"total":7,"covered":4,"skipped":0,"pct":57.14},"statements":{"total":65,"covered":33,"skipped":0,"pct":50.76},"branches":{"total":20,"covered":12,"skipped":0,"pct":60}}
,"/home/runner/work/ChatThing/ChatThing/src/lib/stores/conversations.ts": {"lines":{"total":235,"covered":173,"skipped":0,"pct":73.61},"functions":{"total":36,"covered":28,"skipped":0,"pct":77.77},"statements":{"total":267,"covered":193,"skipped":0,"pct":72.28},"branches":{"total":57,"covered":34,"skipped":0,"pct":59.64}}
,"/home/runner/work/ChatThing/ChatThing/src/lib/stores/errors.ts": {"lines":{"total":25,"covered":25,"skipped":0,"pct":100},"functions":{"total":0,"covered":0,"skipped":0,"pct":100},"statements":{"total":25,"covered":25,"skipped":0,"pct":100},"branches":{"total":26,"covered":25,"skipped":0,"pct":96.15}}
,"/home/runner/work/ChatThing/ChatThing/src/lib/stores/hydration.ts": {"lines":{"total":3,"covered":3,"skipped":0,"pct":100},"functions":{"total":0,"covered":0,"skipped":0,"pct":100},"statements":{"total":3,"covered":3,"skipped":0,"pct":100},"branches":{"total":2,"covered":2,"skipped":0,"pct":100}}
,"/home/runner/work/ChatThing/ChatThing/src/lib/stores/imageStorage.ts": {"lines":{"total":81,"covered":5,"skipped":0,"pct":6.17},"functions":{"total":11,"covered":0,"skipped":0,"pct":0},"statements":{"total":85,"covered":5,"skipped":0,"pct":5.88},"branches":{"total":6,"covered":1,"skipped":0,"pct":16.66}}
,"/home/runner/work/ChatThing/ChatThing/src/lib/stores/navigation.ts": {"lines":{"total":121,"covered":116,"skipped":0,"pct":95.86},"functions":{"total":3,"covered":3,"skipped":0,"pct":100},"statements":{"total":130,"covered":119,"skipped":0,"pct":91.53},"branches":{"total":54,"covered":40,"skipped":0,"pct":74.07}}
,"/home/runner/work/ChatThing/ChatThing/src/lib/stores/settings.ts": {"lines":{"total":100,"covered":62,"skipped":0,"pct":62},"functions":{"total":9,"covered":9,"skipped":0,"pct":100},"statements":{"total":110,"covered":64,"skipped":0,"pct":58.18},"branches":{"total":31,"covered":11,"skipped":0,"pct":35.48}}
,"/home/runner/work/ChatThing/ChatThing/src/lib/stores/usage.ts": {"lines":{"total":85,"covered":74,"skipped":0,"pct":87.05},"functions":{"total":6,"covered":5,"skipped":0,"pct":83.33},"statements":{"total":93,"covered":78,"skipped":0,"pct":83.87},"branches":{"total":46,"covered":41,"skipped":0,"pct":89.13}}
,"/home/runner/work/ChatThing/ChatThing/src/lib/utils/markdown.tsx": {"lines":{"total":79,"covered":28,"skipped":0,"pct":35.44},"functions":{"total":6,"covered":1,"skipped":0,"pct":16.66},"statements":{"total":82,"covered":29,"skipped":0,"pct":35.36},"branches":{"total":24,"covered":6,"skipped":0,"pct":25}}
}
