{"total": {"lines":{"total":1553,"covered":591,"skipped":0,"pct":38.05},"statements":{"total":1650,"covered":617,"skipped":0,"pct":37.39},"functions":{"total":208,"covered":76,"skipped":0,"pct":36.53},"branches":{"total":733,"covered":350,"skipped":0,"pct":47.74},"branchesTrue":{"total":0,"covered":0,"skipped":0,"pct":100}}
,"/home/jesse/wsl-projects/personal/typescript/ai.jereko.dev/src/App.tsx": {"lines":{"total":14,"covered":0,"skipped":0,"pct":0},"functions":{"total":5,"covered":0,"skipped":0,"pct":0},"statements":{"total":14,"covered":0,"skipped":0,"pct":0},"branches":{"total":0,"covered":0,"skipped":0,"pct":100}}
,"/home/jesse/wsl-projects/personal/typescript/ai.jereko.dev/src/components/chat/container/ChatContainer.tsx": {"lines":{"total":107,"covered":0,"skipped":0,"pct":0},"functions":{"total":9,"covered":0,"skipped":0,"pct":0},"statements":{"total":107,"covered":0,"skipped":0,"pct":0},"branches":{"total":27,"covered":0,"skipped":0,"pct":0}}
,"/home/jesse/wsl-projects/personal/typescript/ai.jereko.dev/src/components/chat/container/ChatContainer.ui.tsx": {"lines":{"total":1,"covered":0,"skipped":0,"pct":0},"functions":{"total":0,"covered":0,"skipped":0,"pct":100},"statements":{"total":1,"covered":0,"skipped":0,"pct":0},"branches":{"total":12,"covered":0,"skipped":0,"pct":0}}
,"/home/jesse/wsl-projects/personal/typescript/ai.jereko.dev/src/components/chat/errors/CompatibilityError.tsx": {"lines":{"total":9,"covered":0,"skipped":0,"pct":0},"functions":{"total":1,"covered":0,"skipped":0,"pct":0},"statements":{"total":9,"covered":0,"skipped":0,"pct":0},"branches":{"total":4,"covered":0,"skipped":0,"pct":0}}
,"/home/jesse/wsl-projects/personal/typescript/ai.jereko.dev/src/components/chat/errors/CompatibilityError.ui.tsx": {"lines":{"total":27,"covered":0,"skipped":0,"pct":0},"functions":{"total":1,"covered":0,"skipped":0,"pct":0},"statements":{"total":27,"covered":0,"skipped":0,"pct":0},"branches":{"total":36,"covered":0,"skipped":0,"pct":0}}
,"/home/jesse/wsl-projects/personal/typescript/ai.jereko.dev/src/components/chat/errors/ErrorBanner.tsx": {"lines":{"total":8,"covered":0,"skipped":0,"pct":0},"functions":{"total":2,"covered":0,"skipped":0,"pct":0},"statements":{"total":8,"covered":0,"skipped":0,"pct":0},"branches":{"total":2,"covered":0,"skipped":0,"pct":0}}
,"/home/jesse/wsl-projects/personal/typescript/ai.jereko.dev/src/components/chat/errors/ErrorBanner.ui.tsx": {"lines":{"total":6,"covered":5,"skipped":0,"pct":83.33},"functions":{"total":0,"covered":0,"skipped":0,"pct":100},"statements":{"total":6,"covered":5,"skipped":0,"pct":83.33},"branches":{"total":5,"covered":5,"skipped":0,"pct":100}}
,"/home/jesse/wsl-projects/personal/typescript/ai.jereko.dev/src/components/chat/input/ChatInput.tsx": {"lines":{"total":24,"covered":0,"skipped":0,"pct":0},"functions":{"total":5,"covered":0,"skipped":0,"pct":0},"statements":{"total":24,"covered":0,"skipped":0,"pct":0},"branches":{"total":7,"covered":0,"skipped":0,"pct":0}}
,"/home/jesse/wsl-projects/personal/typescript/ai.jereko.dev/src/components/chat/input/ChatInput.ui.tsx": {"lines":{"total":11,"covered":8,"skipped":0,"pct":72.72},"functions":{"total":3,"covered":3,"skipped":0,"pct":100},"statements":{"total":11,"covered":8,"skipped":0,"pct":72.72},"branches":{"total":24,"covered":22,"skipped":0,"pct":91.66}}
,"/home/jesse/wsl-projects/personal/typescript/ai.jereko.dev/src/components/chat/messages/MessageItem.tsx": {"lines":{"total":30,"covered":0,"skipped":0,"pct":0},"functions":{"total":7,"covered":0,"skipped":0,"pct":0},"statements":{"total":32,"covered":0,"skipped":0,"pct":0},"branches":{"total":13,"covered":0,"skipped":0,"pct":0}}
,"/home/jesse/wsl-projects/personal/typescript/ai.jereko.dev/src/components/chat/messages/MessageItem.ui.tsx": {"lines":{"total":5,"covered":4,"skipped":0,"pct":80},"functions":{"total":1,"covered":1,"skipped":0,"pct":100},"statements":{"total":5,"covered":4,"skipped":0,"pct":80},"branches":{"total":38,"covered":32,"skipped":0,"pct":84.21}}
,"/home/jesse/wsl-projects/personal/typescript/ai.jereko.dev/src/components/chat/messages/MessageList.tsx": {"lines":{"total":11,"covered":0,"skipped":0,"pct":0},"functions":{"total":3,"covered":0,"skipped":0,"pct":0},"statements":{"total":11,"covered":0,"skipped":0,"pct":0},"branches":{"total":10,"covered":0,"skipped":0,"pct":0}}
,"/home/jesse/wsl-projects/personal/typescript/ai.jereko.dev/src/components/chat/messages/MessageList.ui.tsx": {"lines":{"total":5,"covered":5,"skipped":0,"pct":100},"functions":{"total":2,"covered":2,"skipped":0,"pct":100},"statements":{"total":5,"covered":5,"skipped":0,"pct":100},"branches":{"total":6,"covered":6,"skipped":0,"pct":100}}
,"/home/jesse/wsl-projects/personal/typescript/ai.jereko.dev/src/components/chat/settings/SettingsPanel.tsx": {"lines":{"total":5,"covered":0,"skipped":0,"pct":0},"functions":{"total":2,"covered":0,"skipped":0,"pct":0},"statements":{"total":5,"covered":0,"skipped":0,"pct":0},"branches":{"total":0,"covered":0,"skipped":0,"pct":100}}
,"/home/jesse/wsl-projects/personal/typescript/ai.jereko.dev/src/components/chat/settings/SettingsPanel.ui.tsx": {"lines":{"total":1,"covered":0,"skipped":0,"pct":0},"functions":{"total":0,"covered":0,"skipped":0,"pct":100},"statements":{"total":1,"covered":0,"skipped":0,"pct":0},"branches":{"total":0,"covered":0,"skipped":0,"pct":100}}
,"/home/jesse/wsl-projects/personal/typescript/ai.jereko.dev/src/components/chat/sidebar/ChatHeader.tsx": {"lines":{"total":5,"covered":0,"skipped":0,"pct":0},"functions":{"total":1,"covered":0,"skipped":0,"pct":0},"statements":{"total":5,"covered":0,"skipped":0,"pct":0},"branches":{"total":7,"covered":0,"skipped":0,"pct":0}}
,"/home/jesse/wsl-projects/personal/typescript/ai.jereko.dev/src/components/chat/sidebar/ConversationSidebar.tsx": {"lines":{"total":38,"covered":0,"skipped":0,"pct":0},"functions":{"total":16,"covered":0,"skipped":0,"pct":0},"statements":{"total":44,"covered":0,"skipped":0,"pct":0},"branches":{"total":8,"covered":0,"skipped":0,"pct":0}}
,"/home/jesse/wsl-projects/personal/typescript/ai.jereko.dev/src/components/chat/sidebar/ConversationSidebar.ui.tsx": {"lines":{"total":37,"covered":15,"skipped":0,"pct":40.54},"functions":{"total":6,"covered":3,"skipped":0,"pct":50},"statements":{"total":44,"covered":19,"skipped":0,"pct":43.18},"branches":{"total":54,"covered":42,"skipped":0,"pct":77.77}}
,"/home/jesse/wsl-projects/personal/typescript/ai.jereko.dev/src/components/providers/ThemeProvider.tsx": {"lines":{"total":17,"covered":0,"skipped":0,"pct":0},"functions":{"total":4,"covered":0,"skipped":0,"pct":0},"statements":{"total":21,"covered":0,"skipped":0,"pct":0},"branches":{"total":8,"covered":0,"skipped":0,"pct":0}}
,"/home/jesse/wsl-projects/personal/typescript/ai.jereko.dev/src/components/settings/SettingsPage.tsx": {"lines":{"total":37,"covered":18,"skipped":0,"pct":48.64},"functions":{"total":13,"covered":1,"skipped":0,"pct":7.69},"statements":{"total":38,"covered":19,"skipped":0,"pct":50},"branches":{"total":8,"covered":0,"skipped":0,"pct":0}}
,"/home/jesse/wsl-projects/personal/typescript/ai.jereko.dev/src/components/settings/SettingsPage.ui.tsx": {"lines":{"total":22,"covered":11,"skipped":0,"pct":50},"functions":{"total":13,"covered":5,"skipped":0,"pct":38.46},"statements":{"total":22,"covered":11,"skipped":0,"pct":50},"branches":{"total":39,"covered":27,"skipped":0,"pct":69.23}}
,"/home/jesse/wsl-projects/personal/typescript/ai.jereko.dev/src/components/ui/button.tsx": {"lines":{"total":3,"covered":3,"skipped":0,"pct":100},"functions":{"total":0,"covered":0,"skipped":0,"pct":100},"statements":{"total":3,"covered":3,"skipped":0,"pct":100},"branches":{"total":3,"covered":3,"skipped":0,"pct":100}}
,"/home/jesse/wsl-projects/personal/typescript/ai.jereko.dev/src/components/ui/card.tsx": {"lines":{"total":7,"covered":6,"skipped":0,"pct":85.71},"functions":{"total":0,"covered":0,"skipped":0,"pct":100},"statements":{"total":7,"covered":6,"skipped":0,"pct":85.71},"branches":{"total":0,"covered":0,"skipped":0,"pct":100}}
,"/home/jesse/wsl-projects/personal/typescript/ai.jereko.dev/src/components/ui/dropdown-menu.tsx": {"lines":{"total":15,"covered":3,"skipped":0,"pct":20},"functions":{"total":0,"covered":0,"skipped":0,"pct":100},"statements":{"total":15,"covered":3,"skipped":0,"pct":20},"branches":{"total":2,"covered":1,"skipped":0,"pct":50}}
,"/home/jesse/wsl-projects/personal/typescript/ai.jereko.dev/src/components/ui/input.tsx": {"lines":{"total":1,"covered":1,"skipped":0,"pct":100},"functions":{"total":0,"covered":0,"skipped":0,"pct":100},"statements":{"total":1,"covered":1,"skipped":0,"pct":100},"branches":{"total":0,"covered":0,"skipped":0,"pct":100}}
,"/home/jesse/wsl-projects/personal/typescript/ai.jereko.dev/src/components/ui/number-stepper.tsx": {"lines":{"total":22,"covered":5,"skipped":0,"pct":22.72},"functions":{"total":2,"covered":1,"skipped":0,"pct":50},"statements":{"total":22,"covered":5,"skipped":0,"pct":22.72},"branches":{"total":13,"covered":10,"skipped":0,"pct":76.92}}
,"/home/jesse/wsl-projects/personal/typescript/ai.jereko.dev/src/components/ui/scroll-area.tsx": {"lines":{"total":2,"covered":2,"skipped":0,"pct":100},"functions":{"total":0,"covered":0,"skipped":0,"pct":100},"statements":{"total":2,"covered":2,"skipped":0,"pct":100},"branches":{"total":5,"covered":4,"skipped":0,"pct":80}}
,"/home/jesse/wsl-projects/personal/typescript/ai.jereko.dev/src/components/ui/select.tsx": {"lines":{"total":10,"covered":7,"skipped":0,"pct":70},"functions":{"total":0,"covered":0,"skipped":0,"pct":100},"statements":{"total":10,"covered":7,"skipped":0,"pct":70},"branches":{"total":7,"covered":7,"skipped":0,"pct":100}}
,"/home/jesse/wsl-projects/personal/typescript/ai.jereko.dev/src/components/ui/separator.tsx": {"lines":{"total":1,"covered":0,"skipped":0,"pct":0},"functions":{"total":0,"covered":0,"skipped":0,"pct":100},"statements":{"total":1,"covered":0,"skipped":0,"pct":0},"branches":{"total":2,"covered":0,"skipped":0,"pct":0}}
,"/home/jesse/wsl-projects/personal/typescript/ai.jereko.dev/src/components/ui/sheet.tsx": {"lines":{"total":11,"covered":0,"skipped":0,"pct":0},"functions":{"total":0,"covered":0,"skipped":0,"pct":100},"statements":{"total":11,"covered":0,"skipped":0,"pct":0},"branches":{"total":9,"covered":0,"skipped":0,"pct":0}}
,"/home/jesse/wsl-projects/personal/typescript/ai.jereko.dev/src/components/ui/skeleton.tsx": {"lines":{"total":1,"covered":0,"skipped":0,"pct":0},"functions":{"total":0,"covered":0,"skipped":0,"pct":100},"statements":{"total":1,"covered":0,"skipped":0,"pct":0},"branches":{"total":0,"covered":0,"skipped":0,"pct":100}}
,"/home/jesse/wsl-projects/personal/typescript/ai.jereko.dev/src/components/ui/textarea.tsx": {"lines":{"total":1,"covered":1,"skipped":0,"pct":100},"functions":{"total":0,"covered":0,"skipped":0,"pct":100},"statements":{"total":1,"covered":1,"skipped":0,"pct":100},"branches":{"total":0,"covered":0,"skipped":0,"pct":100}}
,"/home/jesse/wsl-projects/personal/typescript/ai.jereko.dev/src/components/ui/tooltip.tsx": {"lines":{"total":5,"covered":5,"skipped":0,"pct":100},"functions":{"total":0,"covered":0,"skipped":0,"pct":100},"statements":{"total":5,"covered":5,"skipped":0,"pct":100},"branches":{"total":2,"covered":2,"skipped":0,"pct":100}}
,"/home/jesse/wsl-projects/personal/typescript/ai.jereko.dev/src/components/usage/UsagePage.tsx": {"lines":{"total":14,"covered":13,"skipped":0,"pct":92.85},"functions":{"total":9,"covered":8,"skipped":0,"pct":88.88},"statements":{"total":17,"covered":16,"skipped":0,"pct":94.11},"branches":{"total":15,"covered":15,"skipped":0,"pct":100}}
,"/home/jesse/wsl-projects/personal/typescript/ai.jereko.dev/src/components/usage/UsagePage.ui.tsx": {"lines":{"total":29,"covered":25,"skipped":0,"pct":86.2},"functions":{"total":17,"covered":15,"skipped":0,"pct":88.23},"statements":{"total":30,"covered":25,"skipped":0,"pct":83.33},"branches":{"total":22,"covered":14,"skipped":0,"pct":63.63}}
,"/home/jesse/wsl-projects/personal/typescript/ai.jereko.dev/src/lib/utils.ts": {"lines":{"total":1,"covered":1,"skipped":0,"pct":100},"functions":{"total":0,"covered":0,"skipped":0,"pct":100},"statements":{"total":1,"covered":1,"skipped":0,"pct":100},"branches":{"total":0,"covered":0,"skipped":0,"pct":100}}
,"/home/jesse/wsl-projects/personal/typescript/ai.jereko.dev/src/lib/ai/compat.ts": {"lines":{"total":69,"covered":23,"skipped":0,"pct":33.33},"functions":{"total":2,"covered":0,"skipped":0,"pct":0},"statements":{"total":73,"covered":23,"skipped":0,"pct":31.5},"branches":{"total":38,"covered":13,"skipped":0,"pct":34.21}}
,"/home/jesse/wsl-projects/personal/typescript/ai.jereko.dev/src/lib/ai/hooks.ts": {"lines":{"total":34,"covered":0,"skipped":0,"pct":0},"functions":{"total":3,"covered":0,"skipped":0,"pct":0},"statements":{"total":34,"covered":0,"skipped":0,"pct":0},"branches":{"total":6,"covered":0,"skipped":0,"pct":0}}
,"/home/jesse/wsl-projects/personal/typescript/ai.jereko.dev/src/lib/ai/prompt.ts": {"lines":{"total":52,"covered":0,"skipped":0,"pct":0},"functions":{"total":3,"covered":0,"skipped":0,"pct":0},"statements":{"total":53,"covered":0,"skipped":0,"pct":0},"branches":{"total":21,"covered":0,"skipped":0,"pct":0}}
,"/home/jesse/wsl-projects/personal/typescript/ai.jereko.dev/src/lib/ai/store.ts": {"lines":{"total":5,"covered":0,"skipped":0,"pct":0},"functions":{"total":0,"covered":0,"skipped":0,"pct":100},"statements":{"total":5,"covered":0,"skipped":0,"pct":0},"branches":{"total":0,"covered":0,"skipped":0,"pct":100}}
,"/home/jesse/wsl-projects/personal/typescript/ai.jereko.dev/src/lib/ai/titleGenerator.ts": {"lines":{"total":24,"covered":1,"skipped":0,"pct":4.16},"functions":{"total":0,"covered":0,"skipped":0,"pct":100},"statements":{"total":24,"covered":1,"skipped":0,"pct":4.16},"branches":{"total":4,"covered":0,"skipped":0,"pct":0}}
,"/home/jesse/wsl-projects/personal/typescript/ai.jereko.dev/src/lib/ai/tools/datetime.ts": {"lines":{"total":12,"covered":12,"skipped":0,"pct":100},"functions":{"total":0,"covered":0,"skipped":0,"pct":100},"statements":{"total":12,"covered":12,"skipped":0,"pct":100},"branches":{"total":2,"covered":2,"skipped":0,"pct":100}}
,"/home/jesse/wsl-projects/personal/typescript/ai.jereko.dev/src/lib/ai/tools/index.ts": {"lines":{"total":1,"covered":0,"skipped":0,"pct":0},"functions":{"total":0,"covered":0,"skipped":0,"pct":100},"statements":{"total":1,"covered":0,"skipped":0,"pct":0},"branches":{"total":0,"covered":0,"skipped":0,"pct":100}}
,"/home/jesse/wsl-projects/personal/typescript/ai.jereko.dev/src/lib/ai/tools/weather.ts": {"lines":{"total":21,"covered":21,"skipped":0,"pct":100},"functions":{"total":0,"covered":0,"skipped":0,"pct":100},"statements":{"total":21,"covered":21,"skipped":0,"pct":100},"branches":{"total":8,"covered":6,"skipped":0,"pct":75}}
,"/home/jesse/wsl-projects/personal/typescript/ai.jereko.dev/src/lib/stores/chat.ts": {"lines":{"total":63,"covered":30,"skipped":0,"pct":47.61},"functions":{"total":7,"covered":4,"skipped":0,"pct":57.14},"statements":{"total":65,"covered":31,"skipped":0,"pct":47.69},"branches":{"total":20,"covered":12,"skipped":0,"pct":60}}
,"/home/jesse/wsl-projects/personal/typescript/ai.jereko.dev/src/lib/stores/conversations.ts": {"lines":{"total":235,"covered":88,"skipped":0,"pct":37.44},"functions":{"total":36,"covered":16,"skipped":0,"pct":44.44},"statements":{"total":267,"covered":97,"skipped":0,"pct":36.32},"branches":{"total":57,"covered":10,"skipped":0,"pct":17.54}}
,"/home/jesse/wsl-projects/personal/typescript/ai.jereko.dev/src/lib/stores/errors.ts": {"lines":{"total":25,"covered":25,"skipped":0,"pct":100},"functions":{"total":0,"covered":0,"skipped":0,"pct":100},"statements":{"total":25,"covered":25,"skipped":0,"pct":100},"branches":{"total":26,"covered":25,"skipped":0,"pct":96.15}}
,"/home/jesse/wsl-projects/personal/typescript/ai.jereko.dev/src/lib/stores/hydration.ts": {"lines":{"total":3,"covered":3,"skipped":0,"pct":100},"functions":{"total":0,"covered":0,"skipped":0,"pct":100},"statements":{"total":3,"covered":3,"skipped":0,"pct":100},"branches":{"total":2,"covered":2,"skipped":0,"pct":100}}
,"/home/jesse/wsl-projects/personal/typescript/ai.jereko.dev/src/lib/stores/imageStorage.ts": {"lines":{"total":81,"covered":4,"skipped":0,"pct":4.93},"functions":{"total":11,"covered":0,"skipped":0,"pct":0},"statements":{"total":85,"covered":4,"skipped":0,"pct":4.7},"branches":{"total":6,"covered":0,"skipped":0,"pct":0}}
,"/home/jesse/wsl-projects/personal/typescript/ai.jereko.dev/src/lib/stores/navigation.ts": {"lines":{"total":121,"covered":116,"skipped":0,"pct":95.86},"functions":{"total":3,"covered":3,"skipped":0,"pct":100},"statements":{"total":130,"covered":119,"skipped":0,"pct":91.53},"branches":{"total":54,"covered":40,"skipped":0,"pct":74.07}}
,"/home/jesse/wsl-projects/personal/typescript/ai.jereko.dev/src/lib/stores/settings.ts": {"lines":{"total":100,"covered":43,"skipped":0,"pct":43},"functions":{"total":9,"covered":9,"skipped":0,"pct":100},"statements":{"total":110,"covered":44,"skipped":0,"pct":40},"branches":{"total":31,"covered":7,"skipped":0,"pct":22.58}}
,"/home/jesse/wsl-projects/personal/typescript/ai.jereko.dev/src/lib/stores/usage.ts": {"lines":{"total":85,"covered":74,"skipped":0,"pct":87.05},"functions":{"total":6,"covered":4,"skipped":0,"pct":66.66},"statements":{"total":93,"covered":77,"skipped":0,"pct":82.79},"branches":{"total":46,"covered":41,"skipped":0,"pct":89.13}}
,"/home/jesse/wsl-projects/personal/typescript/ai.jereko.dev/src/lib/utils/markdown.tsx": {"lines":{"total":79,"covered":13,"skipped":0,"pct":16.45},"functions":{"total":6,"covered":1,"skipped":0,"pct":16.66},"statements":{"total":82,"covered":14,"skipped":0,"pct":17.07},"branches":{"total":24,"covered":2,"skipped":0,"pct":8.33}}
}
