TN:
SF:src/routeTree.gen.ts
FN:19,(anonymous_0)
FN:24,(anonymous_1)
FN:29,(anonymous_2)
FNF:3
FNH:0
FNDA:0,(anonymous_0)
FNDA:0,(anonymous_1)
FNDA:0,(anonymous_2)
DA:16,0
DA:19,0
DA:21,0
DA:24,0
DA:26,0
DA:29,0
DA:88,0
DA:93,0
LF:8
LH:0
BRF:0
BRH:0
end_of_record
TN:
SF:src/router.tsx
FNF:0
FNH:0
DA:9,0
LF:1
LH:0
BRF:0
BRH:0
end_of_record
TN:
SF:src/components/chat/container/ChatContainer.tsx
FN:145,(anonymous_0)
FN:216,(anonymous_1)
FN:338,(anonymous_2)
FN:347,(anonymous_3)
FN:368,(anonymous_4)
FN:374,(anonymous_5)
FN:395,(anonymous_6)
FN:402,(anonymous_7)
FN:406,(anonymous_8)
FNF:9
FNH:0
FNDA:0,(anonymous_0)
FNDA:0,(anonymous_1)
FNDA:0,(anonymous_2)
FNDA:0,(anonymous_3)
FNDA:0,(anonymous_4)
FNDA:0,(anonymous_5)
FNDA:0,(anonymous_6)
FNDA:0,(anonymous_7)
FNDA:0,(anonymous_8)
DA:46,0
DA:52,0
DA:56,0
DA:71,0
DA:72,0
DA:73,0
DA:76,0
DA:80,0
DA:81,0
DA:83,0
DA:87,0
DA:89,0
DA:100,0
DA:102,0
DA:109,0
DA:121,0
DA:123,0
DA:127,0
DA:129,0
DA:130,0
DA:131,0
DA:134,0
DA:135,0
DA:137,0
DA:144,0
DA:153,0
DA:156,0
DA:157,0
DA:160,0
DA:163,0
DA:164,0
DA:167,0
DA:169,0
DA:170,0
DA:174,0
DA:178,0
DA:180,0
DA:184,0
DA:185,0
DA:186,0
DA:189,0
DA:192,0
DA:201,0
DA:206,0
DA:207,0
DA:211,0
DA:213,0
DA:214,0
DA:218,0
DA:223,0
DA:227,0
DA:229,0
DA:233,0
DA:240,0
DA:244,0
DA:247,0
DA:252,0
DA:257,0
DA:265,0
DA:272,0
DA:273,0
DA:274,0
DA:276,0
DA:286,0
DA:297,0
DA:298,0
DA:300,0
DA:304,0
DA:309,0
DA:315,0
DA:319,0
DA:321,0
DA:326,0
DA:327,0
DA:328,0
DA:332,0
DA:338,0
DA:339,0
DA:345,0
DA:346,0
DA:347,0
DA:348,0
DA:356,0
DA:357,0
DA:358,0
DA:359,0
DA:360,0
DA:367,0
DA:369,0
DA:374,0
DA:376,0
DA:378,0
DA:379,0
DA:382,0
DA:384,0
DA:385,0
DA:389,0
DA:390,0
DA:395,0
DA:397,0
DA:402,0
DA:403,0
DA:406,0
DA:407,0
DA:410,0
DA:418,0
DA:421,0
LF:107
LH:0
BRDA:71,0,0,0
BRDA:71,0,1,0
BRDA:73,1,0,0
BRDA:73,1,1,0
BRDA:75,2,0,0
BRDA:75,2,1,0
BRDA:79,3,0,0
BRDA:79,3,1,0
BRDA:82,4,0,0
BRDA:82,4,1,0
BRDA:147,5,0,0
BRDA:153,6,0,0
BRDA:156,7,0,0
BRDA:156,7,1,0
BRDA:218,8,0,0
BRDA:218,8,1,0
BRDA:218,8,2,0
BRDA:237,9,0,0
BRDA:237,9,1,0
BRDA:268,10,0,0
BRDA:268,10,1,0
BRDA:337,11,0,0
BRDA:337,11,1,0
BRDA:384,12,0,0
BRDA:384,12,1,0
BRDA:417,13,0,0
BRDA:417,13,1,0
BRDA:417,13,2,0
BRF:28
BRH:0
end_of_record
TN:
SF:src/components/chat/container/ChatContainer.ui.tsx
FNF:0
FNH:0
DA:23,21
LF:1
LH:1
BRDA:20,0,0,21
BRDA:29,1,0,21
BRDA:29,1,1,10
BRDA:37,2,0,3
BRDA:37,2,1,7
BRDA:47,3,0,21
BRDA:47,3,1,10
BRDA:47,3,2,3
BRDA:62,4,0,21
BRDA:62,4,1,2
BRDA:80,5,0,21
BRDA:80,5,1,1
BRF:12
BRH:12
end_of_record
TN:
SF:src/components/chat/errors/CompatibilityError.tsx
FN:20,(anonymous_0)
FN:26,(anonymous_1)
FNF:2
FNH:0
FNDA:0,(anonymous_0)
FNDA:0,(anonymous_1)
DA:13,0
DA:14,0
DA:15,0
DA:16,0
DA:18,0
DA:20,0
DA:21,0
DA:22,0
DA:23,0
DA:26,0
DA:27,0
DA:32,0
DA:34,0
DA:37,0
DA:41,0
DA:48,0
DA:49,0
DA:50,0
DA:64,0
DA:67,0
LF:20
LH:0
BRDA:38,0,0,0
BRDA:38,0,1,0
BRDA:47,1,0,0
BRDA:47,1,1,0
BRDA:47,1,2,0
BRDA:71,2,0,0
BRDA:71,2,1,0
BRDA:79,3,0,0
BRDA:79,3,1,0
BRDA:79,4,0,0
BRDA:79,4,1,0
BRF:11
BRH:0
end_of_record
TN:
SF:src/components/chat/errors/CompatibilityError.ui.tsx
FN:47,(anonymous_0)
FN:50,(anonymous_1)
FN:94,(anonymous_2)
FNF:3
FNH:0
FNDA:0,(anonymous_0)
FNDA:0,(anonymous_1)
FNDA:0,(anonymous_2)
DA:45,0
DA:47,0
DA:48,0
DA:49,0
DA:50,0
DA:53,0
DA:91,0
DA:92,0
DA:94,0
DA:97,0
DA:101,0
DA:107,0
DA:110,0
DA:124,0
DA:132,0
DA:134,0
DA:139,0
DA:143,0
DA:146,0
DA:148,0
DA:167,0
DA:168,0
DA:169,0
DA:170,0
DA:171,0
DA:189,0
DA:193,0
DA:195,0
DA:197,0
DA:204,0
DA:206,0
DA:208,0
DA:210,0
DA:212,0
DA:217,0
DA:219,0
DA:221,0
LF:37
LH:0
BRDA:58,0,0,0
BRDA:58,0,1,0
BRDA:63,1,0,0
BRDA:63,1,1,0
BRDA:68,2,0,0
BRDA:68,2,1,0
BRDA:101,3,0,0
BRDA:101,3,1,0
BRDA:101,3,2,0
BRDA:146,4,0,0
BRDA:146,4,1,0
BRDA:152,5,0,0
BRDA:152,5,1,0
BRDA:152,6,0,0
BRDA:152,6,1,0
BRDA:167,7,0,0
BRDA:167,7,1,0
BRDA:179,8,0,0
BRDA:180,9,0,0
BRDA:181,10,0,0
BRDA:182,11,0,0
BRDA:217,12,0,0
BRDA:217,12,1,0
BRDA:219,13,0,0
BRDA:219,13,1,0
BRDA:243,14,0,0
BRDA:243,14,1,0
BRDA:250,15,0,0
BRDA:250,15,1,0
BRDA:250,15,2,0
BRDA:250,15,3,0
BRDA:261,16,0,0
BRDA:261,16,1,0
BRDA:270,17,0,0
BRDA:270,17,1,0
BRDA:270,17,2,0
BRDA:298,18,0,0
BRDA:298,18,1,0
BRDA:298,18,2,0
BRDA:310,19,0,0
BRDA:310,19,1,0
BRDA:310,19,2,0
BRDA:321,20,0,0
BRDA:321,20,1,0
BRDA:321,21,0,0
BRDA:321,21,1,0
BRDA:329,22,0,0
BRDA:329,22,1,0
BRDA:334,23,0,0
BRDA:334,23,1,0
BRDA:340,24,0,0
BRDA:340,24,1,0
BRF:52
BRH:0
end_of_record
TN:
SF:src/components/chat/errors/ErrorBanner.tsx
FN:9,(anonymous_0)
FN:16,(anonymous_1)
FNF:2
FNH:0
FNDA:0,(anonymous_0)
FNDA:0,(anonymous_1)
DA:7,0
DA:9,0
DA:11,0
DA:12,0
DA:16,0
DA:17,0
DA:21,0
DA:24,0
LF:8
LH:0
BRDA:30,0,0,0
BRDA:30,0,1,0
BRF:2
BRH:0
end_of_record
TN:
SF:src/components/chat/errors/ErrorBanner.ui.tsx
FNF:0
FNH:0
DA:25,1
DA:35,1
DA:45,1
DA:63,13
DA:65,13
DA:104,0
LF:6
LH:5
BRDA:86,0,0,13
BRDA:86,0,1,12
BRDA:86,0,2,2
BRDA:98,1,0,13
BRDA:98,1,1,1
BRF:5
BRH:5
end_of_record
TN:
SF:src/components/chat/input/ChatInput.tsx
FN:29,(anonymous_0)
FN:33,(anonymous_1)
FN:45,(anonymous_2)
FN:47,(anonymous_3)
FN:68,(anonymous_4)
FNF:5
FNH:0
FNDA:0,(anonymous_0)
FNDA:0,(anonymous_1)
FNDA:0,(anonymous_2)
FNDA:0,(anonymous_3)
FNDA:0,(anonymous_4)
DA:16,0
DA:25,0
DA:26,0
DA:27,0
DA:29,0
DA:30,0
DA:33,0
DA:34,0
DA:35,0
DA:39,0
DA:40,0
DA:41,0
DA:45,0
DA:47,0
DA:50,0
DA:51,0
DA:55,0
DA:56,0
DA:58,0
DA:61,0
DA:64,0
DA:68,0
DA:69,0
DA:72,0
LF:24
LH:0
BRDA:24,0,0,0
BRDA:35,1,0,0
BRDA:35,1,1,0
BRDA:38,2,0,0
BRDA:38,2,1,0
BRDA:39,3,0,0
BRDA:39,3,1,0
BRF:7
BRH:0
end_of_record
TN:
SF:src/components/chat/input/ChatInput.ui.tsx
FN:68,(anonymous_0)
FN:82,(anonymous_1)
FN:129,(anonymous_2)
FNF:3
FNH:3
FNDA:5,(anonymous_0)
FNDA:1,(anonymous_1)
FNDA:1,(anonymous_2)
DA:33,19
DA:37,4
DA:43,2
DA:50,0
DA:52,0
DA:57,0
DA:60,19
DA:62,19
DA:69,5
DA:82,1
DA:129,1
LF:11
LH:8
BRDA:28,0,0,19
BRDA:29,1,0,19
BRDA:30,2,0,19
BRDA:31,3,0,19
BRDA:36,4,0,6
BRDA:36,4,1,5
BRDA:39,5,0,4
BRDA:39,5,1,3
BRDA:39,5,2,3
BRDA:39,5,3,2
BRDA:49,6,0,0
BRDA:49,6,1,0
BRDA:60,7,0,19
BRDA:60,7,1,15
BRDA:66,8,0,19
BRDA:66,8,1,5
BRDA:76,9,0,5
BRDA:76,9,1,2
BRDA:117,10,0,19
BRDA:117,10,1,17
BRDA:132,11,0,5
BRDA:132,11,1,14
BRDA:165,12,0,16
BRDA:165,12,1,14
BRF:24
BRH:22
end_of_record
TN:
SF:src/components/chat/messages/MessageItem.tsx
FN:27,(anonymous_0)
FN:35,(anonymous_1)
FN:47,(anonymous_2)
FN:50,(anonymous_3)
FN:77,(anonymous_4)
FN:81,(anonymous_5)
FN:87,(anonymous_6)
FNF:7
FNH:0
FNDA:0,(anonymous_0)
FNDA:0,(anonymous_1)
FNDA:0,(anonymous_2)
FNDA:0,(anonymous_3)
FNDA:0,(anonymous_4)
FNDA:0,(anonymous_5)
FNDA:0,(anonymous_6)
DA:21,0
DA:22,0
DA:23,0
DA:24,0
DA:27,0
DA:30,0
DA:31,0
DA:35,0
DA:36,0
DA:41,0
DA:42,0
DA:47,0
DA:50,0
DA:52,0
DA:54,0
DA:60,0
DA:63,0
DA:65,0
DA:66,0
DA:70,0
DA:74,0
DA:77,0
DA:78,0
DA:79,0
DA:80,0
DA:81,0
DA:87,0
DA:90,0
DA:92,0
DA:96,0
LF:30
LH:0
BRDA:17,0,0,0
BRDA:29,1,0,0
BRDA:29,1,1,0
BRDA:36,2,0,0
BRDA:36,2,1,0
BRDA:51,3,0,0
BRDA:51,3,1,0
BRDA:74,4,0,0
BRDA:74,4,1,0
BRDA:88,5,0,0
BRDA:88,5,1,0
BRDA:104,6,0,0
BRDA:104,6,1,0
BRF:13
BRH:0
end_of_record
TN:
SF:src/components/chat/messages/MessageItem.ui.tsx
FN:46,(anonymous_0)
FN:63,(anonymous_1)
FN:111,(anonymous_2)
FN:141,(anonymous_3)
FNF:4
FNH:1
FNDA:0,(anonymous_0)
FNDA:0,(anonymous_1)
FNDA:3,(anonymous_2)
FNDA:0,(anonymous_3)
DA:34,12
DA:35,12
DA:36,12
DA:40,12
DA:46,0
DA:53,0
DA:54,0
DA:63,0
DA:112,3
DA:142,0
LF:10
LH:5
BRDA:28,0,0,12
BRDA:29,1,0,12
BRDA:35,2,0,12
BRDA:35,2,1,2
BRDA:43,3,0,12
BRDA:43,3,1,0
BRDA:61,4,0,0
BRDA:61,4,1,0
BRDA:71,5,0,4
BRDA:71,5,1,8
BRDA:79,6,0,4
BRDA:79,6,1,8
BRDA:95,7,0,4
BRDA:95,7,1,8
BRDA:100,8,0,4
BRDA:100,8,1,8
BRDA:104,9,0,12
BRDA:104,9,1,2
BRDA:108,10,0,2
BRDA:108,10,1,0
BRDA:116,11,0,3
BRDA:116,11,1,0
BRDA:124,12,0,3
BRDA:124,12,1,3
BRDA:129,13,0,0
BRDA:129,13,1,0
BRDA:139,14,0,3
BRDA:139,14,1,0
BRDA:156,15,0,4
BRDA:156,15,1,8
BRDA:165,16,0,4
BRDA:165,16,1,8
BRDA:168,17,0,1
BRDA:168,17,1,11
BRDA:175,18,0,12
BRDA:175,18,1,1
BRDA:185,19,0,7
BRDA:185,19,1,1
BRDA:203,20,0,0
BRDA:203,20,1,1
BRDA:210,21,0,7
BRDA:210,21,1,1
BRF:42
BRH:33
end_of_record
TN:
SF:src/components/chat/messages/MessageList.tsx
FN:19,(anonymous_0)
FN:38,(anonymous_1)
FN:47,(anonymous_2)
FNF:3
FNH:0
FNDA:0,(anonymous_0)
FNDA:0,(anonymous_1)
FNDA:0,(anonymous_2)
DA:13,0
DA:14,0
DA:15,0
DA:16,0
DA:19,0
DA:21,0
DA:28,0
DA:37,0
DA:38,0
DA:41,0
DA:48,0
LF:11
LH:0
BRDA:28,0,0,0
BRDA:28,0,1,0
BRDA:28,1,0,0
BRDA:28,1,1,0
BRDA:37,2,0,0
BRDA:37,2,1,0
BRDA:43,3,0,0
BRDA:43,3,1,0
BRDA:44,4,0,0
BRDA:44,4,1,0
BRF:10
BRH:0
end_of_record
TN:
SF:src/components/chat/messages/MessageList.ui.tsx
FN:15,(anonymous_0)
FN:38,(anonymous_1)
FNF:2
FNH:2
FNDA:2,(anonymous_0)
FNDA:6,(anonymous_1)
DA:15,1
DA:16,2
DA:38,1
DA:45,6
DA:62,6
LF:5
LH:5
BRDA:40,0,0,6
BRDA:59,1,0,6
BRDA:65,2,0,6
BRDA:65,2,1,2
BRDA:87,3,0,5
BRDA:87,3,1,2
BRF:6
BRH:6
end_of_record
TN:
SF:src/components/chat/settings/SettingsPanel.tsx
FN:8,(anonymous_0)
FN:12,(anonymous_1)
FNF:2
FNH:2
FNDA:2,(anonymous_0)
FNDA:2,(anonymous_1)
DA:6,6
DA:8,6
DA:9,2
DA:12,6
DA:13,2
DA:16,6
LF:6
LH:6
BRF:0
BRH:0
end_of_record
TN:
SF:src/components/chat/settings/SettingsPanel.ui.tsx
FNF:0
FNH:0
DA:13,12
LF:1
LH:1
BRF:0
BRH:0
end_of_record
TN:
SF:src/components/chat/sidebar/ChatHeader.tsx
FN:27,(anonymous_0)
FNF:1
FNH:0
FNDA:0,(anonymous_0)
DA:24,0
DA:25,0
DA:27,0
DA:28,0
DA:31,0
LF:5
LH:0
BRDA:22,0,0,0
BRDA:44,1,0,0
BRDA:44,1,1,0
BRDA:52,2,0,0
BRDA:52,2,1,0
BRDA:63,3,0,0
BRDA:63,3,1,0
BRF:7
BRH:0
end_of_record
TN:
SF:src/components/chat/sidebar/ConversationSidebar.tsx
FN:24,(anonymous_0)
FN:38,(anonymous_1)
FN:39,(anonymous_2)
FN:40,(anonymous_3)
FN:44,(anonymous_4)
FN:45,(anonymous_5)
FN:57,(anonymous_6)
FN:63,(anonymous_7)
FN:69,(anonymous_8)
FN:79,(anonymous_9)
FN:80,(anonymous_10)
FN:96,(anonymous_11)
FN:97,(anonymous_12)
FN:106,(anonymous_13)
FN:110,(anonymous_14)
FN:114,(anonymous_15)
FNF:16
FNH:0
FNDA:0,(anonymous_0)
FNDA:0,(anonymous_1)
FNDA:0,(anonymous_2)
FNDA:0,(anonymous_3)
FNDA:0,(anonymous_4)
FNDA:0,(anonymous_5)
FNDA:0,(anonymous_6)
FNDA:0,(anonymous_7)
FNDA:0,(anonymous_8)
FNDA:0,(anonymous_9)
FNDA:0,(anonymous_10)
FNDA:0,(anonymous_11)
FNDA:0,(anonymous_12)
FNDA:0,(anonymous_13)
FNDA:0,(anonymous_14)
FNDA:0,(anonymous_15)
DA:21,0
DA:24,0
DA:25,0
DA:32,0
DA:33,0
DA:34,0
DA:38,0
DA:39,0
DA:40,0
DA:44,0
DA:45,0
DA:57,0
DA:59,0
DA:63,0
DA:64,0
DA:65,0
DA:66,0
DA:69,0
DA:72,0
DA:74,0
DA:79,0
DA:80,0
DA:81,0
DA:86,0
DA:91,0
DA:96,0
DA:97,0
DA:98,0
DA:100,0
DA:102,0
DA:106,0
DA:107,0
DA:110,0
DA:111,0
DA:114,0
DA:115,0
DA:118,0
LF:37
LH:0
BRDA:25,0,0,0
BRDA:25,0,1,0
BRDA:81,1,0,0
BRDA:81,1,1,0
BRDA:98,2,0,0
BRDA:98,2,1,0
BRDA:101,3,0,0
BRDA:101,3,1,0
BRF:8
BRH:0
end_of_record
TN:
SF:src/components/chat/sidebar/ConversationSidebar.ui.tsx
FN:97,(anonymous_0)
FN:100,(anonymous_1)
FN:103,(anonymous_2)
FN:120,(anonymous_3)
FN:178,(anonymous_4)
FN:366,(anonymous_5)
FNF:6
FNH:3
FNDA:8,(anonymous_0)
FNDA:8,(anonymous_1)
FNDA:8,(anonymous_2)
FNDA:0,(anonymous_3)
FNDA:0,(anonymous_4)
FNDA:0,(anonymous_5)
DA:75,9
DA:78,8
DA:79,8
DA:80,8
DA:84,8
DA:85,0
DA:86,0
DA:87,0
DA:92,0
DA:93,0
DA:97,9
DA:98,8
DA:100,9
DA:101,8
DA:103,9
DA:104,8
DA:108,8
DA:109,8
DA:111,8
DA:120,0
DA:165,0
DA:178,0
DA:193,0
DA:194,0
DA:195,0
DA:208,0
DA:209,0
DA:211,0
DA:215,0
DA:238,0
DA:239,0
DA:240,0
DA:254,0
DA:255,0
DA:256,0
DA:278,0
DA:282,8
DA:285,7
DA:321,9
DA:323,9
LF:40
LH:18
BRDA:84,0,0,8
BRDA:84,0,1,0
BRDA:85,1,0,0
BRDA:85,1,1,0
BRDA:86,2,0,0
BRDA:86,2,1,0
BRDA:92,3,0,0
BRDA:92,3,1,0
BRDA:117,4,0,8
BRDA:117,4,1,1
BRDA:118,5,0,8
BRDA:118,5,1,1
BRDA:125,6,0,1
BRDA:125,6,1,7
BRDA:127,7,0,1
BRDA:127,7,1,6
BRDA:133,8,0,0
BRDA:133,8,1,8
BRDA:144,9,0,1
BRDA:144,9,1,7
BRDA:165,10,0,0
BRDA:165,10,1,0
BRDA:175,11,0,8
BRDA:175,11,1,0
BRDA:189,12,0,8
BRDA:189,12,1,7
BRDA:204,13,0,8
BRDA:204,13,1,7
BRDA:219,14,0,1
BRDA:219,14,1,6
BRDA:234,15,0,8
BRDA:234,15,1,1
BRDA:248,16,0,8
BRDA:248,16,1,7
BRDA:260,17,0,1
BRDA:260,17,1,7
BRDA:277,18,0,15
BRDA:277,18,1,5
BRDA:281,19,0,15
BRDA:281,19,1,10
BRDA:287,20,0,2
BRDA:287,20,1,5
BRDA:292,21,0,2
BRDA:292,21,1,0
BRDA:304,22,0,5
BRDA:304,22,1,5
BRDA:307,23,0,15
BRDA:307,23,1,2
BRDA:307,23,2,7
BRDA:321,24,0,9
BRDA:321,24,1,4
BRDA:321,24,2,4
BRDA:337,25,0,9
BRDA:337,25,1,9
BRF:54
BRH:42
end_of_record
TN:
SF:src/components/providers/ThemeProvider.tsx
FN:45,(anonymous_0)
FN:50,(anonymous_1)
FN:54,(anonymous_2)
FN:57,(anonymous_3)
FNF:4
FNH:3
FNDA:8,(anonymous_0)
FNDA:8,(anonymous_1)
FNDA:0,(anonymous_2)
FNDA:4,(anonymous_3)
DA:12,1
DA:19,8
DA:21,8
DA:22,8
DA:26,4
DA:27,4
DA:29,4
DA:42,8
DA:45,8
DA:46,8
DA:50,8
DA:51,8
DA:53,4
DA:54,4
DA:56,4
DA:57,4
DA:60,8
LF:17
LH:17
BRDA:19,0,0,0
BRDA:19,0,1,8
BRDA:27,1,0,0
BRDA:27,1,1,4
BRDA:51,2,0,4
BRDA:51,2,1,4
BRDA:51,3,0,8
BRDA:51,3,1,8
BRF:8
BRH:6
end_of_record
TN:
SF:src/components/settings/SettingsPage.tsx
FN:43,(anonymous_0)
FN:48,(anonymous_1)
FN:49,(anonymous_2)
FN:50,(anonymous_3)
FN:51,(anonymous_4)
FN:54,(anonymous_5)
FN:58,(anonymous_6)
FN:62,(anonymous_7)
FN:66,(anonymous_8)
FN:77,(anonymous_9)
FN:81,(anonymous_10)
FN:95,(anonymous_11)
FN:101,(anonymous_12)
FN:108,(anonymous_13)
FNF:14
FNH:2
FNDA:3,(anonymous_0)
FNDA:3,(anonymous_1)
FNDA:0,(anonymous_2)
FNDA:0,(anonymous_3)
FNDA:0,(anonymous_4)
FNDA:0,(anonymous_5)
FNDA:0,(anonymous_6)
FNDA:0,(anonymous_7)
FNDA:0,(anonymous_8)
FNDA:0,(anonymous_9)
FNDA:0,(anonymous_10)
FNDA:0,(anonymous_11)
FNDA:0,(anonymous_12)
FNDA:0,(anonymous_13)
DA:30,6
DA:31,6
DA:32,6
DA:33,6
DA:34,6
DA:35,6
DA:36,6
DA:41,6
DA:43,6
DA:44,3
DA:48,6
DA:49,0
DA:50,0
DA:51,0
DA:54,6
DA:55,0
DA:58,6
DA:59,0
DA:62,6
DA:63,0
DA:66,6
DA:67,0
DA:70,0
DA:72,0
DA:77,6
DA:78,0
DA:81,6
DA:82,0
DA:84,0
DA:86,0
DA:88,0
DA:91,0
DA:95,6
DA:97,0
DA:101,6
DA:103,0
DA:104,0
DA:108,6
DA:109,0
DA:112,6
LF:40
LH:21
BRDA:72,0,0,0
BRDA:72,0,1,0
BRDA:86,1,0,0
BRDA:86,1,1,0
BRDA:102,2,0,0
BRDA:102,2,1,0
BRDA:104,3,0,0
BRDA:104,3,1,0
BRF:8
BRH:0
end_of_record
TN:
SF:src/components/settings/SettingsPage.ui.tsx
FN:97,(anonymous_0)
FN:227,(anonymous_1)
FN:231,(anonymous_2)
FN:270,(anonymous_3)
FN:274,(anonymous_4)
FN:307,(anonymous_5)
FN:340,(anonymous_6)
FN:346,(anonymous_7)
FN:372,(anonymous_8)
FN:408,(anonymous_9)
FN:420,(anonymous_10)
FN:433,(anonymous_11)
FN:522,(anonymous_12)
FNF:13
FNH:5
FNDA:42,(anonymous_0)
FNDA:18,(anonymous_1)
FNDA:0,(anonymous_2)
FNDA:18,(anonymous_3)
FNDA:0,(anonymous_4)
FNDA:0,(anonymous_5)
FNDA:0,(anonymous_6)
FNDA:156,(anonymous_7)
FNDA:0,(anonymous_8)
FNDA:0,(anonymous_9)
FNDA:0,(anonymous_10)
FNDA:24,(anonymous_11)
FNDA:0,(anonymous_12)
DA:59,1
DA:67,1
DA:97,1
DA:112,42
DA:172,6
DA:175,0
DA:177,0
DA:178,0
DA:182,6
DA:184,6
DA:228,18
DA:231,0
DA:271,18
DA:274,0
DA:307,0
DA:340,0
DA:347,156
DA:373,0
DA:409,0
DA:423,0
DA:434,24
DA:522,0
LF:22
LH:11
BRDA:102,0,0,42
BRDA:116,1,0,6
BRDA:116,1,1,36
BRDA:125,2,0,6
BRDA:125,2,1,36
BRDA:136,3,0,42
BRDA:136,3,1,6
BRDA:141,4,0,42
BRDA:141,4,1,42
BRDA:234,5,0,6
BRDA:234,5,1,12
BRDA:277,6,0,6
BRDA:277,6,1,12
BRDA:285,7,0,6
BRDA:285,7,1,12
BRDA:310,8,0,6
BRDA:310,8,1,0
BRDA:320,9,0,6
BRDA:320,9,1,0
BRDA:330,10,0,6
BRDA:330,10,1,6
BRDA:339,11,0,6
BRDA:339,11,1,0
BRDA:375,12,0,0
BRDA:375,12,1,0
BRDA:383,13,0,6
BRDA:383,13,1,0
BRDA:391,14,0,6
BRDA:391,14,1,0
BRDA:400,15,0,6
BRDA:400,15,1,6
BRDA:450,16,0,0
BRDA:450,16,1,6
BRDA:526,17,0,0
BRDA:526,17,1,6
BRDA:555,18,0,0
BRDA:555,18,1,0
BRDA:584,19,0,6
BRDA:584,19,1,0
BRF:39
BRH:27
end_of_record
TN:
SF:src/components/ui/button.tsx
FNF:0
FNH:0
DA:7,13
DA:49,232
DA:51,232
LF:3
LH:3
BRDA:43,0,0,232
BRDA:49,1,0,1
BRDA:49,1,1,231
BRF:3
BRH:3
end_of_record
TN:
SF:src/components/ui/card.tsx
FNF:0
FNH:0
DA:6,6
DA:19,4
DA:32,4
DA:42,4
DA:52,0
DA:65,5
DA:75,4
LF:7
LH:6
BRF:0
BRH:0
end_of_record
TN:
SF:src/components/ui/dropdown-menu.tsx
FNF:0
FNH:0
DA:10,27
DA:16,0
DA:24,27
DA:37,27
DA:55,2
DA:69,16
DA:89,4
DA:112,2
DA:125,5
DA:151,4
DA:168,3
DA:181,1
DA:196,1
DA:207,1
DA:227,1
LF:15
LH:14
BRDA:34,0,0,27
BRDA:63,1,0,16
BRF:2
BRH:2
end_of_record
TN:
SF:src/components/ui/input.tsx
FNF:0
FNH:0
DA:6,26
LF:1
LH:1
BRF:0
BRH:0
end_of_record
TN:
SF:src/components/ui/number-stepper.tsx
FN:32,(anonymous_0)
FN:36,(anonymous_1)
FNF:2
FNH:2
FNDA:19,(anonymous_0)
FNDA:7,(anonymous_1)
DA:29,32
DA:32,32
DA:33,19
DA:36,32
DA:37,7
DA:42,3
DA:43,3
DA:47,2
DA:48,2
DA:52,6
DA:55,6
DA:60,2
DA:62,0
DA:64,2
DA:65,2
DA:66,2
DA:72,0
DA:74,1
DA:75,1
DA:77,1
DA:78,1
DA:82,32
LF:22
LH:20
BRDA:21,0,0,32
BRDA:22,1,0,32
BRDA:23,2,0,32
BRDA:24,3,0,32
BRDA:26,4,0,32
BRDA:54,5,0,6
BRDA:54,5,1,4
BRDA:93,6,0,32
BRDA:93,6,1,30
BRDA:104,7,0,32
BRDA:104,7,1,0
BRDA:113,8,0,32
BRDA:113,8,1,28
BRDA:129,9,0,32
BRDA:129,9,1,30
BRF:15
BRH:14
end_of_record
TN:
SF:src/components/ui/scroll-area.tsx
FNF:0
FNH:0
DA:11,45
DA:34,45
LF:2
LH:2
BRDA:31,0,0,45
BRDA:40,1,0,45
BRDA:40,1,1,45
BRDA:42,2,0,45
BRDA:42,2,1,0
BRF:5
BRH:4
end_of_record
TN:
SF:src/components/ui/select.tsx
FNF:0
FNH:0
DA:10,26
DA:16,4
DA:22,26
DA:33,26
DA:58,26
DA:92,4
DA:106,113
DA:129,1
DA:142,20
DA:160,20
LF:10
LH:10
BRDA:27,0,0,26
BRDA:54,1,0,26
BRDA:55,2,0,26
BRDA:64,3,0,26
BRDA:64,3,1,26
BRDA:76,4,0,26
BRDA:76,4,1,26
BRF:7
BRH:7
end_of_record
TN:
SF:src/components/ui/separator.tsx
FNF:0
FNH:0
DA:12,11
LF:1
LH:1
BRDA:8,0,0,11
BRDA:9,1,0,11
BRF:2
BRH:2
end_of_record
TN:
SF:src/components/ui/sheet.tsx
FNF:0
FNH:0
DA:1,1
DA:10,14
DA:16,14
DA:22,1
DA:28,14
DA:35,20
DA:55,14
DA:85,6
DA:95,2
DA:108,10
DA:121,10
LF:11
LH:11
BRDA:50,0,0,14
BRDA:62,1,0,14
BRDA:62,1,1,11
BRDA:64,2,0,14
BRDA:64,2,1,1
BRDA:66,3,0,14
BRDA:66,3,1,1
BRDA:68,4,0,14
BRDA:68,4,1,1
BRF:9
BRH:9
end_of_record
TN:
SF:src/components/ui/skeleton.tsx
FNF:0
FNH:0
DA:4,11
LF:1
LH:1
BRF:0
BRH:0
end_of_record
TN:
SF:src/components/ui/textarea.tsx
FNF:0
FNH:0
DA:6,33
LF:1
LH:1
BRF:0
BRH:0
end_of_record
TN:
SF:src/components/ui/tooltip.tsx
FNF:0
FNH:0
DA:1,2
DA:12,26
DA:24,11
DA:34,11
DA:43,11
LF:5
LH:5
BRDA:9,0,0,26
BRDA:39,1,0,11
BRF:2
BRH:2
end_of_record
TN:
SF:src/components/usage/UsagePage.tsx
FN:19,(anonymous_0)
FN:21,(anonymous_1)
FN:24,(anonymous_2)
FN:25,(anonymous_3)
FN:36,(anonymous_4)
FN:38,(anonymous_5)
FN:46,(anonymous_6)
FN:62,(anonymous_7)
FN:66,(anonymous_8)
FNF:9
FNH:8
FNDA:17,(anonymous_0)
FNDA:17,(anonymous_1)
FNDA:17,(anonymous_2)
FNDA:510,(anonymous_3)
FNDA:17,(anonymous_4)
FNDA:510,(anonymous_5)
FNDA:9,(anonymous_6)
FNDA:0,(anonymous_7)
FNDA:1,(anonymous_8)
DA:13,17
DA:15,17
DA:19,17
DA:21,17
DA:24,17
DA:25,510
DA:36,17
DA:37,17
DA:40,510
DA:46,9
DA:62,17
DA:63,0
DA:66,17
DA:72,1
DA:76,17
LF:15
LH:14
BRDA:40,0,0,510
BRDA:40,0,1,505
BRDA:40,0,2,504
BRDA:40,0,3,503
BRDA:40,0,4,501
BRDA:44,1,0,501
BRDA:44,1,1,501
BRDA:56,2,0,9
BRDA:56,2,1,6
BRDA:57,3,0,9
BRDA:57,3,1,6
BRDA:58,4,0,9
BRDA:58,4,1,6
BRDA:58,5,0,9
BRDA:58,5,1,6
BRF:15
BRH:15
end_of_record
TN:
SF:src/components/usage/UsagePage.ui.tsx
FN:61,(anonymous_0)
FN:105,(anonymous_1)
FN:154,(anonymous_2)
FN:196,(anonymous_3)
FN:224,(anonymous_4)
FN:228,(anonymous_5)
FN:239,(anonymous_6)
FN:253,(anonymous_7)
FN:267,(anonymous_8)
FN:281,(anonymous_9)
FN:295,(anonymous_10)
FN:309,(anonymous_11)
FN:406,(anonymous_12)
FN:631,(anonymous_13)
FN:636,(anonymous_14)
FN:660,(anonymous_15)
FN:672,(anonymous_16)
FNF:17
FNH:15
FNDA:51,(anonymous_0)
FNDA:68,(anonymous_1)
FNDA:0,(anonymous_2)
FNDA:0,(anonymous_3)
FNDA:16,(anonymous_4)
FNDA:9,(anonymous_5)
FNDA:9,(anonymous_6)
FNDA:9,(anonymous_7)
FNDA:9,(anonymous_8)
FNDA:9,(anonymous_9)
FNDA:9,(anonymous_10)
FNDA:9,(anonymous_11)
FNDA:1,(anonymous_12)
FNDA:9,(anonymous_13)
FNDA:63,(anonymous_14)
FNDA:9,(anonymous_15)
FNDA:63,(anonymous_16)
DA:61,1
DA:76,51
DA:105,1
DA:118,68
DA:146,0
DA:148,0
DA:155,0
DA:192,63
DA:193,63
DA:196,0
DA:217,17
DA:221,17
DA:224,17
DA:225,16
DA:229,9
DA:240,9
DA:254,9
DA:268,9
DA:282,9
DA:296,9
DA:310,9
DA:325,17
DA:335,17
DA:339,17
DA:406,1
DA:632,9
DA:638,63
DA:661,9
DA:673,63
LF:29
LH:25
BRDA:91,0,0,51
BRDA:91,0,1,0
BRDA:123,1,0,68
BRDA:123,1,1,0
BRDA:146,2,0,0
BRDA:146,2,1,0
BRDA:146,3,0,0
BRDA:146,3,1,0
BRDA:146,3,2,0
BRDA:199,4,0,0
BRDA:199,4,1,63
BRDA:201,5,0,9
BRDA:201,5,1,54
BRDA:335,6,0,17
BRDA:335,6,1,12
BRDA:335,6,2,11
BRDA:403,7,0,1
BRDA:403,7,1,16
BRDA:625,8,0,9
BRDA:625,8,1,8
BRDA:642,9,0,0
BRDA:642,9,1,63
BRDA:665,10,0,9
BRDA:665,10,1,0
BRDA:701,11,0,17
BRDA:701,11,1,7
BRF:26
BRH:16
end_of_record
TN:
SF:src/lib/utils.ts
FNF:0
FNH:0
DA:5,1422
LF:1
LH:1
BRF:0
BRH:0
end_of_record
TN:
SF:src/lib/ai/compat.ts
FN:250,(anonymous_0)
FN:260,(anonymous_1)
FN:417,(anonymous_2)
FN:418,(anonymous_3)
FNF:4
FNH:2
FNDA:3,(anonymous_0)
FNDA:9,(anonymous_1)
FNDA:0,(anonymous_2)
FNDA:0,(anonymous_3)
DA:43,2
DA:98,1
DA:106,37
DA:107,37
DA:108,37
DA:112,4
DA:113,4
DA:114,4
DA:116,2
DA:117,2
DA:118,2
DA:120,23
DA:121,23
DA:122,23
DA:124,3
DA:125,3
DA:126,3
DA:128,2
DA:129,2
DA:130,2
DA:133,37
DA:134,37
DA:136,37
DA:148,12
DA:151,12
DA:155,0
DA:158,0
DA:162,5
DA:172,10
DA:176,9
DA:184,0
DA:186,0
DA:193,0
DA:200,1
DA:210,10
DA:213,1
DA:217,0
DA:220,9
DA:222,1
DA:227,0
DA:230,2
DA:237,1
DA:243,1
DA:250,3
DA:256,0
DA:258,3
DA:260,9
DA:266,1
DA:275,12
DA:279,1
DA:291,2
DA:292,2
DA:306,2
DA:318,7
DA:320,0
DA:330,7
DA:331,7
DA:334,1
DA:344,6
DA:350,6
DA:358,0
DA:376,3
DA:377,3
DA:379,3
DA:405,3
DA:407,1
DA:416,2
DA:418,0
DA:422,0
DA:423,0
DA:424,0
DA:429,1
DA:431,1
LF:73
LH:59
BRDA:114,0,0,4
BRDA:114,0,1,0
BRDA:115,1,0,33
BRDA:115,1,1,32
BRDA:118,2,0,2
BRDA:118,2,1,0
BRDA:122,3,0,23
BRDA:122,3,1,1
BRDA:126,4,0,3
BRDA:126,4,1,0
BRDA:127,5,0,5
BRDA:127,5,1,2
BRDA:130,6,0,2
BRDA:130,6,1,0
BRDA:139,7,0,34
BRDA:139,7,1,3
BRDA:140,8,0,38
BRDA:140,8,1,3
BRDA:148,9,0,0
BRDA:148,9,1,12
BRDA:151,10,0,7
BRDA:151,10,1,5
BRDA:156,11,0,0
BRDA:156,11,1,0
BRDA:158,12,0,0
BRDA:158,12,1,0
BRDA:158,13,0,0
BRDA:158,13,1,0
BRDA:172,14,0,0
BRDA:172,14,1,10
BRDA:255,15,0,3
BRDA:255,15,1,3
BRDA:291,16,0,1
BRDA:291,16,1,1
BRDA:353,17,0,6
BRDA:353,17,1,2
BRDA:380,18,0,3
BRDA:380,18,1,2
BRDA:422,19,0,0
BRDA:422,19,1,0
BRDA:423,20,0,0
BRDA:423,20,1,0
BRF:42
BRH:26
end_of_record
TN:
SF:src/lib/ai/hooks.ts
FN:32,(anonymous_0)
FN:51,(anonymous_1)
FN:60,(anonymous_2)
FN:80,(anonymous_3)
FNF:4
FNH:3
FNDA:4,(anonymous_0)
FNDA:4,(anonymous_1)
FNDA:0,(anonymous_2)
FNDA:1,(anonymous_3)
DA:21,1
DA:22,1
DA:29,8
DA:30,8
DA:32,8
DA:33,4
DA:35,4
DA:36,4
DA:38,0
DA:46,4
DA:51,8
DA:52,4
DA:55,8
DA:59,0
DA:60,0
DA:61,0
DA:73,9
DA:74,9
DA:75,9
DA:76,9
DA:77,9
DA:79,9
DA:84,1
DA:92,0
DA:93,0
DA:95,0
DA:102,0
DA:103,0
DA:104,0
DA:105,0
DA:106,0
DA:107,0
DA:108,0
DA:109,0
DA:111,1
DA:113,1
DA:119,9
LF:37
LH:22
BRDA:83,0,0,1
BRDA:83,0,1,1
BRDA:85,1,0,1
BRDA:85,1,1,0
BRDA:96,2,0,0
BRDA:96,2,1,0
BRF:6
BRH:3
end_of_record
TN:
SF:src/lib/ai/prompt.ts
FN:162,(anonymous_0)
FN:182,(anonymous_1)
FN:302,(anonymous_2)
FNF:3
FNH:0
FNDA:0,(anonymous_0)
FNDA:0,(anonymous_1)
FNDA:0,(anonymous_2)
DA:26,0
DA:31,0
DA:38,0
DA:46,0
DA:54,0
DA:67,0
DA:72,0
DA:77,0
DA:79,0
DA:86,0
DA:95,0
DA:99,0
DA:101,0
DA:108,0
DA:111,0
DA:114,0
DA:125,0
DA:128,0
DA:129,0
DA:131,0
DA:134,0
DA:145,0
DA:149,0
DA:152,0
DA:161,0
DA:163,0
DA:171,0
DA:177,0
DA:180,0
DA:185,0
DA:192,0
DA:198,0
DA:210,0
DA:213,0
DA:216,0
DA:226,0
DA:234,0
DA:241,0
DA:244,0
DA:247,0
DA:254,0
DA:277,0
DA:286,0
DA:289,0
DA:295,0
DA:303,0
DA:329,0
DA:334,0
DA:340,0
DA:347,0
DA:349,0
DA:351,0
LF:52
LH:0
BRDA:70,0,0,0
BRDA:70,0,1,0
BRDA:110,1,0,0
BRDA:110,1,1,0
BRDA:125,2,0,0
BRDA:125,2,1,0
BRDA:144,3,0,0
BRDA:144,3,1,0
BRDA:176,4,0,0
BRDA:176,4,1,0
BRDA:184,5,0,0
BRDA:184,5,1,0
BRDA:184,5,2,0
BRDA:216,6,0,0
BRDA:216,6,1,0
BRDA:241,7,0,0
BRDA:241,7,1,0
BRDA:247,8,0,0
BRDA:247,8,1,0
BRDA:286,9,0,0
BRDA:286,9,1,0
BRF:21
BRH:0
end_of_record
TN:
SF:src/lib/ai/store.ts
FNF:0
FNH:0
DA:5,2
DA:6,2
DA:7,2
DA:8,2
DA:11,2
LF:5
LH:5
BRF:0
BRH:0
end_of_record
TN:
SF:src/lib/ai/titleGenerator.ts
FNF:0
FNH:0
DA:7,3
DA:12,1
DA:16,1
DA:21,10
DA:32,10
DA:36,10
DA:45,10
DA:53,8
DA:62,1
DA:63,1
DA:65,1
DA:67,0
DA:73,2
DA:76,6
DA:79,2
DA:80,2
DA:88,4
DA:89,4
DA:91,3
DA:94,1
DA:95,1
DA:97,1
DA:99,0
DA:106,6
LF:24
LH:22
BRDA:72,0,0,8
BRDA:72,0,1,7
BRDA:106,1,0,6
BRDA:106,1,1,5
BRF:4
BRH:4
end_of_record
TN:
SF:src/lib/ai/tools/datetime.ts
FNF:0
FNH:0
DA:4,1
DA:13,10
DA:16,10
DA:24,10
DA:33,10
DA:34,10
DA:35,10
DA:37,10
DA:46,1
DA:47,1
DA:48,1
DA:50,1
LF:12
LH:12
BRDA:35,0,0,10
BRDA:35,0,1,6
BRF:2
BRH:2
end_of_record
TN:
SF:src/lib/ai/tools/index.ts
FNF:0
FNH:0
DA:4,0
LF:1
LH:0
BRF:0
BRH:0
end_of_record
TN:
SF:src/lib/ai/tools/weather.ts
FNF:0
FNH:0
DA:28,1
DA:65,0
DA:66,0
DA:68,0
DA:81,8
DA:85,8
DA:87,1
DA:90,7
DA:93,1
DA:96,6
DA:97,6
DA:119,6
DA:121,6
DA:123,1
DA:126,5
DA:127,5
DA:129,5
DA:138,1
DA:149,8
DA:152,8
DA:155,1
DA:162,6
DA:165,5
DA:169,8
DA:178,2
LF:25
LH:22
BRDA:92,0,0,7
BRDA:92,0,1,7
BRDA:134,1,0,5
BRDA:134,1,1,0
BRDA:149,2,0,8
BRDA:149,2,1,0
BRDA:165,3,0,2
BRDA:165,3,1,3
BRDA:180,4,0,2
BRDA:180,4,1,0
BRF:10
BRH:7
end_of_record
TN:
SF:src/lib/hooks/useNavigation.ts
FN:22,(anonymous_0)
FN:26,(anonymous_1)
FN:30,(anonymous_2)
FN:34,(anonymous_3)
FN:55,(anonymous_4)
FN:58,(anonymous_5)
FN:65,(anonymous_6)
FN:67,(anonymous_7)
FN:72,(anonymous_8)
FN:75,(anonymous_9)
FN:82,(anonymous_10)
FN:84,(anonymous_11)
FN:89,(anonymous_12)
FN:92,(anonymous_13)
FN:99,(anonymous_14)
FN:101,(anonymous_15)
FN:106,(anonymous_16)
FN:109,(anonymous_17)
FNF:18
FNH:0
FNDA:0,(anonymous_0)
FNDA:0,(anonymous_1)
FNDA:0,(anonymous_2)
FNDA:0,(anonymous_3)
FNDA:0,(anonymous_4)
FNDA:0,(anonymous_5)
FNDA:0,(anonymous_6)
FNDA:0,(anonymous_7)
FNDA:0,(anonymous_8)
FNDA:0,(anonymous_9)
FNDA:0,(anonymous_10)
FNDA:0,(anonymous_11)
FNDA:0,(anonymous_12)
FNDA:0,(anonymous_13)
FNDA:0,(anonymous_14)
FNDA:0,(anonymous_15)
FNDA:0,(anonymous_16)
FNDA:0,(anonymous_17)
DA:19,17
DA:20,17
DA:22,17
DA:23,0
DA:26,17
DA:27,0
DA:30,17
DA:31,0
DA:34,17
DA:35,0
DA:38,17
DA:52,0
DA:53,0
DA:55,0
DA:57,0
DA:58,0
DA:65,0
DA:66,0
DA:67,0
DA:72,0
DA:74,0
DA:75,0
DA:82,0
DA:83,0
DA:84,0
DA:89,0
DA:91,0
DA:92,0
DA:99,0
DA:100,0
DA:101,0
DA:106,0
DA:108,0
DA:109,0
DA:116,0
LF:35
LH:7
BRDA:75,0,0,0
BRDA:75,0,1,0
BRDA:92,1,0,0
BRDA:92,1,1,0
BRDA:109,2,0,0
BRDA:109,2,1,0
BRDA:119,3,0,0
BRDA:119,3,1,0
BRDA:120,4,0,0
BRDA:120,4,1,0
BRDA:121,5,0,0
BRDA:121,5,1,0
BRDA:122,6,0,0
BRDA:122,6,1,0
BRF:14
BRH:0
end_of_record
TN:
SF:src/lib/pwa/registerSW.ts
FN:33,(anonymous_0)
FN:47,(anonymous_1)
FN:53,(anonymous_2)
FN:64,(anonymous_3)
FN:91,(anonymous_4)
FNF:5
FNH:0
FNDA:0,(anonymous_0)
FNDA:0,(anonymous_1)
FNDA:0,(anonymous_2)
FNDA:0,(anonymous_3)
FNDA:0,(anonymous_4)
DA:11,0
DA:18,0
DA:19,0
DA:23,0
DA:27,0
DA:30,0
DA:33,0
DA:35,0
DA:37,0
DA:43,0
DA:47,0
DA:48,0
DA:49,0
DA:51,0
DA:53,0
DA:56,0
DA:57,0
DA:63,0
DA:64,0
DA:65,0
DA:66,0
DA:67,0
DA:68,0
DA:72,0
DA:81,0
DA:88,0
DA:90,0
DA:91,0
DA:92,0
LF:29
LH:0
BRDA:49,0,0,0
BRDA:49,0,1,0
BRDA:54,1,0,0
BRDA:54,1,1,0
BRDA:65,2,0,0
BRDA:65,2,1,0
BRDA:88,3,0,0
BRDA:88,3,1,0
BRF:8
BRH:0
end_of_record
TN:
SF:src/lib/stores/chat.ts
FN:43,(anonymous_0)
FN:44,(anonymous_1)
FN:99,(anonymous_2)
FN:127,(anonymous_3)
FN:183,(anonymous_4)
FN:211,(anonymous_5)
FN:222,(anonymous_6)
FNF:7
FNH:4
FNDA:20,(anonymous_0)
FNDA:17,(anonymous_1)
FNDA:9,(anonymous_2)
FNDA:2,(anonymous_3)
FNDA:0,(anonymous_4)
FNDA:0,(anonymous_5)
FNDA:0,(anonymous_6)
DA:31,6
DA:34,6
DA:37,6
DA:40,6
DA:43,6
DA:44,20
DA:45,20
DA:60,34
DA:71,34
DA:72,34
DA:76,3
DA:77,3
DA:79,1
DA:80,1
DA:81,1
DA:86,2
DA:88,1
DA:97,3
DA:98,3
DA:100,9
DA:106,16
DA:107,16
DA:108,16
DA:109,16
DA:113,4
DA:117,1
DA:122,6
DA:126,1
DA:127,2
DA:132,1
DA:143,1
DA:148,0
DA:157,0
DA:165,0
DA:167,0
DA:171,1
DA:183,0
DA:184,0
DA:187,0
DA:189,0
DA:190,0
DA:192,0
DA:193,0
DA:197,0
DA:198,0
DA:199,0
DA:200,0
DA:202,0
DA:203,0
DA:205,0
DA:208,0
DA:209,0
DA:211,0
DA:212,0
DA:222,0
DA:223,0
DA:225,0
DA:230,0
DA:231,0
DA:235,0
DA:243,0
DA:251,0
DA:252,0
LF:63
LH:32
BRDA:45,0,0,20
BRDA:45,0,1,11
BRDA:62,1,0,34
BRDA:62,1,1,24
BRDA:66,2,0,1
BRDA:66,2,1,33
BRDA:66,3,0,34
BRDA:66,3,1,2
BRDA:78,4,0,3
BRDA:78,4,1,2
BRDA:100,5,0,9
BRDA:100,5,1,7
BRDA:180,6,0,0
BRDA:181,7,0,0
BRDA:188,8,0,0
BRDA:188,8,1,0
BRDA:231,9,0,0
BRDA:231,9,1,0
BRDA:238,10,0,0
BRDA:238,10,1,0
BRF:20
BRH:12
end_of_record
TN:
SF:src/lib/stores/conversations.ts
FN:72,(anonymous_0)
FN:97,(anonymous_1)
FN:117,(anonymous_2)
FN:125,(anonymous_3)
FN:134,(anonymous_4)
FN:142,(anonymous_5)
FN:178,(anonymous_6)
FN:190,(anonymous_7)
FN:217,(anonymous_8)
FN:289,(anonymous_9)
FN:322,(anonymous_10)
FN:334,(anonymous_11)
FN:343,(anonymous_12)
FN:355,(anonymous_13)
FN:392,(anonymous_14)
FN:404,(anonymous_15)
FN:423,(anonymous_16)
FN:454,(anonymous_17)
FN:471,(anonymous_18)
FN:488,(anonymous_19)
FN:503,(anonymous_20)
FN:516,(anonymous_21)
FN:531,(anonymous_22)
FN:550,(anonymous_23)
FN:569,(anonymous_24)
FN:581,(anonymous_25)
FN:600,(anonymous_26)
FN:619,(anonymous_27)
FN:637,(anonymous_28)
FN:638,(anonymous_29)
FN:639,(anonymous_30)
FN:645,(anonymous_31)
FN:672,(anonymous_32)
FN:673,(anonymous_33)
FN:769,(anonymous_34)
FN:770,(anonymous_35)
FNF:36
FNH:28
FNDA:1,(anonymous_0)
FNDA:0,(anonymous_1)
FNDA:3,(anonymous_2)
FNDA:3,(anonymous_3)
FNDA:21,(anonymous_4)
FNDA:11,(anonymous_5)
FNDA:0,(anonymous_6)
FNDA:0,(anonymous_7)
FNDA:0,(anonymous_8)
FNDA:4,(anonymous_9)
FNDA:3,(anonymous_10)
FNDA:5,(anonymous_11)
FNDA:3,(anonymous_12)
FNDA:3,(anonymous_13)
FNDA:1,(anonymous_14)
FNDA:1,(anonymous_15)
FNDA:0,(anonymous_16)
FNDA:2,(anonymous_17)
FNDA:3,(anonymous_18)
FNDA:3,(anonymous_19)
FNDA:2,(anonymous_20)
FNDA:2,(anonymous_21)
FNDA:2,(anonymous_22)
FNDA:1,(anonymous_23)
FNDA:3,(anonymous_24)
FNDA:0,(anonymous_25)
FNDA:6,(anonymous_26)
FNDA:5,(anonymous_27)
FNDA:10,(anonymous_28)
FNDA:10,(anonymous_29)
FNDA:10,(anonymous_30)
FNDA:1,(anonymous_31)
FNDA:0,(anonymous_32)
FNDA:0,(anonymous_33)
FNDA:2,(anonymous_34)
FNDA:3,(anonymous_35)
DA:17,3
DA:20,3
DA:27,11
DA:44,3
DA:50,3
DA:53,3
DA:56,3
DA:59,3
DA:67,7
DA:68,7
DA:71,1
DA:72,1
DA:76,1
DA:79,0
DA:80,0
DA:89,0
DA:91,0
DA:94,0
DA:95,0
DA:97,0
DA:101,0
DA:108,0
DA:111,0
DA:112,0
DA:113,0
DA:117,3
DA:118,3
DA:122,0
DA:125,3
DA:127,0
DA:128,0
DA:134,3
DA:136,21
DA:139,11
DA:142,11
DA:144,11
DA:146,8
DA:151,7
DA:155,8
DA:156,8
DA:161,0
DA:173,3
DA:178,0
DA:179,0
DA:184,0
DA:190,0
DA:191,0
DA:193,0
DA:195,0
DA:201,0
DA:204,1
DA:208,3
DA:215,7
DA:216,7
DA:217,7
DA:221,0
DA:226,0
DA:227,0
DA:232,0
DA:233,0
DA:240,29
DA:242,29
DA:245,29
DA:253,0
DA:258,0
DA:270,4
DA:271,4
DA:273,2
DA:274,2
DA:275,2
DA:282,4
DA:283,4
DA:284,4
DA:286,3
DA:287,3
DA:289,3
DA:291,1
DA:292,1
DA:294,3
DA:298,1
DA:299,1
DA:302,3
DA:307,3
DA:315,3
DA:318,3
DA:319,3
DA:320,3
DA:321,3
DA:322,3
DA:323,3
DA:326,3
DA:327,3
DA:332,4
DA:334,5
DA:337,3
DA:339,3
DA:340,3
DA:341,3
DA:343,3
DA:344,3
DA:350,6
DA:351,6
DA:353,3
DA:354,3
DA:355,3
DA:359,3
DA:364,3
DA:365,3
DA:367,3
DA:373,3
DA:374,3
DA:387,1
DA:388,1
DA:391,1
DA:392,1
DA:394,1
DA:395,1
DA:396,1
DA:400,1
DA:403,1
DA:404,1
DA:405,1
DA:409,1
DA:410,1
DA:415,1
DA:416,1
DA:419,0
DA:422,0
DA:423,0
DA:424,0
DA:428,0
DA:430,0
DA:432,0
DA:437,0
DA:438,0
DA:441,1
DA:453,3
DA:454,3
DA:462,1
DA:470,4
DA:471,4
DA:474,3
DA:475,3
DA:480,3
DA:481,3
DA:486,2
DA:488,3
DA:490,1
DA:492,1
DA:493,1
DA:502,2
DA:503,2
DA:506,2
DA:507,2
DA:508,2
DA:509,2
DA:514,1
DA:516,2
DA:518,1
DA:520,0
DA:521,0
DA:530,2
DA:531,2
DA:534,2
DA:535,2
DA:540,2
DA:541,2
DA:549,1
DA:550,1
DA:553,1
DA:554,1
DA:560,1
DA:561,1
DA:569,3
DA:570,3
DA:574,3
DA:576,0
DA:581,0
DA:582,0
DA:585,0
DA:587,0
DA:588,0
DA:592,3
DA:599,3
DA:600,3
DA:601,6
DA:603,3
DA:609,4
DA:611,0
DA:619,5
DA:620,2
DA:621,2
DA:624,3
DA:635,3
DA:636,3
DA:637,10
DA:638,10
DA:639,10
DA:644,1
DA:645,1
DA:648,1
DA:649,1
DA:650,1
DA:651,1
DA:668,0
DA:671,0
DA:672,0
DA:673,0
DA:682,0
DA:688,0
DA:691,0
DA:692,0
DA:693,0
DA:694,0
DA:695,0
DA:696,0
DA:697,0
DA:698,0
DA:712,6
DA:713,6
DA:717,1
DA:725,4
DA:736,4
DA:742,4
DA:754,0
DA:763,1
DA:764,1
DA:765,1
DA:768,3
DA:769,3
DA:770,3
DA:771,3
DA:773,3
DA:776,4
DA:777,4
DA:779,1
DA:792,3
DA:793,3
DA:794,3
DA:795,3
DA:799,3
DA:801,0
LF:242
LH:177
BRDA:89,0,0,0
BRDA:89,0,1,0
BRDA:99,1,0,0
BRDA:99,1,1,0
BRDA:118,2,0,0
BRDA:118,2,1,3
BRDA:136,3,0,10
BRDA:136,3,1,11
BRDA:139,4,0,0
BRDA:139,4,1,11
BRDA:144,5,0,3
BRDA:144,5,1,8
BRDA:146,6,0,0
BRDA:146,6,1,8
BRDA:176,7,0,1
BRDA:176,7,1,0
BRDA:179,8,0,0
BRDA:179,8,1,0
BRDA:219,9,0,7
BRDA:219,9,1,0
BRDA:240,10,0,0
BRDA:240,10,1,29
BRDA:249,11,0,0
BRDA:249,11,1,0
BRDA:249,11,2,0
BRDA:270,12,0,0
BRDA:270,12,1,4
BRDA:271,13,0,2
BRDA:271,13,1,2
BRDA:284,14,0,1
BRDA:284,14,1,3
BRDA:309,15,0,3
BRDA:309,15,1,2
BRDA:351,16,0,3
BRDA:351,16,1,3
BRDA:387,17,0,0
BRDA:387,17,1,1
BRDA:431,18,0,0
BRDA:431,18,1,0
BRDA:458,19,0,3
BRDA:458,19,1,2
BRDA:458,19,2,1
BRDA:709,20,0,6
BRDA:716,21,0,6
BRDA:716,21,1,4
BRDA:728,22,0,5
BRDA:728,22,1,4
BRDA:728,22,2,4
BRDA:728,22,3,4
BRDA:728,22,4,4
BRDA:736,23,0,4
BRDA:736,23,1,0
BRDA:736,24,0,4
BRDA:736,24,1,0
BRDA:736,24,2,0
BRDA:783,25,0,1
BRDA:783,25,1,0
BRF:57
BRH:34
end_of_record
TN:
SF:src/lib/stores/errors.ts
FNF:0
FNH:0
DA:24,1
DA:27,1
DA:33,80
DA:34,80
DA:45,4
DA:58,3
DA:72,3
DA:87,3
DA:101,3
DA:114,63
DA:121,1
DA:134,4
DA:137,3
DA:140,3
DA:143,3
DA:146,3
DA:149,63
DA:152,1
DA:160,80
DA:162,80
DA:173,80
DA:174,80
DA:176,80
DA:183,1
DA:190,1
LF:25
LH:25
BRDA:38,0,0,80
BRDA:38,0,1,78
BRDA:38,0,2,77
BRDA:38,0,3,77
BRDA:38,0,4,76
BRDA:38,0,5,76
BRDA:38,0,6,0
BRDA:54,1,0,76
BRDA:54,1,1,74
BRDA:54,1,2,73
BRDA:67,2,0,73
BRDA:67,2,1,71
BRDA:67,2,2,70
BRDA:67,2,3,70
BRDA:81,3,0,70
BRDA:81,3,1,67
BRDA:81,3,2,67
BRDA:81,3,3,67
BRDA:81,3,4,67
BRDA:96,4,0,67
BRDA:96,4,1,65
BRDA:96,4,2,65
BRDA:96,4,3,64
BRDA:110,5,0,64
BRDA:110,5,1,63
BRDA:110,5,2,1
BRF:26
BRH:25
end_of_record
TN:
SF:src/lib/stores/hydration.ts
FNF:0
FNH:0
DA:7,10
DA:13,5
DA:20,2
LF:3
LH:3
BRDA:20,0,0,2
BRDA:20,0,1,2
BRF:2
BRH:2
end_of_record
TN:
SF:src/lib/stores/imageStorage.ts
FN:16,(anonymous_0)
FN:71,(anonymous_1)
FN:86,(anonymous_2)
FN:100,(anonymous_3)
FN:105,(anonymous_4)
FN:120,(anonymous_5)
FN:161,(anonymous_6)
FN:166,(anonymous_7)
FN:180,(anonymous_8)
FN:212,(anonymous_9)
FN:217,(anonymous_10)
FNF:11
FNH:0
FNDA:0,(anonymous_0)
FNDA:0,(anonymous_1)
FNDA:0,(anonymous_2)
FNDA:0,(anonymous_3)
FNDA:0,(anonymous_4)
FNDA:0,(anonymous_5)
FNDA:0,(anonymous_6)
FNDA:0,(anonymous_7)
FNDA:0,(anonymous_8)
FNDA:0,(anonymous_9)
FNDA:0,(anonymous_10)
DA:6,5
DA:7,5
DA:8,5
DA:10,5
DA:16,0
DA:18,0
DA:19,0
DA:22,0
DA:25,0
DA:26,0
DA:30,0
DA:31,0
DA:35,0
DA:39,0
DA:41,0
DA:69,0
DA:71,0
DA:72,0
DA:73,0
DA:75,0
DA:84,0
DA:86,0
DA:88,0
DA:89,0
DA:98,0
DA:100,0
DA:101,0
DA:102,0
DA:103,0
DA:105,0
DA:107,0
DA:108,0
DA:117,0
DA:118,0
DA:120,0
DA:121,0
DA:122,0
DA:124,0
DA:127,0
DA:128,0
DA:132,0
DA:136,0
DA:138,0
DA:140,0
DA:145,0
DA:146,0
DA:148,0
DA:159,0
DA:161,0
DA:162,0
DA:163,0
DA:164,0
DA:166,0
DA:168,0
DA:169,0
DA:178,0
DA:180,0
DA:181,0
DA:182,0
DA:183,0
DA:184,0
DA:186,0
DA:189,0
DA:191,0
DA:192,0
DA:193,0
DA:195,0
DA:200,0
DA:201,0
DA:210,0
DA:212,0
DA:213,0
DA:214,0
DA:215,0
DA:217,0
DA:219,0
DA:220,0
DA:230,1
DA:234,0
DA:235,0
DA:240,0
LF:81
LH:5
BRDA:105,0,0,0
BRDA:105,0,1,0
BRDA:236,1,0,0
BRDA:236,1,1,0
BRDA:237,2,0,1
BRDA:237,2,1,0
BRF:6
BRH:1
end_of_record
TN:
SF:src/lib/stores/settings.ts
FN:201,(anonymous_0)
FN:211,(anonymous_1)
FN:222,(anonymous_2)
FN:229,(anonymous_3)
FN:239,(anonymous_4)
FN:250,(anonymous_5)
FN:260,(anonymous_6)
FN:271,(anonymous_7)
FN:281,(anonymous_8)
FNF:9
FNH:9
FNDA:3,(anonymous_0)
FNDA:3,(anonymous_1)
FNDA:1,(anonymous_2)
FNDA:2,(anonymous_3)
FNDA:2,(anonymous_4)
FNDA:2,(anonymous_5)
FNDA:2,(anonymous_6)
FNDA:3,(anonymous_7)
FNDA:3,(anonymous_8)
DA:11,6
DA:20,0
DA:24,1
DA:28,1
DA:36,1
DA:41,0
DA:45,6
DA:48,6
DA:51,6
DA:55,6
DA:62,6
DA:64,0
DA:72,2
DA:74,1
DA:76,1
DA:80,6
DA:92,20
DA:95,3
DA:97,7
DA:99,2
DA:101,2
DA:103,0
DA:109,10
DA:110,8
DA:111,8
DA:112,8
DA:113,10
DA:118,6
DA:124,6
DA:127,6
DA:130,6
DA:133,6
DA:136,6
DA:142,0
DA:143,0
DA:145,0
DA:153,0
DA:154,0
DA:156,0
DA:164,0
DA:165,0
DA:167,0
DA:175,0
DA:176,0
DA:179,0
DA:185,0
DA:186,0
DA:187,0
DA:191,0
DA:193,0
DA:194,0
DA:201,6
DA:202,3
DA:206,0
DA:207,0
DA:211,3
DA:213,0
DA:214,0
DA:218,3
DA:222,6
DA:224,1
DA:225,1
DA:229,6
DA:230,2
DA:234,0
DA:235,0
DA:239,2
DA:241,0
DA:242,0
DA:246,2
DA:250,6
DA:251,2
DA:255,0
DA:256,0
DA:260,2
DA:262,0
DA:263,0
DA:267,2
DA:271,6
DA:272,3
DA:276,0
DA:277,0
DA:281,3
DA:283,0
DA:284,0
DA:288,3
DA:293,1
DA:295,1
DA:301,1
DA:305,1
DA:307,1
DA:312,1
DA:314,1
DA:319,4
DA:320,4
DA:321,4
DA:323,4
DA:327,4
DA:328,4
DA:333,1
LF:100
LH:62
BRDA:24,0,0,1
BRDA:24,0,1,0
BRDA:92,1,0,6
BRDA:92,1,1,14
BRDA:109,2,0,2
BRDA:109,2,1,8
BRDA:112,3,0,4
BRDA:112,3,1,4
BRDA:142,4,0,0
BRDA:142,4,1,0
BRDA:153,5,0,0
BRDA:153,5,1,0
BRDA:155,6,0,0
BRDA:155,6,1,0
BRDA:164,7,0,0
BRDA:164,7,1,0
BRDA:175,8,0,0
BRDA:175,8,1,0
BRDA:181,9,0,0
BRDA:181,9,1,0
BRDA:181,9,2,0
BRDA:192,10,0,0
BRDA:192,10,1,0
BRDA:202,11,0,0
BRDA:202,11,1,3
BRDA:230,12,0,0
BRDA:230,12,1,2
BRDA:251,13,0,0
BRDA:251,13,1,2
BRDA:272,14,0,0
BRDA:272,14,1,3
BRF:31
BRH:11
end_of_record
TN:
SF:src/lib/stores/usage.ts
FN:106,(anonymous_0)
FN:138,(anonymous_1)
FN:177,(anonymous_2)
FN:266,(anonymous_3)
FN:289,(anonymous_4)
FN:355,(anonymous_5)
FNF:6
FNH:5
FNDA:6,(anonymous_0)
FNDA:2040,(anonymous_1)
FNDA:99,(anonymous_2)
FNDA:5,(anonymous_3)
FNDA:0,(anonymous_4)
FNDA:12,(anonymous_5)
DA:5,3
DA:8,3
DA:60,3
DA:63,3
DA:69,2716
DA:70,2716
DA:77,0
DA:79,0
DA:81,0
DA:82,0
DA:84,0
DA:87,0
DA:97,3
DA:100,6
DA:103,0
DA:104,0
DA:106,6
DA:108,0
DA:109,0
DA:110,0
DA:117,3
DA:118,3
DA:124,2091
DA:125,2091
DA:129,2091
DA:136,2076
DA:137,2076
DA:138,2076
DA:141,2040
DA:142,2040
DA:161,36
DA:177,2076
DA:178,2076
DA:188,2046
DA:196,2046
DA:198,2046
DA:200,2046
DA:201,2046
DA:211,14
DA:219,14
DA:220,14
DA:222,14
DA:223,14
DA:230,16
DA:239,16
DA:240,16
DA:242,16
DA:243,16
DA:252,7
DA:264,12
DA:265,12
DA:266,12
DA:269,5
DA:270,5
DA:276,7
DA:289,12
DA:290,12
DA:291,12
DA:298,24
DA:300,24
DA:313,14
DA:314,14
DA:315,14
DA:316,14
DA:317,14
DA:318,14
DA:321,5
DA:327,4
DA:332,24
DA:339,3
DA:340,3
DA:341,3
DA:348,23
DA:349,23
DA:350,23
DA:351,23
DA:354,23
DA:355,23
DA:357,23
DA:358,605
DA:359,605
DA:360,605
DA:363,605
DA:364,605
DA:379,23
LF:85
LH:74
BRDA:68,0,0,2716
BRDA:77,1,0,0
BRDA:77,1,1,0
BRDA:100,2,0,0
BRDA:100,2,1,6
BRDA:100,3,0,6
BRDA:100,3,1,6
BRDA:107,4,0,6
BRDA:107,4,1,0
BRDA:124,5,0,0
BRDA:124,5,1,2091
BRDA:145,6,0,2022
BRDA:145,6,1,18
BRDA:147,7,0,8
BRDA:147,7,1,2032
BRDA:149,8,0,10
BRDA:149,8,1,2030
BRDA:152,9,0,10
BRDA:152,9,1,2030
BRDA:152,10,0,2040
BRDA:152,10,1,10
BRDA:156,11,0,10
BRDA:156,11,1,7
BRDA:163,12,0,24
BRDA:163,12,1,12
BRDA:164,13,0,6
BRDA:164,13,1,30
BRDA:165,14,0,6
BRDA:165,14,1,30
BRDA:170,15,0,6
BRDA:170,15,1,30
BRDA:170,16,0,36
BRDA:170,16,1,6
BRDA:272,17,0,5
BRDA:272,17,1,3
BRDA:273,18,0,5
BRDA:273,18,1,3
BRDA:317,19,0,14
BRDA:317,19,1,9
BRDA:318,20,0,14
BRDA:318,20,1,9
BRDA:322,21,0,5
BRDA:322,21,1,5
BRDA:347,22,0,23
BRDA:365,23,0,605
BRDA:365,23,1,593
BRF:46
BRH:41
end_of_record
TN:
SF:src/lib/utils/markdown.tsx
FN:118,(anonymous_0)
FN:138,(anonymous_1)
FN:155,(anonymous_2)
FN:159,(anonymous_3)
FN:161,(anonymous_4)
FN:165,(anonymous_5)
FN:169,(anonymous_6)
FN:428,(anonymous_7)
FNF:8
FNH:1
FNDA:0,(anonymous_0)
FNDA:0,(anonymous_1)
FNDA:0,(anonymous_2)
FNDA:0,(anonymous_3)
FNDA:0,(anonymous_4)
FNDA:0,(anonymous_5)
FNDA:0,(anonymous_6)
FNDA:4,(anonymous_7)
DA:19,2
DA:30,0
DA:54,0
DA:80,0
DA:81,0
DA:82,0
DA:83,0
DA:84,0
DA:85,0
DA:86,0
DA:87,0
DA:88,0
DA:89,0
DA:90,0
DA:91,0
DA:92,0
DA:93,0
DA:94,0
DA:95,0
DA:96,0
DA:97,0
DA:98,0
DA:99,0
DA:100,0
DA:101,0
DA:102,0
DA:103,0
DA:104,0
DA:105,0
DA:106,0
DA:107,0
DA:109,0
DA:110,0
DA:111,0
DA:112,0
DA:114,0
DA:118,2
DA:119,0
DA:130,0
DA:131,0
DA:135,0
DA:138,0
DA:141,0
DA:144,0
DA:146,0
DA:149,0
DA:150,0
DA:155,0
DA:159,0
DA:161,0
DA:165,0
DA:166,0
DA:167,0
DA:168,0
DA:169,0
DA:175,0
DA:177,0
DA:238,67
DA:243,11
DA:244,11
DA:247,11
DA:257,0
DA:266,0
DA:269,51
DA:272,7
DA:279,2
DA:286,19
DA:289,5
DA:294,3
DA:299,3
DA:306,5
DA:313,8
DA:325,3
DA:329,5
DA:338,5
DA:341,5
DA:348,10
DA:356,9
DA:362,9
DA:368,9
DA:378,9
DA:384,9
DA:390,9
DA:400,2
DA:408,0
DA:428,5
LF:86
LH:28
BRDA:141,0,0,0
BRDA:141,0,1,0
BRDA:141,0,2,0
BRDA:182,1,0,0
BRDA:182,1,1,0
BRDA:200,2,0,0
BRDA:200,2,1,0
BRDA:200,2,2,0
BRDA:200,2,3,0
BRDA:200,2,4,0
BRDA:206,3,0,0
BRDA:206,3,1,0
BRDA:207,4,0,0
BRDA:207,4,1,0
BRDA:243,5,0,11
BRDA:243,5,1,11
BRDA:362,6,0,0
BRDA:362,6,1,9
BRDA:364,7,0,0
BRDA:364,7,1,9
BRDA:384,8,0,0
BRDA:384,8,1,9
BRDA:386,9,0,0
BRDA:386,9,1,9
BRF:24
BRH:6
end_of_record
TN:
SF:src/routes/__root.tsx
FNF:0
FNH:0
DA:7,0
DA:12,0
LF:2
LH:0
BRF:0
BRH:0
end_of_record
TN:
SF:src/routes/index.tsx
FN:14,(anonymous_0)
FNF:1
FNH:0
FNDA:0,(anonymous_0)
DA:13,0
DA:14,0
DA:25,0
LF:3
LH:0
BRDA:15,0,0,0
BRDA:15,0,1,0
BRDA:16,1,0,0
BRDA:16,1,1,0
BRDA:17,2,0,0
BRDA:17,2,1,0
BRDA:18,3,0,0
BRDA:18,3,1,0
BRDA:19,4,0,0
BRDA:19,4,1,0
BRF:10
BRH:0
end_of_record
TN:
SF:src/routes/settings.tsx
FNF:0
FNH:0
DA:4,0
LF:1
LH:0
BRF:0
BRH:0
end_of_record
TN:
SF:src/routes/usage.tsx
FNF:0
FNH:0
DA:4,0
LF:1
LH:0
BRF:0
BRH:0
end_of_record
