TN:
SF:src/App.tsx
FN:9,(anonymous_0)
FN:10,(anonymous_1)
FN:16,(anonymous_2)
FN:17,(anonymous_3)
FN:65,(anonymous_4)
FNF:5
FNH:0
FNDA:0,(anonymous_0)
FNDA:0,(anonymous_1)
FNDA:0,(anonymous_2)
FNDA:0,(anonymous_3)
FNDA:0,(anonymous_4)
DA:9,0
DA:10,0
DA:11,0
DA:16,0
DA:17,0
DA:18,0
DA:28,0
DA:32,0
DA:38,0
DA:45,0
DA:60,0
DA:65,0
DA:66,0
DA:69,0
LF:14
LH:0
BRF:0
BRH:0
end_of_record
TN:
SF:src/components/chat/container/ChatContainer.tsx
FN:148,(anonymous_0)
FN:219,(anonymous_1)
FN:341,(anonymous_2)
FN:350,(anonymous_3)
FN:371,(anonymous_4)
FN:377,(anonymous_5)
FN:398,(anonymous_6)
FN:405,(anonymous_7)
FN:409,(anonymous_8)
FNF:9
FNH:0
FNDA:0,(anonymous_0)
FNDA:0,(anonymous_1)
FNDA:0,(anonymous_2)
FNDA:0,(anonymous_3)
FNDA:0,(anonymous_4)
FNDA:0,(anonymous_5)
FNDA:0,(anonymous_6)
FNDA:0,(anonymous_7)
FNDA:0,(anonymous_8)
DA:50,0
DA:56,0
DA:60,0
DA:75,0
DA:76,0
DA:77,0
DA:80,0
DA:84,0
DA:85,0
DA:87,0
DA:91,0
DA:93,0
DA:104,0
DA:106,0
DA:113,0
DA:125,0
DA:127,0
DA:131,0
DA:132,0
DA:133,0
DA:134,0
DA:137,0
DA:138,0
DA:140,0
DA:147,0
DA:156,0
DA:159,0
DA:160,0
DA:163,0
DA:166,0
DA:167,0
DA:170,0
DA:172,0
DA:173,0
DA:177,0
DA:181,0
DA:183,0
DA:187,0
DA:188,0
DA:189,0
DA:192,0
DA:195,0
DA:204,0
DA:209,0
DA:210,0
DA:214,0
DA:216,0
DA:217,0
DA:221,0
DA:226,0
DA:230,0
DA:232,0
DA:236,0
DA:243,0
DA:247,0
DA:250,0
DA:255,0
DA:260,0
DA:268,0
DA:275,0
DA:276,0
DA:277,0
DA:279,0
DA:289,0
DA:300,0
DA:301,0
DA:303,0
DA:307,0
DA:312,0
DA:318,0
DA:322,0
DA:324,0
DA:329,0
DA:330,0
DA:331,0
DA:335,0
DA:341,0
DA:342,0
DA:348,0
DA:349,0
DA:350,0
DA:351,0
DA:359,0
DA:360,0
DA:361,0
DA:362,0
DA:363,0
DA:370,0
DA:372,0
DA:377,0
DA:379,0
DA:381,0
DA:382,0
DA:385,0
DA:387,0
DA:388,0
DA:392,0
DA:393,0
DA:398,0
DA:400,0
DA:405,0
DA:406,0
DA:409,0
DA:410,0
DA:413,0
DA:421,0
DA:424,0
LF:107
LH:0
BRDA:75,0,0,0
BRDA:75,0,1,0
BRDA:77,1,0,0
BRDA:77,1,1,0
BRDA:79,2,0,0
BRDA:79,2,1,0
BRDA:83,3,0,0
BRDA:83,3,1,0
BRDA:86,4,0,0
BRDA:86,4,1,0
BRDA:150,5,0,0
BRDA:156,6,0,0
BRDA:159,7,0,0
BRDA:159,7,1,0
BRDA:221,8,0,0
BRDA:221,8,1,0
BRDA:221,8,2,0
BRDA:240,9,0,0
BRDA:240,9,1,0
BRDA:271,10,0,0
BRDA:271,10,1,0
BRDA:340,11,0,0
BRDA:340,11,1,0
BRDA:387,12,0,0
BRDA:387,12,1,0
BRDA:420,13,0,0
BRDA:420,13,1,0
BRF:27
BRH:0
end_of_record
TN:
SF:src/components/chat/container/ChatContainer.ui.tsx
FNF:0
FNH:0
DA:23,21
LF:1
LH:1
BRDA:20,0,0,21
BRDA:26,1,0,21
BRDA:26,1,1,10
BRDA:33,2,0,3
BRDA:33,2,1,7
BRDA:43,3,0,21
BRDA:43,3,1,10
BRDA:43,3,2,3
BRDA:54,4,0,21
BRDA:54,4,1,2
BRDA:66,5,0,21
BRDA:66,5,1,1
BRF:12
BRH:12
end_of_record
TN:
SF:src/components/chat/errors/CompatibilityError.tsx
FN:10,(anonymous_0)
FNF:1
FNH:0
FNDA:0,(anonymous_0)
DA:7,0
DA:8,0
DA:10,0
DA:11,0
DA:13,0
DA:16,0
DA:19,0
DA:24,0
DA:27,0
LF:9
LH:0
BRDA:31,0,0,0
BRDA:31,0,1,0
BRDA:37,1,0,0
BRDA:37,1,1,0
BRF:4
BRH:0
end_of_record
TN:
SF:src/components/chat/errors/CompatibilityError.ui.tsx
FN:27,(anonymous_0)
FNF:1
FNH:0
FNDA:0,(anonymous_0)
DA:24,0
DA:25,0
DA:27,0
DA:30,0
DA:33,0
DA:39,0
DA:44,0
DA:53,0
DA:67,0
DA:75,0
DA:77,0
DA:82,0
DA:86,0
DA:88,0
DA:90,0
DA:118,0
DA:120,0
DA:122,0
DA:124,0
DA:131,0
DA:133,0
DA:135,0
DA:137,0
DA:139,0
DA:143,0
DA:144,0
DA:146,0
LF:27
LH:0
BRDA:33,0,0,0
BRDA:33,0,1,0
BRDA:33,0,2,0
BRDA:88,1,0,0
BRDA:88,1,1,0
BRDA:94,2,0,0
BRDA:94,2,1,0
BRDA:94,3,0,0
BRDA:94,3,1,0
BRDA:110,4,0,0
BRDA:111,5,0,0
BRDA:143,6,0,0
BRDA:143,6,1,0
BRDA:144,7,0,0
BRDA:144,7,1,0
BRDA:164,8,0,0
BRDA:164,8,1,0
BRDA:171,9,0,0
BRDA:171,9,1,0
BRDA:171,9,2,0
BRDA:171,9,3,0
BRDA:180,10,0,0
BRDA:180,10,1,0
BRDA:180,10,2,0
BRDA:192,11,0,0
BRDA:192,11,1,0
BRDA:202,12,0,0
BRDA:202,12,1,0
BRDA:202,13,0,0
BRDA:202,13,1,0
BRDA:207,14,0,0
BRDA:207,14,1,0
BRDA:212,15,0,0
BRDA:212,15,1,0
BRDA:218,16,0,0
BRDA:218,16,1,0
BRF:36
BRH:0
end_of_record
TN:
SF:src/components/chat/errors/ErrorBanner.tsx
FN:9,(anonymous_0)
FN:16,(anonymous_1)
FNF:2
FNH:0
FNDA:0,(anonymous_0)
FNDA:0,(anonymous_1)
DA:7,0
DA:9,0
DA:11,0
DA:12,0
DA:16,0
DA:17,0
DA:21,0
DA:24,0
LF:8
LH:0
BRDA:30,0,0,0
BRDA:30,0,1,0
BRF:2
BRH:0
end_of_record
TN:
SF:src/components/chat/errors/ErrorBanner.ui.tsx
FNF:0
FNH:0
DA:25,1
DA:35,1
DA:45,1
DA:63,13
DA:65,13
DA:104,0
LF:6
LH:5
BRDA:86,0,0,13
BRDA:86,0,1,12
BRDA:86,0,2,2
BRDA:98,1,0,13
BRDA:98,1,1,1
BRF:5
BRH:5
end_of_record
TN:
SF:src/components/chat/input/ChatInput.tsx
FN:29,(anonymous_0)
FN:33,(anonymous_1)
FN:45,(anonymous_2)
FN:47,(anonymous_3)
FN:68,(anonymous_4)
FNF:5
FNH:0
FNDA:0,(anonymous_0)
FNDA:0,(anonymous_1)
FNDA:0,(anonymous_2)
FNDA:0,(anonymous_3)
FNDA:0,(anonymous_4)
DA:16,0
DA:25,0
DA:26,0
DA:27,0
DA:29,0
DA:30,0
DA:33,0
DA:34,0
DA:35,0
DA:39,0
DA:40,0
DA:41,0
DA:45,0
DA:47,0
DA:50,0
DA:51,0
DA:55,0
DA:56,0
DA:58,0
DA:61,0
DA:64,0
DA:68,0
DA:69,0
DA:72,0
LF:24
LH:0
BRDA:24,0,0,0
BRDA:35,1,0,0
BRDA:35,1,1,0
BRDA:38,2,0,0
BRDA:38,2,1,0
BRDA:39,3,0,0
BRDA:39,3,1,0
BRF:7
BRH:0
end_of_record
TN:
SF:src/components/chat/input/ChatInput.ui.tsx
FN:68,(anonymous_0)
FN:80,(anonymous_1)
FN:124,(anonymous_2)
FNF:3
FNH:3
FNDA:5,(anonymous_0)
FNDA:1,(anonymous_1)
FNDA:1,(anonymous_2)
DA:33,19
DA:37,4
DA:43,2
DA:50,0
DA:52,0
DA:57,0
DA:60,19
DA:62,19
DA:69,5
DA:80,1
DA:124,1
LF:11
LH:8
BRDA:28,0,0,19
BRDA:29,1,0,19
BRDA:30,2,0,19
BRDA:31,3,0,19
BRDA:36,4,0,6
BRDA:36,4,1,5
BRDA:39,5,0,4
BRDA:39,5,1,3
BRDA:39,5,2,3
BRDA:39,5,3,2
BRDA:49,6,0,0
BRDA:49,6,1,0
BRDA:60,7,0,19
BRDA:60,7,1,15
BRDA:66,8,0,19
BRDA:66,8,1,5
BRDA:75,9,0,5
BRDA:75,9,1,2
BRDA:113,10,0,19
BRDA:113,10,1,17
BRDA:127,11,0,5
BRDA:127,11,1,14
BRDA:158,12,0,16
BRDA:158,12,1,14
BRF:24
BRH:22
end_of_record
TN:
SF:src/components/chat/messages/MessageItem.tsx
FN:27,(anonymous_0)
FN:35,(anonymous_1)
FN:47,(anonymous_2)
FN:50,(anonymous_3)
FN:77,(anonymous_4)
FN:81,(anonymous_5)
FN:87,(anonymous_6)
FNF:7
FNH:0
FNDA:0,(anonymous_0)
FNDA:0,(anonymous_1)
FNDA:0,(anonymous_2)
FNDA:0,(anonymous_3)
FNDA:0,(anonymous_4)
FNDA:0,(anonymous_5)
FNDA:0,(anonymous_6)
DA:21,0
DA:22,0
DA:23,0
DA:24,0
DA:27,0
DA:30,0
DA:31,0
DA:35,0
DA:36,0
DA:41,0
DA:42,0
DA:47,0
DA:50,0
DA:52,0
DA:54,0
DA:60,0
DA:63,0
DA:65,0
DA:66,0
DA:70,0
DA:74,0
DA:77,0
DA:78,0
DA:79,0
DA:80,0
DA:81,0
DA:87,0
DA:90,0
DA:92,0
DA:96,0
LF:30
LH:0
BRDA:17,0,0,0
BRDA:29,1,0,0
BRDA:29,1,1,0
BRDA:36,2,0,0
BRDA:36,2,1,0
BRDA:51,3,0,0
BRDA:51,3,1,0
BRDA:74,4,0,0
BRDA:74,4,1,0
BRDA:88,5,0,0
BRDA:88,5,1,0
BRDA:104,6,0,0
BRDA:104,6,1,0
BRF:13
BRH:0
end_of_record
TN:
SF:src/components/chat/messages/MessageItem.ui.tsx
FN:46,(anonymous_0)
FN:63,(anonymous_1)
FN:109,(anonymous_2)
FN:139,(anonymous_3)
FNF:4
FNH:1
FNDA:0,(anonymous_0)
FNDA:0,(anonymous_1)
FNDA:3,(anonymous_2)
FNDA:0,(anonymous_3)
DA:34,12
DA:35,12
DA:36,12
DA:40,12
DA:46,0
DA:53,0
DA:54,0
DA:63,0
DA:110,3
DA:140,0
LF:10
LH:5
BRDA:28,0,0,12
BRDA:29,1,0,12
BRDA:35,2,0,12
BRDA:35,2,1,2
BRDA:43,3,0,12
BRDA:43,3,1,0
BRDA:61,4,0,0
BRDA:61,4,1,0
BRDA:70,5,0,4
BRDA:70,5,1,8
BRDA:77,6,0,4
BRDA:77,6,1,8
BRDA:93,7,0,4
BRDA:93,7,1,8
BRDA:98,8,0,4
BRDA:98,8,1,8
BRDA:102,9,0,12
BRDA:102,9,1,2
BRDA:106,10,0,2
BRDA:106,10,1,0
BRDA:114,11,0,3
BRDA:114,11,1,0
BRDA:122,12,0,3
BRDA:122,12,1,3
BRDA:127,13,0,0
BRDA:127,13,1,0
BRDA:137,14,0,3
BRDA:137,14,1,0
BRDA:153,15,0,4
BRDA:153,15,1,8
BRDA:161,16,0,4
BRDA:161,16,1,8
BRDA:164,17,0,1
BRDA:164,17,1,11
BRDA:171,18,0,12
BRDA:171,18,1,1
BRDA:181,19,0,7
BRDA:181,19,1,1
BRDA:198,20,0,0
BRDA:198,20,1,1
BRDA:205,21,0,7
BRDA:205,21,1,1
BRF:42
BRH:33
end_of_record
TN:
SF:src/components/chat/messages/MessageList.tsx
FN:19,(anonymous_0)
FN:38,(anonymous_1)
FN:47,(anonymous_2)
FNF:3
FNH:0
FNDA:0,(anonymous_0)
FNDA:0,(anonymous_1)
FNDA:0,(anonymous_2)
DA:13,0
DA:14,0
DA:15,0
DA:16,0
DA:19,0
DA:21,0
DA:28,0
DA:37,0
DA:38,0
DA:41,0
DA:48,0
LF:11
LH:0
BRDA:28,0,0,0
BRDA:28,0,1,0
BRDA:28,1,0,0
BRDA:28,1,1,0
BRDA:37,2,0,0
BRDA:37,2,1,0
BRDA:43,3,0,0
BRDA:43,3,1,0
BRDA:44,4,0,0
BRDA:44,4,1,0
BRF:10
BRH:0
end_of_record
TN:
SF:src/components/chat/messages/MessageList.ui.tsx
FN:15,(anonymous_0)
FN:38,(anonymous_1)
FNF:2
FNH:2
FNDA:2,(anonymous_0)
FNDA:6,(anonymous_1)
DA:15,1
DA:16,2
DA:38,1
DA:45,6
DA:62,6
LF:5
LH:5
BRDA:40,0,0,6
BRDA:59,1,0,6
BRDA:65,2,0,6
BRDA:65,2,1,2
BRDA:87,3,0,5
BRDA:87,3,1,2
BRF:6
BRH:6
end_of_record
TN:
SF:src/components/chat/settings/SettingsPanel.tsx
FN:6,(anonymous_0)
FN:10,(anonymous_1)
FNF:2
FNH:2
FNDA:2,(anonymous_0)
FNDA:2,(anonymous_1)
DA:6,6
DA:7,2
DA:10,6
DA:11,2
DA:14,6
LF:5
LH:5
BRF:0
BRH:0
end_of_record
TN:
SF:src/components/chat/settings/SettingsPanel.ui.tsx
FNF:0
FNH:0
DA:13,12
LF:1
LH:1
BRF:0
BRH:0
end_of_record
TN:
SF:src/components/chat/sidebar/ChatHeader.tsx
FN:27,(anonymous_0)
FNF:1
FNH:0
FNDA:0,(anonymous_0)
DA:24,0
DA:25,0
DA:27,0
DA:28,0
DA:31,0
LF:5
LH:0
BRDA:22,0,0,0
BRDA:44,1,0,0
BRDA:44,1,1,0
BRDA:52,2,0,0
BRDA:52,2,1,0
BRDA:63,3,0,0
BRDA:63,3,1,0
BRF:7
BRH:0
end_of_record
TN:
SF:src/components/chat/sidebar/ConversationSidebar.tsx
FN:29,(anonymous_0)
FN:43,(anonymous_1)
FN:44,(anonymous_2)
FN:45,(anonymous_3)
FN:49,(anonymous_4)
FN:50,(anonymous_5)
FN:62,(anonymous_6)
FN:68,(anonymous_7)
FN:74,(anonymous_8)
FN:84,(anonymous_9)
FN:85,(anonymous_10)
FN:101,(anonymous_11)
FN:102,(anonymous_12)
FN:111,(anonymous_13)
FN:115,(anonymous_14)
FN:119,(anonymous_15)
FNF:16
FNH:0
FNDA:0,(anonymous_0)
FNDA:0,(anonymous_1)
FNDA:0,(anonymous_2)
FNDA:0,(anonymous_3)
FNDA:0,(anonymous_4)
FNDA:0,(anonymous_5)
FNDA:0,(anonymous_6)
FNDA:0,(anonymous_7)
FNDA:0,(anonymous_8)
FNDA:0,(anonymous_9)
FNDA:0,(anonymous_10)
FNDA:0,(anonymous_11)
FNDA:0,(anonymous_12)
FNDA:0,(anonymous_13)
FNDA:0,(anonymous_14)
FNDA:0,(anonymous_15)
DA:26,0
DA:29,0
DA:30,0
DA:37,0
DA:38,0
DA:39,0
DA:40,0
DA:43,0
DA:44,0
DA:45,0
DA:49,0
DA:50,0
DA:62,0
DA:64,0
DA:68,0
DA:69,0
DA:70,0
DA:71,0
DA:74,0
DA:77,0
DA:79,0
DA:84,0
DA:85,0
DA:86,0
DA:91,0
DA:96,0
DA:101,0
DA:102,0
DA:103,0
DA:105,0
DA:107,0
DA:111,0
DA:112,0
DA:115,0
DA:116,0
DA:119,0
DA:120,0
DA:123,0
LF:38
LH:0
BRDA:30,0,0,0
BRDA:30,0,1,0
BRDA:86,1,0,0
BRDA:86,1,1,0
BRDA:103,2,0,0
BRDA:103,2,1,0
BRDA:106,3,0,0
BRDA:106,3,1,0
BRF:8
BRH:0
end_of_record
TN:
SF:src/components/chat/sidebar/ConversationSidebar.ui.tsx
FN:97,(anonymous_0)
FN:98,(anonymous_1)
FN:99,(anonymous_2)
FN:114,(anonymous_3)
FN:167,(anonymous_4)
FN:351,(anonymous_5)
FNF:6
FNH:3
FNDA:8,(anonymous_0)
FNDA:8,(anonymous_1)
FNDA:8,(anonymous_2)
FNDA:0,(anonymous_3)
FNDA:0,(anonymous_4)
FNDA:0,(anonymous_5)
DA:75,9
DA:78,8
DA:79,8
DA:80,8
DA:84,8
DA:85,0
DA:86,0
DA:87,0
DA:92,0
DA:93,0
DA:97,9
DA:98,9
DA:99,9
DA:102,8
DA:103,8
DA:105,8
DA:114,0
DA:155,0
DA:167,0
DA:178,0
DA:179,0
DA:180,0
DA:193,0
DA:194,0
DA:196,0
DA:198,0
DA:221,0
DA:222,0
DA:223,0
DA:237,0
DA:238,0
DA:239,0
DA:261,0
DA:265,8
DA:268,7
DA:304,9
DA:308,9
LF:37
LH:15
BRDA:84,0,0,8
BRDA:84,0,1,0
BRDA:85,1,0,0
BRDA:85,1,1,0
BRDA:86,2,0,0
BRDA:86,2,1,0
BRDA:92,3,0,0
BRDA:92,3,1,0
BRDA:111,4,0,8
BRDA:111,4,1,1
BRDA:112,5,0,8
BRDA:112,5,1,1
BRDA:119,6,0,1
BRDA:119,6,1,7
BRDA:121,7,0,1
BRDA:121,7,1,6
BRDA:127,8,0,0
BRDA:127,8,1,8
BRDA:138,9,0,1
BRDA:138,9,1,7
BRDA:155,10,0,0
BRDA:155,10,1,0
BRDA:165,11,0,8
BRDA:165,11,1,0
BRDA:174,12,0,8
BRDA:174,12,1,7
BRDA:189,13,0,8
BRDA:189,13,1,7
BRDA:202,14,0,1
BRDA:202,14,1,6
BRDA:217,15,0,8
BRDA:217,15,1,1
BRDA:231,16,0,8
BRDA:231,16,1,7
BRDA:243,17,0,1
BRDA:243,17,1,7
BRDA:260,18,0,15
BRDA:260,18,1,5
BRDA:264,19,0,15
BRDA:264,19,1,10
BRDA:270,20,0,2
BRDA:270,20,1,5
BRDA:275,21,0,2
BRDA:275,21,1,0
BRDA:287,22,0,5
BRDA:287,22,1,5
BRDA:290,23,0,15
BRDA:290,23,1,2
BRDA:290,23,2,7
BRDA:304,24,0,9
BRDA:304,24,1,4
BRDA:304,24,2,4
BRDA:322,25,0,9
BRDA:322,25,1,9
BRF:54
BRH:42
end_of_record
TN:
SF:src/components/providers/ThemeProvider.tsx
FN:45,(anonymous_0)
FN:50,(anonymous_1)
FN:54,(anonymous_2)
FN:57,(anonymous_3)
FNF:4
FNH:3
FNDA:8,(anonymous_0)
FNDA:8,(anonymous_1)
FNDA:0,(anonymous_2)
FNDA:4,(anonymous_3)
DA:12,1
DA:19,8
DA:21,8
DA:22,8
DA:26,4
DA:27,4
DA:29,4
DA:42,8
DA:45,8
DA:46,8
DA:50,8
DA:51,8
DA:53,4
DA:54,4
DA:56,4
DA:57,4
DA:60,8
LF:17
LH:17
BRDA:19,0,0,0
BRDA:19,0,1,8
BRDA:27,1,0,0
BRDA:27,1,1,4
BRDA:51,2,0,4
BRDA:51,2,1,4
BRDA:51,3,0,8
BRDA:51,3,1,8
BRF:8
BRH:6
end_of_record
TN:
SF:src/components/settings/SettingsPage.tsx
FN:39,(anonymous_0)
FN:40,(anonymous_1)
FN:41,(anonymous_2)
FN:42,(anonymous_3)
FN:45,(anonymous_4)
FN:49,(anonymous_5)
FN:53,(anonymous_6)
FN:57,(anonymous_7)
FN:68,(anonymous_8)
FN:72,(anonymous_9)
FN:86,(anonymous_10)
FN:92,(anonymous_11)
FN:99,(anonymous_12)
FNF:13
FNH:1
FNDA:3,(anonymous_0)
FNDA:0,(anonymous_1)
FNDA:0,(anonymous_2)
FNDA:0,(anonymous_3)
FNDA:0,(anonymous_4)
FNDA:0,(anonymous_5)
FNDA:0,(anonymous_6)
FNDA:0,(anonymous_7)
FNDA:0,(anonymous_8)
FNDA:0,(anonymous_9)
FNDA:0,(anonymous_10)
FNDA:0,(anonymous_11)
FNDA:0,(anonymous_12)
DA:30,3
DA:31,3
DA:32,3
DA:33,3
DA:34,3
DA:35,3
DA:36,3
DA:39,3
DA:40,0
DA:41,0
DA:42,0
DA:45,3
DA:46,0
DA:49,3
DA:50,0
DA:53,3
DA:54,0
DA:57,3
DA:58,0
DA:61,0
DA:63,0
DA:68,3
DA:69,0
DA:72,3
DA:73,0
DA:75,0
DA:77,0
DA:79,0
DA:82,0
DA:86,3
DA:88,0
DA:92,3
DA:94,0
DA:95,0
DA:99,3
DA:100,0
DA:103,3
LF:37
LH:18
BRDA:63,0,0,0
BRDA:63,0,1,0
BRDA:77,1,0,0
BRDA:77,1,1,0
BRDA:93,2,0,0
BRDA:93,2,1,0
BRDA:95,3,0,0
BRDA:95,3,1,0
BRF:8
BRH:0
end_of_record
TN:
SF:src/components/settings/SettingsPage.ui.tsx
FN:97,(anonymous_0)
FN:222,(anonymous_1)
FN:225,(anonymous_2)
FN:263,(anonymous_3)
FN:266,(anonymous_4)
FN:297,(anonymous_5)
FN:326,(anonymous_6)
FN:332,(anonymous_7)
FN:356,(anonymous_8)
FN:392,(anonymous_9)
FN:404,(anonymous_10)
FN:417,(anonymous_11)
FN:502,(anonymous_12)
FNF:13
FNH:5
FNDA:21,(anonymous_0)
FNDA:9,(anonymous_1)
FNDA:0,(anonymous_2)
FNDA:9,(anonymous_3)
FNDA:0,(anonymous_4)
FNDA:0,(anonymous_5)
FNDA:0,(anonymous_6)
FNDA:78,(anonymous_7)
FNDA:0,(anonymous_8)
FNDA:0,(anonymous_9)
FNDA:0,(anonymous_10)
FNDA:12,(anonymous_11)
FNDA:0,(anonymous_12)
DA:59,1
DA:67,1
DA:97,1
DA:110,21
DA:169,3
DA:172,0
DA:174,0
DA:175,0
DA:179,3
DA:181,3
DA:223,9
DA:225,0
DA:264,9
DA:266,0
DA:297,0
DA:326,0
DA:333,78
DA:357,0
DA:393,0
DA:407,0
DA:418,12
DA:502,0
LF:22
LH:11
BRDA:102,0,0,21
BRDA:113,1,0,3
BRDA:113,1,1,18
BRDA:122,2,0,3
BRDA:122,2,1,18
BRDA:133,3,0,21
BRDA:133,3,1,3
BRDA:138,4,0,21
BRDA:138,4,1,21
BRDA:228,5,0,3
BRDA:228,5,1,6
BRDA:269,6,0,3
BRDA:269,6,1,6
BRDA:277,7,0,3
BRDA:277,7,1,6
BRDA:300,8,0,3
BRDA:300,8,1,0
BRDA:309,9,0,3
BRDA:309,9,1,0
BRDA:316,10,0,3
BRDA:316,10,1,3
BRDA:325,11,0,3
BRDA:325,11,1,0
BRDA:359,12,0,0
BRDA:359,12,1,0
BRDA:367,13,0,3
BRDA:367,13,1,0
BRDA:375,14,0,3
BRDA:375,14,1,0
BRDA:384,15,0,3
BRDA:384,15,1,3
BRDA:434,16,0,0
BRDA:434,16,1,3
BRDA:506,17,0,0
BRDA:506,17,1,3
BRDA:534,18,0,0
BRDA:534,18,1,0
BRDA:561,19,0,3
BRDA:561,19,1,0
BRF:39
BRH:27
end_of_record
TN:
SF:src/components/ui/button.tsx
FNF:0
FNH:0
DA:7,13
DA:49,217
DA:51,217
LF:3
LH:3
BRDA:43,0,0,217
BRDA:49,1,0,1
BRDA:49,1,1,216
BRF:3
BRH:3
end_of_record
TN:
SF:src/components/ui/card.tsx
FNF:0
FNH:0
DA:6,6
DA:19,4
DA:32,4
DA:42,4
DA:52,0
DA:65,5
DA:75,4
LF:7
LH:6
BRF:0
BRH:0
end_of_record
TN:
SF:src/components/ui/dropdown-menu.tsx
FNF:0
FNH:0
DA:10,27
DA:16,0
DA:24,27
DA:37,27
DA:55,2
DA:69,16
DA:89,4
DA:112,2
DA:125,5
DA:151,4
DA:168,3
DA:181,1
DA:196,1
DA:207,1
DA:227,1
LF:15
LH:14
BRDA:34,0,0,27
BRDA:63,1,0,16
BRF:2
BRH:2
end_of_record
TN:
SF:src/components/ui/input.tsx
FNF:0
FNH:0
DA:6,26
LF:1
LH:1
BRF:0
BRH:0
end_of_record
TN:
SF:src/components/ui/number-stepper.tsx
FN:32,(anonymous_0)
FN:36,(anonymous_1)
FNF:2
FNH:2
FNDA:19,(anonymous_0)
FNDA:7,(anonymous_1)
DA:29,29
DA:32,29
DA:33,19
DA:36,29
DA:37,7
DA:42,3
DA:43,3
DA:47,2
DA:48,2
DA:52,6
DA:55,6
DA:60,2
DA:62,0
DA:64,2
DA:65,2
DA:66,2
DA:72,0
DA:74,1
DA:75,1
DA:77,1
DA:78,1
DA:82,29
LF:22
LH:20
BRDA:21,0,0,29
BRDA:22,1,0,29
BRDA:23,2,0,29
BRDA:24,3,0,29
BRDA:26,4,0,29
BRDA:54,5,0,6
BRDA:54,5,1,4
BRDA:93,6,0,29
BRDA:93,6,1,27
BRDA:104,7,0,29
BRDA:104,7,1,0
BRDA:113,8,0,29
BRDA:113,8,1,25
BRDA:129,9,0,29
BRDA:129,9,1,27
BRF:15
BRH:14
end_of_record
TN:
SF:src/components/ui/scroll-area.tsx
FNF:0
FNH:0
DA:11,42
DA:34,42
LF:2
LH:2
BRDA:31,0,0,42
BRDA:40,1,0,42
BRDA:40,1,1,42
BRDA:42,2,0,42
BRDA:42,2,1,0
BRF:5
BRH:4
end_of_record
TN:
SF:src/components/ui/select.tsx
FNF:0
FNH:0
DA:10,20
DA:16,4
DA:22,20
DA:33,20
DA:58,20
DA:92,4
DA:106,113
DA:129,1
DA:142,20
DA:160,20
LF:10
LH:10
BRDA:27,0,0,20
BRDA:54,1,0,20
BRDA:55,2,0,20
BRDA:64,3,0,20
BRDA:64,3,1,20
BRDA:76,4,0,20
BRDA:76,4,1,20
BRF:7
BRH:7
end_of_record
TN:
SF:src/components/ui/separator.tsx
FNF:0
FNH:0
DA:12,11
LF:1
LH:1
BRDA:8,0,0,11
BRDA:9,1,0,11
BRF:2
BRH:2
end_of_record
TN:
SF:src/components/ui/sheet.tsx
FNF:0
FNH:0
DA:1,1
DA:10,14
DA:16,14
DA:22,1
DA:28,14
DA:35,20
DA:55,14
DA:85,6
DA:95,2
DA:108,10
DA:121,10
LF:11
LH:11
BRDA:50,0,0,14
BRDA:62,1,0,14
BRDA:62,1,1,11
BRDA:64,2,0,14
BRDA:64,2,1,1
BRDA:66,3,0,14
BRDA:66,3,1,1
BRDA:68,4,0,14
BRDA:68,4,1,1
BRF:9
BRH:9
end_of_record
TN:
SF:src/components/ui/skeleton.tsx
FNF:0
FNH:0
DA:4,11
LF:1
LH:1
BRF:0
BRH:0
end_of_record
TN:
SF:src/components/ui/textarea.tsx
FNF:0
FNH:0
DA:6,33
LF:1
LH:1
BRF:0
BRH:0
end_of_record
TN:
SF:src/components/ui/tooltip.tsx
FNF:0
FNH:0
DA:1,2
DA:12,26
DA:24,11
DA:34,11
DA:43,11
LF:5
LH:5
BRDA:9,0,0,26
BRDA:39,1,0,11
BRF:2
BRH:2
end_of_record
TN:
SF:src/components/usage/UsagePage.tsx
FN:18,(anonymous_0)
FN:20,(anonymous_1)
FN:23,(anonymous_2)
FN:24,(anonymous_3)
FN:35,(anonymous_4)
FN:37,(anonymous_5)
FN:45,(anonymous_6)
FN:61,(anonymous_7)
FN:65,(anonymous_8)
FNF:9
FNH:8
FNDA:17,(anonymous_0)
FNDA:17,(anonymous_1)
FNDA:17,(anonymous_2)
FNDA:510,(anonymous_3)
FNDA:17,(anonymous_4)
FNDA:510,(anonymous_5)
FNDA:9,(anonymous_6)
FNDA:0,(anonymous_7)
FNDA:1,(anonymous_8)
DA:14,17
DA:18,17
DA:20,17
DA:23,17
DA:24,510
DA:35,17
DA:36,17
DA:39,510
DA:45,9
DA:61,17
DA:62,0
DA:65,17
DA:71,1
DA:75,17
LF:14
LH:13
BRDA:39,0,0,510
BRDA:39,0,1,505
BRDA:39,0,2,504
BRDA:39,0,3,503
BRDA:39,0,4,501
BRDA:43,1,0,501
BRDA:43,1,1,501
BRDA:55,2,0,9
BRDA:55,2,1,6
BRDA:56,3,0,9
BRDA:56,3,1,6
BRDA:57,4,0,9
BRDA:57,4,1,6
BRDA:57,5,0,9
BRDA:57,5,1,6
BRF:15
BRH:15
end_of_record
TN:
SF:src/components/usage/UsagePage.ui.tsx
FN:61,(anonymous_0)
FN:98,(anonymous_1)
FN:143,(anonymous_2)
FN:182,(anonymous_3)
FN:210,(anonymous_4)
FN:214,(anonymous_5)
FN:225,(anonymous_6)
FN:239,(anonymous_7)
FN:253,(anonymous_8)
FN:267,(anonymous_9)
FN:281,(anonymous_10)
FN:295,(anonymous_11)
FN:387,(anonymous_12)
FN:590,(anonymous_13)
FN:592,(anonymous_14)
FN:609,(anonymous_15)
FN:617,(anonymous_16)
FNF:17
FNH:15
FNDA:51,(anonymous_0)
FNDA:68,(anonymous_1)
FNDA:0,(anonymous_2)
FNDA:0,(anonymous_3)
FNDA:16,(anonymous_4)
FNDA:9,(anonymous_5)
FNDA:9,(anonymous_6)
FNDA:9,(anonymous_7)
FNDA:9,(anonymous_8)
FNDA:9,(anonymous_9)
FNDA:9,(anonymous_10)
FNDA:9,(anonymous_11)
FNDA:1,(anonymous_12)
FNDA:9,(anonymous_13)
FNDA:63,(anonymous_14)
FNDA:9,(anonymous_15)
FNDA:63,(anonymous_16)
DA:61,1
DA:74,51
DA:98,1
DA:109,68
DA:137,0
DA:139,0
DA:144,0
DA:178,63
DA:179,63
DA:182,0
DA:203,17
DA:207,17
DA:210,17
DA:211,16
DA:215,9
DA:226,9
DA:240,9
DA:254,9
DA:268,9
DA:282,9
DA:296,9
DA:311,17
DA:321,17
DA:325,17
DA:387,1
DA:591,9
DA:593,63
DA:610,9
DA:618,63
LF:29
LH:25
BRDA:137,0,0,0
BRDA:137,0,1,0
BRDA:137,1,0,0
BRDA:137,1,1,0
BRDA:137,1,2,0
BRDA:185,2,0,0
BRDA:185,2,1,63
BRDA:187,3,0,9
BRDA:187,3,1,54
BRDA:321,4,0,17
BRDA:321,4,1,12
BRDA:321,4,2,11
BRDA:385,5,0,1
BRDA:385,5,1,16
BRDA:586,6,0,9
BRDA:586,6,1,8
BRDA:597,7,0,0
BRDA:597,7,1,63
BRDA:614,8,0,9
BRDA:614,8,1,0
BRDA:641,9,0,17
BRDA:641,9,1,7
BRF:22
BRH:14
end_of_record
TN:
SF:src/lib/utils.ts
FNF:0
FNH:0
DA:5,1269
LF:1
LH:1
BRF:0
BRH:0
end_of_record
TN:
SF:src/lib/ai/compat.ts
FN:251,(anonymous_0)
FN:262,(anonymous_1)
FNF:2
FNH:2
FNDA:2,(anonymous_0)
FNDA:6,(anonymous_1)
DA:43,2
DA:95,1
DA:103,37
DA:104,37
DA:105,37
DA:109,4
DA:110,4
DA:111,4
DA:113,2
DA:114,2
DA:115,2
DA:117,23
DA:118,23
DA:119,23
DA:121,3
DA:122,3
DA:123,3
DA:125,2
DA:126,2
DA:127,2
DA:130,37
DA:131,37
DA:133,37
DA:145,12
DA:148,12
DA:152,0
DA:155,0
DA:159,5
DA:169,10
DA:173,9
DA:181,0
DA:183,0
DA:190,0
DA:197,1
DA:207,10
DA:210,1
DA:214,0
DA:217,9
DA:219,1
DA:224,0
DA:227,2
DA:236,1
DA:243,1
DA:251,2
DA:257,0
DA:259,3
DA:262,6
DA:269,1
DA:278,12
DA:282,1
DA:294,2
DA:295,2
DA:309,2
DA:321,7
DA:323,0
DA:333,7
DA:334,7
DA:337,1
DA:347,6
DA:353,6
DA:361,0
DA:379,3
DA:380,3
DA:382,3
DA:396,3
DA:398,1
DA:406,2
DA:407,1
DA:409,1
LF:69
LH:59
BRDA:111,0,0,4
BRDA:111,0,1,0
BRDA:112,1,0,33
BRDA:112,1,1,32
BRDA:115,2,0,2
BRDA:115,2,1,0
BRDA:119,3,0,23
BRDA:119,3,1,1
BRDA:123,4,0,3
BRDA:123,4,1,0
BRDA:124,5,0,5
BRDA:124,5,1,2
BRDA:127,6,0,2
BRDA:127,6,1,0
BRDA:136,7,0,34
BRDA:136,7,1,3
BRDA:137,8,0,38
BRDA:137,8,1,3
BRDA:145,9,0,0
BRDA:145,9,1,12
BRDA:148,10,0,7
BRDA:148,10,1,5
BRDA:153,11,0,0
BRDA:153,11,1,0
BRDA:155,12,0,0
BRDA:155,12,1,0
BRDA:155,13,0,0
BRDA:155,13,1,0
BRDA:169,14,0,0
BRDA:169,14,1,10
BRDA:256,15,0,3
BRDA:256,15,1,3
BRDA:294,16,0,1
BRDA:294,16,1,1
BRDA:356,17,0,6
BRDA:356,17,1,2
BRDA:383,18,0,3
BRDA:383,18,1,2
BRF:38
BRH:26
end_of_record
TN:
SF:src/lib/ai/hooks.ts
FN:32,(anonymous_0)
FN:51,(anonymous_1)
FN:75,(anonymous_2)
FNF:3
FNH:3
FNDA:4,(anonymous_0)
FNDA:4,(anonymous_1)
FNDA:1,(anonymous_2)
DA:21,1
DA:22,1
DA:29,8
DA:30,8
DA:32,8
DA:33,4
DA:35,4
DA:36,4
DA:38,0
DA:46,4
DA:51,8
DA:52,4
DA:55,8
DA:68,9
DA:69,9
DA:70,9
DA:71,9
DA:72,9
DA:74,9
DA:79,1
DA:84,0
DA:85,0
DA:87,0
DA:91,0
DA:92,0
DA:93,0
DA:94,0
DA:95,0
DA:96,0
DA:97,0
DA:98,0
DA:100,1
DA:102,1
DA:108,9
LF:34
LH:22
BRDA:78,0,0,1
BRDA:78,0,1,1
BRDA:79,1,0,1
BRDA:79,1,1,0
BRDA:87,2,0,0
BRDA:87,2,1,0
BRF:6
BRH:3
end_of_record
TN:
SF:src/lib/ai/prompt.ts
FN:162,(anonymous_0)
FN:182,(anonymous_1)
FN:302,(anonymous_2)
FNF:3
FNH:0
FNDA:0,(anonymous_0)
FNDA:0,(anonymous_1)
FNDA:0,(anonymous_2)
DA:26,0
DA:31,0
DA:38,0
DA:46,0
DA:54,0
DA:67,0
DA:72,0
DA:77,0
DA:79,0
DA:86,0
DA:95,0
DA:99,0
DA:101,0
DA:108,0
DA:111,0
DA:114,0
DA:125,0
DA:128,0
DA:129,0
DA:131,0
DA:134,0
DA:145,0
DA:149,0
DA:152,0
DA:161,0
DA:163,0
DA:171,0
DA:177,0
DA:180,0
DA:185,0
DA:192,0
DA:198,0
DA:210,0
DA:213,0
DA:216,0
DA:226,0
DA:234,0
DA:241,0
DA:244,0
DA:247,0
DA:254,0
DA:277,0
DA:286,0
DA:289,0
DA:295,0
DA:303,0
DA:328,0
DA:333,0
DA:339,0
DA:346,0
DA:348,0
DA:350,0
LF:52
LH:0
BRDA:70,0,0,0
BRDA:70,0,1,0
BRDA:110,1,0,0
BRDA:110,1,1,0
BRDA:125,2,0,0
BRDA:125,2,1,0
BRDA:144,3,0,0
BRDA:144,3,1,0
BRDA:176,4,0,0
BRDA:176,4,1,0
BRDA:184,5,0,0
BRDA:184,5,1,0
BRDA:184,5,2,0
BRDA:216,6,0,0
BRDA:216,6,1,0
BRDA:241,7,0,0
BRDA:241,7,1,0
BRDA:247,8,0,0
BRDA:247,8,1,0
BRDA:286,9,0,0
BRDA:286,9,1,0
BRF:21
BRH:0
end_of_record
TN:
SF:src/lib/ai/store.ts
FNF:0
FNH:0
DA:5,2
DA:6,2
DA:7,2
DA:8,2
DA:11,2
LF:5
LH:5
BRF:0
BRH:0
end_of_record
TN:
SF:src/lib/ai/titleGenerator.ts
FNF:0
FNH:0
DA:7,3
DA:12,1
DA:16,1
DA:21,10
DA:32,10
DA:36,10
DA:45,10
DA:53,8
DA:62,1
DA:63,1
DA:65,1
DA:67,0
DA:73,2
DA:76,6
DA:79,2
DA:80,2
DA:88,4
DA:89,4
DA:91,3
DA:94,1
DA:95,1
DA:97,1
DA:99,0
DA:106,6
LF:24
LH:22
BRDA:72,0,0,8
BRDA:72,0,1,7
BRDA:106,1,0,6
BRDA:106,1,1,5
BRF:4
BRH:4
end_of_record
TN:
SF:src/lib/ai/tools/datetime.ts
FNF:0
FNH:0
DA:4,1
DA:13,10
DA:16,10
DA:24,10
DA:33,10
DA:34,10
DA:35,10
DA:37,10
DA:46,1
DA:47,1
DA:48,1
DA:50,1
LF:12
LH:12
BRDA:35,0,0,10
BRDA:35,0,1,6
BRF:2
BRH:2
end_of_record
TN:
SF:src/lib/ai/tools/index.ts
FNF:0
FNH:0
DA:4,0
LF:1
LH:0
BRF:0
BRH:0
end_of_record
TN:
SF:src/lib/ai/tools/weather.ts
FNF:0
FNH:0
DA:27,1
DA:66,8
DA:70,8
DA:72,1
DA:75,7
DA:78,1
DA:81,6
DA:82,6
DA:104,6
DA:106,6
DA:108,1
DA:111,5
DA:112,5
DA:114,5
DA:123,1
DA:133,8
DA:136,1
DA:143,6
DA:146,5
DA:150,8
DA:159,2
LF:21
LH:21
BRDA:77,0,0,7
BRDA:77,0,1,7
BRDA:119,1,0,5
BRDA:119,1,1,0
BRDA:146,2,0,2
BRDA:146,2,1,3
BRDA:161,3,0,2
BRDA:161,3,1,0
BRF:8
BRH:6
end_of_record
TN:
SF:src/lib/stores/chat.ts
FN:43,(anonymous_0)
FN:44,(anonymous_1)
FN:99,(anonymous_2)
FN:127,(anonymous_3)
FN:183,(anonymous_4)
FN:211,(anonymous_5)
FN:222,(anonymous_6)
FNF:7
FNH:4
FNDA:20,(anonymous_0)
FNDA:17,(anonymous_1)
FNDA:9,(anonymous_2)
FNDA:2,(anonymous_3)
FNDA:0,(anonymous_4)
FNDA:0,(anonymous_5)
FNDA:0,(anonymous_6)
DA:31,6
DA:34,6
DA:37,6
DA:40,6
DA:43,6
DA:44,20
DA:45,20
DA:60,34
DA:71,34
DA:72,34
DA:76,3
DA:77,3
DA:79,1
DA:80,1
DA:81,1
DA:86,2
DA:88,1
DA:97,3
DA:98,3
DA:100,9
DA:106,16
DA:107,16
DA:108,16
DA:109,16
DA:113,4
DA:117,1
DA:122,6
DA:126,1
DA:127,2
DA:132,1
DA:143,1
DA:148,0
DA:157,0
DA:165,0
DA:167,0
DA:171,1
DA:183,0
DA:184,0
DA:187,0
DA:189,0
DA:190,0
DA:192,0
DA:193,0
DA:197,0
DA:198,0
DA:199,0
DA:200,0
DA:202,0
DA:203,0
DA:205,0
DA:208,0
DA:209,0
DA:211,0
DA:212,0
DA:222,0
DA:223,0
DA:225,0
DA:230,0
DA:231,0
DA:235,0
DA:243,0
DA:251,0
DA:252,0
LF:63
LH:32
BRDA:45,0,0,20
BRDA:45,0,1,11
BRDA:62,1,0,34
BRDA:62,1,1,24
BRDA:66,2,0,1
BRDA:66,2,1,33
BRDA:66,3,0,34
BRDA:66,3,1,2
BRDA:78,4,0,3
BRDA:78,4,1,2
BRDA:100,5,0,9
BRDA:100,5,1,7
BRDA:180,6,0,0
BRDA:181,7,0,0
BRDA:188,8,0,0
BRDA:188,8,1,0
BRDA:231,9,0,0
BRDA:231,9,1,0
BRDA:238,10,0,0
BRDA:238,10,1,0
BRF:20
BRH:12
end_of_record
TN:
SF:src/lib/stores/conversations.ts
FN:54,(anonymous_0)
FN:79,(anonymous_1)
FN:99,(anonymous_2)
FN:107,(anonymous_3)
FN:116,(anonymous_4)
FN:124,(anonymous_5)
FN:160,(anonymous_6)
FN:172,(anonymous_7)
FN:197,(anonymous_8)
FN:263,(anonymous_9)
FN:296,(anonymous_10)
FN:308,(anonymous_11)
FN:317,(anonymous_12)
FN:329,(anonymous_13)
FN:360,(anonymous_14)
FN:372,(anonymous_15)
FN:389,(anonymous_16)
FN:414,(anonymous_17)
FN:427,(anonymous_18)
FN:444,(anonymous_19)
FN:459,(anonymous_20)
FN:472,(anonymous_21)
FN:487,(anonymous_22)
FN:506,(anonymous_23)
FN:525,(anonymous_24)
FN:537,(anonymous_25)
FN:554,(anonymous_26)
FN:567,(anonymous_27)
FN:585,(anonymous_28)
FN:586,(anonymous_29)
FN:587,(anonymous_30)
FN:593,(anonymous_31)
FN:620,(anonymous_32)
FN:621,(anonymous_33)
FN:707,(anonymous_34)
FN:708,(anonymous_35)
FNF:36
FNH:28
FNDA:1,(anonymous_0)
FNDA:0,(anonymous_1)
FNDA:3,(anonymous_2)
FNDA:3,(anonymous_3)
FNDA:21,(anonymous_4)
FNDA:11,(anonymous_5)
FNDA:0,(anonymous_6)
FNDA:0,(anonymous_7)
FNDA:0,(anonymous_8)
FNDA:4,(anonymous_9)
FNDA:3,(anonymous_10)
FNDA:5,(anonymous_11)
FNDA:3,(anonymous_12)
FNDA:3,(anonymous_13)
FNDA:1,(anonymous_14)
FNDA:1,(anonymous_15)
FNDA:0,(anonymous_16)
FNDA:2,(anonymous_17)
FNDA:3,(anonymous_18)
FNDA:3,(anonymous_19)
FNDA:2,(anonymous_20)
FNDA:2,(anonymous_21)
FNDA:2,(anonymous_22)
FNDA:1,(anonymous_23)
FNDA:3,(anonymous_24)
FNDA:0,(anonymous_25)
FNDA:6,(anonymous_26)
FNDA:5,(anonymous_27)
FNDA:10,(anonymous_28)
FNDA:10,(anonymous_29)
FNDA:10,(anonymous_30)
FNDA:1,(anonymous_31)
FNDA:0,(anonymous_32)
FNDA:0,(anonymous_33)
FNDA:2,(anonymous_34)
FNDA:3,(anonymous_35)
DA:10,3
DA:26,3
DA:32,3
DA:35,3
DA:38,3
DA:41,3
DA:49,7
DA:50,7
DA:53,1
DA:54,1
DA:58,1
DA:61,0
DA:62,0
DA:71,0
DA:73,0
DA:76,0
DA:77,0
DA:79,0
DA:83,0
DA:90,0
DA:93,0
DA:94,0
DA:95,0
DA:99,3
DA:100,3
DA:104,0
DA:107,3
DA:109,0
DA:110,0
DA:116,3
DA:118,21
DA:121,11
DA:124,11
DA:126,11
DA:128,8
DA:133,7
DA:137,8
DA:138,8
DA:143,0
DA:155,3
DA:160,0
DA:161,0
DA:166,0
DA:172,0
DA:173,0
DA:175,0
DA:181,0
DA:184,1
DA:188,3
DA:195,7
DA:196,7
DA:197,7
DA:201,0
DA:203,0
DA:204,0
DA:209,0
DA:210,0
DA:217,29
DA:219,29
DA:222,29
DA:230,0
DA:235,0
DA:244,4
DA:245,4
DA:247,2
DA:248,2
DA:249,2
DA:256,4
DA:257,4
DA:258,4
DA:260,3
DA:261,3
DA:263,3
DA:265,1
DA:266,1
DA:268,3
DA:272,1
DA:273,1
DA:276,3
DA:281,3
DA:289,3
DA:292,3
DA:293,3
DA:294,3
DA:295,3
DA:296,3
DA:297,3
DA:300,3
DA:301,3
DA:306,4
DA:308,5
DA:311,3
DA:313,3
DA:314,3
DA:315,3
DA:317,3
DA:318,3
DA:324,6
DA:325,6
DA:327,3
DA:328,3
DA:329,3
DA:333,3
DA:335,3
DA:336,3
DA:338,3
DA:344,3
DA:345,3
DA:355,1
DA:356,1
DA:359,1
DA:360,1
DA:362,1
DA:363,1
DA:364,1
DA:368,1
DA:371,1
DA:372,1
DA:375,1
DA:376,1
DA:381,1
DA:382,1
DA:385,0
DA:388,0
DA:389,0
DA:392,0
DA:393,0
DA:395,0
DA:400,0
DA:401,0
DA:404,1
DA:413,3
DA:414,3
DA:418,1
DA:426,4
DA:427,4
DA:430,3
DA:431,3
DA:436,3
DA:437,3
DA:442,2
DA:444,3
DA:446,1
DA:448,1
DA:449,1
DA:458,2
DA:459,2
DA:462,2
DA:463,2
DA:464,2
DA:465,2
DA:470,1
DA:472,2
DA:474,1
DA:476,0
DA:477,0
DA:486,2
DA:487,2
DA:490,2
DA:491,2
DA:496,2
DA:497,2
DA:505,1
DA:506,1
DA:509,1
DA:510,1
DA:516,1
DA:517,1
DA:525,3
DA:526,3
DA:530,3
DA:532,0
DA:537,0
DA:539,0
DA:541,0
DA:542,0
DA:546,3
DA:553,3
DA:554,6
DA:555,3
DA:561,4
DA:563,0
DA:567,5
DA:568,2
DA:569,2
DA:572,3
DA:583,3
DA:584,3
DA:585,10
DA:586,10
DA:587,10
DA:592,1
DA:593,1
DA:596,1
DA:597,1
DA:598,1
DA:599,1
DA:616,0
DA:619,0
DA:620,0
DA:621,0
DA:630,0
DA:636,0
DA:639,0
DA:640,0
DA:641,0
DA:642,0
DA:643,0
DA:644,0
DA:645,0
DA:646,0
DA:660,6
DA:661,6
DA:665,1
DA:669,4
DA:680,4
DA:684,4
DA:696,0
DA:701,1
DA:702,1
DA:703,1
DA:706,3
DA:707,3
DA:708,3
DA:709,3
DA:711,3
DA:714,4
DA:715,4
DA:717,1
DA:729,3
DA:730,3
DA:731,3
DA:732,3
DA:736,3
DA:738,0
LF:235
LH:173
BRDA:71,0,0,0
BRDA:71,0,1,0
BRDA:81,1,0,0
BRDA:81,1,1,0
BRDA:100,2,0,0
BRDA:100,2,1,3
BRDA:118,3,0,10
BRDA:118,3,1,11
BRDA:121,4,0,0
BRDA:121,4,1,11
BRDA:126,5,0,3
BRDA:126,5,1,8
BRDA:128,6,0,0
BRDA:128,6,1,8
BRDA:158,7,0,1
BRDA:158,7,1,0
BRDA:161,8,0,0
BRDA:161,8,1,0
BRDA:199,9,0,7
BRDA:199,9,1,0
BRDA:217,10,0,0
BRDA:217,10,1,29
BRDA:226,11,0,0
BRDA:226,11,1,0
BRDA:226,11,2,0
BRDA:244,12,0,0
BRDA:244,12,1,4
BRDA:245,13,0,2
BRDA:245,13,1,2
BRDA:258,14,0,1
BRDA:258,14,1,3
BRDA:283,15,0,3
BRDA:283,15,1,2
BRDA:325,16,0,3
BRDA:325,16,1,3
BRDA:355,17,0,0
BRDA:355,17,1,1
BRDA:394,18,0,0
BRDA:394,18,1,0
BRDA:417,19,0,3
BRDA:417,19,1,2
BRDA:417,19,2,1
BRDA:657,20,0,6
BRDA:664,21,0,6
BRDA:664,21,1,4
BRDA:672,22,0,5
BRDA:672,22,1,4
BRDA:672,22,2,4
BRDA:672,22,3,4
BRDA:672,22,4,4
BRDA:680,23,0,4
BRDA:680,23,1,0
BRDA:680,24,0,4
BRDA:680,24,1,0
BRDA:680,24,2,0
BRDA:720,25,0,1
BRDA:720,25,1,0
BRF:57
BRH:34
end_of_record
TN:
SF:src/lib/stores/errors.ts
FNF:0
FNH:0
DA:24,1
DA:27,1
DA:33,80
DA:34,80
DA:45,4
DA:58,3
DA:72,3
DA:87,3
DA:101,3
DA:114,63
DA:121,1
DA:134,4
DA:137,3
DA:140,3
DA:143,3
DA:146,3
DA:149,63
DA:152,1
DA:160,80
DA:162,80
DA:173,80
DA:174,80
DA:176,80
DA:183,1
DA:190,1
LF:25
LH:25
BRDA:38,0,0,80
BRDA:38,0,1,78
BRDA:38,0,2,77
BRDA:38,0,3,77
BRDA:38,0,4,76
BRDA:38,0,5,76
BRDA:38,0,6,0
BRDA:54,1,0,76
BRDA:54,1,1,74
BRDA:54,1,2,73
BRDA:67,2,0,73
BRDA:67,2,1,71
BRDA:67,2,2,70
BRDA:67,2,3,70
BRDA:81,3,0,70
BRDA:81,3,1,67
BRDA:81,3,2,67
BRDA:81,3,3,67
BRDA:81,3,4,67
BRDA:96,4,0,67
BRDA:96,4,1,65
BRDA:96,4,2,65
BRDA:96,4,3,64
BRDA:110,5,0,64
BRDA:110,5,1,63
BRDA:110,5,2,1
BRF:26
BRH:25
end_of_record
TN:
SF:src/lib/stores/hydration.ts
FNF:0
FNH:0
DA:7,10
DA:13,5
DA:20,2
LF:3
LH:3
BRDA:20,0,0,2
BRDA:20,0,1,2
BRF:2
BRH:2
end_of_record
TN:
SF:src/lib/stores/imageStorage.ts
FN:16,(anonymous_0)
FN:71,(anonymous_1)
FN:86,(anonymous_2)
FN:100,(anonymous_3)
FN:105,(anonymous_4)
FN:120,(anonymous_5)
FN:161,(anonymous_6)
FN:166,(anonymous_7)
FN:180,(anonymous_8)
FN:212,(anonymous_9)
FN:217,(anonymous_10)
FNF:11
FNH:0
FNDA:0,(anonymous_0)
FNDA:0,(anonymous_1)
FNDA:0,(anonymous_2)
FNDA:0,(anonymous_3)
FNDA:0,(anonymous_4)
FNDA:0,(anonymous_5)
FNDA:0,(anonymous_6)
FNDA:0,(anonymous_7)
FNDA:0,(anonymous_8)
FNDA:0,(anonymous_9)
FNDA:0,(anonymous_10)
DA:6,5
DA:7,5
DA:8,5
DA:10,5
DA:16,0
DA:18,0
DA:19,0
DA:22,0
DA:25,0
DA:26,0
DA:30,0
DA:31,0
DA:35,0
DA:39,0
DA:41,0
DA:69,0
DA:71,0
DA:72,0
DA:73,0
DA:75,0
DA:84,0
DA:86,0
DA:88,0
DA:89,0
DA:98,0
DA:100,0
DA:101,0
DA:102,0
DA:103,0
DA:105,0
DA:107,0
DA:108,0
DA:117,0
DA:118,0
DA:120,0
DA:121,0
DA:122,0
DA:124,0
DA:127,0
DA:128,0
DA:132,0
DA:136,0
DA:138,0
DA:140,0
DA:145,0
DA:146,0
DA:148,0
DA:159,0
DA:161,0
DA:162,0
DA:163,0
DA:164,0
DA:166,0
DA:168,0
DA:169,0
DA:178,0
DA:180,0
DA:181,0
DA:182,0
DA:183,0
DA:184,0
DA:186,0
DA:189,0
DA:191,0
DA:192,0
DA:193,0
DA:195,0
DA:200,0
DA:201,0
DA:210,0
DA:212,0
DA:213,0
DA:214,0
DA:215,0
DA:217,0
DA:219,0
DA:220,0
DA:230,1
DA:234,0
DA:235,0
DA:240,0
LF:81
LH:5
BRDA:105,0,0,0
BRDA:105,0,1,0
BRDA:236,1,0,0
BRDA:236,1,1,0
BRDA:237,2,0,1
BRDA:237,2,1,0
BRF:6
BRH:1
end_of_record
TN:
SF:src/lib/stores/navigation.ts
FN:312,(anonymous_0)
FN:327,(anonymous_1)
FN:346,(anonymous_2)
FNF:3
FNH:3
FNDA:3,(anonymous_0)
FNDA:2,(anonymous_1)
FNDA:1,(anonymous_2)
DA:7,4
DA:14,4
DA:21,4
DA:29,4
DA:32,4
DA:35,4
DA:38,4
DA:41,4
DA:44,4
DA:50,8
DA:51,8
DA:52,6
DA:59,8
DA:60,8
DA:67,9
DA:68,9
DA:76,8
DA:77,8
DA:79,8
DA:80,8
DA:83,8
DA:86,8
DA:89,8
DA:91,2
DA:94,8
DA:96,2
DA:100,8
DA:102,2
DA:110,5
DA:119,0
DA:121,1
DA:122,1
DA:123,1
DA:130,4
DA:131,4
DA:138,1
DA:139,1
DA:146,1
DA:153,1
DA:154,1
DA:155,1
DA:162,1
DA:163,1
DA:164,1
DA:177,37
DA:181,2
DA:184,35
DA:188,8
DA:193,3
DA:198,3
DA:201,3
DA:204,35
DA:205,35
DA:212,36
DA:214,36
DA:215,36
DA:216,36
DA:217,36
DA:218,36
DA:220,36
DA:221,36
DA:224,36
DA:226,24
DA:229,14
DA:231,10
DA:246,1
DA:247,1
DA:251,1
DA:254,1
DA:258,1
DA:261,1
DA:265,1
DA:268,1
DA:271,1
DA:274,1
DA:278,4
DA:286,1
DA:289,1
DA:290,1
DA:291,1
DA:292,1
DA:293,1
DA:296,1
DA:303,1
DA:312,4
DA:314,3
DA:318,0
DA:320,3
DA:324,1
DA:327,2
DA:329,0
DA:330,0
DA:336,0
DA:342,4
DA:343,4
DA:346,4
DA:349,3
DA:352,3
DA:353,3
DA:355,3
DA:362,3
DA:366,3
DA:369,3
DA:370,3
DA:372,3
DA:379,3
DA:387,1
DA:395,14
DA:396,14
DA:403,2
DA:404,2
DA:411,4
DA:412,4
DA:419,2
DA:420,2
DA:427,4
DA:428,4
DA:435,2
DA:436,2
DA:443,4
DA:444,4
LF:121
LH:116
BRDA:51,0,0,2
BRDA:51,0,1,6
BRDA:60,1,0,2
BRDA:60,1,1,6
BRDA:68,2,0,9
BRDA:68,2,1,7
BRDA:79,3,0,8
BRDA:79,3,1,0
BRDA:90,4,0,8
BRDA:90,4,1,6
BRDA:95,5,0,8
BRDA:95,5,1,7
BRDA:110,6,0,5
BRDA:110,6,1,2
BRDA:119,7,0,0
BRDA:119,7,1,0
BRDA:121,8,0,0
BRDA:121,8,1,1
BRDA:123,9,0,1
BRDA:123,9,1,0
BRDA:130,10,0,0
BRDA:130,10,1,4
BRDA:155,11,0,1
BRDA:155,11,1,1
BRDA:164,12,0,1
BRDA:164,12,1,1
BRDA:205,13,0,17
BRDA:205,13,1,18
BRDA:211,14,0,36
BRDA:212,15,0,0
BRDA:212,15,1,36
BRDA:224,16,0,12
BRDA:224,16,1,24
BRDA:246,17,0,1
BRDA:246,17,1,1
BRDA:251,18,0,0
BRDA:251,18,1,1
BRDA:258,19,0,0
BRDA:258,19,1,1
BRDA:265,20,0,0
BRDA:265,20,1,1
BRDA:271,21,0,0
BRDA:271,21,1,1
BRDA:314,22,0,0
BRDA:314,22,1,3
BRDA:341,23,0,4
BRDA:349,24,0,0
BRDA:349,24,1,3
BRDA:366,25,0,0
BRDA:366,25,1,3
BRDA:394,26,0,14
BRDA:410,27,0,4
BRDA:426,28,0,4
BRDA:442,29,0,4
BRF:54
BRH:40
end_of_record
TN:
SF:src/lib/stores/settings.ts
FN:201,(anonymous_0)
FN:211,(anonymous_1)
FN:222,(anonymous_2)
FN:229,(anonymous_3)
FN:239,(anonymous_4)
FN:250,(anonymous_5)
FN:260,(anonymous_6)
FN:271,(anonymous_7)
FN:281,(anonymous_8)
FNF:9
FNH:9
FNDA:3,(anonymous_0)
FNDA:3,(anonymous_1)
FNDA:1,(anonymous_2)
FNDA:2,(anonymous_3)
FNDA:2,(anonymous_4)
FNDA:2,(anonymous_5)
FNDA:2,(anonymous_6)
FNDA:3,(anonymous_7)
FNDA:3,(anonymous_8)
DA:11,5
DA:20,0
DA:24,1
DA:28,1
DA:36,1
DA:41,0
DA:45,5
DA:48,5
DA:51,5
DA:55,5
DA:62,6
DA:64,0
DA:72,2
DA:74,1
DA:76,1
DA:80,5
DA:92,20
DA:95,3
DA:97,7
DA:99,2
DA:101,2
DA:103,0
DA:109,10
DA:110,8
DA:111,8
DA:112,8
DA:113,10
DA:118,5
DA:124,5
DA:127,5
DA:130,5
DA:133,5
DA:136,5
DA:142,0
DA:143,0
DA:145,0
DA:153,0
DA:154,0
DA:156,0
DA:164,0
DA:165,0
DA:167,0
DA:175,0
DA:176,0
DA:179,0
DA:185,0
DA:186,0
DA:187,0
DA:191,0
DA:193,0
DA:194,0
DA:201,5
DA:202,3
DA:206,0
DA:207,0
DA:211,3
DA:213,0
DA:214,0
DA:218,3
DA:222,5
DA:224,1
DA:225,1
DA:229,5
DA:230,2
DA:234,0
DA:235,0
DA:239,2
DA:241,0
DA:242,0
DA:246,2
DA:250,5
DA:251,2
DA:255,0
DA:256,0
DA:260,2
DA:262,0
DA:263,0
DA:267,2
DA:271,5
DA:272,3
DA:276,0
DA:277,0
DA:281,3
DA:283,0
DA:284,0
DA:288,3
DA:293,1
DA:295,1
DA:301,1
DA:305,1
DA:307,1
DA:312,1
DA:314,1
DA:319,4
DA:320,4
DA:321,4
DA:323,4
DA:327,4
DA:328,4
DA:333,1
LF:100
LH:62
BRDA:24,0,0,1
BRDA:24,0,1,0
BRDA:92,1,0,6
BRDA:92,1,1,14
BRDA:109,2,0,2
BRDA:109,2,1,8
BRDA:112,3,0,4
BRDA:112,3,1,4
BRDA:142,4,0,0
BRDA:142,4,1,0
BRDA:153,5,0,0
BRDA:153,5,1,0
BRDA:155,6,0,0
BRDA:155,6,1,0
BRDA:164,7,0,0
BRDA:164,7,1,0
BRDA:175,8,0,0
BRDA:175,8,1,0
BRDA:181,9,0,0
BRDA:181,9,1,0
BRDA:181,9,2,0
BRDA:192,10,0,0
BRDA:192,10,1,0
BRDA:202,11,0,0
BRDA:202,11,1,3
BRDA:230,12,0,0
BRDA:230,12,1,2
BRDA:251,13,0,0
BRDA:251,13,1,2
BRDA:272,14,0,0
BRDA:272,14,1,3
BRF:31
BRH:11
end_of_record
TN:
SF:src/lib/stores/usage.ts
FN:106,(anonymous_0)
FN:138,(anonymous_1)
FN:177,(anonymous_2)
FN:266,(anonymous_3)
FN:289,(anonymous_4)
FN:355,(anonymous_5)
FNF:6
FNH:5
FNDA:6,(anonymous_0)
FNDA:2040,(anonymous_1)
FNDA:99,(anonymous_2)
FNDA:5,(anonymous_3)
FNDA:0,(anonymous_4)
FNDA:12,(anonymous_5)
DA:5,3
DA:8,3
DA:60,3
DA:63,3
DA:69,2716
DA:70,2716
DA:77,0
DA:79,0
DA:81,0
DA:82,0
DA:84,0
DA:87,0
DA:97,3
DA:100,6
DA:103,0
DA:104,0
DA:106,6
DA:108,0
DA:109,0
DA:110,0
DA:117,3
DA:118,3
DA:124,2091
DA:125,2091
DA:129,2091
DA:136,2076
DA:137,2076
DA:138,2076
DA:141,2040
DA:142,2040
DA:161,36
DA:177,2076
DA:178,2076
DA:188,2046
DA:196,2046
DA:198,2046
DA:200,2046
DA:201,2046
DA:211,14
DA:219,14
DA:220,14
DA:222,14
DA:223,14
DA:230,16
DA:239,16
DA:240,16
DA:242,16
DA:243,16
DA:252,7
DA:264,12
DA:265,12
DA:266,12
DA:269,5
DA:270,5
DA:276,7
DA:289,12
DA:290,12
DA:291,12
DA:298,24
DA:300,24
DA:313,14
DA:314,14
DA:315,14
DA:316,14
DA:317,14
DA:318,14
DA:321,5
DA:327,4
DA:332,24
DA:339,3
DA:340,3
DA:341,3
DA:348,23
DA:349,23
DA:350,23
DA:351,23
DA:354,23
DA:355,23
DA:357,23
DA:358,605
DA:359,605
DA:360,605
DA:363,605
DA:364,605
DA:379,23
LF:85
LH:74
BRDA:68,0,0,2716
BRDA:77,1,0,0
BRDA:77,1,1,0
BRDA:100,2,0,0
BRDA:100,2,1,6
BRDA:100,3,0,6
BRDA:100,3,1,6
BRDA:107,4,0,6
BRDA:107,4,1,0
BRDA:124,5,0,0
BRDA:124,5,1,2091
BRDA:145,6,0,2022
BRDA:145,6,1,18
BRDA:147,7,0,8
BRDA:147,7,1,2032
BRDA:149,8,0,10
BRDA:149,8,1,2030
BRDA:152,9,0,10
BRDA:152,9,1,2030
BRDA:152,10,0,2040
BRDA:152,10,1,10
BRDA:156,11,0,10
BRDA:156,11,1,7
BRDA:163,12,0,24
BRDA:163,12,1,12
BRDA:164,13,0,6
BRDA:164,13,1,30
BRDA:165,14,0,6
BRDA:165,14,1,30
BRDA:170,15,0,6
BRDA:170,15,1,30
BRDA:170,16,0,36
BRDA:170,16,1,6
BRDA:272,17,0,5
BRDA:272,17,1,3
BRDA:273,18,0,5
BRDA:273,18,1,3
BRDA:317,19,0,14
BRDA:317,19,1,9
BRDA:318,20,0,14
BRDA:318,20,1,9
BRDA:322,21,0,5
BRDA:322,21,1,5
BRDA:347,22,0,23
BRDA:365,23,0,605
BRDA:365,23,1,593
BRF:46
BRH:41
end_of_record
TN:
SF:src/lib/utils/markdown.tsx
FN:112,(anonymous_0)
FN:137,(anonymous_1)
FN:139,(anonymous_2)
FN:143,(anonymous_3)
FN:147,(anonymous_4)
FN:368,(anonymous_5)
FNF:6
FNH:1
FNDA:0,(anonymous_0)
FNDA:0,(anonymous_1)
FNDA:0,(anonymous_2)
FNDA:0,(anonymous_3)
FNDA:0,(anonymous_4)
FNDA:4,(anonymous_5)
DA:19,2
DA:30,0
DA:54,0
DA:74,0
DA:75,0
DA:76,0
DA:77,0
DA:78,0
DA:79,0
DA:80,0
DA:81,0
DA:82,0
DA:83,0
DA:84,0
DA:85,0
DA:86,0
DA:87,0
DA:88,0
DA:89,0
DA:90,0
DA:91,0
DA:92,0
DA:93,0
DA:94,0
DA:95,0
DA:96,0
DA:97,0
DA:98,0
DA:99,0
DA:100,0
DA:101,0
DA:103,0
DA:104,0
DA:105,0
DA:106,0
DA:108,0
DA:112,2
DA:113,0
DA:124,0
DA:125,0
DA:131,0
DA:137,0
DA:139,0
DA:143,0
DA:144,0
DA:145,0
DA:146,0
DA:147,0
DA:153,0
DA:155,0
DA:212,67
DA:217,11
DA:218,11
DA:221,11
DA:231,0
DA:240,0
DA:243,51
DA:246,7
DA:249,2
DA:252,19
DA:255,5
DA:258,3
DA:261,3
DA:264,5
DA:271,8
DA:283,3
DA:287,5
DA:296,5
DA:303,5
DA:306,10
DA:314,9
DA:315,9
DA:321,9
DA:329,9
DA:330,9
DA:336,9
DA:344,2
DA:348,0
DA:368,5
LF:79
LH:28
BRDA:131,0,0,0
BRDA:131,0,1,0
BRDA:131,0,2,0
BRDA:131,0,3,0
BRDA:160,1,0,0
BRDA:160,1,1,0
BRDA:178,2,0,0
BRDA:178,2,1,0
BRDA:178,2,2,0
BRDA:178,2,3,0
BRDA:180,3,0,0
BRDA:180,3,1,0
BRDA:181,4,0,0
BRDA:181,4,1,0
BRDA:217,5,0,11
BRDA:217,5,1,11
BRDA:315,6,0,0
BRDA:315,6,1,9
BRDA:317,7,0,0
BRDA:317,7,1,9
BRDA:330,8,0,0
BRDA:330,8,1,9
BRDA:332,9,0,0
BRDA:332,9,1,9
BRF:24
BRH:6
end_of_record
